kd> par @$ra
rax=ffffe20c0247e698 rbx=ffffa9875849c710 rcx=ffffd08f71f0bb4c
rdx=ffffe20c0247e810 rsi=ffffe20c0247e800 rdi=ffffe20c0247e800
rip=fffff8040a40d587 rsp=ffffe20c0247e698 rbp=ffffe20c0247e700
 r8=ffffe20c0247e6e0  r9=0000000000000000 r10=fffff8040332d900
r11=0000000000000004 r12=0000000000000000 r13=0000000000000000
r14=ffffd08f71f0bb4c r15=ffffa98756b89660
iopl=0         nv up ei ng nz na pe cy
cs=0010  ss=0018  ds=002b  es=002b  fs=0053  gs=002b             efl=00040283
klif+0x2d587:
fffff804`0a40d587 44894820        mov     dword ptr [rax+20h],r9d ds:002b:ffffe20c`0247e6b8=0247e7d0
rax=ffffe20c0247e698 rbx=ffffa9875849c710 rcx=ffffd08f71f0bb4c
rdx=ffffe20c0247e810 rsi=ffffe20c0247e800 rdi=ffffe20c0247e800
rip=fffff8040a40d58b rsp=ffffe20c0247e698 rbp=ffffe20c0247e700
 r8=ffffe20c0247e6e0  r9=0000000000000000 r10=fffff8040332d900
r11=0000000000000004 r12=0000000000000000 r13=0000000000000000
r14=ffffd08f71f0bb4c r15=ffffa98756b89660
iopl=0         nv up ei ng nz na pe cy
cs=0010  ss=0018  ds=002b  es=002b  fs=0053  gs=002b             efl=00040283
klif+0x2d58b:
fffff804`0a40d58b 4c894018        mov     qword ptr [rax+18h],r8 ds:002b:ffffe20c`0247e6b0=ffffa987575b8540
rax=ffffe20c0247e698 rbx=ffffa9875849c710 rcx=ffffd08f71f0bb4c
rdx=ffffe20c0247e810 rsi=ffffe20c0247e800 rdi=ffffe20c0247e800
rip=fffff8040a40d58f rsp=ffffe20c0247e698 rbp=ffffe20c0247e700
 r8=ffffe20c0247e6e0  r9=0000000000000000 r10=fffff8040332d900
r11=0000000000000004 r12=0000000000000000 r13=0000000000000000
r14=ffffd08f71f0bb4c r15=ffffa98756b89660
iopl=0         nv up ei ng nz na pe cy
cs=0010  ss=0018  ds=002b  es=002b  fs=0053  gs=002b             efl=00040283
klif+0x2d58f:
fffff804`0a40d58f 48895010        mov     qword ptr [rax+10h],rdx ds:002b:ffffe20c`0247e6a8=0000000000000000
rax=ffffe20c0247e698 rbx=ffffa9875849c710 rcx=ffffd08f71f0bb4c
rdx=ffffe20c0247e810 rsi=ffffe20c0247e800 rdi=ffffe20c0247e800
rip=fffff8040a40d593 rsp=ffffe20c0247e698 rbp=ffffe20c0247e700
 r8=ffffe20c0247e6e0  r9=0000000000000000 r10=fffff8040332d900
r11=0000000000000004 r12=0000000000000000 r13=0000000000000000
r14=ffffd08f71f0bb4c r15=ffffa98756b89660
iopl=0         nv up ei ng nz na pe cy
cs=0010  ss=0018  ds=002b  es=002b  fs=0053  gs=002b             efl=00040283
klif+0x2d593:
fffff804`0a40d593 48894808        mov     qword ptr [rax+8],rcx ds:002b:ffffe20c`0247e6a0=0000000000000000
rax=ffffe20c0247e698 rbx=ffffa9875849c710 rcx=ffffd08f71f0bb4c
rdx=ffffe20c0247e810 rsi=ffffe20c0247e800 rdi=ffffe20c0247e800
rip=fffff8040a40d597 rsp=ffffe20c0247e698 rbp=ffffe20c0247e700
 r8=ffffe20c0247e6e0  r9=0000000000000000 r10=fffff8040332d900
r11=0000000000000004 r12=0000000000000000 r13=0000000000000000
r14=ffffd08f71f0bb4c r15=ffffa98756b89660
iopl=0         nv up ei ng nz na pe cy
cs=0010  ss=0018  ds=002b  es=002b  fs=0053  gs=002b             efl=00040283
klif+0x2d597:
fffff804`0a40d597 53              push    rbx
rax=ffffe20c0247e698 rbx=ffffa9875849c710 rcx=ffffd08f71f0bb4c
rdx=ffffe20c0247e810 rsi=ffffe20c0247e800 rdi=ffffe20c0247e800
rip=fffff8040a40d598 rsp=ffffe20c0247e690 rbp=ffffe20c0247e700
 r8=ffffe20c0247e6e0  r9=0000000000000000 r10=fffff8040332d900
r11=0000000000000004 r12=0000000000000000 r13=0000000000000000
r14=ffffd08f71f0bb4c r15=ffffa98756b89660
iopl=0         nv up ei ng nz na pe cy
cs=0010  ss=0018  ds=002b  es=002b  fs=0053  gs=002b             efl=00040283
klif+0x2d598:
fffff804`0a40d598 55              push    rbp
rax=ffffe20c0247e698 rbx=ffffa9875849c710 rcx=ffffd08f71f0bb4c
rdx=ffffe20c0247e810 rsi=ffffe20c0247e800 rdi=ffffe20c0247e800
rip=fffff8040a40d599 rsp=ffffe20c0247e688 rbp=ffffe20c0247e700
 r8=ffffe20c0247e6e0  r9=0000000000000000 r10=fffff8040332d900
r11=0000000000000004 r12=0000000000000000 r13=0000000000000000
r14=ffffd08f71f0bb4c r15=ffffa98756b89660
iopl=0         nv up ei ng nz na pe cy
cs=0010  ss=0018  ds=002b  es=002b  fs=0053  gs=002b             efl=00040283
klif+0x2d599:
fffff804`0a40d599 56              push    rsi
rax=ffffe20c0247e698 rbx=ffffa9875849c710 rcx=ffffd08f71f0bb4c
rdx=ffffe20c0247e810 rsi=ffffe20c0247e800 rdi=ffffe20c0247e800
rip=fffff8040a40d59a rsp=ffffe20c0247e680 rbp=ffffe20c0247e700
 r8=ffffe20c0247e6e0  r9=0000000000000000 r10=fffff8040332d900
r11=0000000000000004 r12=0000000000000000 r13=0000000000000000
r14=ffffd08f71f0bb4c r15=ffffa98756b89660
iopl=0         nv up ei ng nz na pe cy
cs=0010  ss=0018  ds=002b  es=002b  fs=0053  gs=002b             efl=00040283
klif+0x2d59a:
fffff804`0a40d59a 57              push    rdi
rax=ffffe20c0247e698 rbx=ffffa9875849c710 rcx=ffffd08f71f0bb4c
rdx=ffffe20c0247e810 rsi=ffffe20c0247e800 rdi=ffffe20c0247e800
rip=fffff8040a40d59b rsp=ffffe20c0247e678 rbp=ffffe20c0247e700
 r8=ffffe20c0247e6e0  r9=0000000000000000 r10=fffff8040332d900
r11=0000000000000004 r12=0000000000000000 r13=0000000000000000
r14=ffffd08f71f0bb4c r15=ffffa98756b89660
iopl=0         nv up ei ng nz na pe cy
cs=0010  ss=0018  ds=002b  es=002b  fs=0053  gs=002b             efl=00040283
klif+0x2d59b:
fffff804`0a40d59b 4154            push    r12
rax=ffffe20c0247e698 rbx=ffffa9875849c710 rcx=ffffd08f71f0bb4c
rdx=ffffe20c0247e810 rsi=ffffe20c0247e800 rdi=ffffe20c0247e800
rip=fffff8040a40d59d rsp=ffffe20c0247e670 rbp=ffffe20c0247e700
 r8=ffffe20c0247e6e0  r9=0000000000000000 r10=fffff8040332d900
r11=0000000000000004 r12=0000000000000000 r13=0000000000000000
r14=ffffd08f71f0bb4c r15=ffffa98756b89660
iopl=0         nv up ei ng nz na pe cy
cs=0010  ss=0018  ds=002b  es=002b  fs=0053  gs=002b             efl=00040283
klif+0x2d59d:
fffff804`0a40d59d 4155            push    r13
rax=ffffe20c0247e698 rbx=ffffa9875849c710 rcx=ffffd08f71f0bb4c
rdx=ffffe20c0247e810 rsi=ffffe20c0247e800 rdi=ffffe20c0247e800
rip=fffff8040a40d59f rsp=ffffe20c0247e668 rbp=ffffe20c0247e700
 r8=ffffe20c0247e6e0  r9=0000000000000000 r10=fffff8040332d900
r11=0000000000000004 r12=0000000000000000 r13=0000000000000000
r14=ffffd08f71f0bb4c r15=ffffa98756b89660
iopl=0         nv up ei ng nz na pe cy
cs=0010  ss=0018  ds=002b  es=002b  fs=0053  gs=002b             efl=00040283
klif+0x2d59f:
fffff804`0a40d59f 4156            push    r14
rax=ffffe20c0247e698 rbx=ffffa9875849c710 rcx=ffffd08f71f0bb4c
rdx=ffffe20c0247e810 rsi=ffffe20c0247e800 rdi=ffffe20c0247e800
rip=fffff8040a40d5a1 rsp=ffffe20c0247e660 rbp=ffffe20c0247e700
 r8=ffffe20c0247e6e0  r9=0000000000000000 r10=fffff8040332d900
r11=0000000000000004 r12=0000000000000000 r13=0000000000000000
r14=ffffd08f71f0bb4c r15=ffffa98756b89660
iopl=0         nv up ei ng nz na pe cy
cs=0010  ss=0018  ds=002b  es=002b  fs=0053  gs=002b             efl=00040283
klif+0x2d5a1:
fffff804`0a40d5a1 4157            push    r15
rax=ffffe20c0247e698 rbx=ffffa9875849c710 rcx=ffffd08f71f0bb4c
rdx=ffffe20c0247e810 rsi=ffffe20c0247e800 rdi=ffffe20c0247e800
rip=fffff8040a40d5a3 rsp=ffffe20c0247e658 rbp=ffffe20c0247e700
 r8=ffffe20c0247e6e0  r9=0000000000000000 r10=fffff8040332d900
r11=0000000000000004 r12=0000000000000000 r13=0000000000000000
r14=ffffd08f71f0bb4c r15=ffffa98756b89660
iopl=0         nv up ei ng nz na pe cy
cs=0010  ss=0018  ds=002b  es=002b  fs=0053  gs=002b             efl=00040283
klif+0x2d5a3:
fffff804`0a40d5a3 4883ec58        sub     rsp,58h
rax=ffffe20c0247e698 rbx=ffffa9875849c710 rcx=ffffd08f71f0bb4c
rdx=ffffe20c0247e810 rsi=ffffe20c0247e800 rdi=ffffe20c0247e800
rip=fffff8040a40d5a7 rsp=ffffe20c0247e600 rbp=ffffe20c0247e700
 r8=ffffe20c0247e6e0  r9=0000000000000000 r10=fffff8040332d900
r11=0000000000000004 r12=0000000000000000 r13=0000000000000000
r14=ffffd08f71f0bb4c r15=ffffa98756b89660
iopl=0         nv up ei ng nz na po nc
cs=0010  ss=0018  ds=002b  es=002b  fs=0053  gs=002b             efl=00040286
klif+0x2d5a7:
fffff804`0a40d5a7 488b0512a90700  mov     rax,qword ptr [klif+0xa7ec0 (fffff804`0a487ec0)] ds:002b:fffff804`0a487ec0=fffff8040a302a10
rax=fffff8040a302a10 rbx=ffffa9875849c710 rcx=ffffd08f71f0bb4c
rdx=ffffe20c0247e810 rsi=ffffe20c0247e800 rdi=ffffe20c0247e800
rip=fffff8040a40d5ae rsp=ffffe20c0247e600 rbp=ffffe20c0247e700
 r8=ffffe20c0247e6e0  r9=0000000000000000 r10=fffff8040332d900
r11=0000000000000004 r12=0000000000000000 r13=0000000000000000
r14=ffffd08f71f0bb4c r15=ffffa98756b89660
iopl=0         nv up ei ng nz na po nc
cs=0010  ss=0018  ds=002b  es=002b  fs=0053  gs=002b             efl=00040286
klif+0x2d5ae:
fffff804`0a40d5ae 488be9          mov     rbp,rcx
rax=fffff8040a302a10 rbx=ffffa9875849c710 rcx=ffffd08f71f0bb4c
rdx=ffffe20c0247e810 rsi=ffffe20c0247e800 rdi=ffffe20c0247e800
rip=fffff8040a40d5b1 rsp=ffffe20c0247e600 rbp=ffffd08f71f0bb4c
 r8=ffffe20c0247e6e0  r9=0000000000000000 r10=fffff8040332d900
r11=0000000000000004 r12=0000000000000000 r13=0000000000000000
r14=ffffd08f71f0bb4c r15=ffffa98756b89660
iopl=0         nv up ei ng nz na po nc
cs=0010  ss=0018  ds=002b  es=002b  fs=0053  gs=002b             efl=00040286
klif+0x2d5b1:
fffff804`0a40d5b1 4883c140        add     rcx,40h
rax=fffff8040a302a10 rbx=ffffa9875849c710 rcx=ffffd08f71f0bb8c
rdx=ffffe20c0247e810 rsi=ffffe20c0247e800 rdi=ffffe20c0247e800
rip=fffff8040a40d5b5 rsp=ffffe20c0247e600 rbp=ffffd08f71f0bb4c
 r8=ffffe20c0247e6e0  r9=0000000000000000 r10=fffff8040332d900
r11=0000000000000004 r12=0000000000000000 r13=0000000000000000
r14=ffffd08f71f0bb4c r15=ffffa98756b89660
iopl=0         nv up ei ng nz na pe nc
cs=0010  ss=0018  ds=002b  es=002b  fs=0053  gs=002b             efl=00040282
klif+0x2d5b5:
fffff804`0a40d5b5 4c8bfa          mov     r15,rdx
rax=fffff8040a302a10 rbx=ffffa9875849c710 rcx=ffffd08f71f0bb8c
rdx=ffffe20c0247e810 rsi=ffffe20c0247e800 rdi=ffffe20c0247e800
rip=fffff8040a40d5b8 rsp=ffffe20c0247e600 rbp=ffffd08f71f0bb4c
 r8=ffffe20c0247e6e0  r9=0000000000000000 r10=fffff8040332d900
r11=0000000000000004 r12=0000000000000000 r13=0000000000000000
r14=ffffd08f71f0bb4c r15=ffffe20c0247e810
iopl=0         nv up ei ng nz na pe nc
cs=0010  ss=0018  ds=002b  es=002b  fs=0053  gs=002b             efl=00040282
klif+0x2d5b8:
fffff804`0a40d5b8 48894c2448      mov     qword ptr [rsp+48h],rcx ss:0018:ffffe20c`0247e648=0000000000000018
rax=fffff8040a302a10 rbx=ffffa9875849c710 rcx=ffffd08f71f0bb8c
rdx=ffffe20c0247e810 rsi=ffffe20c0247e800 rdi=ffffe20c0247e800
rip=fffff8040a40d5bd rsp=ffffe20c0247e600 rbp=ffffd08f71f0bb4c
 r8=ffffe20c0247e6e0  r9=0000000000000000 r10=fffff8040332d900
r11=0000000000000004 r12=0000000000000000 r13=0000000000000000
r14=ffffd08f71f0bb4c r15=ffffe20c0247e810
iopl=0         nv up ei ng nz na pe nc
cs=0010  ss=0018  ds=002b  es=002b  fs=0053  gs=002b             efl=00040282
klif+0x2d5bd:
fffff804`0a40d5bd 488bd1          mov     rdx,rcx
rax=fffff8040a302a10 rbx=ffffa9875849c710 rcx=ffffd08f71f0bb8c
rdx=ffffd08f71f0bb8c rsi=ffffe20c0247e800 rdi=ffffe20c0247e800
rip=fffff8040a40d5c0 rsp=ffffe20c0247e600 rbp=ffffd08f71f0bb4c
 r8=ffffe20c0247e6e0  r9=0000000000000000 r10=fffff8040332d900
r11=0000000000000004 r12=0000000000000000 r13=0000000000000000
r14=ffffd08f71f0bb4c r15=ffffe20c0247e810
iopl=0         nv up ei ng nz na pe nc
cs=0010  ss=0018  ds=002b  es=002b  fs=0053  gs=002b             efl=00040282
klif+0x2d5c0:
fffff804`0a40d5c0 498bd8          mov     rbx,r8
rax=fffff8040a302a10 rbx=ffffe20c0247e6e0 rcx=ffffd08f71f0bb8c
rdx=ffffd08f71f0bb8c rsi=ffffe20c0247e800 rdi=ffffe20c0247e800
rip=fffff8040a40d5c3 rsp=ffffe20c0247e600 rbp=ffffd08f71f0bb4c
 r8=ffffe20c0247e6e0  r9=0000000000000000 r10=fffff8040332d900
r11=0000000000000004 r12=0000000000000000 r13=0000000000000000
r14=ffffd08f71f0bb4c r15=ffffe20c0247e810
iopl=0         nv up ei ng nz na pe nc
cs=0010  ss=0018  ds=002b  es=002b  fs=0053  gs=002b             efl=00040282
klif+0x2d5c3:
fffff804`0a40d5c3 4c8b10          mov     r10,qword ptr [rax] ds:002b:fffff804`0a302a10=fffff8040a302100
rax=fffff8040a302a10 rbx=ffffe20c0247e6e0 rcx=ffffd08f71f0bb8c
rdx=ffffd08f71f0bb8c rsi=ffffe20c0247e800 rdi=ffffe20c0247e800
rip=fffff8040a40d5c6 rsp=ffffe20c0247e600 rbp=ffffd08f71f0bb4c
 r8=ffffe20c0247e6e0  r9=0000000000000000 r10=fffff8040a302100
r11=0000000000000004 r12=0000000000000000 r13=0000000000000000
r14=ffffd08f71f0bb4c r15=ffffe20c0247e810
iopl=0         nv up ei ng nz na pe nc
cs=0010  ss=0018  ds=002b  es=002b  fs=0053  gs=002b             efl=00040282
klif+0x2d5c6:
fffff804`0a40d5c6 8b4d3c          mov     ecx,dword ptr [rbp+3Ch] ss:0018:ffffd08f`71f0bb88=0000000b
rax=fffff8040a302a10 rbx=ffffe20c0247e6e0 rcx=000000000000000b
rdx=ffffd08f71f0bb8c rsi=ffffe20c0247e800 rdi=ffffe20c0247e800
rip=fffff8040a40d5c9 rsp=ffffe20c0247e600 rbp=ffffd08f71f0bb4c
 r8=ffffe20c0247e6e0  r9=0000000000000000 r10=fffff8040a302100
r11=0000000000000004 r12=0000000000000000 r13=0000000000000000
r14=ffffd08f71f0bb4c r15=ffffe20c0247e810
iopl=0         nv up ei ng nz na pe nc
cs=0010  ss=0018  ds=002b  es=002b  fs=0053  gs=002b             efl=00040282
klif+0x2d5c9:
fffff804`0a40d5c9 498b4208        mov     rax,qword ptr [r10+8] ds:002b:fffff804`0a302108=fffff8040a2affe0
rax=fffff8040a2affe0 rbx=ffffe20c0247e6e0 rcx=000000000000000b
rdx=ffffd08f71f0bb8c rsi=ffffe20c0247e800 rdi=ffffe20c0247e800
rip=fffff8040a40d5cd rsp=ffffe20c0247e600 rbp=ffffd08f71f0bb4c
 r8=ffffe20c0247e6e0  r9=0000000000000000 r10=fffff8040a302100
r11=0000000000000004 r12=0000000000000000 r13=0000000000000000
r14=ffffd08f71f0bb4c r15=ffffe20c0247e810
iopl=0         nv up ei ng nz na pe nc
cs=0010  ss=0018  ds=002b  es=002b  fs=0053  gs=002b             efl=00040282
klif+0x2d5cd:
fffff804`0a40d5cd ff15a5660600    call    qword ptr [klif+0x93c78 (fffff804`0a473c78)] ds:002b:fffff804`0a473c78=fffff8040a46d420
rax=00000000000000c4 rbx=ffffe20c0247e6e0 rcx=0000000000000010
rdx=ffffd08f71f0bc50 rsi=ffffe20c0247e800 rdi=ffffe20c0247e800
rip=fffff8040a40d5d3 rsp=ffffe20c0247e600 rbp=ffffd08f71f0bb4c
 r8=0000000000000000  r9=0000000000000000 r10=fffff8040a302100
r11=0000000000000004 r12=0000000000000000 r13=0000000000000000
r14=ffffd08f71f0bb4c r15=ffffe20c0247e810
iopl=0         nv up ei pl zr na po nc
cs=0010  ss=0018  ds=002b  es=002b  fs=0053  gs=002b             efl=00040246
klif+0x2d5d3:
fffff804`0a40d5d3 48834c2440ff    or      qword ptr [rsp+40h],0FFFFFFFFFFFFFFFFh ss:0018:ffffe20c`0247e640=ffffe20c0247e658
rax=00000000000000c4 rbx=ffffe20c0247e6e0 rcx=0000000000000010
rdx=ffffd08f71f0bc50 rsi=ffffe20c0247e800 rdi=ffffe20c0247e800
rip=fffff8040a40d5d9 rsp=ffffe20c0247e600 rbp=ffffd08f71f0bb4c
 r8=0000000000000000  r9=0000000000000000 r10=fffff8040a302100
r11=0000000000000004 r12=0000000000000000 r13=0000000000000000
r14=ffffd08f71f0bb4c r15=ffffe20c0247e810
iopl=0         nv up ei ng nz na po nc
cs=0010  ss=0018  ds=002b  es=002b  fs=0053  gs=002b             efl=00040286
klif+0x2d5d9:
fffff804`0a40d5d9 4533f6          xor     r14d,r14d
rax=00000000000000c4 rbx=ffffe20c0247e6e0 rcx=0000000000000010
rdx=ffffd08f71f0bc50 rsi=ffffe20c0247e800 rdi=ffffe20c0247e800
rip=fffff8040a40d5dc rsp=ffffe20c0247e600 rbp=ffffd08f71f0bb4c
 r8=0000000000000000  r9=0000000000000000 r10=fffff8040a302100
r11=0000000000000004 r12=0000000000000000 r13=0000000000000000
r14=0000000000000000 r15=ffffe20c0247e810
iopl=0         nv up ei pl zr na po nc
cs=0010  ss=0018  ds=002b  es=002b  fs=0053  gs=002b             efl=00040246
klif+0x2d5dc:
fffff804`0a40d5dc 488b1b          mov     rbx,qword ptr [rbx] ds:002b:ffffe20c`0247e6e0=ffffa9875849c720
rax=00000000000000c4 rbx=ffffa9875849c720 rcx=0000000000000010
rdx=ffffd08f71f0bc50 rsi=ffffe20c0247e800 rdi=ffffe20c0247e800
rip=fffff8040a40d5df rsp=ffffe20c0247e600 rbp=ffffd08f71f0bb4c
 r8=0000000000000000  r9=0000000000000000 r10=fffff8040a302100
r11=0000000000000004 r12=0000000000000000 r13=0000000000000000
r14=0000000000000000 r15=ffffe20c0247e810
iopl=0         nv up ei pl zr na po nc
cs=0010  ss=0018  ds=002b  es=002b  fs=0053  gs=002b             efl=00040246
klif+0x2d5df:
fffff804`0a40d5df 4532e4          xor     r12b,r12b
rax=00000000000000c4 rbx=ffffa9875849c720 rcx=0000000000000010
rdx=ffffd08f71f0bc50 rsi=ffffe20c0247e800 rdi=ffffe20c0247e800
rip=fffff8040a40d5e2 rsp=ffffe20c0247e600 rbp=ffffd08f71f0bb4c
 r8=0000000000000000  r9=0000000000000000 r10=fffff8040a302100
r11=0000000000000004 r12=0000000000000000 r13=0000000000000000
r14=0000000000000000 r15=ffffe20c0247e810
iopl=0         nv up ei pl zr na po nc
cs=0010  ss=0018  ds=002b  es=002b  fs=0053  gs=002b             efl=00040246
klif+0x2d5e2:
fffff804`0a40d5e2 4533ed          xor     r13d,r13d
rax=00000000000000c4 rbx=ffffa9875849c720 rcx=0000000000000010
rdx=ffffd08f71f0bc50 rsi=ffffe20c0247e800 rdi=ffffe20c0247e800
rip=fffff8040a40d5e5 rsp=ffffe20c0247e600 rbp=ffffd08f71f0bb4c
 r8=0000000000000000  r9=0000000000000000 r10=fffff8040a302100
r11=0000000000000004 r12=0000000000000000 r13=0000000000000000
r14=0000000000000000 r15=ffffe20c0247e810
iopl=0         nv up ei pl zr na po nc
cs=0010  ss=0018  ds=002b  es=002b  fs=0053  gs=002b             efl=00040246
klif+0x2d5e5:
fffff804`0a40d5e5 89442430        mov     dword ptr [rsp+30h],eax ss:0018:ffffe20c`0247e630=00000010
rax=00000000000000c4 rbx=ffffa9875849c720 rcx=0000000000000010
rdx=ffffd08f71f0bc50 rsi=ffffe20c0247e800 rdi=ffffe20c0247e800
rip=fffff8040a40d5e9 rsp=ffffe20c0247e600 rbp=ffffd08f71f0bb4c
 r8=0000000000000000  r9=0000000000000000 r10=fffff8040a302100
r11=0000000000000004 r12=0000000000000000 r13=0000000000000000
r14=0000000000000000 r15=ffffe20c0247e810
iopl=0         nv up ei pl zr na po nc
cs=0010  ss=0018  ds=002b  es=002b  fs=0053  gs=002b             efl=00040246
klif+0x2d5e9:
fffff804`0a40d5e9 8d7003          lea     esi,[rax+3]
rax=00000000000000c4 rbx=ffffa9875849c720 rcx=0000000000000010
rdx=ffffd08f71f0bc50 rsi=00000000000000c7 rdi=ffffe20c0247e800
rip=fffff8040a40d5ec rsp=ffffe20c0247e600 rbp=ffffd08f71f0bb4c
 r8=0000000000000000  r9=0000000000000000 r10=fffff8040a302100
r11=0000000000000004 r12=0000000000000000 r13=0000000000000000
r14=0000000000000000 r15=ffffe20c0247e810
iopl=0         nv up ei pl zr na po nc
cs=0010  ss=0018  ds=002b  es=002b  fs=0053  gs=002b             efl=00040246
klif+0x2d5ec:
fffff804`0a40d5ec 4032ff          xor     dil,dil
rax=00000000000000c4 rbx=ffffa9875849c720 rcx=0000000000000010
rdx=ffffd08f71f0bc50 rsi=00000000000000c7 rdi=ffffe20c0247e800
rip=fffff8040a40d5ef rsp=ffffe20c0247e600 rbp=ffffd08f71f0bb4c
 r8=0000000000000000  r9=0000000000000000 r10=fffff8040a302100
r11=0000000000000004 r12=0000000000000000 r13=0000000000000000
r14=0000000000000000 r15=ffffe20c0247e810
iopl=0         nv up ei pl zr na po nc
cs=0010  ss=0018  ds=002b  es=002b  fs=0053  gs=002b             efl=00040246
klif+0x2d5ef:
fffff804`0a40d5ef 83e6fc          and     esi,0FFFFFFFCh
rax=00000000000000c4 rbx=ffffa9875849c720 rcx=0000000000000010
rdx=ffffd08f71f0bc50 rsi=00000000000000c4 rdi=ffffe20c0247e800
rip=fffff8040a40d5f2 rsp=ffffe20c0247e600 rbp=ffffd08f71f0bb4c
 r8=0000000000000000  r9=0000000000000000 r10=fffff8040a302100
r11=0000000000000004 r12=0000000000000000 r13=0000000000000000
r14=0000000000000000 r15=ffffe20c0247e810
iopl=0         nv up ei pl nz na pe nc
cs=0010  ss=0018  ds=002b  es=002b  fs=0053  gs=002b             efl=00040202
klif+0x2d5f2:
fffff804`0a40d5f2 483b9c24b0000000 cmp     rbx,qword ptr [rsp+0B0h] ss:0018:ffffe20c`0247e6b0=ffffe20c0247e6e0
rax=00000000000000c4 rbx=ffffa9875849c720 rcx=0000000000000010
rdx=ffffd08f71f0bc50 rsi=00000000000000c4 rdi=ffffe20c0247e800
rip=fffff8040a40d5fa rsp=ffffe20c0247e600 rbp=ffffd08f71f0bb4c
 r8=0000000000000000  r9=0000000000000000 r10=fffff8040a302100
r11=0000000000000004 r12=0000000000000000 r13=0000000000000000
r14=0000000000000000 r15=ffffe20c0247e810
iopl=0         nv up ei ng nz na pe cy
cs=0010  ss=0018  ds=002b  es=002b  fs=0053  gs=002b             efl=00040283
klif+0x2d5fa:
fffff804`0a40d5fa 0f8401010000    je      klif+0x2d701 (fffff804`0a40d701) [br=0]
rax=00000000000000c4 rbx=ffffa9875849c720 rcx=0000000000000010
rdx=ffffd08f71f0bc50 rsi=00000000000000c4 rdi=ffffe20c0247e800
rip=fffff8040a40d600 rsp=ffffe20c0247e600 rbp=ffffd08f71f0bb4c
 r8=0000000000000000  r9=0000000000000000 r10=fffff8040a302100
r11=0000000000000004 r12=0000000000000000 r13=0000000000000000
r14=0000000000000000 r15=ffffe20c0247e810
iopl=0         nv up ei ng nz na pe cy
cs=0010  ss=0018  ds=002b  es=002b  fs=0053  gs=002b             efl=00040283
klif+0x2d600:
fffff804`0a40d600 458d7e01        lea     r15d,[r14+1]
rax=00000000000000c4 rbx=ffffa9875849c720 rcx=0000000000000010
rdx=ffffd08f71f0bc50 rsi=00000000000000c4 rdi=ffffe20c0247e800
rip=fffff8040a40d604 rsp=ffffe20c0247e600 rbp=ffffd08f71f0bb4c
 r8=0000000000000000  r9=0000000000000000 r10=fffff8040a302100
r11=0000000000000004 r12=0000000000000000 r13=0000000000000000
r14=0000000000000000 r15=0000000000000001
iopl=0         nv up ei ng nz na pe cy
cs=0010  ss=0018  ds=002b  es=002b  fs=0053  gs=002b             efl=00040283
klif+0x2d604:
fffff804`0a40d604 8b4b38          mov     ecx,dword ptr [rbx+38h] ds:002b:ffffa987`5849c758=00000000
rax=00000000000000c4 rbx=ffffa9875849c720 rcx=0000000000000000
rdx=ffffd08f71f0bc50 rsi=00000000000000c4 rdi=ffffe20c0247e800
rip=fffff8040a40d607 rsp=ffffe20c0247e600 rbp=ffffd08f71f0bb4c
 r8=0000000000000000  r9=0000000000000000 r10=fffff8040a302100
r11=0000000000000004 r12=0000000000000000 r13=0000000000000000
r14=0000000000000000 r15=0000000000000001
iopl=0         nv up ei ng nz na pe cy
cs=0010  ss=0018  ds=002b  es=002b  fs=0053  gs=002b             efl=00040283
klif+0x2d607:
fffff804`0a40d607 4503ef          add     r13d,r15d
rax=00000000000000c4 rbx=ffffa9875849c720 rcx=0000000000000000
rdx=ffffd08f71f0bc50 rsi=00000000000000c4 rdi=ffffe20c0247e800
rip=fffff8040a40d60a rsp=ffffe20c0247e600 rbp=ffffd08f71f0bb4c
 r8=0000000000000000  r9=0000000000000000 r10=fffff8040a302100
r11=0000000000000004 r12=0000000000000000 r13=0000000000000001
r14=0000000000000000 r15=0000000000000001
iopl=0         nv up ei pl nz na pe nc
cs=0010  ss=0018  ds=002b  es=002b  fs=0053  gs=002b             efl=00040202
klif+0x2d60a:
fffff804`0a40d60a 85c9            test    ecx,ecx
rax=00000000000000c4 rbx=ffffa9875849c720 rcx=0000000000000000
rdx=ffffd08f71f0bc50 rsi=00000000000000c4 rdi=ffffe20c0247e800
rip=fffff8040a40d60c rsp=ffffe20c0247e600 rbp=ffffd08f71f0bb4c
 r8=0000000000000000  r9=0000000000000000 r10=fffff8040a302100
r11=0000000000000004 r12=0000000000000000 r13=0000000000000001
r14=0000000000000000 r15=0000000000000001
iopl=0         nv up ei pl zr na po nc
cs=0010  ss=0018  ds=002b  es=002b  fs=0053  gs=002b             efl=00040246
klif+0x2d60c:
fffff804`0a40d60c 7420            je      klif+0x2d62e (fffff804`0a40d62e) [br=1]
rax=00000000000000c4 rbx=ffffa9875849c720 rcx=0000000000000000
rdx=ffffd08f71f0bc50 rsi=00000000000000c4 rdi=ffffe20c0247e800
rip=fffff8040a40d62e rsp=ffffe20c0247e600 rbp=ffffd08f71f0bb4c
 r8=0000000000000000  r9=0000000000000000 r10=fffff8040a302100
r11=0000000000000004 r12=0000000000000000 r13=0000000000000001
r14=0000000000000000 r15=0000000000000001
iopl=0         nv up ei pl zr na po nc
cs=0010  ss=0018  ds=002b  es=002b  fs=0053  gs=002b             efl=00040246
klif+0x2d62e:
fffff804`0a40d62e 33c0            xor     eax,eax
rax=0000000000000000 rbx=ffffa9875849c720 rcx=0000000000000000
rdx=ffffd08f71f0bc50 rsi=00000000000000c4 rdi=ffffe20c0247e800
rip=fffff8040a40d630 rsp=ffffe20c0247e600 rbp=ffffd08f71f0bb4c
 r8=0000000000000000  r9=0000000000000000 r10=fffff8040a302100
r11=0000000000000004 r12=0000000000000000 r13=0000000000000001
r14=0000000000000000 r15=0000000000000001
iopl=0         nv up ei pl zr na po nc
cs=0010  ss=0018  ds=002b  es=002b  fs=0053  gs=002b             efl=00040246
klif+0x2d630:
fffff804`0a40d630 4403f0          add     r14d,eax
rax=0000000000000000 rbx=ffffa9875849c720 rcx=0000000000000000
rdx=ffffd08f71f0bc50 rsi=00000000000000c4 rdi=ffffe20c0247e800
rip=fffff8040a40d633 rsp=ffffe20c0247e600 rbp=ffffd08f71f0bb4c
 r8=0000000000000000  r9=0000000000000000 r10=fffff8040a302100
r11=0000000000000004 r12=0000000000000000 r13=0000000000000001
r14=0000000000000000 r15=0000000000000001
iopl=0         nv up ei pl zr na po nc
cs=0010  ss=0018  ds=002b  es=002b  fs=0053  gs=002b             efl=00040246
klif+0x2d633:
fffff804`0a40d633 4584e4          test    r12b,r12b
rax=0000000000000000 rbx=ffffa9875849c720 rcx=0000000000000000
rdx=ffffd08f71f0bc50 rsi=00000000000000c4 rdi=ffffe20c0247e800
rip=fffff8040a40d636 rsp=ffffe20c0247e600 rbp=ffffd08f71f0bb4c
 r8=0000000000000000  r9=0000000000000000 r10=fffff8040a302100
r11=0000000000000004 r12=0000000000000000 r13=0000000000000001
r14=0000000000000000 r15=0000000000000001
iopl=0         nv up ei pl zr na po nc
cs=0010  ss=0018  ds=002b  es=002b  fs=0053  gs=002b             efl=00040246
klif+0x2d636:
fffff804`0a40d636 751b            jne     klif+0x2d653 (fffff804`0a40d653) [br=0]
rax=0000000000000000 rbx=ffffa9875849c720 rcx=0000000000000000
rdx=ffffd08f71f0bc50 rsi=00000000000000c4 rdi=ffffe20c0247e800
rip=fffff8040a40d638 rsp=ffffe20c0247e600 rbp=ffffd08f71f0bb4c
 r8=0000000000000000  r9=0000000000000000 r10=fffff8040a302100
r11=0000000000000004 r12=0000000000000000 r13=0000000000000001
r14=0000000000000000 r15=0000000000000001
iopl=0         nv up ei pl zr na po nc
cs=0010  ss=0018  ds=002b  es=002b  fs=0053  gs=002b             efl=00040246
klif+0x2d638:
fffff804`0a40d638 f7432000010000  test    dword ptr [rbx+20h],100h ds:002b:ffffa987`5849c740=00176105
rax=0000000000000000 rbx=ffffa9875849c720 rcx=0000000000000000
rdx=ffffd08f71f0bc50 rsi=00000000000000c4 rdi=ffffe20c0247e800
rip=fffff8040a40d63f rsp=ffffe20c0247e600 rbp=ffffd08f71f0bb4c
 r8=0000000000000000  r9=0000000000000000 r10=fffff8040a302100
r11=0000000000000004 r12=0000000000000000 r13=0000000000000001
r14=0000000000000000 r15=0000000000000001
iopl=0         nv up ei pl nz na po nc
cs=0010  ss=0018  ds=002b  es=002b  fs=0053  gs=002b             efl=00040206
klif+0x2d63f:
fffff804`0a40d63f 7412            je      klif+0x2d653 (fffff804`0a40d653) [br=0]
rax=0000000000000000 rbx=ffffa9875849c720 rcx=0000000000000000
rdx=ffffd08f71f0bc50 rsi=00000000000000c4 rdi=ffffe20c0247e800
rip=fffff8040a40d641 rsp=ffffe20c0247e600 rbp=ffffd08f71f0bb4c
 r8=0000000000000000  r9=0000000000000000 r10=fffff8040a302100
r11=0000000000000004 r12=0000000000000000 r13=0000000000000001
r14=0000000000000000 r15=0000000000000001
iopl=0         nv up ei pl nz na po nc
cs=0010  ss=0018  ds=002b  es=002b  fs=0053  gs=002b             efl=00040206
klif+0x2d641:
fffff804`0a40d641 488bcd          mov     rcx,rbp
rax=0000000000000000 rbx=ffffa9875849c720 rcx=ffffd08f71f0bb4c
rdx=ffffd08f71f0bc50 rsi=00000000000000c4 rdi=ffffe20c0247e800
rip=fffff8040a40d644 rsp=ffffe20c0247e600 rbp=ffffd08f71f0bb4c
 r8=0000000000000000  r9=0000000000000000 r10=fffff8040a302100
r11=0000000000000004 r12=0000000000000000 r13=0000000000000001
r14=0000000000000000 r15=0000000000000001
iopl=0         nv up ei pl nz na po nc
cs=0010  ss=0018  ds=002b  es=002b  fs=0053  gs=002b             efl=00040206
klif+0x2d644:
fffff804`0a40d644 e8031a0000      call    klif+0x2f04c (fffff804`0a40f04c)
rax=0000000000000001 rbx=ffffa9875849c720 rcx=ffffd08f71f0bb4c
rdx=ffffd08f71f0bc50 rsi=00000000000000c4 rdi=ffffe20c0247e800
rip=fffff8040a40d649 rsp=ffffe20c0247e600 rbp=ffffd08f71f0bb4c
 r8=0000000000000000  r9=0000000000000000 r10=fffff8040a302100
r11=0000000000000004 r12=0000000000000000 r13=0000000000000001
r14=0000000000000000 r15=0000000000000001
iopl=0         nv up ei ng nz na pe nc
cs=0010  ss=0018  ds=002b  es=002b  fs=0053  gs=002b             efl=00040282
klif+0x2d649:
fffff804`0a40d649 84c0            test    al,al
rax=0000000000000001 rbx=ffffa9875849c720 rcx=ffffd08f71f0bb4c
rdx=ffffd08f71f0bc50 rsi=00000000000000c4 rdi=ffffe20c0247e800
rip=fffff8040a40d64b rsp=ffffe20c0247e600 rbp=ffffd08f71f0bb4c
 r8=0000000000000000  r9=0000000000000000 r10=fffff8040a302100
r11=0000000000000004 r12=0000000000000000 r13=0000000000000001
r14=0000000000000000 r15=0000000000000001
iopl=0         nv up ei pl nz na pe nc
cs=0010  ss=0018  ds=002b  es=002b  fs=0053  gs=002b             efl=00040202
klif+0x2d64b:
fffff804`0a40d64b 450fb6e4        movzx   r12d,r12b
rax=0000000000000001 rbx=ffffa9875849c720 rcx=ffffd08f71f0bb4c
rdx=ffffd08f71f0bc50 rsi=00000000000000c4 rdi=ffffe20c0247e800
rip=fffff8040a40d64f rsp=ffffe20c0247e600 rbp=ffffd08f71f0bb4c
 r8=0000000000000000  r9=0000000000000000 r10=fffff8040a302100
r11=0000000000000004 r12=0000000000000000 r13=0000000000000001
r14=0000000000000000 r15=0000000000000001
iopl=0         nv up ei pl nz na pe nc
cs=0010  ss=0018  ds=002b  es=002b  fs=0053  gs=002b             efl=00040202
klif+0x2d64f:
fffff804`0a40d64f 450f45e7        cmovne  r12d,r15d
rax=0000000000000001 rbx=ffffa9875849c720 rcx=ffffd08f71f0bb4c
rdx=ffffd08f71f0bc50 rsi=00000000000000c4 rdi=ffffe20c0247e800
rip=fffff8040a40d653 rsp=ffffe20c0247e600 rbp=ffffd08f71f0bb4c
 r8=0000000000000000  r9=0000000000000000 r10=fffff8040a302100
r11=0000000000000004 r12=0000000000000001 r13=0000000000000001
r14=0000000000000000 r15=0000000000000001
iopl=0         nv up ei pl nz na pe nc
cs=0010  ss=0018  ds=002b  es=002b  fs=0053  gs=002b             efl=00040202
klif+0x2d653:
fffff804`0a40d653 4084ff          test    dil,dil
rax=0000000000000001 rbx=ffffa9875849c720 rcx=ffffd08f71f0bb4c
rdx=ffffd08f71f0bc50 rsi=00000000000000c4 rdi=ffffe20c0247e800
rip=fffff8040a40d656 rsp=ffffe20c0247e600 rbp=ffffd08f71f0bb4c
 r8=0000000000000000  r9=0000000000000000 r10=fffff8040a302100
r11=0000000000000004 r12=0000000000000001 r13=0000000000000001
r14=0000000000000000 r15=0000000000000001
iopl=0         nv up ei pl zr na po nc
cs=0010  ss=0018  ds=002b  es=002b  fs=0053  gs=002b             efl=00040246
klif+0x2d656:
fffff804`0a40d656 750f            jne     klif+0x2d667 (fffff804`0a40d667) [br=0]
rax=0000000000000001 rbx=ffffa9875849c720 rcx=ffffd08f71f0bb4c
rdx=ffffd08f71f0bc50 rsi=00000000000000c4 rdi=ffffe20c0247e800
rip=fffff8040a40d658 rsp=ffffe20c0247e600 rbp=ffffd08f71f0bb4c
 r8=0000000000000000  r9=0000000000000000 r10=fffff8040a302100
r11=0000000000000004 r12=0000000000000001 r13=0000000000000001
r14=0000000000000000 r15=0000000000000001
iopl=0         nv up ei pl zr na po nc
cs=0010  ss=0018  ds=002b  es=002b  fs=0053  gs=002b             efl=00040246
klif+0x2d658:
fffff804`0a40d658 f7432000040000  test    dword ptr [rbx+20h],400h ds:002b:ffffa987`5849c740=00176105
rax=0000000000000001 rbx=ffffa9875849c720 rcx=ffffd08f71f0bb4c
rdx=ffffd08f71f0bc50 rsi=00000000000000c4 rdi=ffffe20c0247e800
rip=fffff8040a40d65f rsp=ffffe20c0247e600 rbp=ffffd08f71f0bb4c
 r8=0000000000000000  r9=0000000000000000 r10=fffff8040a302100
r11=0000000000000004 r12=0000000000000001 r13=0000000000000001
r14=0000000000000000 r15=0000000000000001
iopl=0         nv up ei pl zr na po nc
cs=0010  ss=0018  ds=002b  es=002b  fs=0053  gs=002b             efl=00040246
klif+0x2d65f:
fffff804`0a40d65f 400fb6ff        movzx   edi,dil
rax=0000000000000001 rbx=ffffa9875849c720 rcx=ffffd08f71f0bb4c
rdx=ffffd08f71f0bc50 rsi=00000000000000c4 rdi=0000000000000000
rip=fffff8040a40d663 rsp=ffffe20c0247e600 rbp=ffffd08f71f0bb4c
 r8=0000000000000000  r9=0000000000000000 r10=fffff8040a302100
r11=0000000000000004 r12=0000000000000001 r13=0000000000000001
r14=0000000000000000 r15=0000000000000001
iopl=0         nv up ei pl zr na po nc
cs=0010  ss=0018  ds=002b  es=002b  fs=0053  gs=002b             efl=00040246
klif+0x2d663:
fffff804`0a40d663 410f45ff        cmovne  edi,r15d
rax=0000000000000001 rbx=ffffa9875849c720 rcx=ffffd08f71f0bb4c
rdx=ffffd08f71f0bc50 rsi=00000000000000c4 rdi=0000000000000000
rip=fffff8040a40d667 rsp=ffffe20c0247e600 rbp=ffffd08f71f0bb4c
 r8=0000000000000000  r9=0000000000000000 r10=fffff8040a302100
r11=0000000000000004 r12=0000000000000001 r13=0000000000000001
r14=0000000000000000 r15=0000000000000001
iopl=0         nv up ei pl zr na po nc
cs=0010  ss=0018  ds=002b  es=002b  fs=0053  gs=002b             efl=00040246
klif+0x2d667:
fffff804`0a40d667 488b1b          mov     rbx,qword ptr [rbx] ds:002b:ffffa987`5849c720=ffffe20c0247e6e0
rax=0000000000000001 rbx=ffffe20c0247e6e0 rcx=ffffd08f71f0bb4c
rdx=ffffd08f71f0bc50 rsi=00000000000000c4 rdi=0000000000000000
rip=fffff8040a40d66a rsp=ffffe20c0247e600 rbp=ffffd08f71f0bb4c
 r8=0000000000000000  r9=0000000000000000 r10=fffff8040a302100
r11=0000000000000004 r12=0000000000000001 r13=0000000000000001
r14=0000000000000000 r15=0000000000000001
iopl=0         nv up ei pl zr na po nc
cs=0010  ss=0018  ds=002b  es=002b  fs=0053  gs=002b             efl=00040246
klif+0x2d66a:
fffff804`0a40d66a 483b9c24b0000000 cmp     rbx,qword ptr [rsp+0B0h] ss:0018:ffffe20c`0247e6b0=ffffe20c0247e6e0
rax=0000000000000001 rbx=ffffe20c0247e6e0 rcx=ffffd08f71f0bb4c
rdx=ffffd08f71f0bc50 rsi=00000000000000c4 rdi=0000000000000000
rip=fffff8040a40d672 rsp=ffffe20c0247e600 rbp=ffffd08f71f0bb4c
 r8=0000000000000000  r9=0000000000000000 r10=fffff8040a302100
r11=0000000000000004 r12=0000000000000001 r13=0000000000000001
r14=0000000000000000 r15=0000000000000001
iopl=0         nv up ei pl zr na po nc
cs=0010  ss=0018  ds=002b  es=002b  fs=0053  gs=002b             efl=00040246
klif+0x2d672:
fffff804`0a40d672 7590            jne     klif+0x2d604 (fffff804`0a40d604) [br=0]
rax=0000000000000001 rbx=ffffe20c0247e6e0 rcx=ffffd08f71f0bb4c
rdx=ffffd08f71f0bc50 rsi=00000000000000c4 rdi=0000000000000000
rip=fffff8040a40d674 rsp=ffffe20c0247e600 rbp=ffffd08f71f0bb4c
 r8=0000000000000000  r9=0000000000000000 r10=fffff8040a302100
r11=0000000000000004 r12=0000000000000001 r13=0000000000000001
r14=0000000000000000 r15=0000000000000001
iopl=0         nv up ei pl zr na po nc
cs=0010  ss=0018  ds=002b  es=002b  fs=0053  gs=002b             efl=00040246
klif+0x2d674:
fffff804`0a40d674 453ae7          cmp     r12b,r15b
rax=0000000000000001 rbx=ffffe20c0247e6e0 rcx=ffffd08f71f0bb4c
rdx=ffffd08f71f0bc50 rsi=00000000000000c4 rdi=0000000000000000
rip=fffff8040a40d677 rsp=ffffe20c0247e600 rbp=ffffd08f71f0bb4c
 r8=0000000000000000  r9=0000000000000000 r10=fffff8040a302100
r11=0000000000000004 r12=0000000000000001 r13=0000000000000001
r14=0000000000000000 r15=0000000000000001
iopl=0         nv up ei pl zr na po nc
cs=0010  ss=0018  ds=002b  es=002b  fs=0053  gs=002b             efl=00040246
klif+0x2d677:
fffff804`0a40d677 4c8bbc24a8000000 mov     r15,qword ptr [rsp+0A8h] ss:0018:ffffe20c`0247e6a8=ffffe20c0247e810
rax=0000000000000001 rbx=ffffe20c0247e6e0 rcx=ffffd08f71f0bb4c
rdx=ffffd08f71f0bc50 rsi=00000000000000c4 rdi=0000000000000000
rip=fffff8040a40d67f rsp=ffffe20c0247e600 rbp=ffffd08f71f0bb4c
 r8=0000000000000000  r9=0000000000000000 r10=fffff8040a302100
r11=0000000000000004 r12=0000000000000001 r13=0000000000000001
r14=0000000000000000 r15=ffffe20c0247e810
iopl=0         nv up ei pl zr na po nc
cs=0010  ss=0018  ds=002b  es=002b  fs=0053  gs=002b             efl=00040246
klif+0x2d67f:
fffff804`0a40d67f 7519            jne     klif+0x2d69a (fffff804`0a40d69a) [br=0]
rax=0000000000000001 rbx=ffffe20c0247e6e0 rcx=ffffd08f71f0bb4c
rdx=ffffd08f71f0bc50 rsi=00000000000000c4 rdi=0000000000000000
rip=fffff8040a40d681 rsp=ffffe20c0247e600 rbp=ffffd08f71f0bb4c
 r8=0000000000000000  r9=0000000000000000 r10=fffff8040a302100
r11=0000000000000004 r12=0000000000000001 r13=0000000000000001
r14=0000000000000000 r15=ffffe20c0247e810
iopl=0         nv up ei pl zr na po nc
cs=0010  ss=0018  ds=002b  es=002b  fs=0053  gs=002b             efl=00040246
klif+0x2d681:
fffff804`0a40d681 4d8d4740        lea     r8,[r15+40h]
rax=0000000000000001 rbx=ffffe20c0247e6e0 rcx=ffffd08f71f0bb4c
rdx=ffffd08f71f0bc50 rsi=00000000000000c4 rdi=0000000000000000
rip=fffff8040a40d685 rsp=ffffe20c0247e600 rbp=ffffd08f71f0bb4c
 r8=ffffe20c0247e850  r9=0000000000000000 r10=fffff8040a302100
r11=0000000000000004 r12=0000000000000001 r13=0000000000000001
r14=0000000000000000 r15=ffffe20c0247e810
iopl=0         nv up ei pl zr na po nc
cs=0010  ss=0018  ds=002b  es=002b  fs=0053  gs=002b             efl=00040246
klif+0x2d685:
fffff804`0a40d685 ba00010000      mov     edx,100h
rax=0000000000000001 rbx=ffffe20c0247e6e0 rcx=ffffd08f71f0bb4c
rdx=0000000000000100 rsi=00000000000000c4 rdi=0000000000000000
rip=fffff8040a40d68a rsp=ffffe20c0247e600 rbp=ffffd08f71f0bb4c
 r8=ffffe20c0247e850  r9=0000000000000000 r10=fffff8040a302100
r11=0000000000000004 r12=0000000000000001 r13=0000000000000001
r14=0000000000000000 r15=ffffe20c0247e810
iopl=0         nv up ei pl zr na po nc
cs=0010  ss=0018  ds=002b  es=002b  fs=0053  gs=002b             efl=00040246
klif+0x2d68a:
fffff804`0a40d68a 488bcd          mov     rcx,rbp
rax=0000000000000001 rbx=ffffe20c0247e6e0 rcx=ffffd08f71f0bb4c
rdx=0000000000000100 rsi=00000000000000c4 rdi=0000000000000000
rip=fffff8040a40d68d rsp=ffffe20c0247e600 rbp=ffffd08f71f0bb4c
 r8=ffffe20c0247e850  r9=0000000000000000 r10=fffff8040a302100
r11=0000000000000004 r12=0000000000000001 r13=0000000000000001
r14=0000000000000000 r15=ffffe20c0247e810
iopl=0         nv up ei pl zr na po nc
cs=0010  ss=0018  ds=002b  es=002b  fs=0053  gs=002b             efl=00040246
klif+0x2d68d:
fffff804`0a40d68d e84e0a0000      call    klif+0x2e0e0 (fffff804`0a40e0e0)
rax=00000000000001ac rbx=ffffe20c0247e6e0 rcx=ffffd08f71744cf0
rdx=0000000000000100 rsi=00000000000000c4 rdi=0000000000000000
rip=fffff8040a40d692 rsp=ffffe20c0247e600 rbp=ffffd08f71f0bb4c
 r8=ffffe20c0247e850  r9=0000000000000000 r10=fffff8040a302100
r11=0000000000000004 r12=0000000000000001 r13=0000000000000001
r14=0000000000000000 r15=ffffe20c0247e810
iopl=0         nv up ei ng nz na pe nc
cs=0010  ss=0018  ds=002b  es=002b  fs=0053  gs=002b             efl=00040282
klif+0x2d692:
fffff804`0a40d692 83c007          add     eax,7
rax=00000000000001b3 rbx=ffffe20c0247e6e0 rcx=ffffd08f71744cf0
rdx=0000000000000100 rsi=00000000000000c4 rdi=0000000000000000
rip=fffff8040a40d695 rsp=ffffe20c0247e600 rbp=ffffd08f71f0bb4c
 r8=ffffe20c0247e850  r9=0000000000000000 r10=fffff8040a302100
r11=0000000000000004 r12=0000000000000001 r13=0000000000000001
r14=0000000000000000 r15=ffffe20c0247e810
iopl=0         nv up ei pl nz ac pe nc
cs=0010  ss=0018  ds=002b  es=002b  fs=0053  gs=002b             efl=00040212
klif+0x2d695:
fffff804`0a40d695 83e0f8          and     eax,0FFFFFFF8h
rax=00000000000001b0 rbx=ffffe20c0247e6e0 rcx=ffffd08f71744cf0
rdx=0000000000000100 rsi=00000000000000c4 rdi=0000000000000000
rip=fffff8040a40d698 rsp=ffffe20c0247e600 rbp=ffffd08f71f0bb4c
 r8=ffffe20c0247e850  r9=0000000000000000 r10=fffff8040a302100
r11=0000000000000004 r12=0000000000000001 r13=0000000000000001
r14=0000000000000000 r15=ffffe20c0247e810
iopl=0         nv up ei pl nz na pe nc
cs=0010  ss=0018  ds=002b  es=002b  fs=0053  gs=002b             efl=00040202
klif+0x2d698:
fffff804`0a40d698 03f0            add     esi,eax
rax=00000000000001b0 rbx=ffffe20c0247e6e0 rcx=ffffd08f71744cf0
rdx=0000000000000100 rsi=0000000000000274 rdi=0000000000000000
rip=fffff8040a40d69a rsp=ffffe20c0247e600 rbp=ffffd08f71f0bb4c
 r8=ffffe20c0247e850  r9=0000000000000000 r10=fffff8040a302100
r11=0000000000000004 r12=0000000000000001 r13=0000000000000001
r14=0000000000000000 r15=ffffe20c0247e810
iopl=0         nv up ei pl nz na po nc
cs=0010  ss=0018  ds=002b  es=002b  fs=0053  gs=002b             efl=00040206
klif+0x2d69a:
fffff804`0a40d69a 4084ff          test    dil,dil
rax=00000000000001b0 rbx=ffffe20c0247e6e0 rcx=ffffd08f71744cf0
rdx=0000000000000100 rsi=0000000000000274 rdi=0000000000000000
rip=fffff8040a40d69d rsp=ffffe20c0247e600 rbp=ffffd08f71f0bb4c
 r8=ffffe20c0247e850  r9=0000000000000000 r10=fffff8040a302100
r11=0000000000000004 r12=0000000000000001 r13=0000000000000001
r14=0000000000000000 r15=ffffe20c0247e810
iopl=0         nv up ei pl zr na po nc
cs=0010  ss=0018  ds=002b  es=002b  fs=0053  gs=002b             efl=00040246
klif+0x2d69d:
fffff804`0a40d69d 7462            je      klif+0x2d701 (fffff804`0a40d701) [br=1]
rax=00000000000001b0 rbx=ffffe20c0247e6e0 rcx=ffffd08f71744cf0
rdx=0000000000000100 rsi=0000000000000274 rdi=0000000000000000
rip=fffff8040a40d701 rsp=ffffe20c0247e600 rbp=ffffd08f71f0bb4c
 r8=ffffe20c0247e850  r9=0000000000000000 r10=fffff8040a302100
r11=0000000000000004 r12=0000000000000001 r13=0000000000000001
r14=0000000000000000 r15=ffffe20c0247e810
iopl=0         nv up ei pl zr na po nc
cs=0010  ss=0018  ds=002b  es=002b  fs=0053  gs=002b             efl=00040246
klif+0x2d701:
fffff804`0a40d701 49837f1000      cmp     qword ptr [r15+10h],0 ds:002b:ffffe20c`0247e820=9b64a2117e15e81d
rax=00000000000001b0 rbx=ffffe20c0247e6e0 rcx=ffffd08f71744cf0
rdx=0000000000000100 rsi=0000000000000274 rdi=0000000000000000
rip=fffff8040a40d706 rsp=ffffe20c0247e600 rbp=ffffd08f71f0bb4c
 r8=ffffe20c0247e850  r9=0000000000000000 r10=fffff8040a302100
r11=0000000000000004 r12=0000000000000001 r13=0000000000000001
r14=0000000000000000 r15=ffffe20c0247e810
iopl=0         nv up ei ng nz na po nc
cs=0010  ss=0018  ds=002b  es=002b  fs=0053  gs=002b             efl=00040286
klif+0x2d706:
fffff804`0a40d706 8d4e48          lea     ecx,[rsi+48h]
rax=00000000000001b0 rbx=ffffe20c0247e6e0 rcx=00000000000002bc
rdx=0000000000000100 rsi=0000000000000274 rdi=0000000000000000
rip=fffff8040a40d709 rsp=ffffe20c0247e600 rbp=ffffd08f71f0bb4c
 r8=ffffe20c0247e850  r9=0000000000000000 r10=fffff8040a302100
r11=0000000000000004 r12=0000000000000001 r13=0000000000000001
r14=0000000000000000 r15=ffffe20c0247e810
iopl=0         nv up ei ng nz na po nc
cs=0010  ss=0018  ds=002b  es=002b  fs=0053  gs=002b             efl=00040286
klif+0x2d709:
fffff804`0a40d709 8d5118          lea     edx,[rcx+18h]
rax=00000000000001b0 rbx=ffffe20c0247e6e0 rcx=00000000000002bc
rdx=00000000000002d4 rsi=0000000000000274 rdi=0000000000000000
rip=fffff8040a40d70c rsp=ffffe20c0247e600 rbp=ffffd08f71f0bb4c
 r8=ffffe20c0247e850  r9=0000000000000000 r10=fffff8040a302100
r11=0000000000000004 r12=0000000000000001 r13=0000000000000001
r14=0000000000000000 r15=ffffe20c0247e810
iopl=0         nv up ei ng nz na po nc
cs=0010  ss=0018  ds=002b  es=002b  fs=0053  gs=002b             efl=00040286
klif+0x2d70c:
fffff804`0a40d70c 0f44d1          cmove   edx,ecx
rax=00000000000001b0 rbx=ffffe20c0247e6e0 rcx=00000000000002bc
rdx=00000000000002d4 rsi=0000000000000274 rdi=0000000000000000
rip=fffff8040a40d70f rsp=ffffe20c0247e600 rbp=ffffd08f71f0bb4c
 r8=ffffe20c0247e850  r9=0000000000000000 r10=fffff8040a302100
r11=0000000000000004 r12=0000000000000001 r13=0000000000000001
r14=0000000000000000 r15=ffffe20c0247e810
iopl=0         nv up ei ng nz na po nc
cs=0010  ss=0018  ds=002b  es=002b  fs=0053  gs=002b             efl=00040286
klif+0x2d70f:
fffff804`0a40d70f 49837f1800      cmp     qword ptr [r15+18h],0 ds:002b:ffffe20c`0247e828=81d9d9609b68093d
rax=00000000000001b0 rbx=ffffe20c0247e6e0 rcx=00000000000002bc
rdx=00000000000002d4 rsi=0000000000000274 rdi=0000000000000000
rip=fffff8040a40d714 rsp=ffffe20c0247e600 rbp=ffffd08f71f0bb4c
 r8=ffffe20c0247e850  r9=0000000000000000 r10=fffff8040a302100
r11=0000000000000004 r12=0000000000000001 r13=0000000000000001
r14=0000000000000000 r15=ffffe20c0247e810
iopl=0         nv up ei ng nz na pe nc
cs=0010  ss=0018  ds=002b  es=002b  fs=0053  gs=002b             efl=00040282
klif+0x2d714:
fffff804`0a40d714 498b4f28        mov     rcx,qword ptr [r15+28h] ds:002b:ffffe20c`0247e838=0000000000000000
rax=00000000000001b0 rbx=ffffe20c0247e6e0 rcx=0000000000000000
rdx=00000000000002d4 rsi=0000000000000274 rdi=0000000000000000
rip=fffff8040a40d718 rsp=ffffe20c0247e600 rbp=ffffd08f71f0bb4c
 r8=ffffe20c0247e850  r9=0000000000000000 r10=fffff8040a302100
r11=0000000000000004 r12=0000000000000001 r13=0000000000000001
r14=0000000000000000 r15=ffffe20c0247e810
iopl=0         nv up ei ng nz na pe nc
cs=0010  ss=0018  ds=002b  es=002b  fs=0053  gs=002b             efl=00040282
klif+0x2d718:
fffff804`0a40d718 8d5a18          lea     ebx,[rdx+18h]
rax=00000000000001b0 rbx=00000000000002ec rcx=0000000000000000
rdx=00000000000002d4 rsi=0000000000000274 rdi=0000000000000000
rip=fffff8040a40d71b rsp=ffffe20c0247e600 rbp=ffffd08f71f0bb4c
 r8=ffffe20c0247e850  r9=0000000000000000 r10=fffff8040a302100
r11=0000000000000004 r12=0000000000000001 r13=0000000000000001
r14=0000000000000000 r15=ffffe20c0247e810
iopl=0         nv up ei ng nz na pe nc
cs=0010  ss=0018  ds=002b  es=002b  fs=0053  gs=002b             efl=00040282
klif+0x2d71b:
fffff804`0a40d71b 0f44da          cmove   ebx,edx
rax=00000000000001b0 rbx=00000000000002ec rcx=0000000000000000
rdx=00000000000002d4 rsi=0000000000000274 rdi=0000000000000000
rip=fffff8040a40d71e rsp=ffffe20c0247e600 rbp=ffffd08f71f0bb4c
 r8=ffffe20c0247e850  r9=0000000000000000 r10=fffff8040a302100
r11=0000000000000004 r12=0000000000000001 r13=0000000000000001
r14=0000000000000000 r15=ffffe20c0247e810
iopl=0         nv up ei ng nz na pe nc
cs=0010  ss=0018  ds=002b  es=002b  fs=0053  gs=002b             efl=00040282
klif+0x2d71e:
fffff804`0a40d71e 4885c9          test    rcx,rcx
rax=00000000000001b0 rbx=00000000000002ec rcx=0000000000000000
rdx=00000000000002d4 rsi=0000000000000274 rdi=0000000000000000
rip=fffff8040a40d721 rsp=ffffe20c0247e600 rbp=ffffd08f71f0bb4c
 r8=ffffe20c0247e850  r9=0000000000000000 r10=fffff8040a302100
r11=0000000000000004 r12=0000000000000001 r13=0000000000000001
r14=0000000000000000 r15=ffffe20c0247e810
iopl=0         nv up ei pl zr na po nc
cs=0010  ss=0018  ds=002b  es=002b  fs=0053  gs=002b             efl=00040246
klif+0x2d721:
fffff804`0a40d721 7425            je      klif+0x2d748 (fffff804`0a40d748) [br=1]
rax=00000000000001b0 rbx=00000000000002ec rcx=0000000000000000
rdx=00000000000002d4 rsi=0000000000000274 rdi=0000000000000000
rip=fffff8040a40d748 rsp=ffffe20c0247e600 rbp=ffffd08f71f0bb4c
 r8=ffffe20c0247e850  r9=0000000000000000 r10=fffff8040a302100
r11=0000000000000004 r12=0000000000000001 r13=0000000000000001
r14=0000000000000000 r15=ffffe20c0247e810
iopl=0         nv up ei pl zr na po nc
cs=0010  ss=0018  ds=002b  es=002b  fs=0053  gs=002b             efl=00040246
klif+0x2d748:
fffff804`0a40d748 bff8ffffff      mov     edi,0FFFFFFF8h
rax=00000000000001b0 rbx=00000000000002ec rcx=0000000000000000
rdx=00000000000002d4 rsi=0000000000000274 rdi=00000000fffffff8
rip=fffff8040a40d74d rsp=ffffe20c0247e600 rbp=ffffd08f71f0bb4c
 r8=ffffe20c0247e850  r9=0000000000000000 r10=fffff8040a302100
r11=0000000000000004 r12=0000000000000001 r13=0000000000000001
r14=0000000000000000 r15=ffffe20c0247e810
iopl=0         nv up ei pl zr na po nc
cs=0010  ss=0018  ds=002b  es=002b  fs=0053  gs=002b             efl=00040246
klif+0x2d74d:
fffff804`0a40d74d 498b4f30        mov     rcx,qword ptr [r15+30h] ds:002b:ffffe20c`0247e840=ffffa98758fd9a60
rax=00000000000001b0 rbx=00000000000002ec rcx=ffffa98758fd9a60
rdx=00000000000002d4 rsi=0000000000000274 rdi=00000000fffffff8
rip=fffff8040a40d751 rsp=ffffe20c0247e600 rbp=ffffd08f71f0bb4c
 r8=ffffe20c0247e850  r9=0000000000000000 r10=fffff8040a302100
r11=0000000000000004 r12=0000000000000001 r13=0000000000000001
r14=0000000000000000 r15=ffffe20c0247e810
iopl=0         nv up ei pl zr na po nc
cs=0010  ss=0018  ds=002b  es=002b  fs=0053  gs=002b             efl=00040246
klif+0x2d751:
fffff804`0a40d751 4885c9          test    rcx,rcx
rax=00000000000001b0 rbx=00000000000002ec rcx=ffffa98758fd9a60
rdx=00000000000002d4 rsi=0000000000000274 rdi=00000000fffffff8
rip=fffff8040a40d754 rsp=ffffe20c0247e600 rbp=ffffd08f71f0bb4c
 r8=ffffe20c0247e850  r9=0000000000000000 r10=fffff8040a302100
r11=0000000000000004 r12=0000000000000001 r13=0000000000000001
r14=0000000000000000 r15=ffffe20c0247e810
iopl=0         nv up ei ng nz na po nc
cs=0010  ss=0018  ds=002b  es=002b  fs=0053  gs=002b             efl=00040286
klif+0x2d754:
fffff804`0a40d754 741b            je      klif+0x2d771 (fffff804`0a40d771) [br=0]
rax=00000000000001b0 rbx=00000000000002ec rcx=ffffa98758fd9a60
rdx=00000000000002d4 rsi=0000000000000274 rdi=00000000fffffff8
rip=fffff8040a40d756 rsp=ffffe20c0247e600 rbp=ffffd08f71f0bb4c
 r8=ffffe20c0247e850  r9=0000000000000000 r10=fffff8040a302100
r11=0000000000000004 r12=0000000000000001 r13=0000000000000001
r14=0000000000000000 r15=ffffe20c0247e810
iopl=0         nv up ei ng nz na po nc
cs=0010  ss=0018  ds=002b  es=002b  fs=0053  gs=002b             efl=00040286
klif+0x2d756:
fffff804`0a40d756 488b0563a70700  mov     rax,qword ptr [klif+0xa7ec0 (fffff804`0a487ec0)] ds:002b:fffff804`0a487ec0=fffff8040a302a10
rax=fffff8040a302a10 rbx=00000000000002ec rcx=ffffa98758fd9a60
rdx=00000000000002d4 rsi=0000000000000274 rdi=00000000fffffff8
rip=fffff8040a40d75d rsp=ffffe20c0247e600 rbp=ffffd08f71f0bb4c
 r8=ffffe20c0247e850  r9=0000000000000000 r10=fffff8040a302100
r11=0000000000000004 r12=0000000000000001 r13=0000000000000001
r14=0000000000000000 r15=ffffe20c0247e810
iopl=0         nv up ei ng nz na po nc
cs=0010  ss=0018  ds=002b  es=002b  fs=0053  gs=002b             efl=00040286
klif+0x2d75d:
fffff804`0a40d75d 488b8058020000  mov     rax,qword ptr [rax+258h] ds:002b:fffff804`0a302c68=fffff8040a2ac640
rax=fffff8040a2ac640 rbx=00000000000002ec rcx=ffffa98758fd9a60
rdx=00000000000002d4 rsi=0000000000000274 rdi=00000000fffffff8
rip=fffff8040a40d764 rsp=ffffe20c0247e600 rbp=ffffd08f71f0bb4c
 r8=ffffe20c0247e850  r9=0000000000000000 r10=fffff8040a302100
r11=0000000000000004 r12=0000000000000001 r13=0000000000000001
r14=0000000000000000 r15=ffffe20c0247e810
iopl=0         nv up ei ng nz na po nc
cs=0010  ss=0018  ds=002b  es=002b  fs=0053  gs=002b             efl=00040286
klif+0x2d764:
fffff804`0a40d764 ff150e650600    call    qword ptr [klif+0x93c78 (fffff804`0a473c78)] ds:002b:fffff804`0a473c78=fffff8040a46d420
rax=0000000000000021 rbx=00000000000002ec rcx=ffffa98758fd9a60
rdx=00000000000002d4 rsi=0000000000000274 rdi=00000000fffffff8
rip=fffff8040a40d76a rsp=ffffe20c0247e600 rbp=ffffd08f71f0bb4c
 r8=ffffe20c0247e850  r9=0000000000000000 r10=fffff8040a302100
r11=0000000000000004 r12=0000000000000001 r13=0000000000000001
r14=0000000000000000 r15=ffffe20c0247e810
iopl=0         nv up ei ng nz na po nc
cs=0010  ss=0018  ds=002b  es=002b  fs=0053  gs=002b             efl=00040286
klif+0x2d76a:
fffff804`0a40d76a 83c013          add     eax,13h
rax=0000000000000034 rbx=00000000000002ec rcx=ffffa98758fd9a60
rdx=00000000000002d4 rsi=0000000000000274 rdi=00000000fffffff8
rip=fffff8040a40d76d rsp=ffffe20c0247e600 rbp=ffffd08f71f0bb4c
 r8=ffffe20c0247e850  r9=0000000000000000 r10=fffff8040a302100
r11=0000000000000004 r12=0000000000000001 r13=0000000000000001
r14=0000000000000000 r15=ffffe20c0247e810
iopl=0         nv up ei pl nz na pe nc
cs=0010  ss=0018  ds=002b  es=002b  fs=0053  gs=002b             efl=00040202
klif+0x2d76d:
fffff804`0a40d76d 23c7            and     eax,edi
rax=0000000000000030 rbx=00000000000002ec rcx=ffffa98758fd9a60
rdx=00000000000002d4 rsi=0000000000000274 rdi=00000000fffffff8
rip=fffff8040a40d76f rsp=ffffe20c0247e600 rbp=ffffd08f71f0bb4c
 r8=ffffe20c0247e850  r9=0000000000000000 r10=fffff8040a302100
r11=0000000000000004 r12=0000000000000001 r13=0000000000000001
r14=0000000000000000 r15=ffffe20c0247e810
iopl=0         nv up ei pl nz na po nc
cs=0010  ss=0018  ds=002b  es=002b  fs=0053  gs=002b             efl=00040206
klif+0x2d76f:
fffff804`0a40d76f 03d8            add     ebx,eax
rax=0000000000000030 rbx=000000000000031c rcx=ffffa98758fd9a60
rdx=00000000000002d4 rsi=0000000000000274 rdi=00000000fffffff8
rip=fffff8040a40d771 rsp=ffffe20c0247e600 rbp=ffffd08f71f0bb4c
 r8=ffffe20c0247e850  r9=0000000000000000 r10=fffff8040a302100
r11=0000000000000004 r12=0000000000000001 r13=0000000000000001
r14=0000000000000000 r15=ffffe20c0247e810
iopl=0         nv up ei pl nz na pe nc
cs=0010  ss=0018  ds=002b  es=002b  fs=0053  gs=002b             efl=00040202
klif+0x2d771:
fffff804`0a40d771 498b4f38        mov     rcx,qword ptr [r15+38h] ds:002b:ffffe20c`0247e848=0000000000000000
rax=0000000000000030 rbx=000000000000031c rcx=0000000000000000
rdx=00000000000002d4 rsi=0000000000000274 rdi=00000000fffffff8
rip=fffff8040a40d775 rsp=ffffe20c0247e600 rbp=ffffd08f71f0bb4c
 r8=ffffe20c0247e850  r9=0000000000000000 r10=fffff8040a302100
r11=0000000000000004 r12=0000000000000001 r13=0000000000000001
r14=0000000000000000 r15=ffffe20c0247e810
iopl=0         nv up ei pl nz na pe nc
cs=0010  ss=0018  ds=002b  es=002b  fs=0053  gs=002b             efl=00040202
klif+0x2d775:
fffff804`0a40d775 4885c9          test    rcx,rcx
rax=0000000000000030 rbx=000000000000031c rcx=0000000000000000
rdx=00000000000002d4 rsi=0000000000000274 rdi=00000000fffffff8
rip=fffff8040a40d778 rsp=ffffe20c0247e600 rbp=ffffd08f71f0bb4c
 r8=ffffe20c0247e850  r9=0000000000000000 r10=fffff8040a302100
r11=0000000000000004 r12=0000000000000001 r13=0000000000000001
r14=0000000000000000 r15=ffffe20c0247e810
iopl=0         nv up ei pl zr na po nc
cs=0010  ss=0018  ds=002b  es=002b  fs=0053  gs=002b             efl=00040246
klif+0x2d778:
fffff804`0a40d778 7423            je      klif+0x2d79d (fffff804`0a40d79d) [br=1]
rax=0000000000000030 rbx=000000000000031c rcx=0000000000000000
rdx=00000000000002d4 rsi=0000000000000274 rdi=00000000fffffff8
rip=fffff8040a40d79d rsp=ffffe20c0247e600 rbp=ffffd08f71f0bb4c
 r8=ffffe20c0247e850  r9=0000000000000000 r10=fffff8040a302100
r11=0000000000000004 r12=0000000000000001 r13=0000000000000001
r14=0000000000000000 r15=ffffe20c0247e810
iopl=0         nv up ei pl zr na po nc
cs=0010  ss=0018  ds=002b  es=002b  fs=0053  gs=002b             efl=00040246
klif+0x2d79d:
fffff804`0a40d79d 418bc5          mov     eax,r13d
rax=0000000000000001 rbx=000000000000031c rcx=0000000000000000
rdx=00000000000002d4 rsi=0000000000000274 rdi=00000000fffffff8
rip=fffff8040a40d7a0 rsp=ffffe20c0247e600 rbp=ffffd08f71f0bb4c
 r8=ffffe20c0247e850  r9=0000000000000000 r10=fffff8040a302100
r11=0000000000000004 r12=0000000000000001 r13=0000000000000001
r14=0000000000000000 r15=ffffe20c0247e810
iopl=0         nv up ei pl zr na po nc
cs=0010  ss=0018  ds=002b  es=002b  fs=0053  gs=002b             efl=00040246
klif+0x2d7a0:
fffff804`0a40d7a0 418d7e03        lea     edi,[r14+3]
rax=0000000000000001 rbx=000000000000031c rcx=0000000000000000
rdx=00000000000002d4 rsi=0000000000000274 rdi=0000000000000003
rip=fffff8040a40d7a4 rsp=ffffe20c0247e600 rbp=ffffd08f71f0bb4c
 r8=ffffe20c0247e850  r9=0000000000000000 r10=fffff8040a302100
r11=0000000000000004 r12=0000000000000001 r13=0000000000000001
r14=0000000000000000 r15=ffffe20c0247e810
iopl=0         nv up ei pl zr na po nc
cs=0010  ss=0018  ds=002b  es=002b  fs=0053  gs=002b             efl=00040246
klif+0x2d7a4:
fffff804`0a40d7a4 c1e005          shl     eax,5
rax=0000000000000020 rbx=000000000000031c rcx=0000000000000000
rdx=00000000000002d4 rsi=0000000000000274 rdi=0000000000000003
rip=fffff8040a40d7a7 rsp=ffffe20c0247e600 rbp=ffffd08f71f0bb4c
 r8=ffffe20c0247e850  r9=0000000000000000 r10=fffff8040a302100
r11=0000000000000004 r12=0000000000000001 r13=0000000000000001
r14=0000000000000000 r15=ffffe20c0247e810
iopl=0         nv up ei pl nz na pe nc
cs=0010  ss=0018  ds=002b  es=002b  fs=0053  gs=002b             efl=00040202
klif+0x2d7a7:
fffff804`0a40d7a7 83c338          add     ebx,38h
rax=0000000000000020 rbx=0000000000000354 rcx=0000000000000000
rdx=00000000000002d4 rsi=0000000000000274 rdi=0000000000000003
rip=fffff8040a40d7aa rsp=ffffe20c0247e600 rbp=ffffd08f71f0bb4c
 r8=ffffe20c0247e850  r9=0000000000000000 r10=fffff8040a302100
r11=0000000000000004 r12=0000000000000001 r13=0000000000000001
r14=0000000000000000 r15=ffffe20c0247e810
iopl=0         nv up ei pl nz ac pe nc
cs=0010  ss=0018  ds=002b  es=002b  fs=0053  gs=002b             efl=00040212
klif+0x2d7aa:
fffff804`0a40d7aa 03f8            add     edi,eax
rax=0000000000000020 rbx=0000000000000354 rcx=0000000000000000
rdx=00000000000002d4 rsi=0000000000000274 rdi=0000000000000023
rip=fffff8040a40d7ac rsp=ffffe20c0247e600 rbp=ffffd08f71f0bb4c
 r8=ffffe20c0247e850  r9=0000000000000000 r10=fffff8040a302100
r11=0000000000000004 r12=0000000000000001 r13=0000000000000001
r14=0000000000000000 r15=ffffe20c0247e810
iopl=0         nv up ei pl nz na pe nc
cs=0010  ss=0018  ds=002b  es=002b  fs=0053  gs=002b             efl=00040202
klif+0x2d7ac:
fffff804`0a40d7ac b901000000      mov     ecx,1
rax=0000000000000020 rbx=0000000000000354 rcx=0000000000000001
rdx=00000000000002d4 rsi=0000000000000274 rdi=0000000000000023
rip=fffff8040a40d7b1 rsp=ffffe20c0247e600 rbp=ffffd08f71f0bb4c
 r8=ffffe20c0247e850  r9=0000000000000000 r10=fffff8040a302100
r11=0000000000000004 r12=0000000000000001 r13=0000000000000001
r14=0000000000000000 r15=ffffe20c0247e810
iopl=0         nv up ei pl nz na pe nc
cs=0010  ss=0018  ds=002b  es=002b  fs=0053  gs=002b             efl=00040202
klif+0x2d7b1:
fffff804`0a40d7b1 83e7fc          and     edi,0FFFFFFFCh
rax=0000000000000020 rbx=0000000000000354 rcx=0000000000000001
rdx=00000000000002d4 rsi=0000000000000274 rdi=0000000000000020
rip=fffff8040a40d7b4 rsp=ffffe20c0247e600 rbp=ffffd08f71f0bb4c
 r8=ffffe20c0247e850  r9=0000000000000000 r10=fffff8040a302100
r11=0000000000000004 r12=0000000000000001 r13=0000000000000001
r14=0000000000000000 r15=ffffe20c0247e810
iopl=0         nv up ei pl nz na pe nc
cs=0010  ss=0018  ds=002b  es=002b  fs=0053  gs=002b             efl=00040202
klif+0x2d7b4:
fffff804`0a40d7b4 41b84b4c6436    mov     r8d,36644C4Bh
rax=0000000000000020 rbx=0000000000000354 rcx=0000000000000001
rdx=00000000000002d4 rsi=0000000000000274 rdi=0000000000000020
rip=fffff8040a40d7ba rsp=ffffe20c0247e600 rbp=ffffd08f71f0bb4c
 r8=0000000036644c4b  r9=0000000000000000 r10=fffff8040a302100
r11=0000000000000004 r12=0000000000000001 r13=0000000000000001
r14=0000000000000000 r15=ffffe20c0247e810
iopl=0         nv up ei pl nz na pe nc
cs=0010  ss=0018  ds=002b  es=002b  fs=0053  gs=002b             efl=00040202
klif+0x2d7ba:
fffff804`0a40d7ba 03df            add     ebx,edi
rax=0000000000000020 rbx=0000000000000374 rcx=0000000000000001
rdx=00000000000002d4 rsi=0000000000000274 rdi=0000000000000020
rip=fffff8040a40d7bc rsp=ffffe20c0247e600 rbp=ffffd08f71f0bb4c
 r8=0000000036644c4b  r9=0000000000000000 r10=fffff8040a302100
r11=0000000000000004 r12=0000000000000001 r13=0000000000000001
r14=0000000000000000 r15=ffffe20c0247e810
iopl=0         nv up ei pl nz na po nc
cs=0010  ss=0018  ds=002b  es=002b  fs=0053  gs=002b             efl=00040206
klif+0x2d7bc:
fffff804`0a40d7bc 8bd3            mov     edx,ebx
rax=0000000000000020 rbx=0000000000000374 rcx=0000000000000001
rdx=0000000000000374 rsi=0000000000000274 rdi=0000000000000020
rip=fffff8040a40d7be rsp=ffffe20c0247e600 rbp=ffffd08f71f0bb4c
 r8=0000000036644c4b  r9=0000000000000000 r10=fffff8040a302100
r11=0000000000000004 r12=0000000000000001 r13=0000000000000001
r14=0000000000000000 r15=ffffe20c0247e810
iopl=0         nv up ei pl nz na po nc
cs=0010  ss=0018  ds=002b  es=002b  fs=0053  gs=002b             efl=00040206
klif+0x2d7be:
fffff804`0a40d7be 4c8b155b640600  mov     r10,qword ptr [klif+0x93c20 (fffff804`0a473c20)] ds:002b:fffff804`0a473c20={nt!ExAllocatePoolWithTag (fffff804`039b8010)}
rax=0000000000000020 rbx=0000000000000374 rcx=0000000000000001
rdx=0000000000000374 rsi=0000000000000274 rdi=0000000000000020
rip=fffff8040a40d7c5 rsp=ffffe20c0247e600 rbp=ffffd08f71f0bb4c
 r8=0000000036644c4b  r9=0000000000000000 r10=fffff804039b8010
r11=0000000000000004 r12=0000000000000001 r13=0000000000000001
r14=0000000000000000 r15=ffffe20c0247e810
iopl=0         nv up ei pl nz na po nc
cs=0010  ss=0018  ds=002b  es=002b  fs=0053  gs=002b             efl=00040206
klif+0x2d7c5:
fffff804`0a40d7c5 e846a85af9      call    nt!ExAllocatePoolWithTag (fffff804`039b8010)
rax=ffffd08f71ee6b30 rbx=0000000000000374 rcx=0000000000000028
rdx=0000000000000000 rsi=0000000000000274 rdi=0000000000000020
rip=fffff8040a40d7ca rsp=ffffe20c0247e600 rbp=ffffd08f71f0bb4c
 r8=0000000000000fff  r9=0000000000000873 r10=0000000036644c4b
r11=0000000000001001 r12=0000000000000001 r13=0000000000000001
r14=0000000000000000 r15=ffffe20c0247e810
iopl=0         nv up ei ng nz na pe nc
cs=0010  ss=0018  ds=002b  es=002b  fs=0053  gs=002b             efl=00040282
klif+0x2d7ca:
fffff804`0a40d7ca 4c8bf0          mov     r14,rax
rax=ffffd08f71ee6b30 rbx=0000000000000374 rcx=0000000000000028
rdx=0000000000000000 rsi=0000000000000274 rdi=0000000000000020
rip=fffff8040a40d7cd rsp=ffffe20c0247e600 rbp=ffffd08f71f0bb4c
 r8=0000000000000fff  r9=0000000000000873 r10=0000000036644c4b
r11=0000000000001001 r12=0000000000000001 r13=0000000000000001
r14=ffffd08f71ee6b30 r15=ffffe20c0247e810
iopl=0         nv up ei ng nz na pe nc
cs=0010  ss=0018  ds=002b  es=002b  fs=0053  gs=002b             efl=00040282
klif+0x2d7cd:
fffff804`0a40d7cd 4885c0          test    rax,rax
rax=ffffd08f71ee6b30 rbx=0000000000000374 rcx=0000000000000028
rdx=0000000000000000 rsi=0000000000000274 rdi=0000000000000020
rip=fffff8040a40d7d0 rsp=ffffe20c0247e600 rbp=ffffd08f71f0bb4c
 r8=0000000000000fff  r9=0000000000000873 r10=0000000036644c4b
r11=0000000000001001 r12=0000000000000001 r13=0000000000000001
r14=ffffd08f71ee6b30 r15=ffffe20c0247e810
iopl=0         nv up ei ng nz na po nc
cs=0010  ss=0018  ds=002b  es=002b  fs=0053  gs=002b             efl=00040286
klif+0x2d7d0:
fffff804`0a40d7d0 0f84ce030000    je      klif+0x2dba4 (fffff804`0a40dba4) [br=0]
rax=ffffd08f71ee6b30 rbx=0000000000000374 rcx=0000000000000028
rdx=0000000000000000 rsi=0000000000000274 rdi=0000000000000020
rip=fffff8040a40d7d6 rsp=ffffe20c0247e600 rbp=ffffd08f71f0bb4c
 r8=0000000000000fff  r9=0000000000000873 r10=0000000036644c4b
r11=0000000000001001 r12=0000000000000001 r13=0000000000000001
r14=ffffd08f71ee6b30 r15=ffffe20c0247e810
iopl=0         nv up ei ng nz na po nc
cs=0010  ss=0018  ds=002b  es=002b  fs=0053  gs=002b             efl=00040286
klif+0x2d7d6:
fffff804`0a40d7d6 832000          and     dword ptr [rax],0 ds:002b:ffffd08f`71ee6b30=000ceeac
rax=ffffd08f71ee6b30 rbx=0000000000000374 rcx=0000000000000028
rdx=0000000000000000 rsi=0000000000000274 rdi=0000000000000020
rip=fffff8040a40d7d9 rsp=ffffe20c0247e600 rbp=ffffd08f71f0bb4c
 r8=0000000000000fff  r9=0000000000000873 r10=0000000036644c4b
r11=0000000000001001 r12=0000000000000001 r13=0000000000000001
r14=ffffd08f71ee6b30 r15=ffffe20c0247e810
iopl=0         nv up ei pl zr na po nc
cs=0010  ss=0018  ds=002b  es=002b  fs=0053  gs=002b             efl=00040246
klif+0x2d7d9:
fffff804`0a40d7d9 498d7638        lea     rsi,[r14+38h]
rax=ffffd08f71ee6b30 rbx=0000000000000374 rcx=0000000000000028
rdx=0000000000000000 rsi=ffffd08f71ee6b68 rdi=0000000000000020
rip=fffff8040a40d7dd rsp=ffffe20c0247e600 rbp=ffffd08f71f0bb4c
 r8=0000000000000fff  r9=0000000000000873 r10=0000000036644c4b
r11=0000000000001001 r12=0000000000000001 r13=0000000000000001
r14=ffffd08f71ee6b30 r15=ffffe20c0247e810
iopl=0         nv up ei pl zr na po nc
cs=0010  ss=0018  ds=002b  es=002b  fs=0053  gs=002b             efl=00040246
klif+0x2d7dd:
fffff804`0a40d7dd 895804          mov     dword ptr [rax+4],ebx ds:002b:ffffd08f`71ee6b34=00000004
rax=ffffd08f71ee6b30 rbx=0000000000000374 rcx=0000000000000028
rdx=0000000000000000 rsi=ffffd08f71ee6b68 rdi=0000000000000020
rip=fffff8040a40d7e0 rsp=ffffe20c0247e600 rbp=ffffd08f71f0bb4c
 r8=0000000000000fff  r9=0000000000000873 r10=0000000036644c4b
r11=0000000000001001 r12=0000000000000001 r13=0000000000000001
r14=ffffd08f71ee6b30 r15=ffffe20c0247e810
iopl=0         nv up ei pl zr na po nc
cs=0010  ss=0018  ds=002b  es=002b  fs=0053  gs=002b             efl=00040246
klif+0x2d7e0:
fffff804`0a40d7e0 8b4500          mov     eax,dword ptr [rbp] ss:0018:ffffd08f`71f0bb4c=00000008
rax=0000000000000008 rbx=0000000000000374 rcx=0000000000000028
rdx=0000000000000000 rsi=ffffd08f71ee6b68 rdi=0000000000000020
rip=fffff8040a40d7e3 rsp=ffffe20c0247e600 rbp=ffffd08f71f0bb4c
 r8=0000000000000fff  r9=0000000000000873 r10=0000000036644c4b
r11=0000000000001001 r12=0000000000000001 r13=0000000000000001
r14=ffffd08f71ee6b30 r15=ffffe20c0247e810
iopl=0         nv up ei pl zr na po nc
cs=0010  ss=0018  ds=002b  es=002b  fs=0053  gs=002b             efl=00040246
klif+0x2d7e3:
fffff804`0a40d7e3 41894608        mov     dword ptr [r14+8],eax ds:002b:ffffd08f`71ee6b38=0000042e
rax=0000000000000008 rbx=0000000000000374 rcx=0000000000000028
rdx=0000000000000000 rsi=ffffd08f71ee6b68 rdi=0000000000000020
rip=fffff8040a40d7e7 rsp=ffffe20c0247e600 rbp=ffffd08f71f0bb4c
 r8=0000000000000fff  r9=0000000000000873 r10=0000000036644c4b
r11=0000000000001001 r12=0000000000000001 r13=0000000000000001
r14=ffffd08f71ee6b30 r15=ffffe20c0247e810
iopl=0         nv up ei pl zr na po nc
cs=0010  ss=0018  ds=002b  es=002b  fs=0053  gs=002b             efl=00040246
klif+0x2d7e7:
fffff804`0a40d7e7 8b4504          mov     eax,dword ptr [rbp+4] ss:0018:ffffd08f`71f0bb50=00000003
rax=0000000000000003 rbx=0000000000000374 rcx=0000000000000028
rdx=0000000000000000 rsi=ffffd08f71ee6b68 rdi=0000000000000020
rip=fffff8040a40d7ea rsp=ffffe20c0247e600 rbp=ffffd08f71f0bb4c
 r8=0000000000000fff  r9=0000000000000873 r10=0000000036644c4b
r11=0000000000001001 r12=0000000000000001 r13=0000000000000001
r14=ffffd08f71ee6b30 r15=ffffe20c0247e810
iopl=0         nv up ei pl zr na po nc
cs=0010  ss=0018  ds=002b  es=002b  fs=0053  gs=002b             efl=00040246
klif+0x2d7ea:
fffff804`0a40d7ea 4189460c        mov     dword ptr [r14+0Ch],eax ds:002b:ffffd08f`71ee6b3c=00000008
rax=0000000000000003 rbx=0000000000000374 rcx=0000000000000028
rdx=0000000000000000 rsi=ffffd08f71ee6b68 rdi=0000000000000020
rip=fffff8040a40d7ee rsp=ffffe20c0247e600 rbp=ffffd08f71f0bb4c
 r8=0000000000000fff  r9=0000000000000873 r10=0000000036644c4b
r11=0000000000001001 r12=0000000000000001 r13=0000000000000001
r14=ffffd08f71ee6b30 r15=ffffe20c0247e810
iopl=0         nv up ei pl zr na po nc
cs=0010  ss=0018  ds=002b  es=002b  fs=0053  gs=002b             efl=00040246
klif+0x2d7ee:
fffff804`0a40d7ee 8b4508          mov     eax,dword ptr [rbp+8] ss:0018:ffffd08f`71f0bb54=00000000
rax=0000000000000000 rbx=0000000000000374 rcx=0000000000000028
rdx=0000000000000000 rsi=ffffd08f71ee6b68 rdi=0000000000000020
rip=fffff8040a40d7f1 rsp=ffffe20c0247e600 rbp=ffffd08f71f0bb4c
 r8=0000000000000fff  r9=0000000000000873 r10=0000000036644c4b
r11=0000000000001001 r12=0000000000000001 r13=0000000000000001
r14=ffffd08f71ee6b30 r15=ffffe20c0247e810
iopl=0         nv up ei pl zr na po nc
cs=0010  ss=0018  ds=002b  es=002b  fs=0053  gs=002b             efl=00040246
klif+0x2d7f1:
fffff804`0a40d7f1 41894610        mov     dword ptr [r14+10h],eax ds:002b:ffffd08f`71ee6b40=00000057
rax=0000000000000000 rbx=0000000000000374 rcx=0000000000000028
rdx=0000000000000000 rsi=ffffd08f71ee6b68 rdi=0000000000000020
rip=fffff8040a40d7f5 rsp=ffffe20c0247e600 rbp=ffffd08f71f0bb4c
 r8=0000000000000fff  r9=0000000000000873 r10=0000000036644c4b
r11=0000000000001001 r12=0000000000000001 r13=0000000000000001
r14=ffffd08f71ee6b30 r15=ffffe20c0247e810
iopl=0         nv up ei pl zr na po nc
cs=0010  ss=0018  ds=002b  es=002b  fs=0053  gs=002b             efl=00040246
klif+0x2d7f5:
fffff804`0a40d7f5 8b450c          mov     eax,dword ptr [rbp+0Ch] ss:0018:ffffd08f`71f0bb58=00001508
rax=0000000000001508 rbx=0000000000000374 rcx=0000000000000028
rdx=0000000000000000 rsi=ffffd08f71ee6b68 rdi=0000000000000020
rip=fffff8040a40d7f8 rsp=ffffe20c0247e600 rbp=ffffd08f71f0bb4c
 r8=0000000000000fff  r9=0000000000000873 r10=0000000036644c4b
r11=0000000000001001 r12=0000000000000001 r13=0000000000000001
r14=ffffd08f71ee6b30 r15=ffffe20c0247e810
iopl=0         nv up ei pl zr na po nc
cs=0010  ss=0018  ds=002b  es=002b  fs=0053  gs=002b             efl=00040246
klif+0x2d7f8:
fffff804`0a40d7f8 49894614        mov     qword ptr [r14+14h],rax ds:002b:ffffd08f`71ee6b44=0000150800000000
rax=0000000000001508 rbx=0000000000000374 rcx=0000000000000028
rdx=0000000000000000 rsi=ffffd08f71ee6b68 rdi=0000000000000020
rip=fffff8040a40d7fc rsp=ffffe20c0247e600 rbp=ffffd08f71f0bb4c
 r8=0000000000000fff  r9=0000000000000873 r10=0000000036644c4b
r11=0000000000001001 r12=0000000000000001 r13=0000000000000001
r14=ffffd08f71ee6b30 r15=ffffe20c0247e810
iopl=0         nv up ei pl zr na po nc
cs=0010  ss=0018  ds=002b  es=002b  fs=0053  gs=002b             efl=00040246
klif+0x2d7fc:
fffff804`0a40d7fc 8b4530          mov     eax,dword ptr [rbp+30h] ss:0018:ffffd08f`71f0bb7c=00001ab4
rax=0000000000001ab4 rbx=0000000000000374 rcx=0000000000000028
rdx=0000000000000000 rsi=ffffd08f71ee6b68 rdi=0000000000000020
rip=fffff8040a40d7ff rsp=ffffe20c0247e600 rbp=ffffd08f71f0bb4c
 r8=0000000000000fff  r9=0000000000000873 r10=0000000036644c4b
r11=0000000000001001 r12=0000000000000001 r13=0000000000000001
r14=ffffd08f71ee6b30 r15=ffffe20c0247e810
iopl=0         nv up ei pl zr na po nc
cs=0010  ss=0018  ds=002b  es=002b  fs=0053  gs=002b             efl=00040246
klif+0x2d7ff:
fffff804`0a40d7ff 45896e28        mov     dword ptr [r14+28h],r13d ds:002b:ffffd08f`71ee6b58=00000000
rax=0000000000001ab4 rbx=0000000000000374 rcx=0000000000000028
rdx=0000000000000000 rsi=ffffd08f71ee6b68 rdi=0000000000000020
rip=fffff8040a40d803 rsp=ffffe20c0247e600 rbp=ffffd08f71f0bb4c
 r8=0000000000000fff  r9=0000000000000873 r10=0000000036644c4b
r11=0000000000001001 r12=0000000000000001 r13=0000000000000001
r14=ffffd08f71ee6b30 r15=ffffe20c0247e810
iopl=0         nv up ei pl zr na po nc
cs=0010  ss=0018  ds=002b  es=002b  fs=0053  gs=002b             efl=00040246
klif+0x2d803:
fffff804`0a40d803 4c8bac24b0000000 mov     r13,qword ptr [rsp+0B0h] ss:0018:ffffe20c`0247e6b0=ffffe20c0247e6e0
rax=0000000000001ab4 rbx=0000000000000374 rcx=0000000000000028
rdx=0000000000000000 rsi=ffffd08f71ee6b68 rdi=0000000000000020
rip=fffff8040a40d80b rsp=ffffe20c0247e600 rbp=ffffd08f71f0bb4c
 r8=0000000000000fff  r9=0000000000000873 r10=0000000036644c4b
r11=0000000000001001 r12=0000000000000001 r13=ffffe20c0247e6e0
r14=ffffd08f71ee6b30 r15=ffffe20c0247e810
iopl=0         nv up ei pl zr na po nc
cs=0010  ss=0018  ds=002b  es=002b  fs=0053  gs=002b             efl=00040246
klif+0x2d80b:
fffff804`0a40d80b 4989461c        mov     qword ptr [r14+1Ch],rax ds:002b:ffffd08f`71ee6b4c=0000000000000000
rax=0000000000001ab4 rbx=0000000000000374 rcx=0000000000000028
rdx=0000000000000000 rsi=ffffd08f71ee6b68 rdi=0000000000000020
rip=fffff8040a40d80f rsp=ffffe20c0247e600 rbp=ffffd08f71f0bb4c
 r8=0000000000000fff  r9=0000000000000873 r10=0000000036644c4b
r11=0000000000001001 r12=0000000000000001 r13=ffffe20c0247e6e0
r14=ffffd08f71ee6b30 r15=ffffe20c0247e810
iopl=0         nv up ei pl zr na po nc
cs=0010  ss=0018  ds=002b  es=002b  fs=0053  gs=002b             efl=00040246
klif+0x2d80f:
fffff804`0a40d80f 8d4738          lea     eax,[rdi+38h]
rax=0000000000000058 rbx=0000000000000374 rcx=0000000000000028
rdx=0000000000000000 rsi=ffffd08f71ee6b68 rdi=0000000000000020
rip=fffff8040a40d812 rsp=ffffe20c0247e600 rbp=ffffd08f71f0bb4c
 r8=0000000000000fff  r9=0000000000000873 r10=0000000036644c4b
r11=0000000000001001 r12=0000000000000001 r13=ffffe20c0247e6e0
r14=ffffd08f71ee6b30 r15=ffffe20c0247e810
iopl=0         nv up ei pl zr na po nc
cs=0010  ss=0018  ds=002b  es=002b  fs=0053  gs=002b             efl=00040246
klif+0x2d812:
fffff804`0a40d812 41c7462438000000 mov     dword ptr [r14+24h],38h ds:002b:ffffd08f`71ee6b54=00000000
rax=0000000000000058 rbx=0000000000000374 rcx=0000000000000028
rdx=0000000000000000 rsi=ffffd08f71ee6b68 rdi=0000000000000020
rip=fffff8040a40d81a rsp=ffffe20c0247e600 rbp=ffffd08f71f0bb4c
 r8=0000000000000fff  r9=0000000000000873 r10=0000000036644c4b
r11=0000000000001001 r12=0000000000000001 r13=ffffe20c0247e6e0
r14=ffffd08f71ee6b30 r15=ffffe20c0247e810
iopl=0         nv up ei pl zr na po nc
cs=0010  ss=0018  ds=002b  es=002b  fs=0053  gs=002b             efl=00040246
klif+0x2d81a:
fffff804`0a40d81a 4189462c        mov     dword ptr [r14+2Ch],eax ds:002b:ffffd08f`71ee6b5c=00000000
rax=0000000000000058 rbx=0000000000000374 rcx=0000000000000028
rdx=0000000000000000 rsi=ffffd08f71ee6b68 rdi=0000000000000020
rip=fffff8040a40d81e rsp=ffffe20c0247e600 rbp=ffffd08f71f0bb4c
 r8=0000000000000fff  r9=0000000000000873 r10=0000000036644c4b
r11=0000000000001001 r12=0000000000000001 r13=ffffe20c0247e6e0
r14=ffffd08f71ee6b30 r15=ffffe20c0247e810
iopl=0         nv up ei pl zr na po nc
cs=0010  ss=0018  ds=002b  es=002b  fs=0053  gs=002b             efl=00040246
klif+0x2d81e:
fffff804`0a40d81e 498b7d00        mov     rdi,qword ptr [r13] ds:002b:ffffe20c`0247e6e0=ffffa9875849c720
rax=0000000000000058 rbx=0000000000000374 rcx=0000000000000028
rdx=0000000000000000 rsi=ffffd08f71ee6b68 rdi=ffffa9875849c720
rip=fffff8040a40d822 rsp=ffffe20c0247e600 rbp=ffffd08f71f0bb4c
 r8=0000000000000fff  r9=0000000000000873 r10=0000000036644c4b
r11=0000000000001001 r12=0000000000000001 r13=ffffe20c0247e6e0
r14=ffffd08f71ee6b30 r15=ffffe20c0247e810
iopl=0         nv up ei pl zr na po nc
cs=0010  ss=0018  ds=002b  es=002b  fs=0053  gs=002b             efl=00040246
klif+0x2d822:
fffff804`0a40d822 493bfd          cmp     rdi,r13
rax=0000000000000058 rbx=0000000000000374 rcx=0000000000000028
rdx=0000000000000000 rsi=ffffd08f71ee6b68 rdi=ffffa9875849c720
rip=fffff8040a40d825 rsp=ffffe20c0247e600 rbp=ffffd08f71f0bb4c
 r8=0000000000000fff  r9=0000000000000873 r10=0000000036644c4b
r11=0000000000001001 r12=0000000000000001 r13=ffffe20c0247e6e0
r14=ffffd08f71ee6b30 r15=ffffe20c0247e810
iopl=0         nv up ei ng nz na pe cy
cs=0010  ss=0018  ds=002b  es=002b  fs=0053  gs=002b             efl=00040283
klif+0x2d825:
fffff804`0a40d825 0f845c010000    je      klif+0x2d987 (fffff804`0a40d987) [br=0]
rax=0000000000000058 rbx=0000000000000374 rcx=0000000000000028
rdx=0000000000000000 rsi=ffffd08f71ee6b68 rdi=ffffa9875849c720
rip=fffff8040a40d82b rsp=ffffe20c0247e600 rbp=ffffd08f71f0bb4c
 r8=0000000000000fff  r9=0000000000000873 r10=0000000036644c4b
r11=0000000000001001 r12=0000000000000001 r13=ffffe20c0247e6e0
r14=ffffd08f71ee6b30 r15=ffffe20c0247e810
iopl=0         nv up ei ng nz na pe cy
cs=0010  ss=0018  ds=002b  es=002b  fs=0053  gs=002b             efl=00040283
klif+0x2d82b:
fffff804`0a40d82b 8bac24b8000000  mov     ebp,dword ptr [rsp+0B8h] ss:0018:ffffe20c`0247e6b8=00000000
rax=0000000000000058 rbx=0000000000000374 rcx=0000000000000028
rdx=0000000000000000 rsi=ffffd08f71ee6b68 rdi=ffffa9875849c720
rip=fffff8040a40d832 rsp=ffffe20c0247e600 rbp=0000000000000000
 r8=0000000000000fff  r9=0000000000000873 r10=0000000036644c4b
r11=0000000000001001 r12=0000000000000001 r13=ffffe20c0247e6e0
r14=ffffd08f71ee6b30 r15=ffffe20c0247e810
iopl=0         nv up ei ng nz na pe cy
cs=0010  ss=0018  ds=002b  es=002b  fs=0053  gs=002b             efl=00040283
klif+0x2d832:
fffff804`0a40d832 448bfd          mov     r15d,ebp
rax=0000000000000058 rbx=0000000000000374 rcx=0000000000000028
rdx=0000000000000000 rsi=ffffd08f71ee6b68 rdi=ffffa9875849c720
rip=fffff8040a40d835 rsp=ffffe20c0247e600 rbp=0000000000000000
 r8=0000000000000fff  r9=0000000000000873 r10=0000000036644c4b
r11=0000000000001001 r12=0000000000000001 r13=ffffe20c0247e6e0
r14=ffffd08f71ee6b30 r15=0000000000000000
iopl=0         nv up ei ng nz na pe cy
cs=0010  ss=0018  ds=002b  es=002b  fs=0053  gs=002b             efl=00040283
klif+0x2d835:
fffff804`0a40d835 410fbaef0c      bts     r15d,0Ch
rax=0000000000000058 rbx=0000000000000374 rcx=0000000000000028
rdx=0000000000000000 rsi=ffffd08f71ee6b68 rdi=ffffa9875849c720
rip=fffff8040a40d83a rsp=ffffe20c0247e600 rbp=0000000000000000
 r8=0000000000000fff  r9=0000000000000873 r10=0000000036644c4b
r11=0000000000001001 r12=0000000000000001 r13=ffffe20c0247e6e0
r14=ffffd08f71ee6b30 r15=0000000000001000
iopl=0         nv up ei ng nz na pe nc
cs=0010  ss=0018  ds=002b  es=002b  fs=0053  gs=002b             efl=00040282
klif+0x2d83a:
fffff804`0a40d83a 8b4724          mov     eax,dword ptr [rdi+24h] ds:002b:ffffa987`5849c744=000003ea
rax=00000000000003ea rbx=0000000000000374 rcx=0000000000000028
rdx=0000000000000000 rsi=ffffd08f71ee6b68 rdi=ffffa9875849c720
rip=fffff8040a40d83d rsp=ffffe20c0247e600 rbp=0000000000000000
 r8=0000000000000fff  r9=0000000000000873 r10=0000000036644c4b
r11=0000000000001001 r12=0000000000000001 r13=ffffe20c0247e6e0
r14=ffffd08f71ee6b30 r15=0000000000001000
iopl=0         nv up ei ng nz na pe nc
cs=0010  ss=0018  ds=002b  es=002b  fs=0053  gs=002b             efl=00040282
klif+0x2d83d:
fffff804`0a40d83d 894604          mov     dword ptr [rsi+4],eax ds:002b:ffffd08f`71ee6b6c=00001ab4
rax=00000000000003ea rbx=0000000000000374 rcx=0000000000000028
rdx=0000000000000000 rsi=ffffd08f71ee6b68 rdi=ffffa9875849c720
rip=fffff8040a40d840 rsp=ffffe20c0247e600 rbp=0000000000000000
 r8=0000000000000fff  r9=0000000000000873 r10=0000000036644c4b
r11=0000000000001001 r12=0000000000000001 r13=ffffe20c0247e6e0
r14=ffffd08f71ee6b30 r15=0000000000001000
iopl=0         nv up ei ng nz na pe nc
cs=0010  ss=0018  ds=002b  es=002b  fs=0053  gs=002b             efl=00040282
klif+0x2d840:
fffff804`0a40d840 8b4728          mov     eax,dword ptr [rdi+28h] ds:002b:ffffa987`5849c748=00000020
rax=0000000000000020 rbx=0000000000000374 rcx=0000000000000028
rdx=0000000000000000 rsi=ffffd08f71ee6b68 rdi=ffffa9875849c720
rip=fffff8040a40d843 rsp=ffffe20c0247e600 rbp=0000000000000000
 r8=0000000000000fff  r9=0000000000000873 r10=0000000036644c4b
r11=0000000000001001 r12=0000000000000001 r13=ffffe20c0247e6e0
r14=ffffd08f71ee6b30 r15=0000000000001000
iopl=0         nv up ei ng nz na pe nc
cs=0010  ss=0018  ds=002b  es=002b  fs=0053  gs=002b             efl=00040282
klif+0x2d843:
fffff804`0a40d843 894608          mov     dword ptr [rsi+8],eax ds:002b:ffffd08f`71ee6b70=00000000
rax=0000000000000020 rbx=0000000000000374 rcx=0000000000000028
rdx=0000000000000000 rsi=ffffd08f71ee6b68 rdi=ffffa9875849c720
rip=fffff8040a40d846 rsp=ffffe20c0247e600 rbp=0000000000000000
 r8=0000000000000fff  r9=0000000000000873 r10=0000000036644c4b
r11=0000000000001001 r12=0000000000000001 r13=ffffe20c0247e6e0
r14=ffffd08f71ee6b30 r15=0000000000001000
iopl=0         nv up ei ng nz na pe nc
cs=0010  ss=0018  ds=002b  es=002b  fs=0053  gs=002b             efl=00040282
klif+0x2d846:
fffff804`0a40d846 b8d34d6210      mov     eax,10624DD3h
rax=0000000010624dd3 rbx=0000000000000374 rcx=0000000000000028
rdx=0000000000000000 rsi=ffffd08f71ee6b68 rdi=ffffa9875849c720
rip=fffff8040a40d84b rsp=ffffe20c0247e600 rbp=0000000000000000
 r8=0000000000000fff  r9=0000000000000873 r10=0000000036644c4b
r11=0000000000001001 r12=0000000000000001 r13=ffffe20c0247e6e0
r14=ffffd08f71ee6b30 r15=0000000000001000
iopl=0         nv up ei ng nz na pe nc
cs=0010  ss=0018  ds=002b  es=002b  fs=0053  gs=002b             efl=00040282
klif+0x2d84b:
fffff804`0a40d84b f7673c          mul     eax,dword ptr [rdi+3Ch] ds:002b:ffffa987`5849c75c=00000000
rax=0000000000000000 rbx=0000000000000374 rcx=0000000000000028
rdx=0000000000000000 rsi=ffffd08f71ee6b68 rdi=ffffa9875849c720
rip=fffff8040a40d84e rsp=ffffe20c0247e600 rbp=0000000000000000
 r8=0000000000000fff  r9=0000000000000873 r10=0000000036644c4b
r11=0000000000001001 r12=0000000000000001 r13=ffffe20c0247e6e0
r14=ffffd08f71ee6b30 r15=0000000000001000
iopl=0         nv up ei pl nz na po nc
cs=0010  ss=0018  ds=002b  es=002b  fs=0053  gs=002b             efl=00040206
klif+0x2d84e:
fffff804`0a40d84e 418bc7          mov     eax,r15d
rax=0000000000001000 rbx=0000000000000374 rcx=0000000000000028
rdx=0000000000000000 rsi=ffffd08f71ee6b68 rdi=ffffa9875849c720
rip=fffff8040a40d851 rsp=ffffe20c0247e600 rbp=0000000000000000
 r8=0000000000000fff  r9=0000000000000873 r10=0000000036644c4b
r11=0000000000001001 r12=0000000000000001 r13=ffffe20c0247e6e0
r14=ffffd08f71ee6b30 r15=0000000000001000
iopl=0         nv up ei pl nz na po nc
cs=0010  ss=0018  ds=002b  es=002b  fs=0053  gs=002b             efl=00040206
klif+0x2d851:
fffff804`0a40d851 c1ea06          shr     edx,6
rax=0000000000001000 rbx=0000000000000374 rcx=0000000000000028
rdx=0000000000000000 rsi=ffffd08f71ee6b68 rdi=ffffa9875849c720
rip=fffff8040a40d854 rsp=ffffe20c0247e600 rbp=0000000000000000
 r8=0000000000000fff  r9=0000000000000873 r10=0000000036644c4b
r11=0000000000001001 r12=0000000000000001 r13=ffffe20c0247e6e0
r14=ffffd08f71ee6b30 r15=0000000000001000
iopl=0         nv up ei pl zr na po nc
cs=0010  ss=0018  ds=002b  es=002b  fs=0053  gs=002b             efl=00040246
klif+0x2d854:
fffff804`0a40d854 895610          mov     dword ptr [rsi+10h],edx ds:002b:ffffd08f`71ee6b78=0000001c
rax=0000000000001000 rbx=0000000000000374 rcx=0000000000000028
rdx=0000000000000000 rsi=ffffd08f71ee6b68 rdi=ffffa9875849c720
rip=fffff8040a40d857 rsp=ffffe20c0247e600 rbp=0000000000000000
 r8=0000000000000fff  r9=0000000000000873 r10=0000000036644c4b
r11=0000000000001001 r12=0000000000000001 r13=ffffe20c0247e6e0
r14=ffffd08f71ee6b30 r15=0000000000001000
iopl=0         nv up ei pl zr na po nc
cs=0010  ss=0018  ds=002b  es=002b  fs=0053  gs=002b             efl=00040246
klif+0x2d857:
fffff804`0a40d857 8b4f20          mov     ecx,dword ptr [rdi+20h] ds:002b:ffffa987`5849c740=00176105
rax=0000000000001000 rbx=0000000000000374 rcx=0000000000176105
rdx=0000000000000000 rsi=ffffd08f71ee6b68 rdi=ffffa9875849c720
rip=fffff8040a40d85a rsp=ffffe20c0247e600 rbp=0000000000000000
 r8=0000000000000fff  r9=0000000000000873 r10=0000000036644c4b
r11=0000000000001001 r12=0000000000000001 r13=ffffe20c0247e6e0
r14=ffffd08f71ee6b30 r15=0000000000001000
iopl=0         nv up ei pl zr na po nc
cs=0010  ss=0018  ds=002b  es=002b  fs=0053  gs=002b             efl=00040246
klif+0x2d85a:
fffff804`0a40d85a 0fbae10b        bt      ecx,0Bh
rax=0000000000001000 rbx=0000000000000374 rcx=0000000000176105
rdx=0000000000000000 rsi=ffffd08f71ee6b68 rdi=ffffa9875849c720
rip=fffff8040a40d85e rsp=ffffe20c0247e600 rbp=0000000000000000
 r8=0000000000000fff  r9=0000000000000873 r10=0000000036644c4b
r11=0000000000001001 r12=0000000000000001 r13=ffffe20c0247e6e0
r14=ffffd08f71ee6b30 r15=0000000000001000
iopl=0         nv up ei pl zr na po nc
cs=0010  ss=0018  ds=002b  es=002b  fs=0053  gs=002b             efl=00040246
klif+0x2d85e:
fffff804`0a40d85e 0f43c5          cmovae  eax,ebp
rax=0000000000000000 rbx=0000000000000374 rcx=0000000000176105
rdx=0000000000000000 rsi=ffffd08f71ee6b68 rdi=ffffa9875849c720
rip=fffff8040a40d861 rsp=ffffe20c0247e600 rbp=0000000000000000
 r8=0000000000000fff  r9=0000000000000873 r10=0000000036644c4b
r11=0000000000001001 r12=0000000000000001 r13=ffffe20c0247e6e0
r14=ffffd08f71ee6b30 r15=0000000000001000
iopl=0         nv up ei pl zr na po nc
cs=0010  ss=0018  ds=002b  es=002b  fs=0053  gs=002b             efl=00040246
klif+0x2d861:
fffff804`0a40d861 8bd0            mov     edx,eax
rax=0000000000000000 rbx=0000000000000374 rcx=0000000000176105
rdx=0000000000000000 rsi=ffffd08f71ee6b68 rdi=ffffa9875849c720
rip=fffff8040a40d863 rsp=ffffe20c0247e600 rbp=0000000000000000
 r8=0000000000000fff  r9=0000000000000873 r10=0000000036644c4b
r11=0000000000001001 r12=0000000000000001 r13=ffffe20c0247e6e0
r14=ffffd08f71ee6b30 r15=0000000000001000
iopl=0         nv up ei pl zr na po nc
cs=0010  ss=0018  ds=002b  es=002b  fs=0053  gs=002b             efl=00040246
klif+0x2d863:
fffff804`0a40d863 83ca08          or      edx,8
rax=0000000000000000 rbx=0000000000000374 rcx=0000000000176105
rdx=0000000000000008 rsi=ffffd08f71ee6b68 rdi=ffffa9875849c720
rip=fffff8040a40d866 rsp=ffffe20c0247e600 rbp=0000000000000000
 r8=0000000000000fff  r9=0000000000000873 r10=0000000036644c4b
r11=0000000000001001 r12=0000000000000001 r13=ffffe20c0247e6e0
r14=ffffd08f71ee6b30 r15=0000000000001000
iopl=0         nv up ei pl nz na pe nc
cs=0010  ss=0018  ds=002b  es=002b  fs=0053  gs=002b             efl=00040202
klif+0x2d866:
fffff804`0a40d866 81e100100000    and     ecx,1000h
rax=0000000000000000 rbx=0000000000000374 rcx=0000000000000000
rdx=0000000000000008 rsi=ffffd08f71ee6b68 rdi=ffffa9875849c720
rip=fffff8040a40d86c rsp=ffffe20c0247e600 rbp=0000000000000000
 r8=0000000000000fff  r9=0000000000000873 r10=0000000036644c4b
r11=0000000000001001 r12=0000000000000001 r13=ffffe20c0247e6e0
r14=ffffd08f71ee6b30 r15=0000000000001000
iopl=0         nv up ei pl zr na po nc
cs=0010  ss=0018  ds=002b  es=002b  fs=0053  gs=002b             efl=00040246
klif+0x2d86c:
fffff804`0a40d86c 0f44d0          cmove   edx,eax
rax=0000000000000000 rbx=0000000000000374 rcx=0000000000000000
rdx=0000000000000000 rsi=ffffd08f71ee6b68 rdi=ffffa9875849c720
rip=fffff8040a40d86f rsp=ffffe20c0247e600 rbp=0000000000000000
 r8=0000000000000fff  r9=0000000000000873 r10=0000000036644c4b
r11=0000000000001001 r12=0000000000000001 r13=ffffe20c0247e6e0
r14=ffffd08f71ee6b30 r15=0000000000001000
iopl=0         nv up ei pl zr na po nc
cs=0010  ss=0018  ds=002b  es=002b  fs=0053  gs=002b             efl=00040246
klif+0x2d86f:
fffff804`0a40d86f 8b4710          mov     eax,dword ptr [rdi+10h] ds:002b:ffffa987`5849c730=00000002
rax=0000000000000002 rbx=0000000000000374 rcx=0000000000000000
rdx=0000000000000000 rsi=ffffd08f71ee6b68 rdi=ffffa9875849c720
rip=fffff8040a40d872 rsp=ffffe20c0247e600 rbp=0000000000000000
 r8=0000000000000fff  r9=0000000000000873 r10=0000000036644c4b
r11=0000000000001001 r12=0000000000000001 r13=ffffe20c0247e6e0
r14=ffffd08f71ee6b30 r15=0000000000001000
iopl=0         nv up ei pl zr na po nc
cs=0010  ss=0018  ds=002b  es=002b  fs=0053  gs=002b             efl=00040246
klif+0x2d872:
fffff804`0a40d872 8bda            mov     ebx,edx
rax=0000000000000002 rbx=0000000000000000 rcx=0000000000000000
rdx=0000000000000000 rsi=ffffd08f71ee6b68 rdi=ffffa9875849c720
rip=fffff8040a40d874 rsp=ffffe20c0247e600 rbp=0000000000000000
 r8=0000000000000fff  r9=0000000000000873 r10=0000000036644c4b
r11=0000000000001001 r12=0000000000000001 r13=ffffe20c0247e6e0
r14=ffffd08f71ee6b30 r15=0000000000001000
iopl=0         nv up ei pl zr na po nc
cs=0010  ss=0018  ds=002b  es=002b  fs=0053  gs=002b             efl=00040246
klif+0x2d874:
fffff804`0a40d874 0fbaeb13        bts     ebx,13h
rax=0000000000000002 rbx=0000000000080000 rcx=0000000000000000
rdx=0000000000000000 rsi=ffffd08f71ee6b68 rdi=ffffa9875849c720
rip=fffff8040a40d878 rsp=ffffe20c0247e600 rbp=0000000000000000
 r8=0000000000000fff  r9=0000000000000873 r10=0000000036644c4b
r11=0000000000001001 r12=0000000000000001 r13=ffffe20c0247e6e0
r14=ffffd08f71ee6b30 r15=0000000000001000
iopl=0         nv up ei pl zr na po nc
cs=0010  ss=0018  ds=002b  es=002b  fs=0053  gs=002b             efl=00040246
klif+0x2d878:
fffff804`0a40d878 2401            and     al,1
rax=0000000000000000 rbx=0000000000080000 rcx=0000000000000000
rdx=0000000000000000 rsi=ffffd08f71ee6b68 rdi=ffffa9875849c720
rip=fffff8040a40d87a rsp=ffffe20c0247e600 rbp=0000000000000000
 r8=0000000000000fff  r9=0000000000000873 r10=0000000036644c4b
r11=0000000000001001 r12=0000000000000001 r13=ffffe20c0247e6e0
r14=ffffd08f71ee6b30 r15=0000000000001000
iopl=0         nv up ei pl zr na po nc
cs=0010  ss=0018  ds=002b  es=002b  fs=0053  gs=002b             efl=00040246
klif+0x2d87a:
fffff804`0a40d87a 0f44da          cmove   ebx,edx
rax=0000000000000000 rbx=0000000000000000 rcx=0000000000000000
rdx=0000000000000000 rsi=ffffd08f71ee6b68 rdi=ffffa9875849c720
rip=fffff8040a40d87d rsp=ffffe20c0247e600 rbp=0000000000000000
 r8=0000000000000fff  r9=0000000000000873 r10=0000000036644c4b
r11=0000000000001001 r12=0000000000000001 r13=ffffe20c0247e6e0
r14=ffffd08f71ee6b30 r15=0000000000001000
iopl=0         nv up ei pl zr na po nc
cs=0010  ss=0018  ds=002b  es=002b  fs=0053  gs=002b             efl=00040246
klif+0x2d87d:
fffff804`0a40d87d 33c9            xor     ecx,ecx
rax=0000000000000000 rbx=0000000000000000 rcx=0000000000000000
rdx=0000000000000000 rsi=ffffd08f71ee6b68 rdi=ffffa9875849c720
rip=fffff8040a40d87f rsp=ffffe20c0247e600 rbp=0000000000000000
 r8=0000000000000fff  r9=0000000000000873 r10=0000000036644c4b
r11=0000000000001001 r12=0000000000000001 r13=ffffe20c0247e6e0
r14=ffffd08f71ee6b30 r15=0000000000001000
iopl=0         nv up ei pl zr na po nc
cs=0010  ss=0018  ds=002b  es=002b  fs=0053  gs=002b             efl=00040246
klif+0x2d87f:
fffff804`0a40d87f e85c4a0500      call    klif+0x822e0 (fffff804`0a4622e0)
rax=0000000000000000 rbx=0000000000000000 rcx=ffffa9875a5e9300
rdx=0000000000000000 rsi=ffffd08f71ee6b68 rdi=ffffa9875849c720
rip=fffff8040a40d884 rsp=ffffe20c0247e600 rbp=0000000000000000
 r8=0000000000000fff  r9=0000000000000873 r10=fffff804032a5cd0
r11=0000000000001001 r12=0000000000000001 r13=ffffe20c0247e6e0
r14=ffffd08f71ee6b30 r15=0000000000001000
iopl=0         nv up ei ng nz na pe nc
cs=0010  ss=0018  ds=002b  es=002b  fs=0053  gs=002b             efl=00040282
klif+0x2d884:
fffff804`0a40d884 84c0            test    al,al
rax=0000000000000000 rbx=0000000000000000 rcx=ffffa9875a5e9300
rdx=0000000000000000 rsi=ffffd08f71ee6b68 rdi=ffffa9875849c720
rip=fffff8040a40d886 rsp=ffffe20c0247e600 rbp=0000000000000000
 r8=0000000000000fff  r9=0000000000000873 r10=fffff804032a5cd0
r11=0000000000001001 r12=0000000000000001 r13=ffffe20c0247e6e0
r14=ffffd08f71ee6b30 r15=0000000000001000
iopl=0         nv up ei pl zr na po nc
cs=0010  ss=0018  ds=002b  es=002b  fs=0053  gs=002b             efl=00040246
klif+0x2d886:
fffff804`0a40d886 7504            jne     klif+0x2d88c (fffff804`0a40d88c) [br=0]
rax=0000000000000000 rbx=0000000000000000 rcx=ffffa9875a5e9300
rdx=0000000000000000 rsi=ffffd08f71ee6b68 rdi=ffffa9875849c720
rip=fffff8040a40d888 rsp=ffffe20c0247e600 rbp=0000000000000000
 r8=0000000000000fff  r9=0000000000000873 r10=fffff804032a5cd0
r11=0000000000001001 r12=0000000000000001 r13=ffffe20c0247e6e0
r14=ffffd08f71ee6b30 r15=0000000000001000
iopl=0         nv up ei pl zr na po nc
cs=0010  ss=0018  ds=002b  es=002b  fs=0053  gs=002b             efl=00040246
klif+0x2d888:
fffff804`0a40d888 0fbaeb0a        bts     ebx,0Ah
rax=0000000000000000 rbx=0000000000000400 rcx=ffffa9875a5e9300
rdx=0000000000000000 rsi=ffffd08f71ee6b68 rdi=ffffa9875849c720
rip=fffff8040a40d88c rsp=ffffe20c0247e600 rbp=0000000000000000
 r8=0000000000000fff  r9=0000000000000873 r10=fffff804032a5cd0
r11=0000000000001001 r12=0000000000000001 r13=ffffe20c0247e6e0
r14=ffffd08f71ee6b30 r15=0000000000001000
iopl=0         nv up ei pl zr na po nc
cs=0010  ss=0018  ds=002b  es=002b  fs=0053  gs=002b             efl=00040246
klif+0x2d88c:
fffff804`0a40d88c 488b4f18        mov     rcx,qword ptr [rdi+18h] ds:002b:ffffa987`5849c738=ffffa9875845b800
rax=0000000000000000 rbx=0000000000000400 rcx=ffffa9875845b800
rdx=0000000000000000 rsi=ffffd08f71ee6b68 rdi=ffffa9875849c720
rip=fffff8040a40d890 rsp=ffffe20c0247e600 rbp=0000000000000000
 r8=0000000000000fff  r9=0000000000000873 r10=fffff804032a5cd0
r11=0000000000001001 r12=0000000000000001 r13=ffffe20c0247e6e0
r14=ffffd08f71ee6b30 r15=0000000000001000
iopl=0         nv up ei pl zr na po nc
cs=0010  ss=0018  ds=002b  es=002b  fs=0053  gs=002b             efl=00040246
klif+0x2d890:
fffff804`0a40d890 4885c9          test    rcx,rcx
rax=0000000000000000 rbx=0000000000000400 rcx=ffffa9875845b800
rdx=0000000000000000 rsi=ffffd08f71ee6b68 rdi=ffffa9875849c720
rip=fffff8040a40d893 rsp=ffffe20c0247e600 rbp=0000000000000000
 r8=0000000000000fff  r9=0000000000000873 r10=fffff804032a5cd0
r11=0000000000001001 r12=0000000000000001 r13=ffffe20c0247e6e0
r14=ffffd08f71ee6b30 r15=0000000000001000
iopl=0         nv up ei ng nz na po nc
cs=0010  ss=0018  ds=002b  es=002b  fs=0053  gs=002b             efl=00040286
klif+0x2d893:
fffff804`0a40d893 7435            je      klif+0x2d8ca (fffff804`0a40d8ca) [br=0]
rax=0000000000000000 rbx=0000000000000400 rcx=ffffa9875845b800
rdx=0000000000000000 rsi=ffffd08f71ee6b68 rdi=ffffa9875849c720
rip=fffff8040a40d895 rsp=ffffe20c0247e600 rbp=0000000000000000
 r8=0000000000000fff  r9=0000000000000873 r10=fffff804032a5cd0
r11=0000000000001001 r12=0000000000000001 r13=ffffe20c0247e6e0
r14=ffffd08f71ee6b30 r15=0000000000001000
iopl=0         nv up ei ng nz na po nc
cs=0010  ss=0018  ds=002b  es=002b  fs=0053  gs=002b             efl=00040286
klif+0x2d895:
fffff804`0a40d895 488b0524a60700  mov     rax,qword ptr [klif+0xa7ec0 (fffff804`0a487ec0)] ds:002b:fffff804`0a487ec0=fffff8040a302a10
rax=fffff8040a302a10 rbx=0000000000000400 rcx=ffffa9875845b800
rdx=0000000000000000 rsi=ffffd08f71ee6b68 rdi=ffffa9875849c720
rip=fffff8040a40d89c rsp=ffffe20c0247e600 rbp=0000000000000000
 r8=0000000000000fff  r9=0000000000000873 r10=fffff804032a5cd0
r11=0000000000001001 r12=0000000000000001 r13=ffffe20c0247e6e0
r14=ffffd08f71ee6b30 r15=0000000000001000
iopl=0         nv up ei ng nz na po nc
cs=0010  ss=0018  ds=002b  es=002b  fs=0053  gs=002b             efl=00040286
klif+0x2d89c:
fffff804`0a40d89c 488b10          mov     rdx,qword ptr [rax] ds:002b:fffff804`0a302a10=fffff8040a302100
rax=fffff8040a302a10 rbx=0000000000000400 rcx=ffffa9875845b800
rdx=fffff8040a302100 rsi=ffffd08f71ee6b68 rdi=ffffa9875849c720
rip=fffff8040a40d89f rsp=ffffe20c0247e600 rbp=0000000000000000
 r8=0000000000000fff  r9=0000000000000873 r10=fffff804032a5cd0
r11=0000000000001001 r12=0000000000000001 r13=ffffe20c0247e6e0
r14=ffffd08f71ee6b30 r15=0000000000001000
iopl=0         nv up ei ng nz na po nc
cs=0010  ss=0018  ds=002b  es=002b  fs=0053  gs=002b             efl=00040286
klif+0x2d89f:
fffff804`0a40d89f 488b82a8040000  mov     rax,qword ptr [rdx+4A8h] ds:002b:fffff804`0a3025a8=fffff8040a2be590
rax=fffff8040a2be590 rbx=0000000000000400 rcx=ffffa9875845b800
rdx=fffff8040a302100 rsi=ffffd08f71ee6b68 rdi=ffffa9875849c720
rip=fffff8040a40d8a6 rsp=ffffe20c0247e600 rbp=0000000000000000
 r8=0000000000000fff  r9=0000000000000873 r10=fffff804032a5cd0
r11=0000000000001001 r12=0000000000000001 r13=ffffe20c0247e6e0
r14=ffffd08f71ee6b30 r15=0000000000001000
iopl=0         nv up ei ng nz na po nc
cs=0010  ss=0018  ds=002b  es=002b  fs=0053  gs=002b             efl=00040286
klif+0x2d8a6:
fffff804`0a40d8a6 ff15cc630600    call    qword ptr [klif+0x93c78 (fffff804`0a473c78)] ds:002b:fffff804`0a473c78=fffff8040a46d420
rax=0000000000000000 rbx=0000000000000400 rcx=ffffa9875845b800
rdx=fffff8040a302100 rsi=ffffd08f71ee6b68 rdi=ffffa9875849c720
rip=fffff8040a40d8ac rsp=ffffe20c0247e600 rbp=0000000000000000
 r8=0000000000000fff  r9=0000000000000873 r10=fffff804032a5cd0
r11=0000000000001001 r12=0000000000000001 r13=ffffe20c0247e6e0
r14=ffffd08f71ee6b30 r15=0000000000001000
iopl=0         nv up ei ng nz na po nc
cs=0010  ss=0018  ds=002b  es=002b  fs=0053  gs=002b             efl=00040286
klif+0x2d8ac:
fffff804`0a40d8ac 85c0            test    eax,eax
rax=0000000000000000 rbx=0000000000000400 rcx=ffffa9875845b800
rdx=fffff8040a302100 rsi=ffffd08f71ee6b68 rdi=ffffa9875849c720
rip=fffff8040a40d8ae rsp=ffffe20c0247e600 rbp=0000000000000000
 r8=0000000000000fff  r9=0000000000000873 r10=fffff804032a5cd0
r11=0000000000001001 r12=0000000000000001 r13=ffffe20c0247e6e0
r14=ffffd08f71ee6b30 r15=0000000000001000
iopl=0         nv up ei pl zr na po nc
cs=0010  ss=0018  ds=002b  es=002b  fs=0053  gs=002b             efl=00040246
klif+0x2d8ae:
fffff804`0a40d8ae 7506            jne     klif+0x2d8b6 (fffff804`0a40d8b6) [br=0]
rax=0000000000000000 rbx=0000000000000400 rcx=ffffa9875845b800
rdx=fffff8040a302100 rsi=ffffd08f71ee6b68 rdi=ffffa9875849c720
rip=fffff8040a40d8b0 rsp=ffffe20c0247e600 rbp=0000000000000000
 r8=0000000000000fff  r9=0000000000000873 r10=fffff804032a5cd0
r11=0000000000001001 r12=0000000000000001 r13=ffffe20c0247e6e0
r14=ffffd08f71ee6b30 r15=0000000000001000
iopl=0         nv up ei pl zr na po nc
cs=0010  ss=0018  ds=002b  es=002b  fs=0053  gs=002b             efl=00040246
klif+0x2d8b0:
fffff804`0a40d8b0 0fbaeb10        bts     ebx,10h
rax=0000000000000000 rbx=0000000000010400 rcx=ffffa9875845b800
rdx=fffff8040a302100 rsi=ffffd08f71ee6b68 rdi=ffffa9875849c720
rip=fffff8040a40d8b4 rsp=ffffe20c0247e600 rbp=0000000000000000
 r8=0000000000000fff  r9=0000000000000873 r10=fffff804032a5cd0
r11=0000000000001001 r12=0000000000000001 r13=ffffe20c0247e6e0
r14=ffffd08f71ee6b30 r15=0000000000001000
iopl=0         nv up ei pl zr na po nc
cs=0010  ss=0018  ds=002b  es=002b  fs=0053  gs=002b             efl=00040246
klif+0x2d8b4:
fffff804`0a40d8b4 eb14            jmp     klif+0x2d8ca (fffff804`0a40d8ca)
rax=0000000000000000 rbx=0000000000010400 rcx=ffffa9875845b800
rdx=fffff8040a302100 rsi=ffffd08f71ee6b68 rdi=ffffa9875849c720
rip=fffff8040a40d8ca rsp=ffffe20c0247e600 rbp=0000000000000000
 r8=0000000000000fff  r9=0000000000000873 r10=fffff804032a5cd0
r11=0000000000001001 r12=0000000000000001 r13=ffffe20c0247e6e0
r14=ffffd08f71ee6b30 r15=0000000000001000
iopl=0         nv up ei pl zr na po nc
cs=0010  ss=0018  ds=002b  es=002b  fs=0053  gs=002b             efl=00040246
klif+0x2d8ca:
fffff804`0a40d8ca 448b4720        mov     r8d,dword ptr [rdi+20h] ds:002b:ffffa987`5849c740=00176105
rax=0000000000000000 rbx=0000000000010400 rcx=ffffa9875845b800
rdx=fffff8040a302100 rsi=ffffd08f71ee6b68 rdi=ffffa9875849c720
rip=fffff8040a40d8ce rsp=ffffe20c0247e600 rbp=0000000000000000
 r8=0000000000176105  r9=0000000000000873 r10=fffff804032a5cd0
r11=0000000000001001 r12=0000000000000001 r13=ffffe20c0247e6e0
r14=ffffd08f71ee6b30 r15=0000000000001000
iopl=0         nv up ei pl zr na po nc
cs=0010  ss=0018  ds=002b  es=002b  fs=0053  gs=002b             efl=00040246
klif+0x2d8ce:
fffff804`0a40d8ce 8bcb            mov     ecx,ebx
rax=0000000000000000 rbx=0000000000010400 rcx=0000000000010400
rdx=fffff8040a302100 rsi=ffffd08f71ee6b68 rdi=ffffa9875849c720
rip=fffff8040a40d8d0 rsp=ffffe20c0247e600 rbp=0000000000000000
 r8=0000000000176105  r9=0000000000000873 r10=fffff804032a5cd0
r11=0000000000001001 r12=0000000000000001 r13=ffffe20c0247e6e0
r14=ffffd08f71ee6b30 r15=0000000000001000
iopl=0         nv up ei pl zr na po nc
cs=0010  ss=0018  ds=002b  es=002b  fs=0053  gs=002b             efl=00040246
klif+0x2d8d0:
fffff804`0a40d8d0 83c940          or      ecx,40h
rax=0000000000000000 rbx=0000000000010400 rcx=0000000000010440
rdx=fffff8040a302100 rsi=ffffd08f71ee6b68 rdi=ffffa9875849c720
rip=fffff8040a40d8d3 rsp=ffffe20c0247e600 rbp=0000000000000000
 r8=0000000000176105  r9=0000000000000873 r10=fffff804032a5cd0
r11=0000000000001001 r12=0000000000000001 r13=ffffe20c0247e6e0
r14=ffffd08f71ee6b30 r15=0000000000001000
iopl=0         nv up ei pl nz na pe nc
cs=0010  ss=0018  ds=002b  es=002b  fs=0053  gs=002b             efl=00040202
klif+0x2d8d3:
fffff804`0a40d8d3 418bc0          mov     eax,r8d
rax=0000000000176105 rbx=0000000000010400 rcx=0000000000010440
rdx=fffff8040a302100 rsi=ffffd08f71ee6b68 rdi=ffffa9875849c720
rip=fffff8040a40d8d6 rsp=ffffe20c0247e600 rbp=0000000000000000
 r8=0000000000176105  r9=0000000000000873 r10=fffff804032a5cd0
r11=0000000000001001 r12=0000000000000001 r13=ffffe20c0247e6e0
r14=ffffd08f71ee6b30 r15=0000000000001000
iopl=0         nv up ei pl nz na pe nc
cs=0010  ss=0018  ds=002b  es=002b  fs=0053  gs=002b             efl=00040202
klif+0x2d8d6:
fffff804`0a40d8d6 41b900200000    mov     r9d,2000h
rax=0000000000176105 rbx=0000000000010400 rcx=0000000000010440
rdx=fffff8040a302100 rsi=ffffd08f71ee6b68 rdi=ffffa9875849c720
rip=fffff8040a40d8dc rsp=ffffe20c0247e600 rbp=0000000000000000
 r8=0000000000176105  r9=0000000000002000 r10=fffff804032a5cd0
r11=0000000000001001 r12=0000000000000001 r13=ffffe20c0247e6e0
r14=ffffd08f71ee6b30 r15=0000000000001000
iopl=0         nv up ei pl nz na pe nc
cs=0010  ss=0018  ds=002b  es=002b  fs=0053  gs=002b             efl=00040202
klif+0x2d8dc:
fffff804`0a40d8dc 4123c1          and     eax,r9d
rax=0000000000002000 rbx=0000000000010400 rcx=0000000000010440
rdx=fffff8040a302100 rsi=ffffd08f71ee6b68 rdi=ffffa9875849c720
rip=fffff8040a40d8df rsp=ffffe20c0247e600 rbp=0000000000000000
 r8=0000000000176105  r9=0000000000002000 r10=fffff804032a5cd0
r11=0000000000001001 r12=0000000000000001 r13=ffffe20c0247e6e0
r14=ffffd08f71ee6b30 r15=0000000000001000
iopl=0         nv up ei pl nz na po nc
cs=0010  ss=0018  ds=002b  es=002b  fs=0053  gs=002b             efl=00040206
klif+0x2d8df:
fffff804`0a40d8df 418bc0          mov     eax,r8d
rax=0000000000176105 rbx=0000000000010400 rcx=0000000000010440
rdx=fffff8040a302100 rsi=ffffd08f71ee6b68 rdi=ffffa9875849c720
rip=fffff8040a40d8e2 rsp=ffffe20c0247e600 rbp=0000000000000000
 r8=0000000000176105  r9=0000000000002000 r10=fffff804032a5cd0
r11=0000000000001001 r12=0000000000000001 r13=ffffe20c0247e6e0
r14=ffffd08f71ee6b30 r15=0000000000001000
iopl=0         nv up ei pl nz na po nc
cs=0010  ss=0018  ds=002b  es=002b  fs=0053  gs=002b             efl=00040206
klif+0x2d8e2:
fffff804`0a40d8e2 0f44cb          cmove   ecx,ebx
rax=0000000000176105 rbx=0000000000010400 rcx=0000000000010440
rdx=fffff8040a302100 rsi=ffffd08f71ee6b68 rdi=ffffa9875849c720
rip=fffff8040a40d8e5 rsp=ffffe20c0247e600 rbp=0000000000000000
 r8=0000000000176105  r9=0000000000002000 r10=fffff804032a5cd0
r11=0000000000001001 r12=0000000000000001 r13=ffffe20c0247e6e0
r14=ffffd08f71ee6b30 r15=0000000000001000
iopl=0         nv up ei pl nz na po nc
cs=0010  ss=0018  ds=002b  es=002b  fs=0053  gs=002b             efl=00040206
klif+0x2d8e5:
fffff804`0a40d8e5 bb20000000      mov     ebx,20h
rax=0000000000176105 rbx=0000000000000020 rcx=0000000000010440
rdx=fffff8040a302100 rsi=ffffd08f71ee6b68 rdi=ffffa9875849c720
rip=fffff8040a40d8ea rsp=ffffe20c0247e600 rbp=0000000000000000
 r8=0000000000176105  r9=0000000000002000 r10=fffff804032a5cd0
r11=0000000000001001 r12=0000000000000001 r13=ffffe20c0247e6e0
r14=ffffd08f71ee6b30 r15=0000000000001000
iopl=0         nv up ei pl nz na po nc
cs=0010  ss=0018  ds=002b  es=002b  fs=0053  gs=002b             efl=00040206
klif+0x2d8ea:
fffff804`0a40d8ea 8bd1            mov     edx,ecx
rax=0000000000176105 rbx=0000000000000020 rcx=0000000000010440
rdx=0000000000010440 rsi=ffffd08f71ee6b68 rdi=ffffa9875849c720
rip=fffff8040a40d8ec rsp=ffffe20c0247e600 rbp=0000000000000000
 r8=0000000000176105  r9=0000000000002000 r10=fffff804032a5cd0
r11=0000000000001001 r12=0000000000000001 r13=ffffe20c0247e6e0
r14=ffffd08f71ee6b30 r15=0000000000001000
iopl=0         nv up ei pl nz na po nc
cs=0010  ss=0018  ds=002b  es=002b  fs=0053  gs=002b             efl=00040206
klif+0x2d8ec:
fffff804`0a40d8ec 410bd1          or      edx,r9d
rax=0000000000176105 rbx=0000000000000020 rcx=0000000000010440
rdx=0000000000012440 rsi=ffffd08f71ee6b68 rdi=ffffa9875849c720
rip=fffff8040a40d8ef rsp=ffffe20c0247e600 rbp=0000000000000000
 r8=0000000000176105  r9=0000000000002000 r10=fffff804032a5cd0
r11=0000000000001001 r12=0000000000000001 r13=ffffe20c0247e6e0
r14=ffffd08f71ee6b30 r15=0000000000001000
iopl=0         nv up ei pl nz na pe nc
cs=0010  ss=0018  ds=002b  es=002b  fs=0053  gs=002b             efl=00040202
klif+0x2d8ef:
fffff804`0a40d8ef 2500600000      and     eax,6000h
rax=0000000000006000 rbx=0000000000000020 rcx=0000000000010440
rdx=0000000000012440 rsi=ffffd08f71ee6b68 rdi=ffffa9875849c720
rip=fffff8040a40d8f4 rsp=ffffe20c0247e600 rbp=0000000000000000
 r8=0000000000176105  r9=0000000000002000 r10=fffff804032a5cd0
r11=0000000000001001 r12=0000000000000001 r13=ffffe20c0247e6e0
r14=ffffd08f71ee6b30 r15=0000000000001000
iopl=0         nv up ei pl nz na po nc
cs=0010  ss=0018  ds=002b  es=002b  fs=0053  gs=002b             efl=00040206
klif+0x2d8f4:
fffff804`0a40d8f4 0f44d1          cmove   edx,ecx
rax=0000000000006000 rbx=0000000000000020 rcx=0000000000010440
rdx=0000000000012440 rsi=ffffd08f71ee6b68 rdi=ffffa9875849c720
rip=fffff8040a40d8f7 rsp=ffffe20c0247e600 rbp=0000000000000000
 r8=0000000000176105  r9=0000000000002000 r10=fffff804032a5cd0
r11=0000000000001001 r12=0000000000000001 r13=ffffe20c0247e6e0
r14=ffffd08f71ee6b30 r15=0000000000001000
iopl=0         nv up ei pl nz na po nc
cs=0010  ss=0018  ds=002b  es=002b  fs=0053  gs=002b             efl=00040206
klif+0x2d8f7:
fffff804`0a40d8f7 b900001000      mov     ecx,100000h
rax=0000000000006000 rbx=0000000000000020 rcx=0000000000100000
rdx=0000000000012440 rsi=ffffd08f71ee6b68 rdi=ffffa9875849c720
rip=fffff8040a40d8fc rsp=ffffe20c0247e600 rbp=0000000000000000
 r8=0000000000176105  r9=0000000000002000 r10=fffff804032a5cd0
r11=0000000000001001 r12=0000000000000001 r13=ffffe20c0247e6e0
r14=ffffd08f71ee6b30 r15=0000000000001000
iopl=0         nv up ei pl nz na po nc
cs=0010  ss=0018  ds=002b  es=002b  fs=0053  gs=002b             efl=00040206
klif+0x2d8fc:
fffff804`0a40d8fc 8bc2            mov     eax,edx
rax=0000000000012440 rbx=0000000000000020 rcx=0000000000100000
rdx=0000000000012440 rsi=ffffd08f71ee6b68 rdi=ffffa9875849c720
rip=fffff8040a40d8fe rsp=ffffe20c0247e600 rbp=0000000000000000
 r8=0000000000176105  r9=0000000000002000 r10=fffff804032a5cd0
r11=0000000000001001 r12=0000000000000001 r13=ffffe20c0247e6e0
r14=ffffd08f71ee6b30 r15=0000000000001000
iopl=0         nv up ei pl nz na po nc
cs=0010  ss=0018  ds=002b  es=002b  fs=0053  gs=002b             efl=00040206
klif+0x2d8fe:
fffff804`0a40d8fe 0fbae815        bts     eax,15h
rax=0000000000212440 rbx=0000000000000020 rcx=0000000000100000
rdx=0000000000012440 rsi=ffffd08f71ee6b68 rdi=ffffa9875849c720
rip=fffff8040a40d902 rsp=ffffe20c0247e600 rbp=0000000000000000
 r8=0000000000176105  r9=0000000000002000 r10=fffff804032a5cd0
r11=0000000000001001 r12=0000000000000001 r13=ffffe20c0247e6e0
r14=ffffd08f71ee6b30 r15=0000000000001000
iopl=0         nv up ei pl nz na po nc
cs=0010  ss=0018  ds=002b  es=002b  fs=0053  gs=002b             efl=00040206
klif+0x2d902:
fffff804`0a40d902 4423c1          and     r8d,ecx
rax=0000000000212440 rbx=0000000000000020 rcx=0000000000100000
rdx=0000000000012440 rsi=ffffd08f71ee6b68 rdi=ffffa9875849c720
rip=fffff8040a40d905 rsp=ffffe20c0247e600 rbp=0000000000000000
 r8=0000000000100000  r9=0000000000002000 r10=fffff804032a5cd0
r11=0000000000001001 r12=0000000000000001 r13=ffffe20c0247e6e0
r14=ffffd08f71ee6b30 r15=0000000000001000
iopl=0         nv up ei pl nz na po nc
cs=0010  ss=0018  ds=002b  es=002b  fs=0053  gs=002b             efl=00040206
klif+0x2d905:
fffff804`0a40d905 0f44c2          cmove   eax,edx
rax=0000000000212440 rbx=0000000000000020 rcx=0000000000100000
rdx=0000000000012440 rsi=ffffd08f71ee6b68 rdi=ffffa9875849c720
rip=fffff8040a40d908 rsp=ffffe20c0247e600 rbp=0000000000000000
 r8=0000000000100000  r9=0000000000002000 r10=fffff804032a5cd0
r11=0000000000001001 r12=0000000000000001 r13=ffffe20c0247e6e0
r14=ffffd08f71ee6b30 r15=0000000000001000
iopl=0         nv up ei pl nz na po nc
cs=0010  ss=0018  ds=002b  es=002b  fs=0053  gs=002b             efl=00040206
klif+0x2d908:
fffff804`0a40d908 0bc1            or      eax,ecx
rax=0000000000312440 rbx=0000000000000020 rcx=0000000000100000
rdx=0000000000012440 rsi=ffffd08f71ee6b68 rdi=ffffa9875849c720
rip=fffff8040a40d90a rsp=ffffe20c0247e600 rbp=0000000000000000
 r8=0000000000100000  r9=0000000000002000 r10=fffff804032a5cd0
r11=0000000000001001 r12=0000000000000001 r13=ffffe20c0247e6e0
r14=ffffd08f71ee6b30 r15=0000000000001000
iopl=0         nv up ei pl nz na pe nc
cs=0010  ss=0018  ds=002b  es=002b  fs=0053  gs=002b             efl=00040202
klif+0x2d90a:
fffff804`0a40d90a 89460c          mov     dword ptr [rsi+0Ch],eax ds:002b:ffffd08f`71ee6b74=00000000
rax=0000000000312440 rbx=0000000000000020 rcx=0000000000100000
rdx=0000000000012440 rsi=ffffd08f71ee6b68 rdi=ffffa9875849c720
rip=fffff8040a40d90d rsp=ffffe20c0247e600 rbp=0000000000000000
 r8=0000000000100000  r9=0000000000002000 r10=fffff804032a5cd0
r11=0000000000001001 r12=0000000000000001 r13=ffffe20c0247e6e0
r14=ffffd08f71ee6b30 r15=0000000000001000
iopl=0         nv up ei pl nz na pe nc
cs=0010  ss=0018  ds=002b  es=002b  fs=0053  gs=002b             efl=00040202
klif+0x2d90d:
fffff804`0a40d90d 8b4740          mov     eax,dword ptr [rdi+40h] ds:002b:ffffa987`5849c760=00000000
rax=0000000000000000 rbx=0000000000000020 rcx=0000000000100000
rdx=0000000000012440 rsi=ffffd08f71ee6b68 rdi=ffffa9875849c720
rip=fffff8040a40d910 rsp=ffffe20c0247e600 rbp=0000000000000000
 r8=0000000000100000  r9=0000000000002000 r10=fffff804032a5cd0
r11=0000000000001001 r12=0000000000000001 r13=ffffe20c0247e6e0
r14=ffffd08f71ee6b30 r15=0000000000001000
iopl=0         nv up ei pl nz na pe nc
cs=0010  ss=0018  ds=002b  es=002b  fs=0053  gs=002b             efl=00040202
klif+0x2d910:
fffff804`0a40d910 89461c          mov     dword ptr [rsi+1Ch],eax ds:002b:ffffd08f`71ee6b84=00000000
rax=0000000000000000 rbx=0000000000000020 rcx=0000000000100000
rdx=0000000000012440 rsi=ffffd08f71ee6b68 rdi=ffffa9875849c720
rip=fffff8040a40d913 rsp=ffffe20c0247e600 rbp=0000000000000000
 r8=0000000000100000  r9=0000000000002000 r10=fffff804032a5cd0
r11=0000000000001001 r12=0000000000000001 r13=ffffe20c0247e6e0
r14=ffffd08f71ee6b30 r15=0000000000001000
iopl=0         nv up ei pl nz na pe nc
cs=0010  ss=0018  ds=002b  es=002b  fs=0053  gs=002b             efl=00040202
klif+0x2d913:
fffff804`0a40d913 891e            mov     dword ptr [rsi],ebx ds:002b:ffffd08f`71ee6b68=00000000
rax=0000000000000000 rbx=0000000000000020 rcx=0000000000100000
rdx=0000000000012440 rsi=ffffd08f71ee6b68 rdi=ffffa9875849c720
rip=fffff8040a40d915 rsp=ffffe20c0247e600 rbp=0000000000000000
 r8=0000000000100000  r9=0000000000002000 r10=fffff804032a5cd0
r11=0000000000001001 r12=0000000000000001 r13=ffffe20c0247e6e0
r14=ffffd08f71ee6b30 r15=0000000000001000
iopl=0         nv up ei pl nz na pe nc
cs=0010  ss=0018  ds=002b  es=002b  fs=0053  gs=002b             efl=00040202
klif+0x2d915:
fffff804`0a40d915 488b5730        mov     rdx,qword ptr [rdi+30h] ds:002b:ffffa987`5849c750=0000000000000000
rax=0000000000000000 rbx=0000000000000020 rcx=0000000000100000
rdx=0000000000000000 rsi=ffffd08f71ee6b68 rdi=ffffa9875849c720
rip=fffff8040a40d919 rsp=ffffe20c0247e600 rbp=0000000000000000
 r8=0000000000100000  r9=0000000000002000 r10=fffff804032a5cd0
r11=0000000000001001 r12=0000000000000001 r13=ffffe20c0247e6e0
r14=ffffd08f71ee6b30 r15=0000000000001000
iopl=0         nv up ei pl nz na pe nc
cs=0010  ss=0018  ds=002b  es=002b  fs=0053  gs=002b             efl=00040202
klif+0x2d919:
fffff804`0a40d919 4885d2          test    rdx,rdx
rax=0000000000000000 rbx=0000000000000020 rcx=0000000000100000
rdx=0000000000000000 rsi=ffffd08f71ee6b68 rdi=ffffa9875849c720
rip=fffff8040a40d91c rsp=ffffe20c0247e600 rbp=0000000000000000
 r8=0000000000100000  r9=0000000000002000 r10=fffff804032a5cd0
r11=0000000000001001 r12=0000000000000001 r13=ffffe20c0247e6e0
r14=ffffd08f71ee6b30 r15=0000000000001000
iopl=0         nv up ei pl zr na po nc
cs=0010  ss=0018  ds=002b  es=002b  fs=0053  gs=002b             efl=00040246
klif+0x2d91c:
fffff804`0a40d91c 743c            je      klif+0x2d95a (fffff804`0a40d95a) [br=1]
rax=0000000000000000 rbx=0000000000000020 rcx=0000000000100000
rdx=0000000000000000 rsi=ffffd08f71ee6b68 rdi=ffffa9875849c720
rip=fffff8040a40d95a rsp=ffffe20c0247e600 rbp=0000000000000000
 r8=0000000000100000  r9=0000000000002000 r10=fffff804032a5cd0
r11=0000000000001001 r12=0000000000000001 r13=ffffe20c0247e6e0
r14=ffffd08f71ee6b30 r15=0000000000001000
iopl=0         nv up ei pl zr na po nc
cs=0010  ss=0018  ds=002b  es=002b  fs=0053  gs=002b             efl=00040246
klif+0x2d95a:
fffff804`0a40d95a 83661400        and     dword ptr [rsi+14h],0 ds:002b:ffffd08f`71ee6b7c=00000030
rax=0000000000000000 rbx=0000000000000020 rcx=0000000000100000
rdx=0000000000000000 rsi=ffffd08f71ee6b68 rdi=ffffa9875849c720
rip=fffff8040a40d95e rsp=ffffe20c0247e600 rbp=0000000000000000
 r8=0000000000100000  r9=0000000000002000 r10=fffff804032a5cd0
r11=0000000000001001 r12=0000000000000001 r13=ffffe20c0247e6e0
r14=ffffd08f71ee6b30 r15=0000000000001000
iopl=0         nv up ei pl zr na po nc
cs=0010  ss=0018  ds=002b  es=002b  fs=0053  gs=002b             efl=00040246
klif+0x2d95e:
fffff804`0a40d95e 83661800        and     dword ptr [rsi+18h],0 ds:002b:ffffd08f`71ee6b80=00000015
rax=0000000000000000 rbx=0000000000000020 rcx=0000000000100000
rdx=0000000000000000 rsi=ffffd08f71ee6b68 rdi=ffffa9875849c720
rip=fffff8040a40d962 rsp=ffffe20c0247e600 rbp=0000000000000000
 r8=0000000000100000  r9=0000000000002000 r10=fffff804032a5cd0
r11=0000000000001001 r12=0000000000000001 r13=ffffe20c0247e6e0
r14=ffffd08f71ee6b30 r15=0000000000001000
iopl=0         nv up ei pl zr na po nc
cs=0010  ss=0018  ds=002b  es=002b  fs=0053  gs=002b             efl=00040246
klif+0x2d962:
fffff804`0a40d962 8bc3            mov     eax,ebx
rax=0000000000000020 rbx=0000000000000020 rcx=0000000000100000
rdx=0000000000000000 rsi=ffffd08f71ee6b68 rdi=ffffa9875849c720
rip=fffff8040a40d964 rsp=ffffe20c0247e600 rbp=0000000000000000
 r8=0000000000100000  r9=0000000000002000 r10=fffff804032a5cd0
r11=0000000000001001 r12=0000000000000001 r13=ffffe20c0247e6e0
r14=ffffd08f71ee6b30 r15=0000000000001000
iopl=0         nv up ei pl zr na po nc
cs=0010  ss=0018  ds=002b  es=002b  fs=0053  gs=002b             efl=00040246
klif+0x2d964:
fffff804`0a40d964 488b3f          mov     rdi,qword ptr [rdi] ds:002b:ffffa987`5849c720=ffffe20c0247e6e0
rax=0000000000000020 rbx=0000000000000020 rcx=0000000000100000
rdx=0000000000000000 rsi=ffffd08f71ee6b68 rdi=ffffe20c0247e6e0
rip=fffff8040a40d967 rsp=ffffe20c0247e600 rbp=0000000000000000
 r8=0000000000100000  r9=0000000000002000 r10=fffff804032a5cd0
r11=0000000000001001 r12=0000000000000001 r13=ffffe20c0247e6e0
r14=ffffd08f71ee6b30 r15=0000000000001000
iopl=0         nv up ei pl zr na po nc
cs=0010  ss=0018  ds=002b  es=002b  fs=0053  gs=002b             efl=00040246
klif+0x2d967:
fffff804`0a40d967 4803f0          add     rsi,rax
rax=0000000000000020 rbx=0000000000000020 rcx=0000000000100000
rdx=0000000000000000 rsi=ffffd08f71ee6b88 rdi=ffffe20c0247e6e0
rip=fffff8040a40d96a rsp=ffffe20c0247e600 rbp=0000000000000000
 r8=0000000000100000  r9=0000000000002000 r10=fffff804032a5cd0
r11=0000000000001001 r12=0000000000000001 r13=ffffe20c0247e6e0
r14=ffffd08f71ee6b30 r15=0000000000001000
iopl=0         nv up ei ng nz na po nc
cs=0010  ss=0018  ds=002b  es=002b  fs=0053  gs=002b             efl=00040286
klif+0x2d96a:
fffff804`0a40d96a 493bfd          cmp     rdi,r13
rax=0000000000000020 rbx=0000000000000020 rcx=0000000000100000
rdx=0000000000000000 rsi=ffffd08f71ee6b88 rdi=ffffe20c0247e6e0
rip=fffff8040a40d96d rsp=ffffe20c0247e600 rbp=0000000000000000
 r8=0000000000100000  r9=0000000000002000 r10=fffff804032a5cd0
r11=0000000000001001 r12=0000000000000001 r13=ffffe20c0247e6e0
r14=ffffd08f71ee6b30 r15=0000000000001000
iopl=0         nv up ei pl zr na po nc
cs=0010  ss=0018  ds=002b  es=002b  fs=0053  gs=002b             efl=00040246
klif+0x2d96d:
fffff804`0a40d96d 0f85c7feffff    jne     klif+0x2d83a (fffff804`0a40d83a) [br=0]
rax=0000000000000020 rbx=0000000000000020 rcx=0000000000100000
rdx=0000000000000000 rsi=ffffd08f71ee6b88 rdi=ffffe20c0247e6e0
rip=fffff8040a40d973 rsp=ffffe20c0247e600 rbp=0000000000000000
 r8=0000000000100000  r9=0000000000002000 r10=fffff804032a5cd0
r11=0000000000001001 r12=0000000000000001 r13=ffffe20c0247e6e0
r14=ffffd08f71ee6b30 r15=0000000000001000
iopl=0         nv up ei pl zr na po nc
cs=0010  ss=0018  ds=002b  es=002b  fs=0053  gs=002b             efl=00040246
klif+0x2d973:
fffff804`0a40d973 418b462c        mov     eax,dword ptr [r14+2Ch] ds:002b:ffffd08f`71ee6b5c=00000058
rax=0000000000000058 rbx=0000000000000020 rcx=0000000000100000
rdx=0000000000000000 rsi=ffffd08f71ee6b88 rdi=ffffe20c0247e6e0
rip=fffff8040a40d977 rsp=ffffe20c0247e600 rbp=0000000000000000
 r8=0000000000100000  r9=0000000000002000 r10=fffff804032a5cd0
r11=0000000000001001 r12=0000000000000001 r13=ffffe20c0247e6e0
r14=ffffd08f71ee6b30 r15=0000000000001000
iopl=0         nv up ei pl zr na po nc
cs=0010  ss=0018  ds=002b  es=002b  fs=0053  gs=002b             efl=00040246
klif+0x2d977:
fffff804`0a40d977 4c8bbc24a8000000 mov     r15,qword ptr [rsp+0A8h] ss:0018:ffffe20c`0247e6a8=ffffe20c0247e810
rax=0000000000000058 rbx=0000000000000020 rcx=0000000000100000
rdx=0000000000000000 rsi=ffffd08f71ee6b88 rdi=ffffe20c0247e6e0
rip=fffff8040a40d97f rsp=ffffe20c0247e600 rbp=0000000000000000
 r8=0000000000100000  r9=0000000000002000 r10=fffff804032a5cd0
r11=0000000000001001 r12=0000000000000001 r13=ffffe20c0247e6e0
r14=ffffd08f71ee6b30 r15=ffffe20c0247e810
iopl=0         nv up ei pl zr na po nc
cs=0010  ss=0018  ds=002b  es=002b  fs=0053  gs=002b             efl=00040246
klif+0x2d97f:
fffff804`0a40d97f 488bac24a0000000 mov     rbp,qword ptr [rsp+0A0h] ss:0018:ffffe20c`0247e6a0=ffffd08f71f0bb4c
rax=0000000000000058 rbx=0000000000000020 rcx=0000000000100000
rdx=0000000000000000 rsi=ffffd08f71ee6b88 rdi=ffffe20c0247e6e0
rip=fffff8040a40d987 rsp=ffffe20c0247e600 rbp=ffffd08f71f0bb4c
 r8=0000000000100000  r9=0000000000002000 r10=fffff804032a5cd0
r11=0000000000001001 r12=0000000000000001 r13=ffffe20c0247e6e0
r14=ffffd08f71ee6b30 r15=ffffe20c0247e810
iopl=0         nv up ei pl zr na po nc
cs=0010  ss=0018  ds=002b  es=002b  fs=0053  gs=002b             efl=00040246
klif+0x2d987:
fffff804`0a40d987 8b6d3c          mov     ebp,dword ptr [rbp+3Ch] ss:0018:ffffd08f`71f0bb88=0000000b
rax=0000000000000058 rbx=0000000000000020 rcx=0000000000100000
rdx=0000000000000000 rsi=ffffd08f71ee6b88 rdi=ffffe20c0247e6e0
rip=fffff8040a40d98a rsp=ffffe20c0247e600 rbp=000000000000000b
 r8=0000000000100000  r9=0000000000002000 r10=fffff804032a5cd0
r11=0000000000001001 r12=0000000000000001 r13=ffffe20c0247e6e0
r14=ffffd08f71ee6b30 r15=ffffe20c0247e810
iopl=0         nv up ei pl zr na po nc
cs=0010  ss=0018  ds=002b  es=002b  fs=0053  gs=002b             efl=00040246
klif+0x2d98a:
fffff804`0a40d98a 8bf0            mov     esi,eax
rax=0000000000000058 rbx=0000000000000020 rcx=0000000000100000
rdx=0000000000000000 rsi=0000000000000058 rdi=ffffe20c0247e6e0
rip=fffff8040a40d98c rsp=ffffe20c0247e600 rbp=000000000000000b
 r8=0000000000100000  r9=0000000000002000 r10=fffff804032a5cd0
r11=0000000000001001 r12=0000000000000001 r13=ffffe20c0247e6e0
r14=ffffd08f71ee6b30 r15=ffffe20c0247e810
iopl=0         nv up ei pl zr na po nc
cs=0010  ss=0018  ds=002b  es=002b  fs=0053  gs=002b             efl=00040246
klif+0x2d98c:
fffff804`0a40d98c 4903f6          add     rsi,r14
rax=0000000000000058 rbx=0000000000000020 rcx=0000000000100000
rdx=0000000000000000 rsi=ffffd08f71ee6b88 rdi=ffffe20c0247e6e0
rip=fffff8040a40d98f rsp=ffffe20c0247e600 rbp=000000000000000b
 r8=0000000000100000  r9=0000000000002000 r10=fffff804032a5cd0
r11=0000000000001001 r12=0000000000000001 r13=ffffe20c0247e6e0
r14=ffffd08f71ee6b30 r15=ffffe20c0247e810
iopl=0         nv up ei ng nz na po nc
cs=0010  ss=0018  ds=002b  es=002b  fs=0053  gs=002b             efl=00040286
klif+0x2d98f:
fffff804`0a40d98f 85ed            test    ebp,ebp
rax=0000000000000058 rbx=0000000000000020 rcx=0000000000100000
rdx=0000000000000000 rsi=ffffd08f71ee6b88 rdi=ffffe20c0247e6e0
rip=fffff8040a40d991 rsp=ffffe20c0247e600 rbp=000000000000000b
 r8=0000000000100000  r9=0000000000002000 r10=fffff804032a5cd0
r11=0000000000001001 r12=0000000000000001 r13=ffffe20c0247e6e0
r14=ffffd08f71ee6b30 r15=ffffe20c0247e810
iopl=0         nv up ei pl nz na pe nc
cs=0010  ss=0018  ds=002b  es=002b  fs=0053  gs=002b             efl=00040202
klif+0x2d991:
fffff804`0a40d991 7417            je      klif+0x2d9aa (fffff804`0a40d9aa) [br=0]
rax=0000000000000058 rbx=0000000000000020 rcx=0000000000100000
rdx=0000000000000000 rsi=ffffd08f71ee6b88 rdi=ffffe20c0247e6e0
rip=fffff8040a40d993 rsp=ffffe20c0247e600 rbp=000000000000000b
 r8=0000000000100000  r9=0000000000002000 r10=fffff804032a5cd0
r11=0000000000001001 r12=0000000000000001 r13=ffffe20c0247e6e0
r14=ffffd08f71ee6b30 r15=ffffe20c0247e810
iopl=0         nv up ei pl nz na pe nc
cs=0010  ss=0018  ds=002b  es=002b  fs=0053  gs=002b             efl=00040202
klif+0x2d993:
fffff804`0a40d993 8b5c2430        mov     ebx,dword ptr [rsp+30h] ss:0018:ffffe20c`0247e630=000000c4
rax=0000000000000058 rbx=00000000000000c4 rcx=0000000000100000
rdx=0000000000000000 rsi=ffffd08f71ee6b88 rdi=ffffe20c0247e6e0
rip=fffff8040a40d997 rsp=ffffe20c0247e600 rbp=000000000000000b
 r8=0000000000100000  r9=0000000000002000 r10=fffff804032a5cd0
r11=0000000000001001 r12=0000000000000001 r13=ffffe20c0247e6e0
r14=ffffd08f71ee6b30 r15=ffffe20c0247e810
iopl=0         nv up ei pl nz na pe nc
cs=0010  ss=0018  ds=002b  es=002b  fs=0053  gs=002b             efl=00040202
klif+0x2d997:
fffff804`0a40d997 488bce          mov     rcx,rsi
rax=0000000000000058 rbx=00000000000000c4 rcx=ffffd08f71ee6b88
rdx=0000000000000000 rsi=ffffd08f71ee6b88 rdi=ffffe20c0247e6e0
rip=fffff8040a40d99a rsp=ffffe20c0247e600 rbp=000000000000000b
 r8=0000000000100000  r9=0000000000002000 r10=fffff804032a5cd0
r11=0000000000001001 r12=0000000000000001 r13=ffffe20c0247e6e0
r14=ffffd08f71ee6b30 r15=ffffe20c0247e810
iopl=0         nv up ei pl nz na pe nc
cs=0010  ss=0018  ds=002b  es=002b  fs=0053  gs=002b             efl=00040202
klif+0x2d99a:
fffff804`0a40d99a 488b542448      mov     rdx,qword ptr [rsp+48h] ss:0018:ffffe20c`0247e648=ffffd08f71f0bb8c
rax=0000000000000058 rbx=00000000000000c4 rcx=ffffd08f71ee6b88
rdx=ffffd08f71f0bb8c rsi=ffffd08f71ee6b88 rdi=ffffe20c0247e6e0
rip=fffff8040a40d99f rsp=ffffe20c0247e600 rbp=000000000000000b
 r8=0000000000100000  r9=0000000000002000 r10=fffff804032a5cd0
r11=0000000000001001 r12=0000000000000001 r13=ffffe20c0247e6e0
r14=ffffd08f71ee6b30 r15=ffffe20c0247e810
iopl=0         nv up ei pl nz na pe nc
cs=0010  ss=0018  ds=002b  es=002b  fs=0053  gs=002b             efl=00040202
klif+0x2d99f:
fffff804`0a40d99f 448bc3          mov     r8d,ebx
rax=0000000000000058 rbx=00000000000000c4 rcx=ffffd08f71ee6b88
rdx=ffffd08f71f0bb8c rsi=ffffd08f71ee6b88 rdi=ffffe20c0247e6e0
rip=fffff8040a40d9a2 rsp=ffffe20c0247e600 rbp=000000000000000b
 r8=00000000000000c4  r9=0000000000002000 r10=fffff804032a5cd0
r11=0000000000001001 r12=0000000000000001 r13=ffffe20c0247e6e0
r14=ffffd08f71ee6b30 r15=ffffe20c0247e810
iopl=0         nv up ei pl nz na pe nc
cs=0010  ss=0018  ds=002b  es=002b  fs=0053  gs=002b             efl=00040202
klif+0x2d9a2:
fffff804`0a40d9a2 e8d9fc0500      call    klif+0x8d680 (fffff804`0a46d680)
rax=ffffd08f71ee6b88 rbx=00000000000000c4 rcx=ffffd08f71ee6c40
rdx=0000000000025004 rsi=ffffd08f71ee6b88 rdi=ffffe20c0247e6e0
rip=fffff8040a40d9a7 rsp=ffffe20c0247e600 rbp=000000000000000b
 r8=000000000000000c  r9=0000000000000000 r10=fffff804032a5cd0
r11=ffffd08f71ee6c3c r12=0000000000000001 r13=ffffe20c0247e6e0
r14=ffffd08f71ee6b30 r15=ffffe20c0247e810
iopl=0         nv up ei pl nz na po nc
cs=0010  ss=0018  ds=002b  es=002b  fs=0053  gs=002b             efl=00040206
klif+0x2d9a7:
fffff804`0a40d9a7 4803f3          add     rsi,rbx
rax=ffffd08f71ee6b88 rbx=00000000000000c4 rcx=ffffd08f71ee6c40
rdx=0000000000025004 rsi=ffffd08f71ee6c4c rdi=ffffe20c0247e6e0
rip=fffff8040a40d9aa rsp=ffffe20c0247e600 rbp=000000000000000b
 r8=000000000000000c  r9=0000000000000000 r10=fffff804032a5cd0
r11=ffffd08f71ee6c3c r12=0000000000000001 r13=ffffe20c0247e6e0
r14=ffffd08f71ee6b30 r15=ffffe20c0247e810
iopl=0         nv up ei ng nz na pe nc
cs=0010  ss=0018  ds=002b  es=002b  fs=0053  gs=002b             efl=00040282
klif+0x2d9aa:
fffff804`0a40d9aa 498b07          mov     rax,qword ptr [r15] ds:002b:ffffe20c`0247e810=01d9d9604ccadd7f
rax=01d9d9604ccadd7f rbx=00000000000000c4 rcx=ffffd08f71ee6c40
rdx=0000000000025004 rsi=ffffd08f71ee6c4c rdi=ffffe20c0247e6e0
rip=fffff8040a40d9ad rsp=ffffe20c0247e600 rbp=000000000000000b
 r8=000000000000000c  r9=0000000000000000 r10=fffff804032a5cd0
r11=ffffd08f71ee6c3c r12=0000000000000001 r13=ffffe20c0247e6e0
r14=ffffd08f71ee6b30 r15=ffffe20c0247e810
iopl=0         nv up ei ng nz na pe nc
cs=0010  ss=0018  ds=002b  es=002b  fs=0053  gs=002b             efl=00040282
klif+0x2d9ad:
fffff804`0a40d9ad b908000000      mov     ecx,8
rax=01d9d9604ccadd7f rbx=00000000000000c4 rcx=0000000000000008
rdx=0000000000025004 rsi=ffffd08f71ee6c4c rdi=ffffe20c0247e6e0
rip=fffff8040a40d9b2 rsp=ffffe20c0247e600 rbp=000000000000000b
 r8=000000000000000c  r9=0000000000000000 r10=fffff804032a5cd0
r11=ffffd08f71ee6c3c r12=0000000000000001 r13=ffffe20c0247e6e0
r14=ffffd08f71ee6b30 r15=ffffe20c0247e810
iopl=0         nv up ei ng nz na pe nc
cs=0010  ss=0018  ds=002b  es=002b  fs=0053  gs=002b             efl=00040282
klif+0x2d9b2:
fffff804`0a40d9b2 890e            mov     dword ptr [rsi],ecx ds:002b:ffffd08f`71ee6c4c=00530043
rax=01d9d9604ccadd7f rbx=00000000000000c4 rcx=0000000000000008
rdx=0000000000025004 rsi=ffffd08f71ee6c4c rdi=ffffe20c0247e6e0
rip=fffff8040a40d9b4 rsp=ffffe20c0247e600 rbp=000000000000000b
 r8=000000000000000c  r9=0000000000000000 r10=fffff804032a5cd0
r11=ffffd08f71ee6c3c r12=0000000000000001 r13=ffffe20c0247e6e0
r14=ffffd08f71ee6b30 r15=ffffe20c0247e810
iopl=0         nv up ei ng nz na pe nc
cs=0010  ss=0018  ds=002b  es=002b  fs=0053  gs=002b             efl=00040282
klif+0x2d9b4:
fffff804`0a40d9b4 83c502          add     ebp,2
rax=01d9d9604ccadd7f rbx=00000000000000c4 rcx=0000000000000008
rdx=0000000000025004 rsi=ffffd08f71ee6c4c rdi=ffffe20c0247e6e0
rip=fffff8040a40d9b7 rsp=ffffe20c0247e600 rbp=000000000000000d
 r8=000000000000000c  r9=0000000000000000 r10=fffff804032a5cd0
r11=ffffd08f71ee6c3c r12=0000000000000001 r13=ffffe20c0247e6e0
r14=ffffd08f71ee6b30 r15=ffffe20c0247e810
iopl=0         nv up ei pl nz na pe nc
cs=0010  ss=0018  ds=002b  es=002b  fs=0053  gs=002b             efl=00040202
klif+0x2d9b7:
fffff804`0a40d9b7 4889460c        mov     qword ptr [rsi+0Ch],rax ds:002b:ffffd08f`71ee6c58=00560026004b0053
rax=01d9d9604ccadd7f rbx=00000000000000c4 rcx=0000000000000008
rdx=0000000000025004 rsi=ffffd08f71ee6c4c rdi=ffffe20c0247e6e0
rip=fffff8040a40d9bb rsp=ffffe20c0247e600 rbp=000000000000000d
 r8=000000000000000c  r9=0000000000000000 r10=fffff804032a5cd0
r11=ffffd08f71ee6c3c r12=0000000000000001 r13=ffffe20c0247e6e0
r14=ffffd08f71ee6b30 r15=ffffe20c0247e810
iopl=0         nv up ei pl nz na pe nc
cs=0010  ss=0018  ds=002b  es=002b  fs=0053  gs=002b             efl=00040202
klif+0x2d9bb:
fffff804`0a40d9bb 48c74604bb030000 mov     qword ptr [rsi+4],3BBh ds:002b:ffffd08f`71ee6c50=00490044005c0049
rax=01d9d9604ccadd7f rbx=00000000000000c4 rcx=0000000000000008
rdx=0000000000025004 rsi=ffffd08f71ee6c4c rdi=ffffe20c0247e6e0
rip=fffff8040a40d9c3 rsp=ffffe20c0247e600 rbp=000000000000000d
 r8=000000000000000c  r9=0000000000000000 r10=fffff804032a5cd0
r11=ffffd08f71ee6c3c r12=0000000000000001 r13=ffffe20c0247e6e0
r14=ffffd08f71ee6b30 r15=ffffe20c0247e810
iopl=0         nv up ei pl nz na pe nc
cs=0010  ss=0018  ds=002b  es=002b  fs=0053  gs=002b             efl=00040202
klif+0x2d9c3:
fffff804`0a40d9c3 498b4708        mov     rax,qword ptr [r15+8] ds:002b:ffffe20c`0247e818=00000000000011ad
rax=00000000000011ad rbx=00000000000000c4 rcx=0000000000000008
rdx=0000000000025004 rsi=ffffd08f71ee6c4c rdi=ffffe20c0247e6e0
rip=fffff8040a40d9c7 rsp=ffffe20c0247e600 rbp=000000000000000d
 r8=000000000000000c  r9=0000000000000000 r10=fffff804032a5cd0
r11=ffffd08f71ee6c3c r12=0000000000000001 r13=ffffe20c0247e6e0
r14=ffffd08f71ee6b30 r15=ffffe20c0247e810
iopl=0         nv up ei pl nz na pe nc
cs=0010  ss=0018  ds=002b  es=002b  fs=0053  gs=002b             efl=00040202
klif+0x2d9c7:
fffff804`0a40d9c7 8d79f9          lea     edi,[rcx-7]
rax=00000000000011ad rbx=00000000000000c4 rcx=0000000000000008
rdx=0000000000025004 rsi=ffffd08f71ee6c4c rdi=0000000000000001
rip=fffff8040a40d9ca rsp=ffffe20c0247e600 rbp=000000000000000d
 r8=000000000000000c  r9=0000000000000000 r10=fffff804032a5cd0
r11=ffffd08f71ee6c3c r12=0000000000000001 r13=ffffe20c0247e6e0
r14=ffffd08f71ee6b30 r15=ffffe20c0247e810
iopl=0         nv up ei pl nz na pe nc
cs=0010  ss=0018  ds=002b  es=002b  fs=0053  gs=002b             efl=00040202
klif+0x2d9ca:
fffff804`0a40d9ca 48894620        mov     qword ptr [rsi+20h],rax ds:002b:ffffd08f`71ee6c6c=0052005000260045
rax=00000000000011ad rbx=00000000000000c4 rcx=0000000000000008
rdx=0000000000025004 rsi=ffffd08f71ee6c4c rdi=0000000000000001
rip=fffff8040a40d9ce rsp=ffffe20c0247e600 rbp=000000000000000d
 r8=000000000000000c  r9=0000000000000000 r10=fffff804032a5cd0
r11=ffffd08f71ee6c3c r12=0000000000000001 r13=ffffe20c0247e6e0
r14=ffffd08f71ee6b30 r15=ffffe20c0247e810
iopl=0         nv up ei pl nz na pe nc
cs=0010  ss=0018  ds=002b  es=002b  fs=0053  gs=002b             efl=00040202
klif+0x2d9ce:
fffff804`0a40d9ce 48c7461809030000 mov     qword ptr [rsi+18h],309h ds:002b:ffffd08f`71ee6c64=004d0056004e005f
rax=00000000000011ad rbx=00000000000000c4 rcx=0000000000000008
rdx=0000000000025004 rsi=ffffd08f71ee6c4c rdi=0000000000000001
rip=fffff8040a40d9d6 rsp=ffffe20c0247e600 rbp=000000000000000d
 r8=000000000000000c  r9=0000000000000000 r10=fffff804032a5cd0
r11=ffffd08f71ee6c3c r12=0000000000000001 r13=ffffe20c0247e6e0
r14=ffffd08f71ee6b30 r15=ffffe20c0247e810
iopl=0         nv up ei pl nz na pe nc
cs=0010  ss=0018  ds=002b  es=002b  fs=0053  gs=002b             efl=00040202
klif+0x2d9d6:
fffff804`0a40d9d6 894e14          mov     dword ptr [rsi+14h],ecx ds:002b:ffffd08f`71ee6c60=004e0045
rax=00000000000011ad rbx=00000000000000c4 rcx=0000000000000008
rdx=0000000000025004 rsi=ffffd08f71ee6c4c rdi=0000000000000001
rip=fffff8040a40d9d9 rsp=ffffe20c0247e600 rbp=000000000000000d
 r8=000000000000000c  r9=0000000000000000 r10=fffff804032a5cd0
r11=ffffd08f71ee6c3c r12=0000000000000001 r13=ffffe20c0247e6e0
r14=ffffd08f71ee6b30 r15=ffffe20c0247e810
iopl=0         nv up ei pl nz na pe nc
cs=0010  ss=0018  ds=002b  es=002b  fs=0053  gs=002b             efl=00040202
klif+0x2d9d9:
fffff804`0a40d9d9 4883c628        add     rsi,28h
rax=00000000000011ad rbx=00000000000000c4 rcx=0000000000000008
rdx=0000000000025004 rsi=ffffd08f71ee6c74 rdi=0000000000000001
rip=fffff8040a40d9dd rsp=ffffe20c0247e600 rbp=000000000000000d
 r8=000000000000000c  r9=0000000000000000 r10=fffff804032a5cd0
r11=ffffd08f71ee6c3c r12=0000000000000001 r13=ffffe20c0247e6e0
r14=ffffd08f71ee6b30 r15=ffffe20c0247e810
iopl=0         nv up ei ng nz ac po nc
cs=0010  ss=0018  ds=002b  es=002b  fs=0053  gs=002b             efl=00040296
klif+0x2d9dd:
fffff804`0a40d9dd 498b4710        mov     rax,qword ptr [r15+10h] ds:002b:ffffe20c`0247e820=9b64a2117e15e81d
rax=9b64a2117e15e81d rbx=00000000000000c4 rcx=0000000000000008
rdx=0000000000025004 rsi=ffffd08f71ee6c74 rdi=0000000000000001
rip=fffff8040a40d9e1 rsp=ffffe20c0247e600 rbp=000000000000000d
 r8=000000000000000c  r9=0000000000000000 r10=fffff804032a5cd0
r11=ffffd08f71ee6c3c r12=0000000000000001 r13=ffffe20c0247e6e0
r14=ffffd08f71ee6b30 r15=ffffe20c0247e810
iopl=0         nv up ei ng nz ac po nc
cs=0010  ss=0018  ds=002b  es=002b  fs=0053  gs=002b             efl=00040296
klif+0x2d9e1:
fffff804`0a40d9e1 4885c0          test    rax,rax
rax=9b64a2117e15e81d rbx=00000000000000c4 rcx=0000000000000008
rdx=0000000000025004 rsi=ffffd08f71ee6c74 rdi=0000000000000001
rip=fffff8040a40d9e4 rsp=ffffe20c0247e600 rbp=000000000000000d
 r8=000000000000000c  r9=0000000000000000 r10=fffff804032a5cd0
r11=ffffd08f71ee6c3c r12=0000000000000001 r13=ffffe20c0247e6e0
r14=ffffd08f71ee6b30 r15=ffffe20c0247e810
iopl=0         nv up ei ng nz na po nc
cs=0010  ss=0018  ds=002b  es=002b  fs=0053  gs=002b             efl=00040286
klif+0x2d9e4:
fffff804`0a40d9e4 7414            je      klif+0x2d9fa (fffff804`0a40d9fa) [br=0]
rax=9b64a2117e15e81d rbx=00000000000000c4 rcx=0000000000000008
rdx=0000000000025004 rsi=ffffd08f71ee6c74 rdi=0000000000000001
rip=fffff8040a40d9e6 rsp=ffffe20c0247e600 rbp=000000000000000d
 r8=000000000000000c  r9=0000000000000000 r10=fffff804032a5cd0
r11=ffffd08f71ee6c3c r12=0000000000000001 r13=ffffe20c0247e6e0
r14=ffffd08f71ee6b30 r15=ffffe20c0247e810
iopl=0         nv up ei ng nz na po nc
cs=0010  ss=0018  ds=002b  es=002b  fs=0053  gs=002b             efl=00040286
klif+0x2d9e6:
fffff804`0a40d9e6 48c74604b7030000 mov     qword ptr [rsi+4],3B7h ds:002b:ffffd08f`71ee6c78=0057004d0056005f
rax=9b64a2117e15e81d rbx=00000000000000c4 rcx=0000000000000008
rdx=0000000000025004 rsi=ffffd08f71ee6c74 rdi=0000000000000001
rip=fffff8040a40d9ee rsp=ffffe20c0247e600 rbp=000000000000000d
 r8=000000000000000c  r9=0000000000000000 r10=fffff804032a5cd0
r11=ffffd08f71ee6c3c r12=0000000000000001 r13=ffffe20c0247e6e0
r14=ffffd08f71ee6b30 r15=ffffe20c0247e810
iopl=0         nv up ei ng nz na po nc
cs=0010  ss=0018  ds=002b  es=002b  fs=0053  gs=002b             efl=00040286
klif+0x2d9ee:
fffff804`0a40d9ee 890e            mov     dword ptr [rsi],ecx ds:002b:ffffd08f`71ee6c74=0044004f
rax=9b64a2117e15e81d rbx=00000000000000c4 rcx=0000000000000008
rdx=0000000000025004 rsi=ffffd08f71ee6c74 rdi=0000000000000001
rip=fffff8040a40d9f0 rsp=ffffe20c0247e600 rbp=000000000000000d
 r8=000000000000000c  r9=0000000000000000 r10=fffff804032a5cd0
r11=ffffd08f71ee6c3c r12=0000000000000001 r13=ffffe20c0247e6e0
r14=ffffd08f71ee6b30 r15=ffffe20c0247e810
iopl=0         nv up ei ng nz na po nc
cs=0010  ss=0018  ds=002b  es=002b  fs=0053  gs=002b             efl=00040286
klif+0x2d9f0:
fffff804`0a40d9f0 4889460c        mov     qword ptr [rsi+0Ch],rax ds:002b:ffffd08f`71ee6c80=005f004500520041
rax=9b64a2117e15e81d rbx=00000000000000c4 rcx=0000000000000008
rdx=0000000000025004 rsi=ffffd08f71ee6c74 rdi=0000000000000001
rip=fffff8040a40d9f4 rsp=ffffe20c0247e600 rbp=000000000000000d
 r8=000000000000000c  r9=0000000000000000 r10=fffff804032a5cd0
r11=ffffd08f71ee6c3c r12=0000000000000001 r13=ffffe20c0247e6e0
r14=ffffd08f71ee6b30 r15=ffffe20c0247e810
iopl=0         nv up ei ng nz na po nc
cs=0010  ss=0018  ds=002b  es=002b  fs=0053  gs=002b             efl=00040286
klif+0x2d9f4:
fffff804`0a40d9f4 4883c614        add     rsi,14h
rax=9b64a2117e15e81d rbx=00000000000000c4 rcx=0000000000000008
rdx=0000000000025004 rsi=ffffd08f71ee6c88 rdi=0000000000000001
rip=fffff8040a40d9f8 rsp=ffffe20c0247e600 rbp=000000000000000d
 r8=000000000000000c  r9=0000000000000000 r10=fffff804032a5cd0
r11=ffffd08f71ee6c3c r12=0000000000000001 r13=ffffe20c0247e6e0
r14=ffffd08f71ee6b30 r15=ffffe20c0247e810
iopl=0         nv up ei ng nz na po nc
cs=0010  ss=0018  ds=002b  es=002b  fs=0053  gs=002b             efl=00040286
klif+0x2d9f8:
fffff804`0a40d9f8 03ef            add     ebp,edi
rax=9b64a2117e15e81d rbx=00000000000000c4 rcx=0000000000000008
rdx=0000000000025004 rsi=ffffd08f71ee6c88 rdi=0000000000000001
rip=fffff8040a40d9fa rsp=ffffe20c0247e600 rbp=000000000000000e
 r8=000000000000000c  r9=0000000000000000 r10=fffff804032a5cd0
r11=ffffd08f71ee6c3c r12=0000000000000001 r13=ffffe20c0247e6e0
r14=ffffd08f71ee6b30 r15=ffffe20c0247e810
iopl=0         nv up ei pl nz na pe nc
cs=0010  ss=0018  ds=002b  es=002b  fs=0053  gs=002b             efl=00040202
klif+0x2d9fa:
fffff804`0a40d9fa 498b4718        mov     rax,qword ptr [r15+18h] ds:002b:ffffe20c`0247e828=81d9d9609b68093d
rax=81d9d9609b68093d rbx=00000000000000c4 rcx=0000000000000008
rdx=0000000000025004 rsi=ffffd08f71ee6c88 rdi=0000000000000001
rip=fffff8040a40d9fe rsp=ffffe20c0247e600 rbp=000000000000000e
 r8=000000000000000c  r9=0000000000000000 r10=fffff804032a5cd0
r11=ffffd08f71ee6c3c r12=0000000000000001 r13=ffffe20c0247e6e0
r14=ffffd08f71ee6b30 r15=ffffe20c0247e810
iopl=0         nv up ei pl nz na pe nc
cs=0010  ss=0018  ds=002b  es=002b  fs=0053  gs=002b             efl=00040202
klif+0x2d9fe:
fffff804`0a40d9fe 4885c0          test    rax,rax
rax=81d9d9609b68093d rbx=00000000000000c4 rcx=0000000000000008
rdx=0000000000025004 rsi=ffffd08f71ee6c88 rdi=0000000000000001
rip=fffff8040a40da01 rsp=ffffe20c0247e600 rbp=000000000000000e
 r8=000000000000000c  r9=0000000000000000 r10=fffff804032a5cd0
r11=ffffd08f71ee6c3c r12=0000000000000001 r13=ffffe20c0247e6e0
r14=ffffd08f71ee6b30 r15=ffffe20c0247e810
iopl=0         nv up ei ng nz na pe nc
cs=0010  ss=0018  ds=002b  es=002b  fs=0053  gs=002b             efl=00040282
klif+0x2da01:
fffff804`0a40da01 7414            je      klif+0x2da17 (fffff804`0a40da17) [br=0]
rax=81d9d9609b68093d rbx=00000000000000c4 rcx=0000000000000008
rdx=0000000000025004 rsi=ffffd08f71ee6c88 rdi=0000000000000001
rip=fffff8040a40da03 rsp=ffffe20c0247e600 rbp=000000000000000e
 r8=000000000000000c  r9=0000000000000000 r10=fffff804032a5cd0
r11=ffffd08f71ee6c3c r12=0000000000000001 r13=ffffe20c0247e6e0
r14=ffffd08f71ee6b30 r15=ffffe20c0247e810
iopl=0         nv up ei ng nz na pe nc
cs=0010  ss=0018  ds=002b  es=002b  fs=0053  gs=002b             efl=00040282
klif+0x2da03:
fffff804`0a40da03 48c74604ba030000 mov     qword ptr [rsi+4],3BAh ds:002b:ffffd08f`71ee6c8c=0041005500540052
rax=81d9d9609b68093d rbx=00000000000000c4 rcx=0000000000000008
rdx=0000000000025004 rsi=ffffd08f71ee6c88 rdi=0000000000000001
rip=fffff8040a40da0b rsp=ffffe20c0247e600 rbp=000000000000000e
 r8=000000000000000c  r9=0000000000000000 r10=fffff804032a5cd0
r11=ffffd08f71ee6c3c r12=0000000000000001 r13=ffffe20c0247e6e0
r14=ffffd08f71ee6b30 r15=ffffe20c0247e810
iopl=0         nv up ei ng nz na pe nc
cs=0010  ss=0018  ds=002b  es=002b  fs=0053  gs=002b             efl=00040282
klif+0x2da0b:
fffff804`0a40da0b 890e            mov     dword ptr [rsi],ecx ds:002b:ffffd08f`71ee6c88=00490056
rax=81d9d9609b68093d rbx=00000000000000c4 rcx=0000000000000008
rdx=0000000000025004 rsi=ffffd08f71ee6c88 rdi=0000000000000001
rip=fffff8040a40da0d rsp=ffffe20c0247e600 rbp=000000000000000e
 r8=000000000000000c  r9=0000000000000000 r10=fffff804032a5cd0
r11=ffffd08f71ee6c3c r12=0000000000000001 r13=ffffe20c0247e6e0
r14=ffffd08f71ee6b30 r15=ffffe20c0247e810
iopl=0         nv up ei ng nz na pe nc
cs=0010  ss=0018  ds=002b  es=002b  fs=0053  gs=002b             efl=00040282
klif+0x2da0d:
fffff804`0a40da0d 4889460c        mov     qword ptr [rsi+0Ch],rax ds:002b:ffffd08f`71ee6c94=005c004e005f004c
rax=81d9d9609b68093d rbx=00000000000000c4 rcx=0000000000000008
rdx=0000000000025004 rsi=ffffd08f71ee6c88 rdi=0000000000000001
rip=fffff8040a40da11 rsp=ffffe20c0247e600 rbp=000000000000000e
 r8=000000000000000c  r9=0000000000000000 r10=fffff804032a5cd0
r11=ffffd08f71ee6c3c r12=0000000000000001 r13=ffffe20c0247e6e0
r14=ffffd08f71ee6b30 r15=ffffe20c0247e810
iopl=0         nv up ei ng nz na pe nc
cs=0010  ss=0018  ds=002b  es=002b  fs=0053  gs=002b             efl=00040282
klif+0x2da11:
fffff804`0a40da11 4883c614        add     rsi,14h
rax=81d9d9609b68093d rbx=00000000000000c4 rcx=0000000000000008
rdx=0000000000025004 rsi=ffffd08f71ee6c9c rdi=0000000000000001
rip=fffff8040a40da15 rsp=ffffe20c0247e600 rbp=000000000000000e
 r8=000000000000000c  r9=0000000000000000 r10=fffff804032a5cd0
r11=ffffd08f71ee6c3c r12=0000000000000001 r13=ffffe20c0247e6e0
r14=ffffd08f71ee6b30 r15=ffffe20c0247e810
iopl=0         nv up ei ng nz na po nc
cs=0010  ss=0018  ds=002b  es=002b  fs=0053  gs=002b             efl=00040286
klif+0x2da15:
fffff804`0a40da15 03ef            add     ebp,edi
rax=81d9d9609b68093d rbx=00000000000000c4 rcx=0000000000000008
rdx=0000000000025004 rsi=ffffd08f71ee6c9c rdi=0000000000000001
rip=fffff8040a40da17 rsp=ffffe20c0247e600 rbp=000000000000000f
 r8=000000000000000c  r9=0000000000000000 r10=fffff804032a5cd0
r11=ffffd08f71ee6c3c r12=0000000000000001 r13=ffffe20c0247e6e0
r14=ffffd08f71ee6b30 r15=ffffe20c0247e810
iopl=0         nv up ei pl nz na po nc
cs=0010  ss=0018  ds=002b  es=002b  fs=0053  gs=002b             efl=00040206
klif+0x2da17:
fffff804`0a40da17 498b4f28        mov     rcx,qword ptr [r15+28h] ds:002b:ffffe20c`0247e838=0000000000000000
rax=81d9d9609b68093d rbx=00000000000000c4 rcx=0000000000000000
rdx=0000000000025004 rsi=ffffd08f71ee6c9c rdi=0000000000000001
rip=fffff8040a40da1b rsp=ffffe20c0247e600 rbp=000000000000000f
 r8=000000000000000c  r9=0000000000000000 r10=fffff804032a5cd0
r11=ffffd08f71ee6c3c r12=0000000000000001 r13=ffffe20c0247e6e0
r14=ffffd08f71ee6b30 r15=ffffe20c0247e810
iopl=0         nv up ei pl nz na po nc
cs=0010  ss=0018  ds=002b  es=002b  fs=0053  gs=002b             efl=00040206
klif+0x2da1b:
fffff804`0a40da1b 4885c9          test    rcx,rcx
rax=81d9d9609b68093d rbx=00000000000000c4 rcx=0000000000000000
rdx=0000000000025004 rsi=ffffd08f71ee6c9c rdi=0000000000000001
rip=fffff8040a40da1e rsp=ffffe20c0247e600 rbp=000000000000000f
 r8=000000000000000c  r9=0000000000000000 r10=fffff804032a5cd0
r11=ffffd08f71ee6c3c r12=0000000000000001 r13=ffffe20c0247e6e0
r14=ffffd08f71ee6b30 r15=ffffe20c0247e810
iopl=0         nv up ei pl zr na po nc
cs=0010  ss=0018  ds=002b  es=002b  fs=0053  gs=002b             efl=00040246
klif+0x2da1e:
fffff804`0a40da1e 7439            je      klif+0x2da59 (fffff804`0a40da59) [br=1]
rax=81d9d9609b68093d rbx=00000000000000c4 rcx=0000000000000000
rdx=0000000000025004 rsi=ffffd08f71ee6c9c rdi=0000000000000001
rip=fffff8040a40da59 rsp=ffffe20c0247e600 rbp=000000000000000f
 r8=000000000000000c  r9=0000000000000000 r10=fffff804032a5cd0
r11=ffffd08f71ee6c3c r12=0000000000000001 r13=ffffe20c0247e6e0
r14=ffffd08f71ee6b30 r15=ffffe20c0247e810
iopl=0         nv up ei pl zr na po nc
cs=0010  ss=0018  ds=002b  es=002b  fs=0053  gs=002b             efl=00040246
klif+0x2da59:
fffff804`0a40da59 498b4f30        mov     rcx,qword ptr [r15+30h] ds:002b:ffffe20c`0247e840=ffffa98758fd9a60
rax=81d9d9609b68093d rbx=00000000000000c4 rcx=ffffa98758fd9a60
rdx=0000000000025004 rsi=ffffd08f71ee6c9c rdi=0000000000000001
rip=fffff8040a40da5d rsp=ffffe20c0247e600 rbp=000000000000000f
 r8=000000000000000c  r9=0000000000000000 r10=fffff804032a5cd0
r11=ffffd08f71ee6c3c r12=0000000000000001 r13=ffffe20c0247e6e0
r14=ffffd08f71ee6b30 r15=ffffe20c0247e810
iopl=0         nv up ei pl zr na po nc
cs=0010  ss=0018  ds=002b  es=002b  fs=0053  gs=002b             efl=00040246
klif+0x2da5d:
fffff804`0a40da5d 4885c9          test    rcx,rcx
rax=81d9d9609b68093d rbx=00000000000000c4 rcx=ffffa98758fd9a60
rdx=0000000000025004 rsi=ffffd08f71ee6c9c rdi=0000000000000001
rip=fffff8040a40da60 rsp=ffffe20c0247e600 rbp=000000000000000f
 r8=000000000000000c  r9=0000000000000000 r10=fffff804032a5cd0
r11=ffffd08f71ee6c3c r12=0000000000000001 r13=ffffe20c0247e6e0
r14=ffffd08f71ee6b30 r15=ffffe20c0247e810
iopl=0         nv up ei ng nz na po nc
cs=0010  ss=0018  ds=002b  es=002b  fs=0053  gs=002b             efl=00040286
klif+0x2da60:
fffff804`0a40da60 7457            je      klif+0x2dab9 (fffff804`0a40dab9) [br=0]
rax=81d9d9609b68093d rbx=00000000000000c4 rcx=ffffa98758fd9a60
rdx=0000000000025004 rsi=ffffd08f71ee6c9c rdi=0000000000000001
rip=fffff8040a40da62 rsp=ffffe20c0247e600 rbp=000000000000000f
 r8=000000000000000c  r9=0000000000000000 r10=fffff804032a5cd0
r11=ffffd08f71ee6c3c r12=0000000000000001 r13=ffffe20c0247e6e0
r14=ffffd08f71ee6b30 r15=ffffe20c0247e810
iopl=0         nv up ei ng nz na po nc
cs=0010  ss=0018  ds=002b  es=002b  fs=0053  gs=002b             efl=00040286
klif+0x2da62:
fffff804`0a40da62 488b0557a40700  mov     rax,qword ptr [klif+0xa7ec0 (fffff804`0a487ec0)] ds:002b:fffff804`0a487ec0=fffff8040a302a10
rax=fffff8040a302a10 rbx=00000000000000c4 rcx=ffffa98758fd9a60
rdx=0000000000025004 rsi=ffffd08f71ee6c9c rdi=0000000000000001
rip=fffff8040a40da69 rsp=ffffe20c0247e600 rbp=000000000000000f
 r8=000000000000000c  r9=0000000000000000 r10=fffff804032a5cd0
r11=ffffd08f71ee6c3c r12=0000000000000001 r13=ffffe20c0247e6e0
r14=ffffd08f71ee6b30 r15=ffffe20c0247e810
iopl=0         nv up ei ng nz na po nc
cs=0010  ss=0018  ds=002b  es=002b  fs=0053  gs=002b             efl=00040286
klif+0x2da69:
fffff804`0a40da69 488b8050020000  mov     rax,qword ptr [rax+250h] ds:002b:fffff804`0a302c60=fffff8040a2ac630
rax=fffff8040a2ac630 rbx=00000000000000c4 rcx=ffffa98758fd9a60
rdx=0000000000025004 rsi=ffffd08f71ee6c9c rdi=0000000000000001
rip=fffff8040a40da70 rsp=ffffe20c0247e600 rbp=000000000000000f
 r8=000000000000000c  r9=0000000000000000 r10=fffff804032a5cd0
r11=ffffd08f71ee6c3c r12=0000000000000001 r13=ffffe20c0247e6e0
r14=ffffd08f71ee6b30 r15=ffffe20c0247e810
iopl=0         nv up ei ng nz na po nc
cs=0010  ss=0018  ds=002b  es=002b  fs=0053  gs=002b             efl=00040286
klif+0x2da70:
fffff804`0a40da70 ff1502620600    call    qword ptr [klif+0x93c78 (fffff804`0a473c78)] ds:002b:fffff804`0a473c78=fffff8040a46d420
rax=ffffa98758fd9a70 rbx=00000000000000c4 rcx=ffffa98758fd9a60
rdx=0000000000025004 rsi=ffffd08f71ee6c9c rdi=0000000000000001
rip=fffff8040a40da76 rsp=ffffe20c0247e600 rbp=000000000000000f
 r8=000000000000000c  r9=0000000000000000 r10=fffff804032a5cd0
r11=ffffd08f71ee6c3c r12=0000000000000001 r13=ffffe20c0247e6e0
r14=ffffd08f71ee6b30 r15=ffffe20c0247e810
iopl=0         nv up ei pl zr na po nc
cs=0010  ss=0018  ds=002b  es=002b  fs=0053  gs=002b             efl=00040246
klif+0x2da76:
fffff804`0a40da76 488b0d43a40700  mov     rcx,qword ptr [klif+0xa7ec0 (fffff804`0a487ec0)] ds:002b:fffff804`0a487ec0=fffff8040a302a10
rax=ffffa98758fd9a70 rbx=00000000000000c4 rcx=fffff8040a302a10
rdx=0000000000025004 rsi=ffffd08f71ee6c9c rdi=0000000000000001
rip=fffff8040a40da7d rsp=ffffe20c0247e600 rbp=000000000000000f
 r8=000000000000000c  r9=0000000000000000 r10=fffff804032a5cd0
r11=ffffd08f71ee6c3c r12=0000000000000001 r13=ffffe20c0247e6e0
r14=ffffd08f71ee6b30 r15=ffffe20c0247e810
iopl=0         nv up ei pl zr na po nc
cs=0010  ss=0018  ds=002b  es=002b  fs=0053  gs=002b             efl=00040246
klif+0x2da7d:
fffff804`0a40da7d 488bf8          mov     rdi,rax
rax=ffffa98758fd9a70 rbx=00000000000000c4 rcx=fffff8040a302a10
rdx=0000000000025004 rsi=ffffd08f71ee6c9c rdi=ffffa98758fd9a70
rip=fffff8040a40da80 rsp=ffffe20c0247e600 rbp=000000000000000f
 r8=000000000000000c  r9=0000000000000000 r10=fffff804032a5cd0
r11=ffffd08f71ee6c3c r12=0000000000000001 r13=ffffe20c0247e6e0
r14=ffffd08f71ee6b30 r15=ffffe20c0247e810
iopl=0         nv up ei pl zr na po nc
cs=0010  ss=0018  ds=002b  es=002b  fs=0053  gs=002b             efl=00040246
klif+0x2da80:
fffff804`0a40da80 488b8158020000  mov     rax,qword ptr [rcx+258h] ds:002b:fffff804`0a302c68=fffff8040a2ac640
rax=fffff8040a2ac640 rbx=00000000000000c4 rcx=fffff8040a302a10
rdx=0000000000025004 rsi=ffffd08f71ee6c9c rdi=ffffa98758fd9a70
rip=fffff8040a40da87 rsp=ffffe20c0247e600 rbp=000000000000000f
 r8=000000000000000c  r9=0000000000000000 r10=fffff804032a5cd0
r11=ffffd08f71ee6c3c r12=0000000000000001 r13=ffffe20c0247e6e0
r14=ffffd08f71ee6b30 r15=ffffe20c0247e810
iopl=0         nv up ei pl zr na po nc
cs=0010  ss=0018  ds=002b  es=002b  fs=0053  gs=002b             efl=00040246
klif+0x2da87:
fffff804`0a40da87 498b4f30        mov     rcx,qword ptr [r15+30h] ds:002b:ffffe20c`0247e840=ffffa98758fd9a60
rax=fffff8040a2ac640 rbx=00000000000000c4 rcx=ffffa98758fd9a60
rdx=0000000000025004 rsi=ffffd08f71ee6c9c rdi=ffffa98758fd9a70
rip=fffff8040a40da8b rsp=ffffe20c0247e600 rbp=000000000000000f
 r8=000000000000000c  r9=0000000000000000 r10=fffff804032a5cd0
r11=ffffd08f71ee6c3c r12=0000000000000001 r13=ffffe20c0247e6e0
r14=ffffd08f71ee6b30 r15=ffffe20c0247e810
iopl=0         nv up ei pl zr na po nc
cs=0010  ss=0018  ds=002b  es=002b  fs=0053  gs=002b             efl=00040246
klif+0x2da8b:
fffff804`0a40da8b ff15e7610600    call    qword ptr [klif+0x93c78 (fffff804`0a473c78)] ds:002b:fffff804`0a473c78=fffff8040a46d420
rax=0000000000000021 rbx=00000000000000c4 rcx=ffffa98758fd9a60
rdx=0000000000025004 rsi=ffffd08f71ee6c9c rdi=ffffa98758fd9a70
rip=fffff8040a40da91 rsp=ffffe20c0247e600 rbp=000000000000000f
 r8=000000000000000c  r9=0000000000000000 r10=fffff804032a5cd0
r11=ffffd08f71ee6c3c r12=0000000000000001 r13=ffffe20c0247e6e0
r14=ffffd08f71ee6b30 r15=ffffe20c0247e810
iopl=0         nv up ei pl zr na po nc
cs=0010  ss=0018  ds=002b  es=002b  fs=0053  gs=002b             efl=00040246
klif+0x2da91:
fffff804`0a40da91 488d4e0c        lea     rcx,[rsi+0Ch]
rax=0000000000000021 rbx=00000000000000c4 rcx=ffffd08f71ee6ca8
rdx=0000000000025004 rsi=ffffd08f71ee6c9c rdi=ffffa98758fd9a70
rip=fffff8040a40da95 rsp=ffffe20c0247e600 rbp=000000000000000f
 r8=000000000000000c  r9=0000000000000000 r10=fffff804032a5cd0
r11=ffffd08f71ee6c3c r12=0000000000000001 r13=ffffe20c0247e6e0
r14=ffffd08f71ee6b30 r15=ffffe20c0247e810
iopl=0         nv up ei pl zr na po nc
cs=0010  ss=0018  ds=002b  es=002b  fs=0053  gs=002b             efl=00040246
klif+0x2da95:
fffff804`0a40da95 48c7460431060000 mov     qword ptr [rsi+4],631h ds:002b:ffffd08f`71ee6ca0=0031004100350032
rax=0000000000000021 rbx=00000000000000c4 rcx=ffffd08f71ee6ca8
rdx=0000000000025004 rsi=ffffd08f71ee6c9c rdi=ffffa98758fd9a70
rip=fffff8040a40da9d rsp=ffffe20c0247e600 rbp=000000000000000f
 r8=000000000000000c  r9=0000000000000000 r10=fffff804032a5cd0
r11=ffffd08f71ee6c3c r12=0000000000000001 r13=ffffe20c0247e6e0
r14=ffffd08f71ee6b30 r15=ffffe20c0247e810
iopl=0         nv up ei pl zr na po nc
cs=0010  ss=0018  ds=002b  es=002b  fs=0053  gs=002b             efl=00040246
klif+0x2da9d:
fffff804`0a40da9d 8bd8            mov     ebx,eax
rax=0000000000000021 rbx=0000000000000021 rcx=ffffd08f71ee6ca8
rdx=0000000000025004 rsi=ffffd08f71ee6c9c rdi=ffffa98758fd9a70
rip=fffff8040a40da9f rsp=ffffe20c0247e600 rbp=000000000000000f
 r8=000000000000000c  r9=0000000000000000 r10=fffff804032a5cd0
r11=ffffd08f71ee6c3c r12=0000000000000001 r13=ffffe20c0247e6e0
r14=ffffd08f71ee6b30 r15=ffffe20c0247e810
iopl=0         nv up ei pl zr na po nc
cs=0010  ss=0018  ds=002b  es=002b  fs=0053  gs=002b             efl=00040246
klif+0x2da9f:
fffff804`0a40da9f 488bd7          mov     rdx,rdi
rax=0000000000000021 rbx=0000000000000021 rcx=ffffd08f71ee6ca8
rdx=ffffa98758fd9a70 rsi=ffffd08f71ee6c9c rdi=ffffa98758fd9a70
rip=fffff8040a40daa2 rsp=ffffe20c0247e600 rbp=000000000000000f
 r8=000000000000000c  r9=0000000000000000 r10=fffff804032a5cd0
r11=ffffd08f71ee6c3c r12=0000000000000001 r13=ffffe20c0247e6e0
r14=ffffd08f71ee6b30 r15=ffffe20c0247e810
iopl=0         nv up ei pl zr na po nc
cs=0010  ss=0018  ds=002b  es=002b  fs=0053  gs=002b             efl=00040246
klif+0x2daa2:
fffff804`0a40daa2 448bc0          mov     r8d,eax
rax=0000000000000021 rbx=0000000000000021 rcx=ffffd08f71ee6ca8
rdx=ffffa98758fd9a70 rsi=ffffd08f71ee6c9c rdi=ffffa98758fd9a70
rip=fffff8040a40daa5 rsp=ffffe20c0247e600 rbp=000000000000000f
 r8=0000000000000021  r9=0000000000000000 r10=fffff804032a5cd0
r11=ffffd08f71ee6c3c r12=0000000000000001 r13=ffffe20c0247e6e0
r14=ffffd08f71ee6b30 r15=ffffe20c0247e810
iopl=0         nv up ei pl zr na po nc
cs=0010  ss=0018  ds=002b  es=002b  fs=0053  gs=002b             efl=00040246
klif+0x2daa5:
fffff804`0a40daa5 891e            mov     dword ptr [rsi],ebx ds:002b:ffffd08f`71ee6c9c=00260035
rax=0000000000000021 rbx=0000000000000021 rcx=ffffd08f71ee6ca8
rdx=ffffa98758fd9a70 rsi=ffffd08f71ee6c9c rdi=ffffa98758fd9a70
rip=fffff8040a40daa7 rsp=ffffe20c0247e600 rbp=000000000000000f
 r8=0000000000000021  r9=0000000000000000 r10=fffff804032a5cd0
r11=ffffd08f71ee6c3c r12=0000000000000001 r13=ffffe20c0247e6e0
r14=ffffd08f71ee6b30 r15=ffffe20c0247e810
iopl=0         nv up ei pl zr na po nc
cs=0010  ss=0018  ds=002b  es=002b  fs=0053  gs=002b             efl=00040246
klif+0x2daa7:
fffff804`0a40daa7 e8d4fb0500      call    klif+0x8d680 (fffff804`0a46d680)
rax=ffffd08f71ee6ca8 rbx=0000000000000021 rcx=ffffd08f71ee6cc0
rdx=ffffd8f7e70f2dc8 rsi=ffffd08f71ee6c9c rdi=ffffa98758fd9a70
rip=fffff8040a40daac rsp=ffffe20c0247e600 rbp=000000000000000f
 r8=0000000000000009  r9=0000000000000000 r10=fffff804032a5cd0
r11=ffffd08f71ee6cb9 r12=0000000000000001 r13=ffffe20c0247e6e0
r14=ffffd08f71ee6b30 r15=ffffe20c0247e810
iopl=0         nv up ei pl nz na po nc
cs=0010  ss=0018  ds=002b  es=002b  fs=0053  gs=002b             efl=00040206
klif+0x2daac:
fffff804`0a40daac 8d4b0c          lea     ecx,[rbx+0Ch]
rax=ffffd08f71ee6ca8 rbx=0000000000000021 rcx=000000000000002d
rdx=ffffd8f7e70f2dc8 rsi=ffffd08f71ee6c9c rdi=ffffa98758fd9a70
rip=fffff8040a40daaf rsp=ffffe20c0247e600 rbp=000000000000000f
 r8=0000000000000009  r9=0000000000000000 r10=fffff804032a5cd0
r11=ffffd08f71ee6cb9 r12=0000000000000001 r13=ffffe20c0247e6e0
r14=ffffd08f71ee6b30 r15=ffffe20c0247e810
iopl=0         nv up ei pl nz na po nc
cs=0010  ss=0018  ds=002b  es=002b  fs=0053  gs=002b             efl=00040206
klif+0x2daaf:
fffff804`0a40daaf bf01000000      mov     edi,1
rax=ffffd08f71ee6ca8 rbx=0000000000000021 rcx=000000000000002d
rdx=ffffd8f7e70f2dc8 rsi=ffffd08f71ee6c9c rdi=0000000000000001
rip=fffff8040a40dab4 rsp=ffffe20c0247e600 rbp=000000000000000f
 r8=0000000000000009  r9=0000000000000000 r10=fffff804032a5cd0
r11=ffffd08f71ee6cb9 r12=0000000000000001 r13=ffffe20c0247e6e0
r14=ffffd08f71ee6b30 r15=ffffe20c0247e810
iopl=0         nv up ei pl nz na po nc
cs=0010  ss=0018  ds=002b  es=002b  fs=0053  gs=002b             efl=00040206
klif+0x2dab4:
fffff804`0a40dab4 4803f1          add     rsi,rcx
rax=ffffd08f71ee6ca8 rbx=0000000000000021 rcx=000000000000002d
rdx=ffffd8f7e70f2dc8 rsi=ffffd08f71ee6cc9 rdi=0000000000000001
rip=fffff8040a40dab7 rsp=ffffe20c0247e600 rbp=000000000000000f
 r8=0000000000000009  r9=0000000000000000 r10=fffff804032a5cd0
r11=ffffd08f71ee6cb9 r12=0000000000000001 r13=ffffe20c0247e6e0
r14=ffffd08f71ee6b30 r15=ffffe20c0247e810
iopl=0         nv up ei ng nz ac po nc
cs=0010  ss=0018  ds=002b  es=002b  fs=0053  gs=002b             efl=00040296
klif+0x2dab7:
fffff804`0a40dab7 03ef            add     ebp,edi
rax=ffffd08f71ee6ca8 rbx=0000000000000021 rcx=000000000000002d
rdx=ffffd8f7e70f2dc8 rsi=ffffd08f71ee6cc9 rdi=0000000000000001
rip=fffff8040a40dab9 rsp=ffffe20c0247e600 rbp=0000000000000010
 r8=0000000000000009  r9=0000000000000000 r10=fffff804032a5cd0
r11=ffffd08f71ee6cb9 r12=0000000000000001 r13=ffffe20c0247e6e0
r14=ffffd08f71ee6b30 r15=ffffe20c0247e810
iopl=0         nv up ei pl nz ac pe nc
cs=0010  ss=0018  ds=002b  es=002b  fs=0053  gs=002b             efl=00040212
klif+0x2dab9:
fffff804`0a40dab9 498b4f38        mov     rcx,qword ptr [r15+38h] ds:002b:ffffe20c`0247e848=0000000000000000
rax=ffffd08f71ee6ca8 rbx=0000000000000021 rcx=0000000000000000
rdx=ffffd8f7e70f2dc8 rsi=ffffd08f71ee6cc9 rdi=0000000000000001
rip=fffff8040a40dabd rsp=ffffe20c0247e600 rbp=0000000000000010
 r8=0000000000000009  r9=0000000000000000 r10=fffff804032a5cd0
r11=ffffd08f71ee6cb9 r12=0000000000000001 r13=ffffe20c0247e6e0
r14=ffffd08f71ee6b30 r15=ffffe20c0247e810
iopl=0         nv up ei pl nz ac pe nc
cs=0010  ss=0018  ds=002b  es=002b  fs=0053  gs=002b             efl=00040212
klif+0x2dabd:
fffff804`0a40dabd 4885c9          test    rcx,rcx
rax=ffffd08f71ee6ca8 rbx=0000000000000021 rcx=0000000000000000
rdx=ffffd8f7e70f2dc8 rsi=ffffd08f71ee6cc9 rdi=0000000000000001
rip=fffff8040a40dac0 rsp=ffffe20c0247e600 rbp=0000000000000010
 r8=0000000000000009  r9=0000000000000000 r10=fffff804032a5cd0
r11=ffffd08f71ee6cb9 r12=0000000000000001 r13=ffffe20c0247e6e0
r14=ffffd08f71ee6b30 r15=ffffe20c0247e810
iopl=0         nv up ei pl zr na po nc
cs=0010  ss=0018  ds=002b  es=002b  fs=0053  gs=002b             efl=00040246
klif+0x2dac0:
fffff804`0a40dac0 743e            je      klif+0x2db00 (fffff804`0a40db00) [br=1]
rax=ffffd08f71ee6ca8 rbx=0000000000000021 rcx=0000000000000000
rdx=ffffd8f7e70f2dc8 rsi=ffffd08f71ee6cc9 rdi=0000000000000001
rip=fffff8040a40db00 rsp=ffffe20c0247e600 rbp=0000000000000010
 r8=0000000000000009  r9=0000000000000000 r10=fffff804032a5cd0
r11=ffffd08f71ee6cb9 r12=0000000000000001 r13=ffffe20c0247e6e0
r14=ffffd08f71ee6b30 r15=ffffe20c0247e810
iopl=0         nv up ei pl zr na po nc
cs=0010  ss=0018  ds=002b  es=002b  fs=0053  gs=002b             efl=00040246
klif+0x2db00:
fffff804`0a40db00 498b4720        mov     rax,qword ptr [r15+20h] ds:002b:ffffe20c`0247e830=01d9d960bc2100ed
rax=01d9d960bc2100ed rbx=0000000000000021 rcx=0000000000000000
rdx=ffffd8f7e70f2dc8 rsi=ffffd08f71ee6cc9 rdi=0000000000000001
rip=fffff8040a40db04 rsp=ffffe20c0247e600 rbp=0000000000000010
 r8=0000000000000009  r9=0000000000000000 r10=fffff804032a5cd0
r11=ffffd08f71ee6cb9 r12=0000000000000001 r13=ffffe20c0247e6e0
r14=ffffd08f71ee6b30 r15=ffffe20c0247e810
iopl=0         nv up ei pl zr na po nc
cs=0010  ss=0018  ds=002b  es=002b  fs=0053  gs=002b             efl=00040246
klif+0x2db04:
fffff804`0a40db04 4889460c        mov     qword ptr [rsi+0Ch],rax ds:002b:ffffd08f`71ee6cd5=0000000000000081
rax=01d9d960bc2100ed rbx=0000000000000021 rcx=0000000000000000
rdx=ffffd8f7e70f2dc8 rsi=ffffd08f71ee6cc9 rdi=0000000000000001
rip=fffff8040a40db08 rsp=ffffe20c0247e600 rbp=0000000000000010
 r8=0000000000000009  r9=0000000000000000 r10=fffff804032a5cd0
r11=ffffd08f71ee6cb9 r12=0000000000000001 r13=ffffe20c0247e6e0
r14=ffffd08f71ee6b30 r15=ffffe20c0247e810
iopl=0         nv up ei pl zr na po nc
cs=0010  ss=0018  ds=002b  es=002b  fs=0053  gs=002b             efl=00040246
klif+0x2db08:
fffff804`0a40db08 8d4501          lea     eax,[rbp+1]
rax=0000000000000011 rbx=0000000000000021 rcx=0000000000000000
rdx=ffffd8f7e70f2dc8 rsi=ffffd08f71ee6cc9 rdi=0000000000000001
rip=fffff8040a40db0b rsp=ffffe20c0247e600 rbp=0000000000000010
 r8=0000000000000009  r9=0000000000000000 r10=fffff804032a5cd0
r11=ffffd08f71ee6cb9 r12=0000000000000001 r13=ffffe20c0247e6e0
r14=ffffd08f71ee6b30 r15=ffffe20c0247e810
iopl=0         nv up ei pl zr na po nc
cs=0010  ss=0018  ds=002b  es=002b  fs=0053  gs=002b             efl=00040246
klif+0x2db0b:
fffff804`0a40db0b 48c74604bd030000 mov     qword ptr [rsi+4],3BDh ds:002b:ffffd08f`71ee6ccd=0000000101000000
rax=0000000000000011 rbx=0000000000000021 rcx=0000000000000000
rdx=ffffd8f7e70f2dc8 rsi=ffffd08f71ee6cc9 rdi=0000000000000001
rip=fffff8040a40db13 rsp=ffffe20c0247e600 rbp=0000000000000010
 r8=0000000000000009  r9=0000000000000000 r10=fffff804032a5cd0
r11=ffffd08f71ee6cb9 r12=0000000000000001 r13=ffffe20c0247e6e0
r14=ffffd08f71ee6b30 r15=ffffe20c0247e810
iopl=0         nv up ei pl zr na po nc
cs=0010  ss=0018  ds=002b  es=002b  fs=0053  gs=002b             efl=00040246
klif+0x2db13:
fffff804`0a40db13 c70608000000    mov     dword ptr [rsi],8 ds:002b:ffffd08f`71ee6cc9=00000000
rax=0000000000000011 rbx=0000000000000021 rcx=0000000000000000
rdx=ffffd8f7e70f2dc8 rsi=ffffd08f71ee6cc9 rdi=0000000000000001
rip=fffff8040a40db19 rsp=ffffe20c0247e600 rbp=0000000000000010
 r8=0000000000000009  r9=0000000000000000 r10=fffff804032a5cd0
r11=ffffd08f71ee6cb9 r12=0000000000000001 r13=ffffe20c0247e6e0
r14=ffffd08f71ee6b30 r15=ffffe20c0247e810
iopl=0         nv up ei pl zr na po nc
cs=0010  ss=0018  ds=002b  es=002b  fs=0053  gs=002b             efl=00040246
klif+0x2db19:
fffff804`0a40db19 4883c614        add     rsi,14h
rax=0000000000000011 rbx=0000000000000021 rcx=0000000000000000
rdx=ffffd8f7e70f2dc8 rsi=ffffd08f71ee6cdd rdi=0000000000000001
rip=fffff8040a40db1d rsp=ffffe20c0247e600 rbp=0000000000000010
 r8=0000000000000009  r9=0000000000000000 r10=fffff804032a5cd0
r11=ffffd08f71ee6cb9 r12=0000000000000001 r13=ffffe20c0247e6e0
r14=ffffd08f71ee6b30 r15=ffffe20c0247e810
iopl=0         nv up ei ng nz na po nc
cs=0010  ss=0018  ds=002b  es=002b  fs=0053  gs=002b             efl=00040286
klif+0x2db1d:
fffff804`0a40db1d 41894630        mov     dword ptr [r14+30h],eax ds:002b:ffffd08f`71ee6b60=00000000
rax=0000000000000011 rbx=0000000000000021 rcx=0000000000000000
rdx=ffffd8f7e70f2dc8 rsi=ffffd08f71ee6cdd rdi=0000000000000001
rip=fffff8040a40db21 rsp=ffffe20c0247e600 rbp=0000000000000010
 r8=0000000000000009  r9=0000000000000000 r10=fffff804032a5cd0
r11=ffffd08f71ee6cb9 r12=0000000000000001 r13=ffffe20c0247e6e0
r14=ffffd08f71ee6b30 r15=ffffe20c0247e810
iopl=0         nv up ei ng nz na po nc
cs=0010  ss=0018  ds=002b  es=002b  fs=0053  gs=002b             efl=00040286
klif+0x2db21:
fffff804`0a40db21 4584e4          test    r12b,r12b
rax=0000000000000011 rbx=0000000000000021 rcx=0000000000000000
rdx=ffffd8f7e70f2dc8 rsi=ffffd08f71ee6cdd rdi=0000000000000001
rip=fffff8040a40db24 rsp=ffffe20c0247e600 rbp=0000000000000010
 r8=0000000000000009  r9=0000000000000000 r10=fffff804032a5cd0
r11=ffffd08f71ee6cb9 r12=0000000000000001 r13=ffffe20c0247e6e0
r14=ffffd08f71ee6b30 r15=ffffe20c0247e810
iopl=0         nv up ei pl nz na pe nc
cs=0010  ss=0018  ds=002b  es=002b  fs=0053  gs=002b             efl=00040202
klif+0x2db24:
fffff804`0a40db24 745a            je      klif+0x2db80 (fffff804`0a40db80) [br=0]
rax=0000000000000011 rbx=0000000000000021 rcx=0000000000000000
rdx=ffffd8f7e70f2dc8 rsi=ffffd08f71ee6cdd rdi=0000000000000001
rip=fffff8040a40db26 rsp=ffffe20c0247e600 rbp=0000000000000010
 r8=0000000000000009  r9=0000000000000000 r10=fffff804032a5cd0
r11=ffffd08f71ee6cb9 r12=0000000000000001 r13=ffffe20c0247e6e0
r14=ffffd08f71ee6b30 r15=ffffe20c0247e810
iopl=0         nv up ei pl nz na pe nc
cs=0010  ss=0018  ds=002b  es=002b  fs=0053  gs=002b             efl=00040202
klif+0x2db26:
fffff804`0a40db26 498b4f40        mov     rcx,qword ptr [r15+40h] ds:002b:ffffe20c`0247e850=ffffd08f71744cf0
rax=0000000000000011 rbx=0000000000000021 rcx=ffffd08f71744cf0
rdx=ffffd8f7e70f2dc8 rsi=ffffd08f71ee6cdd rdi=0000000000000001
rip=fffff8040a40db2a rsp=ffffe20c0247e600 rbp=0000000000000010
 r8=0000000000000009  r9=0000000000000000 r10=fffff804032a5cd0
r11=ffffd08f71ee6cb9 r12=0000000000000001 r13=ffffe20c0247e6e0
r14=ffffd08f71ee6b30 r15=ffffe20c0247e810
iopl=0         nv up ei pl nz na pe nc
cs=0010  ss=0018  ds=002b  es=002b  fs=0053  gs=002b             efl=00040202
klif+0x2db2a:
fffff804`0a40db2a 4885c9          test    rcx,rcx
rax=0000000000000011 rbx=0000000000000021 rcx=ffffd08f71744cf0
rdx=ffffd8f7e70f2dc8 rsi=ffffd08f71ee6cdd rdi=0000000000000001
rip=fffff8040a40db2d rsp=ffffe20c0247e600 rbp=0000000000000010
 r8=0000000000000009  r9=0000000000000000 r10=fffff804032a5cd0
r11=ffffd08f71ee6cb9 r12=0000000000000001 r13=ffffe20c0247e6e0
r14=ffffd08f71ee6b30 r15=ffffe20c0247e810
iopl=0         nv up ei ng nz na po nc
cs=0010  ss=0018  ds=002b  es=002b  fs=0053  gs=002b             efl=00040286
klif+0x2db2d:
fffff804`0a40db2d 7451            je      klif+0x2db80 (fffff804`0a40db80) [br=0]
rax=0000000000000011 rbx=0000000000000021 rcx=ffffd08f71744cf0
rdx=ffffd8f7e70f2dc8 rsi=ffffd08f71ee6cdd rdi=0000000000000001
rip=fffff8040a40db2f rsp=ffffe20c0247e600 rbp=0000000000000010
 r8=0000000000000009  r9=0000000000000000 r10=fffff804032a5cd0
r11=ffffd08f71ee6cb9 r12=0000000000000001 r13=ffffe20c0247e6e0
r14=ffffd08f71ee6b30 r15=ffffe20c0247e810
iopl=0         nv up ei ng nz na po nc
cs=0010  ss=0018  ds=002b  es=002b  fs=0053  gs=002b             efl=00040286
klif+0x2db2f:
fffff804`0a40db2f 488b058aa30700  mov     rax,qword ptr [klif+0xa7ec0 (fffff804`0a487ec0)] ds:002b:fffff804`0a487ec0=fffff8040a302a10
rax=fffff8040a302a10 rbx=0000000000000021 rcx=ffffd08f71744cf0
rdx=ffffd8f7e70f2dc8 rsi=ffffd08f71ee6cdd rdi=0000000000000001
rip=fffff8040a40db36 rsp=ffffe20c0247e600 rbp=0000000000000010
 r8=0000000000000009  r9=0000000000000000 r10=fffff804032a5cd0
r11=ffffd08f71ee6cb9 r12=0000000000000001 r13=ffffe20c0247e6e0
r14=ffffd08f71ee6b30 r15=ffffe20c0247e810
iopl=0         nv up ei ng nz na po nc
cs=0010  ss=0018  ds=002b  es=002b  fs=0053  gs=002b             efl=00040286
klif+0x2db36:
fffff804`0a40db36 488b8058020000  mov     rax,qword ptr [rax+258h] ds:002b:fffff804`0a302c68=fffff8040a2ac640
rax=fffff8040a2ac640 rbx=0000000000000021 rcx=ffffd08f71744cf0
rdx=ffffd8f7e70f2dc8 rsi=ffffd08f71ee6cdd rdi=0000000000000001
rip=fffff8040a40db3d rsp=ffffe20c0247e600 rbp=0000000000000010
 r8=0000000000000009  r9=0000000000000000 r10=fffff804032a5cd0
r11=ffffd08f71ee6cb9 r12=0000000000000001 r13=ffffe20c0247e6e0
r14=ffffd08f71ee6b30 r15=ffffe20c0247e810
iopl=0         nv up ei ng nz na po nc
cs=0010  ss=0018  ds=002b  es=002b  fs=0053  gs=002b             efl=00040286
klif+0x2db3d:
fffff804`0a40db3d ff1535610600    call    qword ptr [klif+0x93c78 (fffff804`0a473c78)] ds:002b:fffff804`0a473c78=fffff8040a46d420
rax=00000000000001a0 rbx=0000000000000021 rcx=ffffd08f71744cf0
rdx=ffffd8f7e70f2dc8 rsi=ffffd08f71ee6cdd rdi=0000000000000001
rip=fffff8040a40db43 rsp=ffffe20c0247e600 rbp=0000000000000010
 r8=0000000000000009  r9=0000000000000000 r10=fffff804032a5cd0
r11=ffffd08f71ee6cb9 r12=0000000000000001 r13=ffffe20c0247e6e0
r14=ffffd08f71ee6b30 r15=ffffe20c0247e810
iopl=0         nv up ei ng nz na po nc
cs=0010  ss=0018  ds=002b  es=002b  fs=0053  gs=002b             efl=00040286
klif+0x2db43:
fffff804`0a40db43 488b0d76a30700  mov     rcx,qword ptr [klif+0xa7ec0 (fffff804`0a487ec0)] ds:002b:fffff804`0a487ec0=fffff8040a302a10
rax=00000000000001a0 rbx=0000000000000021 rcx=fffff8040a302a10
rdx=ffffd8f7e70f2dc8 rsi=ffffd08f71ee6cdd rdi=0000000000000001
rip=fffff8040a40db4a rsp=ffffe20c0247e600 rbp=0000000000000010
 r8=0000000000000009  r9=0000000000000000 r10=fffff804032a5cd0
r11=ffffd08f71ee6cb9 r12=0000000000000001 r13=ffffe20c0247e6e0
r14=ffffd08f71ee6b30 r15=ffffe20c0247e810
iopl=0         nv up ei ng nz na po nc
cs=0010  ss=0018  ds=002b  es=002b  fs=0053  gs=002b             efl=00040286
klif+0x2db4a:
fffff804`0a40db4a 8bd8            mov     ebx,eax
rax=00000000000001a0 rbx=00000000000001a0 rcx=fffff8040a302a10
rdx=ffffd8f7e70f2dc8 rsi=ffffd08f71ee6cdd rdi=0000000000000001
rip=fffff8040a40db4c rsp=ffffe20c0247e600 rbp=0000000000000010
 r8=0000000000000009  r9=0000000000000000 r10=fffff804032a5cd0
r11=ffffd08f71ee6cb9 r12=0000000000000001 r13=ffffe20c0247e6e0
r14=ffffd08f71ee6b30 r15=ffffe20c0247e810
iopl=0         nv up ei ng nz na po nc
cs=0010  ss=0018  ds=002b  es=002b  fs=0053  gs=002b             efl=00040286
klif+0x2db4c:
fffff804`0a40db4c 488b8150020000  mov     rax,qword ptr [rcx+250h] ds:002b:fffff804`0a302c60=fffff8040a2ac630
rax=fffff8040a2ac630 rbx=00000000000001a0 rcx=fffff8040a302a10
rdx=ffffd8f7e70f2dc8 rsi=ffffd08f71ee6cdd rdi=0000000000000001
rip=fffff8040a40db53 rsp=ffffe20c0247e600 rbp=0000000000000010
 r8=0000000000000009  r9=0000000000000000 r10=fffff804032a5cd0
r11=ffffd08f71ee6cb9 r12=0000000000000001 r13=ffffe20c0247e6e0
r14=ffffd08f71ee6b30 r15=ffffe20c0247e810
iopl=0         nv up ei ng nz na po nc
cs=0010  ss=0018  ds=002b  es=002b  fs=0053  gs=002b             efl=00040286
klif+0x2db53:
fffff804`0a40db53 498b4f40        mov     rcx,qword ptr [r15+40h] ds:002b:ffffe20c`0247e850=ffffd08f71744cf0
rax=fffff8040a2ac630 rbx=00000000000001a0 rcx=ffffd08f71744cf0
rdx=ffffd8f7e70f2dc8 rsi=ffffd08f71ee6cdd rdi=0000000000000001
rip=fffff8040a40db57 rsp=ffffe20c0247e600 rbp=0000000000000010
 r8=0000000000000009  r9=0000000000000000 r10=fffff804032a5cd0
r11=ffffd08f71ee6cb9 r12=0000000000000001 r13=ffffe20c0247e6e0
r14=ffffd08f71ee6b30 r15=ffffe20c0247e810
iopl=0         nv up ei ng nz na po nc
cs=0010  ss=0018  ds=002b  es=002b  fs=0053  gs=002b             efl=00040286
klif+0x2db57:
fffff804`0a40db57 ff151b610600    call    qword ptr [klif+0x93c78 (fffff804`0a473c78)] ds:002b:fffff804`0a473c78=fffff8040a46d420
rax=ffffd08f722f7010 rbx=00000000000001a0 rcx=ffffd08f71744cf0
rdx=ffffd8f7e70f2dc8 rsi=ffffd08f71ee6cdd rdi=0000000000000001
rip=fffff8040a40db5d rsp=ffffe20c0247e600 rbp=0000000000000010
 r8=0000000000000009  r9=0000000000000000 r10=fffff804032a5cd0
r11=ffffd08f71ee6cb9 r12=0000000000000001 r13=ffffe20c0247e6e0
r14=ffffd08f71ee6b30 r15=ffffe20c0247e810
iopl=0         nv up ei ng nz na po nc
cs=0010  ss=0018  ds=002b  es=002b  fs=0053  gs=002b             efl=00040286
klif+0x2db5d:
fffff804`0a40db5d 448bc3          mov     r8d,ebx
rax=ffffd08f722f7010 rbx=00000000000001a0 rcx=ffffd08f71744cf0
rdx=ffffd8f7e70f2dc8 rsi=ffffd08f71ee6cdd rdi=0000000000000001
rip=fffff8040a40db60 rsp=ffffe20c0247e600 rbp=0000000000000010
 r8=00000000000001a0  r9=0000000000000000 r10=fffff804032a5cd0
r11=ffffd08f71ee6cb9 r12=0000000000000001 r13=ffffe20c0247e6e0
r14=ffffd08f71ee6b30 r15=ffffe20c0247e810
iopl=0         nv up ei ng nz na po nc
cs=0010  ss=0018  ds=002b  es=002b  fs=0053  gs=002b             efl=00040286
klif+0x2db60:
fffff804`0a40db60 48c746040c030000 mov     qword ptr [rsi+4],30Ch ds:002b:ffffd08f`71ee6ce1=0000000000007f00
rax=ffffd08f722f7010 rbx=00000000000001a0 rcx=ffffd08f71744cf0
rdx=ffffd8f7e70f2dc8 rsi=ffffd08f71ee6cdd rdi=0000000000000001
rip=fffff8040a40db68 rsp=ffffe20c0247e600 rbp=0000000000000010
 r8=00000000000001a0  r9=0000000000000000 r10=fffff804032a5cd0
r11=ffffd08f71ee6cb9 r12=0000000000000001 r13=ffffe20c0247e6e0
r14=ffffd08f71ee6b30 r15=ffffe20c0247e810
iopl=0         nv up ei ng nz na po nc
cs=0010  ss=0018  ds=002b  es=002b  fs=0053  gs=002b             efl=00040286
klif+0x2db68:
fffff804`0a40db68 488bd0          mov     rdx,rax
rax=ffffd08f722f7010 rbx=00000000000001a0 rcx=ffffd08f71744cf0
rdx=ffffd08f722f7010 rsi=ffffd08f71ee6cdd rdi=0000000000000001
rip=fffff8040a40db6b rsp=ffffe20c0247e600 rbp=0000000000000010
 r8=00000000000001a0  r9=0000000000000000 r10=fffff804032a5cd0
r11=ffffd08f71ee6cb9 r12=0000000000000001 r13=ffffe20c0247e6e0
r14=ffffd08f71ee6b30 r15=ffffe20c0247e810
iopl=0         nv up ei ng nz na po nc
cs=0010  ss=0018  ds=002b  es=002b  fs=0053  gs=002b             efl=00040286
klif+0x2db6b:
fffff804`0a40db6b 891e            mov     dword ptr [rsi],ebx ds:002b:ffffd08f`71ee6cdd=00002200
rax=ffffd08f722f7010 rbx=00000000000001a0 rcx=ffffd08f71744cf0
rdx=ffffd08f722f7010 rsi=ffffd08f71ee6cdd rdi=0000000000000001
rip=fffff8040a40db6d rsp=ffffe20c0247e600 rbp=0000000000000010
 r8=00000000000001a0  r9=0000000000000000 r10=fffff804032a5cd0
r11=ffffd08f71ee6cb9 r12=0000000000000001 r13=ffffe20c0247e6e0
r14=ffffd08f71ee6b30 r15=ffffe20c0247e810
iopl=0         nv up ei ng nz na po nc
cs=0010  ss=0018  ds=002b  es=002b  fs=0053  gs=002b             efl=00040286
klif+0x2db6d:
fffff804`0a40db6d 488d4e0c        lea     rcx,[rsi+0Ch]
rax=ffffd08f722f7010 rbx=00000000000001a0 rcx=ffffd08f71ee6ce9
rdx=ffffd08f722f7010 rsi=ffffd08f71ee6cdd rdi=0000000000000001
rip=fffff8040a40db71 rsp=ffffe20c0247e600 rbp=0000000000000010
 r8=00000000000001a0  r9=0000000000000000 r10=fffff804032a5cd0
r11=ffffd08f71ee6cb9 r12=0000000000000001 r13=ffffe20c0247e6e0
r14=ffffd08f71ee6b30 r15=ffffe20c0247e810
iopl=0         nv up ei ng nz na po nc
cs=0010  ss=0018  ds=002b  es=002b  fs=0053  gs=002b             efl=00040286
klif+0x2db71:
fffff804`0a40db71 e80afb0500      call    klif+0x8d680 (fffff804`0a46d680)
rax=ffffd08f71ee6ce9 rbx=00000000000001a0 rcx=ffffd08f71ee6e80
rdx=0000000000410327 rsi=ffffd08f71ee6cdd rdi=0000000000000001
rip=fffff8040a40db76 rsp=ffffe20c0247e600 rbp=0000000000000010
 r8=0000000000000009  r9=0000000000000000 r10=fffff804032a5cd0
r11=ffffd08f71ee6e79 r12=0000000000000001 r13=ffffe20c0247e6e0
r14=ffffd08f71ee6b30 r15=ffffe20c0247e810
iopl=0         nv up ei pl nz na po nc
cs=0010  ss=0018  ds=002b  es=002b  fs=0053  gs=002b             efl=00040206
klif+0x2db76:
fffff804`0a40db76 8d4b0c          lea     ecx,[rbx+0Ch]
rax=ffffd08f71ee6ce9 rbx=00000000000001a0 rcx=00000000000001ac
rdx=0000000000410327 rsi=ffffd08f71ee6cdd rdi=0000000000000001
rip=fffff8040a40db79 rsp=ffffe20c0247e600 rbp=0000000000000010
 r8=0000000000000009  r9=0000000000000000 r10=fffff804032a5cd0
r11=ffffd08f71ee6e79 r12=0000000000000001 r13=ffffe20c0247e6e0
r14=ffffd08f71ee6b30 r15=ffffe20c0247e810
iopl=0         nv up ei pl nz na po nc
cs=0010  ss=0018  ds=002b  es=002b  fs=0053  gs=002b             efl=00040206
klif+0x2db79:
fffff804`0a40db79 4803f1          add     rsi,rcx
rax=ffffd08f71ee6ce9 rbx=00000000000001a0 rcx=00000000000001ac
rdx=0000000000410327 rsi=ffffd08f71ee6e89 rdi=0000000000000001
rip=fffff8040a40db7c rsp=ffffe20c0247e600 rbp=0000000000000010
 r8=0000000000000009  r9=0000000000000000 r10=fffff804032a5cd0
r11=ffffd08f71ee6e79 r12=0000000000000001 r13=ffffe20c0247e6e0
r14=ffffd08f71ee6b30 r15=ffffe20c0247e810
iopl=0         nv up ei ng nz ac pe nc
cs=0010  ss=0018  ds=002b  es=002b  fs=0053  gs=002b             efl=00040292
klif+0x2db7c:
fffff804`0a40db7c 41017e30        add     dword ptr [r14+30h],edi ds:002b:ffffd08f`71ee6b60=00000011
rax=ffffd08f71ee6ce9 rbx=00000000000001a0 rcx=00000000000001ac
rdx=0000000000410327 rsi=ffffd08f71ee6e89 rdi=0000000000000001
rip=fffff8040a40db80 rsp=ffffe20c0247e600 rbp=0000000000000010
 r8=0000000000000009  r9=0000000000000000 r10=fffff804032a5cd0
r11=ffffd08f71ee6e79 r12=0000000000000001 r13=ffffe20c0247e6e0
r14=ffffd08f71ee6b30 r15=ffffe20c0247e810
iopl=0         nv up ei pl nz na po nc
cs=0010  ss=0018  ds=002b  es=002b  fs=0053  gs=002b             efl=00040206
klif+0x2db80:
fffff804`0a40db80 488b442440      mov     rax,qword ptr [rsp+40h] ss:0018:ffffe20c`0247e640=ffffffffffffffff
rax=ffffffffffffffff rbx=00000000000001a0 rcx=00000000000001ac
rdx=0000000000410327 rsi=ffffd08f71ee6e89 rdi=0000000000000001
rip=fffff8040a40db85 rsp=ffffe20c0247e600 rbp=0000000000000010
 r8=0000000000000009  r9=0000000000000000 r10=fffff804032a5cd0
r11=ffffd08f71ee6e79 r12=0000000000000001 r13=ffffe20c0247e6e0
r14=ffffd08f71ee6b30 r15=ffffe20c0247e810
iopl=0         nv up ei pl nz na po nc
cs=0010  ss=0018  ds=002b  es=002b  fs=0053  gs=002b             efl=00040206
klif+0x2db85:
fffff804`0a40db85 4883f8ff        cmp     rax,0FFFFFFFFFFFFFFFFh
rax=ffffffffffffffff rbx=00000000000001a0 rcx=00000000000001ac
rdx=0000000000410327 rsi=ffffd08f71ee6e89 rdi=0000000000000001
rip=fffff8040a40db89 rsp=ffffe20c0247e600 rbp=0000000000000010
 r8=0000000000000009  r9=0000000000000000 r10=fffff804032a5cd0
r11=ffffd08f71ee6e79 r12=0000000000000001 r13=ffffe20c0247e6e0
r14=ffffd08f71ee6b30 r15=ffffe20c0247e810
iopl=0         nv up ei pl zr na po nc
cs=0010  ss=0018  ds=002b  es=002b  fs=0053  gs=002b             efl=00040246
klif+0x2db89:
fffff804`0a40db89 7416            je      klif+0x2dba1 (fffff804`0a40dba1) [br=1]
rax=ffffffffffffffff rbx=00000000000001a0 rcx=00000000000001ac
rdx=0000000000410327 rsi=ffffd08f71ee6e89 rdi=0000000000000001
rip=fffff8040a40dba1 rsp=ffffe20c0247e600 rbp=0000000000000010
 r8=0000000000000009  r9=0000000000000000 r10=fffff804032a5cd0
r11=ffffd08f71ee6e79 r12=0000000000000001 r13=ffffe20c0247e6e0
r14=ffffd08f71ee6b30 r15=ffffe20c0247e810
iopl=0         nv up ei pl zr na po nc
cs=0010  ss=0018  ds=002b  es=002b  fs=0053  gs=002b             efl=00040246
klif+0x2dba1:
fffff804`0a40dba1 498bc6          mov     rax,r14
rax=ffffd08f71ee6b30 rbx=00000000000001a0 rcx=00000000000001ac
rdx=0000000000410327 rsi=ffffd08f71ee6e89 rdi=0000000000000001
rip=fffff8040a40dba4 rsp=ffffe20c0247e600 rbp=0000000000000010
 r8=0000000000000009  r9=0000000000000000 r10=fffff804032a5cd0
r11=ffffd08f71ee6e79 r12=0000000000000001 r13=ffffe20c0247e6e0
r14=ffffd08f71ee6b30 r15=ffffe20c0247e810
iopl=0         nv up ei pl zr na po nc
cs=0010  ss=0018  ds=002b  es=002b  fs=0053  gs=002b             efl=00040246
klif+0x2dba4:
fffff804`0a40dba4 4883c458        add     rsp,58h
rax=ffffd08f71ee6b30 rbx=00000000000001a0 rcx=00000000000001ac
rdx=0000000000410327 rsi=ffffd08f71ee6e89 rdi=0000000000000001
rip=fffff8040a40dba8 rsp=ffffe20c0247e658 rbp=0000000000000010
 r8=0000000000000009  r9=0000000000000000 r10=fffff804032a5cd0
r11=ffffd08f71ee6e79 r12=0000000000000001 r13=ffffe20c0247e6e0
r14=ffffd08f71ee6b30 r15=ffffe20c0247e810
iopl=0         nv up ei ng nz na pe nc
cs=0010  ss=0018  ds=002b  es=002b  fs=0053  gs=002b             efl=00040282
klif+0x2dba8:
fffff804`0a40dba8 415f            pop     r15
rax=ffffd08f71ee6b30 rbx=00000000000001a0 rcx=00000000000001ac
rdx=0000000000410327 rsi=ffffd08f71ee6e89 rdi=0000000000000001
rip=fffff8040a40dbaa rsp=ffffe20c0247e660 rbp=0000000000000010
 r8=0000000000000009  r9=0000000000000000 r10=fffff804032a5cd0
r11=ffffd08f71ee6e79 r12=0000000000000001 r13=ffffe20c0247e6e0
r14=ffffd08f71ee6b30 r15=ffffa98756b89660
iopl=0         nv up ei ng nz na pe nc
cs=0010  ss=0018  ds=002b  es=002b  fs=0053  gs=002b             efl=00040282
klif+0x2dbaa:
fffff804`0a40dbaa 415e            pop     r14
rax=ffffd08f71ee6b30 rbx=00000000000001a0 rcx=00000000000001ac
rdx=0000000000410327 rsi=ffffd08f71ee6e89 rdi=0000000000000001
rip=fffff8040a40dbac rsp=ffffe20c0247e668 rbp=0000000000000010
 r8=0000000000000009  r9=0000000000000000 r10=fffff804032a5cd0
r11=ffffd08f71ee6e79 r12=0000000000000001 r13=ffffe20c0247e6e0
r14=ffffd08f71f0bb4c r15=ffffa98756b89660
iopl=0         nv up ei ng nz na pe nc
cs=0010  ss=0018  ds=002b  es=002b  fs=0053  gs=002b             efl=00040282
klif+0x2dbac:
fffff804`0a40dbac 415d            pop     r13
rax=ffffd08f71ee6b30 rbx=00000000000001a0 rcx=00000000000001ac
rdx=0000000000410327 rsi=ffffd08f71ee6e89 rdi=0000000000000001
rip=fffff8040a40dbae rsp=ffffe20c0247e670 rbp=0000000000000010
 r8=0000000000000009  r9=0000000000000000 r10=fffff804032a5cd0
r11=ffffd08f71ee6e79 r12=0000000000000001 r13=0000000000000000
r14=ffffd08f71f0bb4c r15=ffffa98756b89660
iopl=0         nv up ei ng nz na pe nc
cs=0010  ss=0018  ds=002b  es=002b  fs=0053  gs=002b             efl=00040282
klif+0x2dbae:
fffff804`0a40dbae 415c            pop     r12
rax=ffffd08f71ee6b30 rbx=00000000000001a0 rcx=00000000000001ac
rdx=0000000000410327 rsi=ffffd08f71ee6e89 rdi=0000000000000001
rip=fffff8040a40dbb0 rsp=ffffe20c0247e678 rbp=0000000000000010
 r8=0000000000000009  r9=0000000000000000 r10=fffff804032a5cd0
r11=ffffd08f71ee6e79 r12=0000000000000000 r13=0000000000000000
r14=ffffd08f71f0bb4c r15=ffffa98756b89660
iopl=0         nv up ei ng nz na pe nc
cs=0010  ss=0018  ds=002b  es=002b  fs=0053  gs=002b             efl=00040282
klif+0x2dbb0:
fffff804`0a40dbb0 5f              pop     rdi
rax=ffffd08f71ee6b30 rbx=00000000000001a0 rcx=00000000000001ac
rdx=0000000000410327 rsi=ffffd08f71ee6e89 rdi=ffffe20c0247e800
rip=fffff8040a40dbb1 rsp=ffffe20c0247e680 rbp=0000000000000010
 r8=0000000000000009  r9=0000000000000000 r10=fffff804032a5cd0
r11=ffffd08f71ee6e79 r12=0000000000000000 r13=0000000000000000
r14=ffffd08f71f0bb4c r15=ffffa98756b89660
iopl=0         nv up ei ng nz na pe nc
cs=0010  ss=0018  ds=002b  es=002b  fs=0053  gs=002b             efl=00040282
klif+0x2dbb1:
fffff804`0a40dbb1 5e              pop     rsi
rax=ffffd08f71ee6b30 rbx=00000000000001a0 rcx=00000000000001ac
rdx=0000000000410327 rsi=ffffe20c0247e800 rdi=ffffe20c0247e800
rip=fffff8040a40dbb2 rsp=ffffe20c0247e688 rbp=0000000000000010
 r8=0000000000000009  r9=0000000000000000 r10=fffff804032a5cd0
r11=ffffd08f71ee6e79 r12=0000000000000000 r13=0000000000000000
r14=ffffd08f71f0bb4c r15=ffffa98756b89660
iopl=0         nv up ei ng nz na pe nc
cs=0010  ss=0018  ds=002b  es=002b  fs=0053  gs=002b             efl=00040282
klif+0x2dbb2:
fffff804`0a40dbb2 5d              pop     rbp
rax=ffffd08f71ee6b30 rbx=00000000000001a0 rcx=00000000000001ac
rdx=0000000000410327 rsi=ffffe20c0247e800 rdi=ffffe20c0247e800
rip=fffff8040a40dbb3 rsp=ffffe20c0247e690 rbp=ffffe20c0247e700
 r8=0000000000000009  r9=0000000000000000 r10=fffff804032a5cd0
r11=ffffd08f71ee6e79 r12=0000000000000000 r13=0000000000000000
r14=ffffd08f71f0bb4c r15=ffffa98756b89660
iopl=0         nv up ei ng nz na pe nc
cs=0010  ss=0018  ds=002b  es=002b  fs=0053  gs=002b             efl=00040282
klif+0x2dbb3:
fffff804`0a40dbb3 5b              pop     rbx
rax=ffffd08f71ee6b30 rbx=ffffa9875849c710 rcx=00000000000001ac
rdx=0000000000410327 rsi=ffffe20c0247e800 rdi=ffffe20c0247e800
rip=fffff8040a40dbb4 rsp=ffffe20c0247e698 rbp=ffffe20c0247e700
 r8=0000000000000009  r9=0000000000000000 r10=fffff804032a5cd0
r11=ffffd08f71ee6e79 r12=0000000000000000 r13=0000000000000000
r14=ffffd08f71f0bb4c r15=ffffa98756b89660
iopl=0         nv up ei ng nz na pe nc
cs=0010  ss=0018  ds=002b  es=002b  fs=0053  gs=002b             efl=00040282
klif+0x2dbb4:
fffff804`0a40dbb4 c3              ret
rax=ffffd08f71ee6b30 rbx=ffffa9875849c710 rcx=00000000000001ac
rdx=0000000000410327 rsi=ffffe20c0247e800 rdi=ffffe20c0247e800
rip=fffff8040a40c82b rsp=ffffe20c0247e6a0 rbp=ffffe20c0247e700
 r8=0000000000000009  r9=0000000000000000 r10=fffff804032a5cd0
r11=ffffd08f71ee6e79 r12=0000000000000000 r13=0000000000000000
r14=ffffd08f71f0bb4c r15=ffffa98756b89660
iopl=0         nv up ei ng nz na pe nc
cs=0010  ss=0018  ds=002b  es=002b  fs=0053  gs=002b             efl=00040282
klif+0x2c82b:
fffff804`0a40c82b 488bf8          mov     rdi,rax
