kd> par @$ra
rax=ffffe20c032f6800 rbx=0000000000000000 rcx=ffffd08f72ec3b3c
rdx=0000000000000000 rsi=0000000000000000 rdi=ffffe20c032f6910
rip=fffff8040a2b16dd rsp=ffffe20c032f6768 rbp=ffffe20c032f6870
 r8=ffffe20c032f6900  r9=ffffe20c032f67d0 r10=fffff80403220760
r11=ffffe20c032f67f0 r12=fffff8040a2f23e0 r13=0000000000000000
r14=ffffd08f72ec3b3c r15=ffffe20c032f6900
iopl=0         nv up ei pl zr na po nc
cs=0010  ss=0018  ds=002b  es=002b  fs=0053  gs=002b             efl=00040246
klflt!ComrUnregisterProvider+0x4c5d:
fffff804`0a2b16dd 4889542410      mov     qword ptr [rsp+10h],rdx ss:0018:ffffe20c`032f6778=0000000000000000
rax=ffffe20c032f6800 rbx=0000000000000000 rcx=ffffd08f72ec3b3c
rdx=0000000000000000 rsi=0000000000000000 rdi=ffffe20c032f6910
rip=fffff8040a2b16e2 rsp=ffffe20c032f6768 rbp=ffffe20c032f6870
 r8=ffffe20c032f6900  r9=ffffe20c032f67d0 r10=fffff80403220760
r11=ffffe20c032f67f0 r12=fffff8040a2f23e0 r13=0000000000000000
r14=ffffd08f72ec3b3c r15=ffffe20c032f6900
iopl=0         nv up ei pl zr na po nc
cs=0010  ss=0018  ds=002b  es=002b  fs=0053  gs=002b             efl=00040246
klflt!ComrUnregisterProvider+0x4c62:
fffff804`0a2b16e2 48894c2408      mov     qword ptr [rsp+8],rcx ss:0018:ffffe20c`032f6770=0000000000000000
rax=ffffe20c032f6800 rbx=0000000000000000 rcx=ffffd08f72ec3b3c
rdx=0000000000000000 rsi=0000000000000000 rdi=ffffe20c032f6910
rip=fffff8040a2b16e7 rsp=ffffe20c032f6768 rbp=ffffe20c032f6870
 r8=ffffe20c032f6900  r9=ffffe20c032f67d0 r10=fffff80403220760
r11=ffffe20c032f67f0 r12=fffff8040a2f23e0 r13=0000000000000000
r14=ffffd08f72ec3b3c r15=ffffe20c032f6900
iopl=0         nv up ei pl zr na po nc
cs=0010  ss=0018  ds=002b  es=002b  fs=0053  gs=002b             efl=00040246
klflt!ComrUnregisterProvider+0x4c67:
fffff804`0a2b16e7 55              push    rbp
rax=ffffe20c032f6800 rbx=0000000000000000 rcx=ffffd08f72ec3b3c
rdx=0000000000000000 rsi=0000000000000000 rdi=ffffe20c032f6910
rip=fffff8040a2b16e8 rsp=ffffe20c032f6760 rbp=ffffe20c032f6870
 r8=ffffe20c032f6900  r9=ffffe20c032f67d0 r10=fffff80403220760
r11=ffffe20c032f67f0 r12=fffff8040a2f23e0 r13=0000000000000000
r14=ffffd08f72ec3b3c r15=ffffe20c032f6900
iopl=0         nv up ei pl zr na po nc
cs=0010  ss=0018  ds=002b  es=002b  fs=0053  gs=002b             efl=00040246
klflt!ComrUnregisterProvider+0x4c68:
fffff804`0a2b16e8 56              push    rsi
rax=ffffe20c032f6800 rbx=0000000000000000 rcx=ffffd08f72ec3b3c
rdx=0000000000000000 rsi=0000000000000000 rdi=ffffe20c032f6910
rip=fffff8040a2b16e9 rsp=ffffe20c032f6758 rbp=ffffe20c032f6870
 r8=ffffe20c032f6900  r9=ffffe20c032f67d0 r10=fffff80403220760
r11=ffffe20c032f67f0 r12=fffff8040a2f23e0 r13=0000000000000000
r14=ffffd08f72ec3b3c r15=ffffe20c032f6900
iopl=0         nv up ei pl zr na po nc
cs=0010  ss=0018  ds=002b  es=002b  fs=0053  gs=002b             efl=00040246
klflt!ComrUnregisterProvider+0x4c69:
fffff804`0a2b16e9 57              push    rdi
rax=ffffe20c032f6800 rbx=0000000000000000 rcx=ffffd08f72ec3b3c
rdx=0000000000000000 rsi=0000000000000000 rdi=ffffe20c032f6910
rip=fffff8040a2b16ea rsp=ffffe20c032f6750 rbp=ffffe20c032f6870
 r8=ffffe20c032f6900  r9=ffffe20c032f67d0 r10=fffff80403220760
r11=ffffe20c032f67f0 r12=fffff8040a2f23e0 r13=0000000000000000
r14=ffffd08f72ec3b3c r15=ffffe20c032f6900
iopl=0         nv up ei pl zr na po nc
cs=0010  ss=0018  ds=002b  es=002b  fs=0053  gs=002b             efl=00040246
klflt!ComrUnregisterProvider+0x4c6a:
fffff804`0a2b16ea 4154            push    r12
rax=ffffe20c032f6800 rbx=0000000000000000 rcx=ffffd08f72ec3b3c
rdx=0000000000000000 rsi=0000000000000000 rdi=ffffe20c032f6910
rip=fffff8040a2b16ec rsp=ffffe20c032f6748 rbp=ffffe20c032f6870
 r8=ffffe20c032f6900  r9=ffffe20c032f67d0 r10=fffff80403220760
r11=ffffe20c032f67f0 r12=fffff8040a2f23e0 r13=0000000000000000
r14=ffffd08f72ec3b3c r15=ffffe20c032f6900
iopl=0         nv up ei pl zr na po nc
cs=0010  ss=0018  ds=002b  es=002b  fs=0053  gs=002b             efl=00040246
klflt!ComrUnregisterProvider+0x4c6c:
fffff804`0a2b16ec 4155            push    r13
rax=ffffe20c032f6800 rbx=0000000000000000 rcx=ffffd08f72ec3b3c
rdx=0000000000000000 rsi=0000000000000000 rdi=ffffe20c032f6910
rip=fffff8040a2b16ee rsp=ffffe20c032f6740 rbp=ffffe20c032f6870
 r8=ffffe20c032f6900  r9=ffffe20c032f67d0 r10=fffff80403220760
r11=ffffe20c032f67f0 r12=fffff8040a2f23e0 r13=0000000000000000
r14=ffffd08f72ec3b3c r15=ffffe20c032f6900
iopl=0         nv up ei pl zr na po nc
cs=0010  ss=0018  ds=002b  es=002b  fs=0053  gs=002b             efl=00040246
klflt!ComrUnregisterProvider+0x4c6e:
fffff804`0a2b16ee 4156            push    r14
rax=ffffe20c032f6800 rbx=0000000000000000 rcx=ffffd08f72ec3b3c
rdx=0000000000000000 rsi=0000000000000000 rdi=ffffe20c032f6910
rip=fffff8040a2b16f0 rsp=ffffe20c032f6738 rbp=ffffe20c032f6870
 r8=ffffe20c032f6900  r9=ffffe20c032f67d0 r10=fffff80403220760
r11=ffffe20c032f67f0 r12=fffff8040a2f23e0 r13=0000000000000000
r14=ffffd08f72ec3b3c r15=ffffe20c032f6900
iopl=0         nv up ei pl zr na po nc
cs=0010  ss=0018  ds=002b  es=002b  fs=0053  gs=002b             efl=00040246
klflt!ComrUnregisterProvider+0x4c70:
fffff804`0a2b16f0 4157            push    r15
rax=ffffe20c032f6800 rbx=0000000000000000 rcx=ffffd08f72ec3b3c
rdx=0000000000000000 rsi=0000000000000000 rdi=ffffe20c032f6910
rip=fffff8040a2b16f2 rsp=ffffe20c032f6730 rbp=ffffe20c032f6870
 r8=ffffe20c032f6900  r9=ffffe20c032f67d0 r10=fffff80403220760
r11=ffffe20c032f67f0 r12=fffff8040a2f23e0 r13=0000000000000000
r14=ffffd08f72ec3b3c r15=ffffe20c032f6900
iopl=0         nv up ei pl zr na po nc
cs=0010  ss=0018  ds=002b  es=002b  fs=0053  gs=002b             efl=00040246
klflt!ComrUnregisterProvider+0x4c72:
fffff804`0a2b16f2 488bec          mov     rbp,rsp
rax=ffffe20c032f6800 rbx=0000000000000000 rcx=ffffd08f72ec3b3c
rdx=0000000000000000 rsi=0000000000000000 rdi=ffffe20c032f6910
rip=fffff8040a2b16f5 rsp=ffffe20c032f6730 rbp=ffffe20c032f6730
 r8=ffffe20c032f6900  r9=ffffe20c032f67d0 r10=fffff80403220760
r11=ffffe20c032f67f0 r12=fffff8040a2f23e0 r13=0000000000000000
r14=ffffd08f72ec3b3c r15=ffffe20c032f6900
iopl=0         nv up ei pl zr na po nc
cs=0010  ss=0018  ds=002b  es=002b  fs=0053  gs=002b             efl=00040246
klflt!ComrUnregisterProvider+0x4c75:
fffff804`0a2b16f5 4883ec60        sub     rsp,60h
rax=ffffe20c032f6800 rbx=0000000000000000 rcx=ffffd08f72ec3b3c
rdx=0000000000000000 rsi=0000000000000000 rdi=ffffe20c032f6910
rip=fffff8040a2b16f9 rsp=ffffe20c032f66d0 rbp=ffffe20c032f6730
 r8=ffffe20c032f6900  r9=ffffe20c032f67d0 r10=fffff80403220760
r11=ffffe20c032f67f0 r12=fffff8040a2f23e0 r13=0000000000000000
r14=ffffd08f72ec3b3c r15=ffffe20c032f6900
iopl=0         nv up ei ng nz na pe nc
cs=0010  ss=0018  ds=002b  es=002b  fs=0053  gs=002b             efl=00040282
klflt!ComrUnregisterProvider+0x4c79:
fffff804`0a2b16f9 498b18          mov     rbx,qword ptr [r8] ds:002b:ffffe20c`032f6900=ffffa98758fd7f30
rax=ffffe20c032f6800 rbx=ffffa98758fd7f30 rcx=ffffd08f72ec3b3c
rdx=0000000000000000 rsi=0000000000000000 rdi=ffffe20c032f6910
rip=fffff8040a2b16fc rsp=ffffe20c032f66d0 rbp=ffffe20c032f6730
 r8=ffffe20c032f6900  r9=ffffe20c032f67d0 r10=fffff80403220760
r11=ffffe20c032f67f0 r12=fffff8040a2f23e0 r13=0000000000000000
r14=ffffd08f72ec3b3c r15=ffffe20c032f6900
iopl=0         nv up ei ng nz na pe nc
cs=0010  ss=0018  ds=002b  es=002b  fs=0053  gs=002b             efl=00040282
klflt!ComrUnregisterProvider+0x4c7c:
fffff804`0a2b16fc 4533f6          xor     r14d,r14d
rax=ffffe20c032f6800 rbx=ffffa98758fd7f30 rcx=ffffd08f72ec3b3c
rdx=0000000000000000 rsi=0000000000000000 rdi=ffffe20c032f6910
rip=fffff8040a2b16ff rsp=ffffe20c032f66d0 rbp=ffffe20c032f6730
 r8=ffffe20c032f6900  r9=ffffe20c032f67d0 r10=fffff80403220760
r11=ffffe20c032f67f0 r12=fffff8040a2f23e0 r13=0000000000000000
r14=0000000000000000 r15=ffffe20c032f6900
iopl=0         nv up ei pl zr na po nc
cs=0010  ss=0018  ds=002b  es=002b  fs=0053  gs=002b             efl=00040246
klflt!ComrUnregisterProvider+0x4c7f:
fffff804`0a2b16ff 4c8b6d60        mov     r13,qword ptr [rbp+60h] ss:0018:ffffe20c`032f6790=ffffe20c032f6800
rax=ffffe20c032f6800 rbx=ffffa98758fd7f30 rcx=ffffd08f72ec3b3c
rdx=0000000000000000 rsi=0000000000000000 rdi=ffffe20c032f6910
rip=fffff8040a2b1703 rsp=ffffe20c032f66d0 rbp=ffffe20c032f6730
 r8=ffffe20c032f6900  r9=ffffe20c032f67d0 r10=fffff80403220760
r11=ffffe20c032f67f0 r12=fffff8040a2f23e0 r13=ffffe20c032f6800
r14=0000000000000000 r15=ffffe20c032f6900
iopl=0         nv up ei pl zr na po nc
cs=0010  ss=0018  ds=002b  es=002b  fs=0053  gs=002b             efl=00040246
klflt!ComrUnregisterProvider+0x4c83:
fffff804`0a2b1703 4533e4          xor     r12d,r12d
rax=ffffe20c032f6800 rbx=ffffa98758fd7f30 rcx=ffffd08f72ec3b3c
rdx=0000000000000000 rsi=0000000000000000 rdi=ffffe20c032f6910
rip=fffff8040a2b1706 rsp=ffffe20c032f66d0 rbp=ffffe20c032f6730
 r8=ffffe20c032f6900  r9=ffffe20c032f67d0 r10=fffff80403220760
r11=ffffe20c032f67f0 r12=0000000000000000 r13=ffffe20c032f6800
r14=0000000000000000 r15=ffffe20c032f6900
iopl=0         nv up ei pl zr na po nc
cs=0010  ss=0018  ds=002b  es=002b  fs=0053  gs=002b             efl=00040246
klflt!ComrUnregisterProvider+0x4c86:
fffff804`0a2b1706 493bd8          cmp     rbx,r8
rax=ffffe20c032f6800 rbx=ffffa98758fd7f30 rcx=ffffd08f72ec3b3c
rdx=0000000000000000 rsi=0000000000000000 rdi=ffffe20c032f6910
rip=fffff8040a2b1709 rsp=ffffe20c032f66d0 rbp=ffffe20c032f6730
 r8=ffffe20c032f6900  r9=ffffe20c032f67d0 r10=fffff80403220760
r11=ffffe20c032f67f0 r12=0000000000000000 r13=ffffe20c032f6800
r14=0000000000000000 r15=ffffe20c032f6900
iopl=0         nv up ei ng nz na po cy
cs=0010  ss=0018  ds=002b  es=002b  fs=0053  gs=002b             efl=00040287
klflt!ComrUnregisterProvider+0x4c89:
fffff804`0a2b1709 498bf9          mov     rdi,r9
rax=ffffe20c032f6800 rbx=ffffa98758fd7f30 rcx=ffffd08f72ec3b3c
rdx=0000000000000000 rsi=0000000000000000 rdi=ffffe20c032f67d0
rip=fffff8040a2b170c rsp=ffffe20c032f66d0 rbp=ffffe20c032f6730
 r8=ffffe20c032f6900  r9=ffffe20c032f67d0 r10=fffff80403220760
r11=ffffe20c032f67f0 r12=0000000000000000 r13=ffffe20c032f6800
r14=0000000000000000 r15=ffffe20c032f6900
iopl=0         nv up ei ng nz na po cy
cs=0010  ss=0018  ds=002b  es=002b  fs=0053  gs=002b             efl=00040287
klflt!ComrUnregisterProvider+0x4c8c:
fffff804`0a2b170c 4d8bf8          mov     r15,r8
rax=ffffe20c032f6800 rbx=ffffa98758fd7f30 rcx=ffffd08f72ec3b3c
rdx=0000000000000000 rsi=0000000000000000 rdi=ffffe20c032f67d0
rip=fffff8040a2b170f rsp=ffffe20c032f66d0 rbp=ffffe20c032f6730
 r8=ffffe20c032f6900  r9=ffffe20c032f67d0 r10=fffff80403220760
r11=ffffe20c032f67f0 r12=0000000000000000 r13=ffffe20c032f6800
r14=0000000000000000 r15=ffffe20c032f6900
iopl=0         nv up ei ng nz na po cy
cs=0010  ss=0018  ds=002b  es=002b  fs=0053  gs=002b             efl=00040287
klflt!ComrUnregisterProvider+0x4c8f:
fffff804`0a2b170f 0f84d2020000    je      klflt!ComrUnregisterProvider+0x4f67 (fffff804`0a2b19e7) [br=0]
rax=ffffe20c032f6800 rbx=ffffa98758fd7f30 rcx=ffffd08f72ec3b3c
rdx=0000000000000000 rsi=0000000000000000 rdi=ffffe20c032f67d0
rip=fffff8040a2b1715 rsp=ffffe20c032f66d0 rbp=ffffe20c032f6730
 r8=ffffe20c032f6900  r9=ffffe20c032f67d0 r10=fffff80403220760
r11=ffffe20c032f67f0 r12=0000000000000000 r13=ffffe20c032f6800
r14=0000000000000000 r15=ffffe20c032f6900
iopl=0         nv up ei ng nz na po cy
cs=0010  ss=0018  ds=002b  es=002b  fs=0053  gs=002b             efl=00040287
klflt!ComrUnregisterProvider+0x4c95:
fffff804`0a2b1715 8b07            mov     eax,dword ptr [rdi] ds:002b:ffffe20c`032f67d0=00000000
rax=0000000000000000 rbx=ffffa98758fd7f30 rcx=ffffd08f72ec3b3c
rdx=0000000000000000 rsi=0000000000000000 rdi=ffffe20c032f67d0
rip=fffff8040a2b1717 rsp=ffffe20c032f66d0 rbp=ffffe20c032f6730
 r8=ffffe20c032f6900  r9=ffffe20c032f67d0 r10=fffff80403220760
r11=ffffe20c032f67f0 r12=0000000000000000 r13=ffffe20c032f6800
r14=0000000000000000 r15=ffffe20c032f6900
iopl=0         nv up ei ng nz na po cy
cs=0010  ss=0018  ds=002b  es=002b  fs=0053  gs=002b             efl=00040287
klflt!ComrUnregisterProvider+0x4c97:
fffff804`0a2b1717 a802            test    al,2
rax=0000000000000000 rbx=ffffa98758fd7f30 rcx=ffffd08f72ec3b3c
rdx=0000000000000000 rsi=0000000000000000 rdi=ffffe20c032f67d0
rip=fffff8040a2b1719 rsp=ffffe20c032f66d0 rbp=ffffe20c032f6730
 r8=ffffe20c032f6900  r9=ffffe20c032f67d0 r10=fffff80403220760
r11=ffffe20c032f67f0 r12=0000000000000000 r13=ffffe20c032f6800
r14=0000000000000000 r15=ffffe20c032f6900
iopl=0         nv up ei pl zr na po nc
cs=0010  ss=0018  ds=002b  es=002b  fs=0053  gs=002b             efl=00040246
klflt!ComrUnregisterProvider+0x4c99:
fffff804`0a2b1719 0f85c8020000    jne     klflt!ComrUnregisterProvider+0x4f67 (fffff804`0a2b19e7) [br=0]
rax=0000000000000000 rbx=ffffa98758fd7f30 rcx=ffffd08f72ec3b3c
rdx=0000000000000000 rsi=0000000000000000 rdi=ffffe20c032f67d0
rip=fffff8040a2b171f rsp=ffffe20c032f66d0 rbp=ffffe20c032f6730
 r8=ffffe20c032f6900  r9=ffffe20c032f67d0 r10=fffff80403220760
r11=ffffe20c032f67f0 r12=0000000000000000 r13=ffffe20c032f6800
r14=0000000000000000 r15=ffffe20c032f6900
iopl=0         nv up ei pl zr na po nc
cs=0010  ss=0018  ds=002b  es=002b  fs=0053  gs=002b             efl=00040246
klflt!ComrUnregisterProvider+0x4c9f:
fffff804`0a2b171f 4c397b08        cmp     qword ptr [rbx+8],r15 ds:002b:ffffa987`58fd7f38=ffffe20c032f6900
rax=0000000000000000 rbx=ffffa98758fd7f30 rcx=ffffd08f72ec3b3c
rdx=0000000000000000 rsi=0000000000000000 rdi=ffffe20c032f67d0
rip=fffff8040a2b1723 rsp=ffffe20c032f66d0 rbp=ffffe20c032f6730
 r8=ffffe20c032f6900  r9=ffffe20c032f67d0 r10=fffff80403220760
r11=ffffe20c032f67f0 r12=0000000000000000 r13=ffffe20c032f6800
r14=0000000000000000 r15=ffffe20c032f6900
iopl=0         nv up ei pl zr na po nc
cs=0010  ss=0018  ds=002b  es=002b  fs=0053  gs=002b             efl=00040246
klflt!ComrUnregisterProvider+0x4ca3:
fffff804`0a2b1723 0f852f030000    jne     klflt!ComrUnregisterProvider+0x4fd8 (fffff804`0a2b1a58) [br=0]
rax=0000000000000000 rbx=ffffa98758fd7f30 rcx=ffffd08f72ec3b3c
rdx=0000000000000000 rsi=0000000000000000 rdi=ffffe20c032f67d0
rip=fffff8040a2b1729 rsp=ffffe20c032f66d0 rbp=ffffe20c032f6730
 r8=ffffe20c032f6900  r9=ffffe20c032f67d0 r10=fffff80403220760
r11=ffffe20c032f67f0 r12=0000000000000000 r13=ffffe20c032f6800
r14=0000000000000000 r15=ffffe20c032f6900
iopl=0         nv up ei pl zr na po nc
cs=0010  ss=0018  ds=002b  es=002b  fs=0053  gs=002b             efl=00040246
klflt!ComrUnregisterProvider+0x4ca9:
fffff804`0a2b1729 488b03          mov     rax,qword ptr [rbx] ds:002b:ffffa987`58fd7f30=ffffa98756da2e50
rax=ffffa98756da2e50 rbx=ffffa98758fd7f30 rcx=ffffd08f72ec3b3c
rdx=0000000000000000 rsi=0000000000000000 rdi=ffffe20c032f67d0
rip=fffff8040a2b172c rsp=ffffe20c032f66d0 rbp=ffffe20c032f6730
 r8=ffffe20c032f6900  r9=ffffe20c032f67d0 r10=fffff80403220760
r11=ffffe20c032f67f0 r12=0000000000000000 r13=ffffe20c032f6800
r14=0000000000000000 r15=ffffe20c032f6900
iopl=0         nv up ei pl zr na po nc
cs=0010  ss=0018  ds=002b  es=002b  fs=0053  gs=002b             efl=00040246
klflt!ComrUnregisterProvider+0x4cac:
fffff804`0a2b172c 48395808        cmp     qword ptr [rax+8],rbx ds:002b:ffffa987`56da2e58=ffffa98758fd7f30
rax=ffffa98756da2e50 rbx=ffffa98758fd7f30 rcx=ffffd08f72ec3b3c
rdx=0000000000000000 rsi=0000000000000000 rdi=ffffe20c032f67d0
rip=fffff8040a2b1730 rsp=ffffe20c032f66d0 rbp=ffffe20c032f6730
 r8=ffffe20c032f6900  r9=ffffe20c032f67d0 r10=fffff80403220760
r11=ffffe20c032f67f0 r12=0000000000000000 r13=ffffe20c032f6800
r14=0000000000000000 r15=ffffe20c032f6900
iopl=0         nv up ei pl zr na po nc
cs=0010  ss=0018  ds=002b  es=002b  fs=0053  gs=002b             efl=00040246
klflt!ComrUnregisterProvider+0x4cb0:
fffff804`0a2b1730 0f8522030000    jne     klflt!ComrUnregisterProvider+0x4fd8 (fffff804`0a2b1a58) [br=0]
rax=ffffa98756da2e50 rbx=ffffa98758fd7f30 rcx=ffffd08f72ec3b3c
rdx=0000000000000000 rsi=0000000000000000 rdi=ffffe20c032f67d0
rip=fffff8040a2b1736 rsp=ffffe20c032f66d0 rbp=ffffe20c032f6730
 r8=ffffe20c032f6900  r9=ffffe20c032f67d0 r10=fffff80403220760
r11=ffffe20c032f67f0 r12=0000000000000000 r13=ffffe20c032f6800
r14=0000000000000000 r15=ffffe20c032f6900
iopl=0         nv up ei pl zr na po nc
cs=0010  ss=0018  ds=002b  es=002b  fs=0053  gs=002b             efl=00040246
klflt!ComrUnregisterProvider+0x4cb6:
fffff804`0a2b1736 498907          mov     qword ptr [r15],rax ds:002b:ffffe20c`032f6900=ffffa98758fd7f30
rax=ffffa98756da2e50 rbx=ffffa98758fd7f30 rcx=ffffd08f72ec3b3c
rdx=0000000000000000 rsi=0000000000000000 rdi=ffffe20c032f67d0
rip=fffff8040a2b1739 rsp=ffffe20c032f66d0 rbp=ffffe20c032f6730
 r8=ffffe20c032f6900  r9=ffffe20c032f67d0 r10=fffff80403220760
r11=ffffe20c032f67f0 r12=0000000000000000 r13=ffffe20c032f6800
r14=0000000000000000 r15=ffffe20c032f6900
iopl=0         nv up ei pl zr na po nc
cs=0010  ss=0018  ds=002b  es=002b  fs=0053  gs=002b             efl=00040246
klflt!ComrUnregisterProvider+0x4cb9:
fffff804`0a2b1739 4c897808        mov     qword ptr [rax+8],r15 ds:002b:ffffa987`56da2e58=ffffa98758fd7f30
rax=ffffa98756da2e50 rbx=ffffa98758fd7f30 rcx=ffffd08f72ec3b3c
rdx=0000000000000000 rsi=0000000000000000 rdi=ffffe20c032f67d0
rip=fffff8040a2b173d rsp=ffffe20c032f66d0 rbp=ffffe20c032f6730
 r8=ffffe20c032f6900  r9=ffffe20c032f67d0 r10=fffff80403220760
r11=ffffe20c032f67f0 r12=0000000000000000 r13=ffffe20c032f6800
r14=0000000000000000 r15=ffffe20c032f6900
iopl=0         nv up ei pl zr na po nc
cs=0010  ss=0018  ds=002b  es=002b  fs=0053  gs=002b             efl=00040246
klflt!ComrUnregisterProvider+0x4cbd:
fffff804`0a2b173d 488b4b10        mov     rcx,qword ptr [rbx+10h] ds:002b:ffffa987`58fd7f40=ffffa98758457480
rax=ffffa98756da2e50 rbx=ffffa98758fd7f30 rcx=ffffa98758457480
rdx=0000000000000000 rsi=0000000000000000 rdi=ffffe20c032f67d0
rip=fffff8040a2b1741 rsp=ffffe20c032f66d0 rbp=ffffe20c032f6730
 r8=ffffe20c032f6900  r9=ffffe20c032f67d0 r10=fffff80403220760
r11=ffffe20c032f67f0 r12=0000000000000000 r13=ffffe20c032f6800
r14=0000000000000000 r15=ffffe20c032f6900
iopl=0         nv up ei pl zr na po nc
cs=0010  ss=0018  ds=002b  es=002b  fs=0053  gs=002b             efl=00040246
klflt!ComrUnregisterProvider+0x4cc1:
fffff804`0a2b1741 e8ea370000      call    klflt!ComrUnregisterProvider+0x84b0 (fffff804`0a2b4f30)
rax=0000000000060025 rbx=ffffa98758fd7f30 rcx=ffffa98758457480
rdx=0000000000000000 rsi=0000000000000000 rdi=ffffe20c032f67d0
rip=fffff8040a2b1746 rsp=ffffe20c032f66d0 rbp=ffffe20c032f6730
 r8=ffffe20c032f6900  r9=ffffe20c032f67d0 r10=fffff80403220760
r11=ffffe20c032f67f0 r12=0000000000000000 r13=ffffe20c032f6800
r14=0000000000000000 r15=ffffe20c032f6900
iopl=0         nv up ei pl zr na po nc
cs=0010  ss=0018  ds=002b  es=002b  fs=0053  gs=002b             efl=00040246
klflt!ComrUnregisterProvider+0x4cc6:
fffff804`0a2b1746 8945e4          mov     dword ptr [rbp-1Ch],eax ss:0018:ffffe20c`032f6714=00000000
rax=0000000000060025 rbx=ffffa98758fd7f30 rcx=ffffa98758457480
rdx=0000000000000000 rsi=0000000000000000 rdi=ffffe20c032f67d0
rip=fffff8040a2b1749 rsp=ffffe20c032f66d0 rbp=ffffe20c032f6730
 r8=ffffe20c032f6900  r9=ffffe20c032f67d0 r10=fffff80403220760
r11=ffffe20c032f67f0 r12=0000000000000000 r13=ffffe20c032f6800
r14=0000000000000000 r15=ffffe20c032f6900
iopl=0         nv up ei pl zr na po nc
cs=0010  ss=0018  ds=002b  es=002b  fs=0053  gs=002b             efl=00040246
klflt!ComrUnregisterProvider+0x4cc9:
fffff804`0a2b1749 488b4b10        mov     rcx,qword ptr [rbx+10h] ds:002b:ffffa987`58fd7f40=ffffa98758457480
rax=0000000000060025 rbx=ffffa98758fd7f30 rcx=ffffa98758457480
rdx=0000000000000000 rsi=0000000000000000 rdi=ffffe20c032f67d0
rip=fffff8040a2b174d rsp=ffffe20c032f66d0 rbp=ffffe20c032f6730
 r8=ffffe20c032f6900  r9=ffffe20c032f67d0 r10=fffff80403220760
r11=ffffe20c032f67f0 r12=0000000000000000 r13=ffffe20c032f6800
r14=0000000000000000 r15=ffffe20c032f6900
iopl=0         nv up ei pl zr na po nc
cs=0010  ss=0018  ds=002b  es=002b  fs=0053  gs=002b             efl=00040246
klflt!ComrUnregisterProvider+0x4ccd:
fffff804`0a2b174d e86ecd0000      call    klflt!ComrUnregisterProvider+0x11a40 (fffff804`0a2be4c0)
rax=ffffa98757c8bc50 rbx=ffffa98758fd7f30 rcx=ffffa98758457480
rdx=0000000000000000 rsi=0000000000000000 rdi=ffffe20c032f67d0
rip=fffff8040a2b1752 rsp=ffffe20c032f66d0 rbp=ffffe20c032f6730
 r8=ffffe20c032f6900  r9=ffffe20c032f67d0 r10=fffff80403220760
r11=ffffe20c032f67f0 r12=0000000000000000 r13=ffffe20c032f6800
r14=0000000000000000 r15=ffffe20c032f6900
iopl=0         nv up ei pl zr na po nc
cs=0010  ss=0018  ds=002b  es=002b  fs=0053  gs=002b             efl=00040246
klflt!ComrUnregisterProvider+0x4cd2:
fffff804`0a2b1752 488bc8          mov     rcx,rax
rax=ffffa98757c8bc50 rbx=ffffa98758fd7f30 rcx=ffffa98757c8bc50
rdx=0000000000000000 rsi=0000000000000000 rdi=ffffe20c032f67d0
rip=fffff8040a2b1755 rsp=ffffe20c032f66d0 rbp=ffffe20c032f6730
 r8=ffffe20c032f6900  r9=ffffe20c032f67d0 r10=fffff80403220760
r11=ffffe20c032f67f0 r12=0000000000000000 r13=ffffe20c032f6800
r14=0000000000000000 r15=ffffe20c032f6900
iopl=0         nv up ei pl zr na po nc
cs=0010  ss=0018  ds=002b  es=002b  fs=0053  gs=002b             efl=00040246
klflt!ComrUnregisterProvider+0x4cd5:
fffff804`0a2b1755 488945f8        mov     qword ptr [rbp-8],rax ss:0018:ffffe20c`032f6728=0000000000000018
rax=ffffa98757c8bc50 rbx=ffffa98758fd7f30 rcx=ffffa98757c8bc50
rdx=0000000000000000 rsi=0000000000000000 rdi=ffffe20c032f67d0
rip=fffff8040a2b1759 rsp=ffffe20c032f66d0 rbp=ffffe20c032f6730
 r8=ffffe20c032f6900  r9=ffffe20c032f67d0 r10=fffff80403220760
r11=ffffe20c032f67f0 r12=0000000000000000 r13=ffffe20c032f6800
r14=0000000000000000 r15=ffffe20c032f6900
iopl=0         nv up ei pl zr na po nc
cs=0010  ss=0018  ds=002b  es=002b  fs=0053  gs=002b             efl=00040246
klflt!ComrUnregisterProvider+0x4cd9:
fffff804`0a2b1759 488bf0          mov     rsi,rax
rax=ffffa98757c8bc50 rbx=ffffa98758fd7f30 rcx=ffffa98757c8bc50
rdx=0000000000000000 rsi=ffffa98757c8bc50 rdi=ffffe20c032f67d0
rip=fffff8040a2b175c rsp=ffffe20c032f66d0 rbp=ffffe20c032f6730
 r8=ffffe20c032f6900  r9=ffffe20c032f67d0 r10=fffff80403220760
r11=ffffe20c032f67f0 r12=0000000000000000 r13=ffffe20c032f6800
r14=0000000000000000 r15=ffffe20c032f6900
iopl=0         nv up ei pl zr na po nc
cs=0010  ss=0018  ds=002b  es=002b  fs=0053  gs=002b             efl=00040246
klflt!ComrUnregisterProvider+0x4cdc:
fffff804`0a2b175c e84f100000      call    klflt!ComrUnregisterProvider+0x5d30 (fffff804`0a2b27b0)
rax=0000000000000005 rbx=ffffa98758fd7f30 rcx=ffffa98757c8bc50
rdx=0000000000000000 rsi=ffffa98757c8bc50 rdi=ffffe20c032f67d0
rip=fffff8040a2b1761 rsp=ffffe20c032f66d0 rbp=ffffe20c032f6730
 r8=ffffe20c032f6900  r9=ffffe20c032f67d0 r10=fffff80403220760
r11=ffffe20c032f67f0 r12=0000000000000000 r13=ffffe20c032f6800
r14=0000000000000000 r15=ffffe20c032f6900
iopl=0         nv up ei pl zr na po nc
cs=0010  ss=0018  ds=002b  es=002b  fs=0053  gs=002b             efl=00040246
klflt!ComrUnregisterProvider+0x4ce1:
fffff804`0a2b1761 488b4b10        mov     rcx,qword ptr [rbx+10h] ds:002b:ffffa987`58fd7f40=ffffa98758457480
rax=0000000000000005 rbx=ffffa98758fd7f30 rcx=ffffa98758457480
rdx=0000000000000000 rsi=ffffa98757c8bc50 rdi=ffffe20c032f67d0
rip=fffff8040a2b1765 rsp=ffffe20c032f66d0 rbp=ffffe20c032f6730
 r8=ffffe20c032f6900  r9=ffffe20c032f67d0 r10=fffff80403220760
r11=ffffe20c032f67f0 r12=0000000000000000 r13=ffffe20c032f6800
r14=0000000000000000 r15=ffffe20c032f6900
iopl=0         nv up ei pl zr na po nc
cs=0010  ss=0018  ds=002b  es=002b  fs=0053  gs=002b             efl=00040246
klflt!ComrUnregisterProvider+0x4ce5:
fffff804`0a2b1765 e826ce0000      call    klflt!ComrUnregisterProvider+0x11b10 (fffff804`0a2be590)
rax=0000000000000000 rbx=ffffa98758fd7f30 rcx=ffffa98758457480
rdx=0000000000000000 rsi=ffffa98757c8bc50 rdi=ffffe20c032f67d0
rip=fffff8040a2b176a rsp=ffffe20c032f66d0 rbp=ffffe20c032f6730
 r8=ffffe20c032f6900  r9=ffffe20c032f67d0 r10=fffff80403220760
r11=ffffe20c032f67f0 r12=0000000000000000 r13=ffffe20c032f6800
r14=0000000000000000 r15=ffffe20c032f6900
iopl=0         nv up ei pl zr na po nc
cs=0010  ss=0018  ds=002b  es=002b  fs=0053  gs=002b             efl=00040246
klflt!ComrUnregisterProvider+0x4cea:
fffff804`0a2b176a 8bc8            mov     ecx,eax
rax=0000000000000000 rbx=ffffa98758fd7f30 rcx=0000000000000000
rdx=0000000000000000 rsi=ffffa98757c8bc50 rdi=ffffe20c032f67d0
rip=fffff8040a2b176c rsp=ffffe20c032f66d0 rbp=ffffe20c032f6730
 r8=ffffe20c032f6900  r9=ffffe20c032f67d0 r10=fffff80403220760
r11=ffffe20c032f67f0 r12=0000000000000000 r13=ffffe20c032f6800
r14=0000000000000000 r15=ffffe20c032f6900
iopl=0         nv up ei pl zr na po nc
cs=0010  ss=0018  ds=002b  es=002b  fs=0053  gs=002b             efl=00040246
klflt!ComrUnregisterProvider+0x4cec:
fffff804`0a2b176c 8945e0          mov     dword ptr [rbp-20h],eax ss:0018:ffffe20c`032f6710=00000010
rax=0000000000000000 rbx=ffffa98758fd7f30 rcx=0000000000000000
rdx=0000000000000000 rsi=ffffa98757c8bc50 rdi=ffffe20c032f67d0
rip=fffff8040a2b176f rsp=ffffe20c032f66d0 rbp=ffffe20c032f6730
 r8=ffffe20c032f6900  r9=ffffe20c032f67d0 r10=fffff80403220760
r11=ffffe20c032f67f0 r12=0000000000000000 r13=ffffe20c032f6800
r14=0000000000000000 r15=ffffe20c032f6900
iopl=0         nv up ei pl zr na po nc
cs=0010  ss=0018  ds=002b  es=002b  fs=0053  gs=002b             efl=00040246
klflt!ComrUnregisterProvider+0x4cef:
fffff804`0a2b176f 8b07            mov     eax,dword ptr [rdi] ds:002b:ffffe20c`032f67d0=00000000
rax=0000000000000000 rbx=ffffa98758fd7f30 rcx=0000000000000000
rdx=0000000000000000 rsi=ffffa98757c8bc50 rdi=ffffe20c032f67d0
rip=fffff8040a2b1771 rsp=ffffe20c032f66d0 rbp=ffffe20c032f6730
 r8=ffffe20c032f6900  r9=ffffe20c032f67d0 r10=fffff80403220760
r11=ffffe20c032f67f0 r12=0000000000000000 r13=ffffe20c032f6800
r14=0000000000000000 r15=ffffe20c032f6900
iopl=0         nv up ei pl zr na po nc
cs=0010  ss=0018  ds=002b  es=002b  fs=0053  gs=002b             efl=00040246
klflt!ComrUnregisterProvider+0x4cf1:
fffff804`0a2b1771 a803            test    al,3
rax=0000000000000000 rbx=ffffa98758fd7f30 rcx=0000000000000000
rdx=0000000000000000 rsi=ffffa98757c8bc50 rdi=ffffe20c032f67d0
rip=fffff8040a2b1773 rsp=ffffe20c032f66d0 rbp=ffffe20c032f6730
 r8=ffffe20c032f6900  r9=ffffe20c032f67d0 r10=fffff80403220760
r11=ffffe20c032f67f0 r12=0000000000000000 r13=ffffe20c032f6800
r14=0000000000000000 r15=ffffe20c032f6900
iopl=0         nv up ei pl zr na po nc
cs=0010  ss=0018  ds=002b  es=002b  fs=0053  gs=002b             efl=00040246
klflt!ComrUnregisterProvider+0x4cf3:
fffff804`0a2b1773 7533            jne     klflt!ComrUnregisterProvider+0x4d28 (fffff804`0a2b17a8) [br=0]
rax=0000000000000000 rbx=ffffa98758fd7f30 rcx=0000000000000000
rdx=0000000000000000 rsi=ffffa98757c8bc50 rdi=ffffe20c032f67d0
rip=fffff8040a2b1775 rsp=ffffe20c032f66d0 rbp=ffffe20c032f6730
 r8=ffffe20c032f6900  r9=ffffe20c032f67d0 r10=fffff80403220760
r11=ffffe20c032f67f0 r12=0000000000000000 r13=ffffe20c032f6800
r14=0000000000000000 r15=ffffe20c032f6900
iopl=0         nv up ei pl zr na po nc
cs=0010  ss=0018  ds=002b  es=002b  fs=0053  gs=002b             efl=00040246
klflt!ComrUnregisterProvider+0x4cf5:
fffff804`0a2b1775 488b4650        mov     rax,qword ptr [rsi+50h] ds:002b:ffffa987`57c8bca0=0000000000000000
rax=0000000000000000 rbx=ffffa98758fd7f30 rcx=0000000000000000
rdx=0000000000000000 rsi=ffffa98757c8bc50 rdi=ffffe20c032f67d0
rip=fffff8040a2b1779 rsp=ffffe20c032f66d0 rbp=ffffe20c032f6730
 r8=ffffe20c032f6900  r9=ffffe20c032f67d0 r10=fffff80403220760
r11=ffffe20c032f67f0 r12=0000000000000000 r13=ffffe20c032f6800
r14=0000000000000000 r15=ffffe20c032f6900
iopl=0         nv up ei pl zr na po nc
cs=0010  ss=0018  ds=002b  es=002b  fs=0053  gs=002b             efl=00040246
klflt!ComrUnregisterProvider+0x4cf9:
fffff804`0a2b1779 4885c0          test    rax,rax
rax=0000000000000000 rbx=ffffa98758fd7f30 rcx=0000000000000000
rdx=0000000000000000 rsi=ffffa98757c8bc50 rdi=ffffe20c032f67d0
rip=fffff8040a2b177c rsp=ffffe20c032f66d0 rbp=ffffe20c032f6730
 r8=ffffe20c032f6900  r9=ffffe20c032f67d0 r10=fffff80403220760
r11=ffffe20c032f67f0 r12=0000000000000000 r13=ffffe20c032f6800
r14=0000000000000000 r15=ffffe20c032f6900
iopl=0         nv up ei pl zr na po nc
cs=0010  ss=0018  ds=002b  es=002b  fs=0053  gs=002b             efl=00040246
klflt!ComrUnregisterProvider+0x4cfc:
fffff804`0a2b177c 742a            je      klflt!ComrUnregisterProvider+0x4d28 (fffff804`0a2b17a8) [br=1]
rax=0000000000000000 rbx=ffffa98758fd7f30 rcx=0000000000000000
rdx=0000000000000000 rsi=ffffa98757c8bc50 rdi=ffffe20c032f67d0
rip=fffff8040a2b17a8 rsp=ffffe20c032f66d0 rbp=ffffe20c032f6730
 r8=ffffe20c032f6900  r9=ffffe20c032f67d0 r10=fffff80403220760
r11=ffffe20c032f67f0 r12=0000000000000000 r13=ffffe20c032f6800
r14=0000000000000000 r15=ffffe20c032f6900
iopl=0         nv up ei pl zr na po nc
cs=0010  ss=0018  ds=002b  es=002b  fs=0053  gs=002b             efl=00040246
klflt!ComrUnregisterProvider+0x4d28:
fffff804`0a2b17a8 8b45e4          mov     eax,dword ptr [rbp-1Ch] ss:0018:ffffe20c`032f6714=00060025
rax=0000000000060025 rbx=ffffa98758fd7f30 rcx=0000000000000000
rdx=0000000000000000 rsi=ffffa98757c8bc50 rdi=ffffe20c032f67d0
rip=fffff8040a2b17ab rsp=ffffe20c032f66d0 rbp=ffffe20c032f6730
 r8=ffffe20c032f6900  r9=ffffe20c032f67d0 r10=fffff80403220760
r11=ffffe20c032f67f0 r12=0000000000000000 r13=ffffe20c032f6800
r14=0000000000000000 r15=ffffe20c032f6900
iopl=0         nv up ei pl zr na po nc
cs=0010  ss=0018  ds=002b  es=002b  fs=0053  gs=002b             efl=00040246
klflt!ComrUnregisterProvider+0x4d2b:
fffff804`0a2b17ab 0fbaf110        btr     ecx,10h
rax=0000000000060025 rbx=ffffa98758fd7f30 rcx=0000000000000000
rdx=0000000000000000 rsi=ffffa98757c8bc50 rdi=ffffe20c032f67d0
rip=fffff8040a2b17af rsp=ffffe20c032f66d0 rbp=ffffe20c032f6730
 r8=ffffe20c032f6900  r9=ffffe20c032f67d0 r10=fffff80403220760
r11=ffffe20c032f67f0 r12=0000000000000000 r13=ffffe20c032f6800
r14=0000000000000000 r15=ffffe20c032f6900
iopl=0         nv up ei pl zr na po nc
cs=0010  ss=0018  ds=002b  es=002b  fs=0053  gs=002b             efl=00040246
klflt!ComrUnregisterProvider+0x4d2f:
fffff804`0a2b17af c1e80e          shr     eax,0Eh
rax=0000000000000018 rbx=ffffa98758fd7f30 rcx=0000000000000000
rdx=0000000000000000 rsi=ffffa98757c8bc50 rdi=ffffe20c032f67d0
rip=fffff8040a2b17b2 rsp=ffffe20c032f66d0 rbp=ffffe20c032f6730
 r8=ffffe20c032f6900  r9=ffffe20c032f67d0 r10=fffff80403220760
r11=ffffe20c032f67f0 r12=0000000000000000 r13=ffffe20c032f6800
r14=0000000000000000 r15=ffffe20c032f6900
iopl=0         nv up ei pl nz na po nc
cs=0010  ss=0018  ds=002b  es=002b  fs=0053  gs=002b             efl=00040206
klflt!ComrUnregisterProvider+0x4d32:
fffff804`0a2b17b2 2401            and     al,1
rax=0000000000000000 rbx=ffffa98758fd7f30 rcx=0000000000000000
rdx=0000000000000000 rsi=ffffa98757c8bc50 rdi=ffffe20c032f67d0
rip=fffff8040a2b17b4 rsp=ffffe20c032f66d0 rbp=ffffe20c032f6730
 r8=ffffe20c032f6900  r9=ffffe20c032f67d0 r10=fffff80403220760
r11=ffffe20c032f67f0 r12=0000000000000000 r13=ffffe20c032f6800
r14=0000000000000000 r15=ffffe20c032f6900
iopl=0         nv up ei pl zr na po nc
cs=0010  ss=0018  ds=002b  es=002b  fs=0053  gs=002b             efl=00040246
klflt!ComrUnregisterProvider+0x4d34:
fffff804`0a2b17b4 894de0          mov     dword ptr [rbp-20h],ecx ss:0018:ffffe20c`032f6710=00000000
rax=0000000000000000 rbx=ffffa98758fd7f30 rcx=0000000000000000
rdx=0000000000000000 rsi=ffffa98757c8bc50 rdi=ffffe20c032f67d0
rip=fffff8040a2b17b7 rsp=ffffe20c032f66d0 rbp=ffffe20c032f6730
 r8=ffffe20c032f6900  r9=ffffe20c032f67d0 r10=fffff80403220760
r11=ffffe20c032f67f0 r12=0000000000000000 r13=ffffe20c032f6800
r14=0000000000000000 r15=ffffe20c032f6900
iopl=0         nv up ei pl zr na po nc
cs=0010  ss=0018  ds=002b  es=002b  fs=0053  gs=002b             efl=00040246
klflt!ComrUnregisterProvider+0x4d37:
fffff804`0a2b17b7 8945e8          mov     dword ptr [rbp-18h],eax ss:0018:ffffe20c`032f6718=00040344
rax=0000000000000000 rbx=ffffa98758fd7f30 rcx=0000000000000000
rdx=0000000000000000 rsi=ffffa98757c8bc50 rdi=ffffe20c032f67d0
rip=fffff8040a2b17ba rsp=ffffe20c032f66d0 rbp=ffffe20c032f6730
 r8=ffffe20c032f6900  r9=ffffe20c032f67d0 r10=fffff80403220760
r11=ffffe20c032f67f0 r12=0000000000000000 r13=ffffe20c032f6800
r14=0000000000000000 r15=ffffe20c032f6900
iopl=0         nv up ei pl zr na po nc
cs=0010  ss=0018  ds=002b  es=002b  fs=0053  gs=002b             efl=00040246
klflt!ComrUnregisterProvider+0x4d3a:
fffff804`0a2b17ba 84c0            test    al,al
rax=0000000000000000 rbx=ffffa98758fd7f30 rcx=0000000000000000
rdx=0000000000000000 rsi=ffffa98757c8bc50 rdi=ffffe20c032f67d0
rip=fffff8040a2b17bc rsp=ffffe20c032f66d0 rbp=ffffe20c032f6730
 r8=ffffe20c032f6900  r9=ffffe20c032f67d0 r10=fffff80403220760
r11=ffffe20c032f67f0 r12=0000000000000000 r13=ffffe20c032f6800
r14=0000000000000000 r15=ffffe20c032f6900
iopl=0         nv up ei pl zr na po nc
cs=0010  ss=0018  ds=002b  es=002b  fs=0053  gs=002b             efl=00040246
klflt!ComrUnregisterProvider+0x4d3c:
fffff804`0a2b17bc 7558            jne     klflt!ComrUnregisterProvider+0x4d96 (fffff804`0a2b1816) [br=0]
rax=0000000000000000 rbx=ffffa98758fd7f30 rcx=0000000000000000
rdx=0000000000000000 rsi=ffffa98757c8bc50 rdi=ffffe20c032f67d0
rip=fffff8040a2b17be rsp=ffffe20c032f66d0 rbp=ffffe20c032f6730
 r8=ffffe20c032f6900  r9=ffffe20c032f67d0 r10=fffff80403220760
r11=ffffe20c032f67f0 r12=0000000000000000 r13=ffffe20c032f6800
r14=0000000000000000 r15=ffffe20c032f6900
iopl=0         nv up ei pl zr na po nc
cs=0010  ss=0018  ds=002b  es=002b  fs=0053  gs=002b             efl=00040246
klflt!ComrUnregisterProvider+0x4d3e:
fffff804`0a2b17be f7c124020101    test    ecx,1010224h
rax=0000000000000000 rbx=ffffa98758fd7f30 rcx=0000000000000000
rdx=0000000000000000 rsi=ffffa98757c8bc50 rdi=ffffe20c032f67d0
rip=fffff8040a2b17c4 rsp=ffffe20c032f66d0 rbp=ffffe20c032f6730
 r8=ffffe20c032f6900  r9=ffffe20c032f67d0 r10=fffff80403220760
r11=ffffe20c032f67f0 r12=0000000000000000 r13=ffffe20c032f6800
r14=0000000000000000 r15=ffffe20c032f6900
iopl=0         nv up ei pl zr na po nc
cs=0010  ss=0018  ds=002b  es=002b  fs=0053  gs=002b             efl=00040246
klflt!ComrUnregisterProvider+0x4d44:
fffff804`0a2b17c4 7420            je      klflt!ComrUnregisterProvider+0x4d66 (fffff804`0a2b17e6) [br=1]
rax=0000000000000000 rbx=ffffa98758fd7f30 rcx=0000000000000000
rdx=0000000000000000 rsi=ffffa98757c8bc50 rdi=ffffe20c032f67d0
rip=fffff8040a2b17e6 rsp=ffffe20c032f66d0 rbp=ffffe20c032f6730
 r8=ffffe20c032f6900  r9=ffffe20c032f67d0 r10=fffff80403220760
r11=ffffe20c032f67f0 r12=0000000000000000 r13=ffffe20c032f6800
r14=0000000000000000 r15=ffffe20c032f6900
iopl=0         nv up ei pl zr na po nc
cs=0010  ss=0018  ds=002b  es=002b  fs=0053  gs=002b             efl=00040246
klflt!ComrUnregisterProvider+0x4d66:
fffff804`0a2b17e6 d1e9            shr     ecx,1
rax=0000000000000000 rbx=ffffa98758fd7f30 rcx=0000000000000000
rdx=0000000000000000 rsi=ffffa98757c8bc50 rdi=ffffe20c032f67d0
rip=fffff8040a2b17e8 rsp=ffffe20c032f66d0 rbp=ffffe20c032f6730
 r8=ffffe20c032f6900  r9=ffffe20c032f67d0 r10=fffff80403220760
r11=ffffe20c032f67f0 r12=0000000000000000 r13=ffffe20c032f6800
r14=0000000000000000 r15=ffffe20c032f6900
iopl=0         nv up ei pl zr na po nc
cs=0010  ss=0018  ds=002b  es=002b  fs=0053  gs=002b             efl=00040246
klflt!ComrUnregisterProvider+0x4d68:
fffff804`0a2b17e8 f6c101          test    cl,1
rax=0000000000000000 rbx=ffffa98758fd7f30 rcx=0000000000000000
rdx=0000000000000000 rsi=ffffa98757c8bc50 rdi=ffffe20c032f67d0
rip=fffff8040a2b17eb rsp=ffffe20c032f66d0 rbp=ffffe20c032f6730
 r8=ffffe20c032f6900  r9=ffffe20c032f67d0 r10=fffff80403220760
r11=ffffe20c032f67f0 r12=0000000000000000 r13=ffffe20c032f6800
r14=0000000000000000 r15=ffffe20c032f6900
iopl=0         nv up ei pl zr na po nc
cs=0010  ss=0018  ds=002b  es=002b  fs=0053  gs=002b             efl=00040246
klflt!ComrUnregisterProvider+0x4d6b:
fffff804`0a2b17eb 7429            je      klflt!ComrUnregisterProvider+0x4d96 (fffff804`0a2b1816) [br=1]
rax=0000000000000000 rbx=ffffa98758fd7f30 rcx=0000000000000000
rdx=0000000000000000 rsi=ffffa98757c8bc50 rdi=ffffe20c032f67d0
rip=fffff8040a2b1816 rsp=ffffe20c032f66d0 rbp=ffffe20c032f6730
 r8=ffffe20c032f6900  r9=ffffe20c032f67d0 r10=fffff80403220760
r11=ffffe20c032f67f0 r12=0000000000000000 r13=ffffe20c032f6800
r14=0000000000000000 r15=ffffe20c032f6900
iopl=0         nv up ei pl zr na po nc
cs=0010  ss=0018  ds=002b  es=002b  fs=0053  gs=002b             efl=00040246
klflt!ComrUnregisterProvider+0x4d96:
fffff804`0a2b1816 f745e420400000  test    dword ptr [rbp-1Ch],4020h ss:0018:ffffe20c`032f6714=00060025
rax=0000000000000000 rbx=ffffa98758fd7f30 rcx=0000000000000000
rdx=0000000000000000 rsi=ffffa98757c8bc50 rdi=ffffe20c032f67d0
rip=fffff8040a2b181d rsp=ffffe20c032f66d0 rbp=ffffe20c032f6730
 r8=ffffe20c032f6900  r9=ffffe20c032f67d0 r10=fffff80403220760
r11=ffffe20c032f67f0 r12=0000000000000000 r13=ffffe20c032f6800
r14=0000000000000000 r15=ffffe20c032f6900
iopl=0         nv up ei pl nz na pe nc
cs=0010  ss=0018  ds=002b  es=002b  fs=0053  gs=002b             efl=00040202
klflt!ComrUnregisterProvider+0x4d9d:
fffff804`0a2b181d 0f8497010000    je      klflt!ComrUnregisterProvider+0x4f3a (fffff804`0a2b19ba) [br=0]
rax=0000000000000000 rbx=ffffa98758fd7f30 rcx=0000000000000000
rdx=0000000000000000 rsi=ffffa98757c8bc50 rdi=ffffe20c032f67d0
rip=fffff8040a2b1823 rsp=ffffe20c032f66d0 rbp=ffffe20c032f6730
 r8=ffffe20c032f6900  r9=ffffe20c032f67d0 r10=fffff80403220760
r11=ffffe20c032f67f0 r12=0000000000000000 r13=ffffe20c032f6800
r14=0000000000000000 r15=ffffe20c032f6900
iopl=0         nv up ei pl nz na pe nc
cs=0010  ss=0018  ds=002b  es=002b  fs=0053  gs=002b             efl=00040202
klflt!ComrUnregisterProvider+0x4da3:
fffff804`0a2b1823 f745e400400000  test    dword ptr [rbp-1Ch],4000h ss:0018:ffffe20c`032f6714=00060025
rax=0000000000000000 rbx=ffffa98758fd7f30 rcx=0000000000000000
rdx=0000000000000000 rsi=ffffa98757c8bc50 rdi=ffffe20c032f67d0
rip=fffff8040a2b182a rsp=ffffe20c032f66d0 rbp=ffffe20c032f6730
 r8=ffffe20c032f6900  r9=ffffe20c032f67d0 r10=fffff80403220760
r11=ffffe20c032f67f0 r12=0000000000000000 r13=ffffe20c032f6800
r14=0000000000000000 r15=ffffe20c032f6900
iopl=0         nv up ei pl zr na po nc
cs=0010  ss=0018  ds=002b  es=002b  fs=0053  gs=002b             efl=00040246
klflt!ComrUnregisterProvider+0x4daa:
fffff804`0a2b182a 740a            je      klflt!ComrUnregisterProvider+0x4db6 (fffff804`0a2b1836) [br=1]
rax=0000000000000000 rbx=ffffa98758fd7f30 rcx=0000000000000000
rdx=0000000000000000 rsi=ffffa98757c8bc50 rdi=ffffe20c032f67d0
rip=fffff8040a2b1836 rsp=ffffe20c032f66d0 rbp=ffffe20c032f6730
 r8=ffffe20c032f6900  r9=ffffe20c032f67d0 r10=fffff80403220760
r11=ffffe20c032f67f0 r12=0000000000000000 r13=ffffe20c032f6800
r14=0000000000000000 r15=ffffe20c032f6900
iopl=0         nv up ei pl zr na po nc
cs=0010  ss=0018  ds=002b  es=002b  fs=0053  gs=002b             efl=00040246
klflt!ComrUnregisterProvider+0x4db6:
fffff804`0a2b1836 8b07            mov     eax,dword ptr [rdi] ds:002b:ffffe20c`032f67d0=00000000
rax=0000000000000000 rbx=ffffa98758fd7f30 rcx=0000000000000000
rdx=0000000000000000 rsi=ffffa98757c8bc50 rdi=ffffe20c032f67d0
rip=fffff8040a2b1838 rsp=ffffe20c032f66d0 rbp=ffffe20c032f6730
 r8=ffffe20c032f6900  r9=ffffe20c032f67d0 r10=fffff80403220760
r11=ffffe20c032f67f0 r12=0000000000000000 r13=ffffe20c032f6800
r14=0000000000000000 r15=ffffe20c032f6900
iopl=0         nv up ei pl zr na po nc
cs=0010  ss=0018  ds=002b  es=002b  fs=0053  gs=002b             efl=00040246
klflt!ComrUnregisterProvider+0x4db8:
fffff804`0a2b1838 a840            test    al,40h
rax=0000000000000000 rbx=ffffa98758fd7f30 rcx=0000000000000000
rdx=0000000000000000 rsi=ffffa98757c8bc50 rdi=ffffe20c032f67d0
rip=fffff8040a2b183a rsp=ffffe20c032f66d0 rbp=ffffe20c032f6730
 r8=ffffe20c032f6900  r9=ffffe20c032f67d0 r10=fffff80403220760
r11=ffffe20c032f67f0 r12=0000000000000000 r13=ffffe20c032f6800
r14=0000000000000000 r15=ffffe20c032f6900
iopl=0         nv up ei pl zr na po nc
cs=0010  ss=0018  ds=002b  es=002b  fs=0053  gs=002b             efl=00040246
klflt!ComrUnregisterProvider+0x4dba:
fffff804`0a2b183a 0f857a010000    jne     klflt!ComrUnregisterProvider+0x4f3a (fffff804`0a2b19ba) [br=0]
rax=0000000000000000 rbx=ffffa98758fd7f30 rcx=0000000000000000
rdx=0000000000000000 rsi=ffffa98757c8bc50 rdi=ffffe20c032f67d0
rip=fffff8040a2b1840 rsp=ffffe20c032f66d0 rbp=ffffe20c032f6730
 r8=ffffe20c032f6900  r9=ffffe20c032f67d0 r10=fffff80403220760
r11=ffffe20c032f67f0 r12=0000000000000000 r13=ffffe20c032f6800
r14=0000000000000000 r15=ffffe20c032f6900
iopl=0         nv up ei pl zr na po nc
cs=0010  ss=0018  ds=002b  es=002b  fs=0053  gs=002b             efl=00040246
klflt!ComrUnregisterProvider+0x4dc0:
fffff804`0a2b1840 e853f8ffff      call    klflt!ComrUnregisterProvider+0x4618 (fffff804`0a2b1098)
rax=ffffa9875a8cb110 rbx=ffffa98758fd7f30 rcx=ffffa9875a8cb160
rdx=ffffa9875a8cb170 rsi=ffffa98757c8bc50 rdi=ffffe20c032f67d0
rip=fffff8040a2b1845 rsp=ffffe20c032f66d0 rbp=ffffe20c032f6730
 r8=0000000000000000  r9=ffffa9875a8cb150 r10=fffff8040a303100
r11=ffffe20c032f67f0 r12=0000000000000000 r13=ffffe20c032f6800
r14=0000000000000000 r15=ffffe20c032f6900
iopl=0         nv up ei ng nz na po nc
cs=0010  ss=0018  ds=002b  es=002b  fs=0053  gs=002b             efl=00040286
klflt!ComrUnregisterProvider+0x4dc5:
fffff804`0a2b1845 488bf0          mov     rsi,rax
rax=ffffa9875a8cb110 rbx=ffffa98758fd7f30 rcx=ffffa9875a8cb160
rdx=ffffa9875a8cb170 rsi=ffffa9875a8cb110 rdi=ffffe20c032f67d0
rip=fffff8040a2b1848 rsp=ffffe20c032f66d0 rbp=ffffe20c032f6730
 r8=0000000000000000  r9=ffffa9875a8cb150 r10=fffff8040a303100
r11=ffffe20c032f67f0 r12=0000000000000000 r13=ffffe20c032f6800
r14=0000000000000000 r15=ffffe20c032f6900
iopl=0         nv up ei ng nz na po nc
cs=0010  ss=0018  ds=002b  es=002b  fs=0053  gs=002b             efl=00040286
klflt!ComrUnregisterProvider+0x4dc8:
fffff804`0a2b1848 4885c0          test    rax,rax
rax=ffffa9875a8cb110 rbx=ffffa98758fd7f30 rcx=ffffa9875a8cb160
rdx=ffffa9875a8cb170 rsi=ffffa9875a8cb110 rdi=ffffe20c032f67d0
rip=fffff8040a2b184b rsp=ffffe20c032f66d0 rbp=ffffe20c032f6730
 r8=0000000000000000  r9=ffffa9875a8cb150 r10=fffff8040a303100
r11=ffffe20c032f67f0 r12=0000000000000000 r13=ffffe20c032f6800
r14=0000000000000000 r15=ffffe20c032f6900
iopl=0         nv up ei ng nz na pe nc
cs=0010  ss=0018  ds=002b  es=002b  fs=0053  gs=002b             efl=00040282
klflt!ComrUnregisterProvider+0x4dcb:
fffff804`0a2b184b 7508            jne     klflt!ComrUnregisterProvider+0x4dd5 (fffff804`0a2b1855) [br=1]
rax=ffffa9875a8cb110 rbx=ffffa98758fd7f30 rcx=ffffa9875a8cb160
rdx=ffffa9875a8cb170 rsi=ffffa9875a8cb110 rdi=ffffe20c032f67d0
rip=fffff8040a2b1855 rsp=ffffe20c032f66d0 rbp=ffffe20c032f6730
 r8=0000000000000000  r9=ffffa9875a8cb150 r10=fffff8040a303100
r11=ffffe20c032f67f0 r12=0000000000000000 r13=ffffe20c032f6800
r14=0000000000000000 r15=ffffe20c032f6900
iopl=0         nv up ei ng nz na pe nc
cs=0010  ss=0018  ds=002b  es=002b  fs=0053  gs=002b             efl=00040282
klflt!ComrUnregisterProvider+0x4dd5:
fffff804`0a2b1855 488b4b10        mov     rcx,qword ptr [rbx+10h] ds:002b:ffffa987`58fd7f40=ffffa98758457480
rax=ffffa9875a8cb110 rbx=ffffa98758fd7f30 rcx=ffffa98758457480
rdx=ffffa9875a8cb170 rsi=ffffa9875a8cb110 rdi=ffffe20c032f67d0
rip=fffff8040a2b1859 rsp=ffffe20c032f66d0 rbp=ffffe20c032f6730
 r8=0000000000000000  r9=ffffa9875a8cb150 r10=fffff8040a303100
r11=ffffe20c032f67f0 r12=0000000000000000 r13=ffffe20c032f6800
r14=0000000000000000 r15=ffffe20c032f6900
iopl=0         nv up ei ng nz na pe nc
cs=0010  ss=0018  ds=002b  es=002b  fs=0053  gs=002b             efl=00040282
klflt!ComrUnregisterProvider+0x4dd9:
fffff804`0a2b1859 e882cc0000      call    klflt!ComrUnregisterProvider+0x11a60 (fffff804`0a2be4e0)
rax=ffffa98757c8bcb0 rbx=ffffa98758fd7f30 rcx=ffffa98758457480
rdx=ffffa9875a8cb170 rsi=ffffa9875a8cb110 rdi=ffffe20c032f67d0
rip=fffff8040a2b185e rsp=ffffe20c032f66d0 rbp=ffffe20c032f6730
 r8=0000000000000000  r9=ffffa9875a8cb150 r10=fffff8040a303100
r11=ffffe20c032f67f0 r12=0000000000000000 r13=ffffe20c032f6800
r14=0000000000000000 r15=ffffe20c032f6900
iopl=0         nv up ei ng nz na pe nc
cs=0010  ss=0018  ds=002b  es=002b  fs=0053  gs=002b             efl=00040282
klflt!ComrUnregisterProvider+0x4dde:
fffff804`0a2b185e 448b4de0        mov     r9d,dword ptr [rbp-20h] ss:0018:ffffe20c`032f6710=00000000
rax=ffffa98757c8bcb0 rbx=ffffa98758fd7f30 rcx=ffffa98758457480
rdx=ffffa9875a8cb170 rsi=ffffa9875a8cb110 rdi=ffffe20c032f67d0
rip=fffff8040a2b1862 rsp=ffffe20c032f66d0 rbp=ffffe20c032f6730
 r8=0000000000000000  r9=0000000000000000 r10=fffff8040a303100
r11=ffffe20c032f67f0 r12=0000000000000000 r13=ffffe20c032f6800
r14=0000000000000000 r15=ffffe20c032f6900
iopl=0         nv up ei ng nz na pe nc
cs=0010  ss=0018  ds=002b  es=002b  fs=0053  gs=002b             efl=00040282
klflt!ComrUnregisterProvider+0x4de2:
fffff804`0a2b1862 488bce          mov     rcx,rsi
rax=ffffa98757c8bcb0 rbx=ffffa98758fd7f30 rcx=ffffa9875a8cb110
rdx=ffffa9875a8cb170 rsi=ffffa9875a8cb110 rdi=ffffe20c032f67d0
rip=fffff8040a2b1865 rsp=ffffe20c032f66d0 rbp=ffffe20c032f6730
 r8=0000000000000000  r9=0000000000000000 r10=fffff8040a303100
r11=ffffe20c032f67f0 r12=0000000000000000 r13=ffffe20c032f6800
r14=0000000000000000 r15=ffffe20c032f6900
iopl=0         nv up ei ng nz na pe nc
cs=0010  ss=0018  ds=002b  es=002b  fs=0053  gs=002b             efl=00040282
klflt!ComrUnregisterProvider+0x4de5:
fffff804`0a2b1865 4c8b4540        mov     r8,qword ptr [rbp+40h] ss:0018:ffffe20c`032f6770=ffffd08f72ec3b3c
rax=ffffa98757c8bcb0 rbx=ffffa98758fd7f30 rcx=ffffa9875a8cb110
rdx=ffffa9875a8cb170 rsi=ffffa9875a8cb110 rdi=ffffe20c032f67d0
rip=fffff8040a2b1869 rsp=ffffe20c032f66d0 rbp=ffffe20c032f6730
 r8=ffffd08f72ec3b3c  r9=0000000000000000 r10=fffff8040a303100
r11=ffffe20c032f67f0 r12=0000000000000000 r13=ffffe20c032f6800
r14=0000000000000000 r15=ffffe20c032f6900
iopl=0         nv up ei ng nz na pe nc
cs=0010  ss=0018  ds=002b  es=002b  fs=0053  gs=002b             efl=00040282
klflt!ComrUnregisterProvider+0x4de9:
fffff804`0a2b1869 488b5310        mov     rdx,qword ptr [rbx+10h] ds:002b:ffffa987`58fd7f40=ffffa98758457480
rax=ffffa98757c8bcb0 rbx=ffffa98758fd7f30 rcx=ffffa9875a8cb110
rdx=ffffa98758457480 rsi=ffffa9875a8cb110 rdi=ffffe20c032f67d0
rip=fffff8040a2b186d rsp=ffffe20c032f66d0 rbp=ffffe20c032f6730
 r8=ffffd08f72ec3b3c  r9=0000000000000000 r10=fffff8040a303100
r11=ffffe20c032f67f0 r12=0000000000000000 r13=ffffe20c032f6800
r14=0000000000000000 r15=ffffe20c032f6900
iopl=0         nv up ei ng nz na pe nc
cs=0010  ss=0018  ds=002b  es=002b  fs=0053  gs=002b             efl=00040282
klflt!ComrUnregisterProvider+0x4ded:
fffff804`0a2b186d 488945f0        mov     qword ptr [rbp-10h],rax ss:0018:ffffe20c`032f6720=ffffe20c032f6730
rax=ffffa98757c8bcb0 rbx=ffffa98758fd7f30 rcx=ffffa9875a8cb110
rdx=ffffa98758457480 rsi=ffffa9875a8cb110 rdi=ffffe20c032f67d0
rip=fffff8040a2b1871 rsp=ffffe20c032f66d0 rbp=ffffe20c032f6730
 r8=ffffd08f72ec3b3c  r9=0000000000000000 r10=fffff8040a303100
r11=ffffe20c032f67f0 r12=0000000000000000 r13=ffffe20c032f6800
r14=0000000000000000 r15=ffffe20c032f6900
iopl=0         nv up ei ng nz na pe nc
cs=0010  ss=0018  ds=002b  es=002b  fs=0053  gs=002b             efl=00040282
klflt!ComrUnregisterProvider+0x4df1:
fffff804`0a2b1871 e8fee7ffff      call    klflt!ComrUnregisterProvider+0x35f4 (fffff804`0a2b0074)
rax=0000000000060025 rbx=ffffa98758fd7f30 rcx=ffffa98758457480
rdx=ffffa9875a8cb170 rsi=ffffa9875a8cb110 rdi=ffffe20c032f67d0
rip=fffff8040a2b1876 rsp=ffffe20c032f66d0 rbp=ffffe20c032f6730
 r8=ffffd08f72ec3b3c  r9=0000000000000000 r10=fffff8040a303100
r11=ffffe20c032f67f0 r12=0000000000000000 r13=ffffe20c032f6800
r14=0000000000000000 r15=ffffe20c032f6900
iopl=0         nv up ei ng nz na pe nc
cs=0010  ss=0018  ds=002b  es=002b  fs=0053  gs=002b             efl=00040282
klflt!ComrUnregisterProvider+0x4df6:
fffff804`0a2b1876 4883631000      and     qword ptr [rbx+10h],0 ds:002b:ffffa987`58fd7f40=ffffa98758457480
rax=0000000000060025 rbx=ffffa98758fd7f30 rcx=ffffa98758457480
rdx=ffffa9875a8cb170 rsi=ffffa9875a8cb110 rdi=ffffe20c032f67d0
rip=fffff8040a2b187b rsp=ffffe20c032f66d0 rbp=ffffe20c032f6730
 r8=ffffd08f72ec3b3c  r9=0000000000000000 r10=fffff8040a303100
r11=ffffe20c032f67f0 r12=0000000000000000 r13=ffffe20c032f6800
r14=0000000000000000 r15=ffffe20c032f6900
iopl=0         nv up ei pl zr na po nc
cs=0010  ss=0018  ds=002b  es=002b  fs=0053  gs=002b             efl=00040246
klflt!ComrUnregisterProvider+0x4dfb:
fffff804`0a2b187b f745e400800000  test    dword ptr [rbp-1Ch],8000h ss:0018:ffffe20c`032f6714=00060025
rax=0000000000060025 rbx=ffffa98758fd7f30 rcx=ffffa98758457480
rdx=ffffa9875a8cb170 rsi=ffffa9875a8cb110 rdi=ffffe20c032f67d0
rip=fffff8040a2b1882 rsp=ffffe20c032f66d0 rbp=ffffe20c032f6730
 r8=ffffd08f72ec3b3c  r9=0000000000000000 r10=fffff8040a303100
r11=ffffe20c032f67f0 r12=0000000000000000 r13=ffffe20c032f6800
r14=0000000000000000 r15=ffffe20c032f6900
iopl=0         nv up ei pl zr na po nc
cs=0010  ss=0018  ds=002b  es=002b  fs=0053  gs=002b             efl=00040246
klflt!ComrUnregisterProvider+0x4e02:
fffff804`0a2b1882 746d            je      klflt!ComrUnregisterProvider+0x4e71 (fffff804`0a2b18f1) [br=1]
rax=0000000000060025 rbx=ffffa98758fd7f30 rcx=ffffa98758457480
rdx=ffffa9875a8cb170 rsi=ffffa9875a8cb110 rdi=ffffe20c032f67d0
rip=fffff8040a2b18f1 rsp=ffffe20c032f66d0 rbp=ffffe20c032f6730
 r8=ffffd08f72ec3b3c  r9=0000000000000000 r10=fffff8040a303100
r11=ffffe20c032f67f0 r12=0000000000000000 r13=ffffe20c032f6800
r14=0000000000000000 r15=ffffe20c032f6900
iopl=0         nv up ei pl zr na po nc
cs=0010  ss=0018  ds=002b  es=002b  fs=0053  gs=002b             efl=00040246
klflt!ComrUnregisterProvider+0x4e71:
fffff804`0a2b18f1 488b4df8        mov     rcx,qword ptr [rbp-8] ss:0018:ffffe20c`032f6728=ffffa98757c8bc50
rax=0000000000060025 rbx=ffffa98758fd7f30 rcx=ffffa98757c8bc50
rdx=ffffa9875a8cb170 rsi=ffffa9875a8cb110 rdi=ffffe20c032f67d0
rip=fffff8040a2b18f5 rsp=ffffe20c032f66d0 rbp=ffffe20c032f6730
 r8=ffffd08f72ec3b3c  r9=0000000000000000 r10=fffff8040a303100
r11=ffffe20c032f67f0 r12=0000000000000000 r13=ffffe20c032f6800
r14=0000000000000000 r15=ffffe20c032f6900
iopl=0         nv up ei pl zr na po nc
cs=0010  ss=0018  ds=002b  es=002b  fs=0053  gs=002b             efl=00040246
klflt!ComrUnregisterProvider+0x4e75:
fffff804`0a2b18f5 e802120000      call    klflt!ComrUnregisterProvider+0x607c (fffff804`0a2b2afc)
rax=ffffa987575b8540 rbx=ffffa98758fd7f30 rcx=ffffa98757c8bd90
rdx=0000000000000000 rsi=ffffa9875a8cb110 rdi=ffffe20c032f67d0
rip=fffff8040a2b18fa rsp=ffffe20c032f66d0 rbp=ffffe20c032f6730
 r8=0000000000000002  r9=0000000000000000 r10=fffff8040332d900
r11=ffffe20c032f67f0 r12=0000000000000000 r13=ffffe20c032f6800
r14=0000000000000000 r15=ffffe20c032f6900
iopl=0         nv up ei ng nz na po nc
cs=0010  ss=0018  ds=002b  es=002b  fs=0053  gs=002b             efl=00040286
klflt!ComrUnregisterProvider+0x4e7a:
fffff804`0a2b18fa 4c8bf0          mov     r14,rax
rax=ffffa987575b8540 rbx=ffffa98758fd7f30 rcx=ffffa98757c8bd90
rdx=0000000000000000 rsi=ffffa9875a8cb110 rdi=ffffe20c032f67d0
rip=fffff8040a2b18fd rsp=ffffe20c032f66d0 rbp=ffffe20c032f6730
 r8=0000000000000002  r9=0000000000000000 r10=fffff8040332d900
r11=ffffe20c032f67f0 r12=0000000000000000 r13=ffffe20c032f6800
r14=ffffa987575b8540 r15=ffffe20c032f6900
iopl=0         nv up ei ng nz na po nc
cs=0010  ss=0018  ds=002b  es=002b  fs=0053  gs=002b             efl=00040286
klflt!ComrUnregisterProvider+0x4e7d:
fffff804`0a2b18fd 4885c0          test    rax,rax
rax=ffffa987575b8540 rbx=ffffa98758fd7f30 rcx=ffffa98757c8bd90
rdx=0000000000000000 rsi=ffffa9875a8cb110 rdi=ffffe20c032f67d0
rip=fffff8040a2b1900 rsp=ffffe20c032f66d0 rbp=ffffe20c032f6730
 r8=0000000000000002  r9=0000000000000000 r10=fffff8040332d900
r11=ffffe20c032f67f0 r12=0000000000000000 r13=ffffe20c032f6800
r14=ffffa987575b8540 r15=ffffe20c032f6900
iopl=0         nv up ei ng nz na pe nc
cs=0010  ss=0018  ds=002b  es=002b  fs=0053  gs=002b             efl=00040282
klflt!ComrUnregisterProvider+0x4e80:
fffff804`0a2b1900 750d            jne     klflt!ComrUnregisterProvider+0x4e8f (fffff804`0a2b190f) [br=1]
rax=ffffa987575b8540 rbx=ffffa98758fd7f30 rcx=ffffa98757c8bd90
rdx=0000000000000000 rsi=ffffa9875a8cb110 rdi=ffffe20c032f67d0
rip=fffff8040a2b190f rsp=ffffe20c032f66d0 rbp=ffffe20c032f6730
 r8=0000000000000002  r9=0000000000000000 r10=fffff8040332d900
r11=ffffe20c032f67f0 r12=0000000000000000 r13=ffffe20c032f6800
r14=ffffa987575b8540 r15=ffffe20c032f6900
iopl=0         nv up ei ng nz na pe nc
cs=0010  ss=0018  ds=002b  es=002b  fs=0053  gs=002b             efl=00040282
klflt!ComrUnregisterProvider+0x4e8f:
fffff804`0a2b190f 4d85e4          test    r12,r12
rax=ffffa987575b8540 rbx=ffffa98758fd7f30 rcx=ffffa98757c8bd90
rdx=0000000000000000 rsi=ffffa9875a8cb110 rdi=ffffe20c032f67d0
rip=fffff8040a2b1912 rsp=ffffe20c032f66d0 rbp=ffffe20c032f6730
 r8=0000000000000002  r9=0000000000000000 r10=fffff8040332d900
r11=ffffe20c032f67f0 r12=0000000000000000 r13=ffffe20c032f6800
r14=ffffa987575b8540 r15=ffffe20c032f6900
iopl=0         nv up ei pl zr na po nc
cs=0010  ss=0018  ds=002b  es=002b  fs=0053  gs=002b             efl=00040246
klflt!ComrUnregisterProvider+0x4e92:
fffff804`0a2b1912 7423            je      klflt!ComrUnregisterProvider+0x4eb7 (fffff804`0a2b1937) [br=1]
rax=ffffa987575b8540 rbx=ffffa98758fd7f30 rcx=ffffa98757c8bd90
rdx=0000000000000000 rsi=ffffa9875a8cb110 rdi=ffffe20c032f67d0
rip=fffff8040a2b1937 rsp=ffffe20c032f66d0 rbp=ffffe20c032f6730
 r8=0000000000000002  r9=0000000000000000 r10=fffff8040332d900
r11=ffffe20c032f67f0 r12=0000000000000000 r13=ffffe20c032f6800
r14=ffffa987575b8540 r15=ffffe20c032f6900
iopl=0         nv up ei pl zr na po nc
cs=0010  ss=0018  ds=002b  es=002b  fs=0053  gs=002b             efl=00040246
klflt!ComrUnregisterProvider+0x4eb7:
fffff804`0a2b1937 4d8be6          mov     r12,r14
rax=ffffa987575b8540 rbx=ffffa98758fd7f30 rcx=ffffa98757c8bd90
rdx=0000000000000000 rsi=ffffa9875a8cb110 rdi=ffffe20c032f67d0
rip=fffff8040a2b193a rsp=ffffe20c032f66d0 rbp=ffffe20c032f6730
 r8=0000000000000002  r9=0000000000000000 r10=fffff8040332d900
r11=ffffe20c032f67f0 r12=ffffa987575b8540 r13=ffffe20c032f6800
r14=ffffa987575b8540 r15=ffffe20c032f6900
iopl=0         nv up ei pl zr na po nc
cs=0010  ss=0018  ds=002b  es=002b  fs=0053  gs=002b             efl=00040246
klflt!ComrUnregisterProvider+0x4eba:
fffff804`0a2b193a 807de800        cmp     byte ptr [rbp-18h],0 ss:0018:ffffe20c`032f6718=00
rax=ffffa987575b8540 rbx=ffffa98758fd7f30 rcx=ffffa98757c8bd90
rdx=0000000000000000 rsi=ffffa9875a8cb110 rdi=ffffe20c032f67d0
rip=fffff8040a2b193e rsp=ffffe20c032f66d0 rbp=ffffe20c032f6730
 r8=0000000000000002  r9=0000000000000000 r10=fffff8040332d900
r11=ffffe20c032f67f0 r12=ffffa987575b8540 r13=ffffe20c032f6800
r14=ffffa987575b8540 r15=ffffe20c032f6900
iopl=0         nv up ei pl zr na po nc
cs=0010  ss=0018  ds=002b  es=002b  fs=0053  gs=002b             efl=00040246
klflt!ComrUnregisterProvider+0x4ebe:
fffff804`0a2b193e 7407            je      klflt!ComrUnregisterProvider+0x4ec7 (fffff804`0a2b1947) [br=1]
rax=ffffa987575b8540 rbx=ffffa98758fd7f30 rcx=ffffa98757c8bd90
rdx=0000000000000000 rsi=ffffa9875a8cb110 rdi=ffffe20c032f67d0
rip=fffff8040a2b1947 rsp=ffffe20c032f66d0 rbp=ffffe20c032f6730
 r8=0000000000000002  r9=0000000000000000 r10=fffff8040332d900
r11=ffffe20c032f67f0 r12=ffffa987575b8540 r13=ffffe20c032f6800
r14=ffffa987575b8540 r15=ffffe20c032f6900
iopl=0         nv up ei pl zr na po nc
cs=0010  ss=0018  ds=002b  es=002b  fs=0053  gs=002b             efl=00040246
klflt!ComrUnregisterProvider+0x4ec7:
fffff804`0a2b1947 488b5540        mov     rdx,qword ptr [rbp+40h] ss:0018:ffffe20c`032f6770=ffffd08f72ec3b3c
rax=ffffa987575b8540 rbx=ffffa98758fd7f30 rcx=ffffa98757c8bd90
rdx=ffffd08f72ec3b3c rsi=ffffa9875a8cb110 rdi=ffffe20c032f67d0
rip=fffff8040a2b194b rsp=ffffe20c032f66d0 rbp=ffffe20c032f6730
 r8=0000000000000002  r9=0000000000000000 r10=fffff8040332d900
r11=ffffe20c032f67f0 r12=ffffa987575b8540 r13=ffffe20c032f6800
r14=ffffa987575b8540 r15=ffffe20c032f6900
iopl=0         nv up ei pl zr na po nc
cs=0010  ss=0018  ds=002b  es=002b  fs=0053  gs=002b             efl=00040246
klflt!ComrUnregisterProvider+0x4ecb:
fffff804`0a2b194b 4c8bc6          mov     r8,rsi
rax=ffffa987575b8540 rbx=ffffa98758fd7f30 rcx=ffffa98757c8bd90
rdx=ffffd08f72ec3b3c rsi=ffffa9875a8cb110 rdi=ffffe20c032f67d0
rip=fffff8040a2b194e rsp=ffffe20c032f66d0 rbp=ffffe20c032f6730
 r8=ffffa9875a8cb110  r9=0000000000000000 r10=fffff8040332d900
r11=ffffe20c032f67f0 r12=ffffa987575b8540 r13=ffffe20c032f6800
r14=ffffa987575b8540 r15=ffffe20c032f6900
iopl=0         nv up ei pl zr na po nc
cs=0010  ss=0018  ds=002b  es=002b  fs=0053  gs=002b             efl=00040246
klflt!ComrUnregisterProvider+0x4ece:
fffff804`0a2b194e 498bcd          mov     rcx,r13
rax=ffffa987575b8540 rbx=ffffa98758fd7f30 rcx=ffffe20c032f6800
rdx=ffffd08f72ec3b3c rsi=ffffa9875a8cb110 rdi=ffffe20c032f67d0
rip=fffff8040a2b1951 rsp=ffffe20c032f66d0 rbp=ffffe20c032f6730
 r8=ffffa9875a8cb110  r9=0000000000000000 r10=fffff8040332d900
r11=ffffe20c032f67f0 r12=ffffa987575b8540 r13=ffffe20c032f6800
r14=ffffa987575b8540 r15=ffffe20c032f6900
iopl=0         nv up ei pl zr na po nc
cs=0010  ss=0018  ds=002b  es=002b  fs=0053  gs=002b             efl=00040246
klflt!ComrUnregisterProvider+0x4ed1:
fffff804`0a2b1951 e89eebffff      call    klflt!ComrUnregisterProvider+0x3a74 (fffff804`0a2b04f4)
rax=0000000000000006 rbx=ffffa98758fd7f30 rcx=ffffa98752b62500
rdx=0000000000000000 rsi=ffffa9875a8cb110 rdi=ffffe20c032f67d0
rip=fffff8040a2b1956 rsp=ffffe20c032f66d0 rbp=ffffe20c032f6730
 r8=ffffa9875a0df100  r9=000000000000042f r10=fffff8040332af70
r11=ffffe20c032f6658 r12=ffffa987575b8540 r13=ffffe20c032f6800
r14=ffffa987575b8540 r15=ffffe20c032f6900
iopl=0         nv up ei ng nz na pe nc
cs=0010  ss=0018  ds=002b  es=002b  fs=0053  gs=002b             efl=00040282
klflt!ComrUnregisterProvider+0x4ed6:
fffff804`0a2b1956 498b4508        mov     rax,qword ptr [r13+8] ds:002b:ffffe20c`032f6808=ffffe20c032f6800
rax=ffffe20c032f6800 rbx=ffffa98758fd7f30 rcx=ffffa98752b62500
rdx=0000000000000000 rsi=ffffa9875a8cb110 rdi=ffffe20c032f67d0
rip=fffff8040a2b195a rsp=ffffe20c032f66d0 rbp=ffffe20c032f6730
 r8=ffffa9875a0df100  r9=000000000000042f r10=fffff8040332af70
r11=ffffe20c032f6658 r12=ffffa987575b8540 r13=ffffe20c032f6800
r14=ffffa987575b8540 r15=ffffe20c032f6900
iopl=0         nv up ei ng nz na pe nc
cs=0010  ss=0018  ds=002b  es=002b  fs=0053  gs=002b             efl=00040282
klflt!ComrUnregisterProvider+0x4eda:
fffff804`0a2b195a 4c3928          cmp     qword ptr [rax],r13 ds:002b:ffffe20c`032f6800=ffffe20c032f6800
rax=ffffe20c032f6800 rbx=ffffa98758fd7f30 rcx=ffffa98752b62500
rdx=0000000000000000 rsi=ffffa9875a8cb110 rdi=ffffe20c032f67d0
rip=fffff8040a2b195d rsp=ffffe20c032f66d0 rbp=ffffe20c032f6730
 r8=ffffa9875a0df100  r9=000000000000042f r10=fffff8040332af70
r11=ffffe20c032f6658 r12=ffffa987575b8540 r13=ffffe20c032f6800
r14=ffffa987575b8540 r15=ffffe20c032f6900
iopl=0         nv up ei pl zr na po nc
cs=0010  ss=0018  ds=002b  es=002b  fs=0053  gs=002b             efl=00040246
klflt!ComrUnregisterProvider+0x4edd:
fffff804`0a2b195d 0f85f5000000    jne     klflt!ComrUnregisterProvider+0x4fd8 (fffff804`0a2b1a58) [br=0]
rax=ffffe20c032f6800 rbx=ffffa98758fd7f30 rcx=ffffa98752b62500
rdx=0000000000000000 rsi=ffffa9875a8cb110 rdi=ffffe20c032f67d0
rip=fffff8040a2b1963 rsp=ffffe20c032f66d0 rbp=ffffe20c032f6730
 r8=ffffa9875a0df100  r9=000000000000042f r10=fffff8040332af70
r11=ffffe20c032f6658 r12=ffffa987575b8540 r13=ffffe20c032f6800
r14=ffffa987575b8540 r15=ffffe20c032f6900
iopl=0         nv up ei pl zr na po nc
cs=0010  ss=0018  ds=002b  es=002b  fs=0053  gs=002b             efl=00040246
klflt!ComrUnregisterProvider+0x4ee3:
fffff804`0a2b1963 4c892e          mov     qword ptr [rsi],r13 ds:002b:ffffa987`5a8cb110=0000000000000000
rax=ffffe20c032f6800 rbx=ffffa98758fd7f30 rcx=ffffa98752b62500
rdx=0000000000000000 rsi=ffffa9875a8cb110 rdi=ffffe20c032f67d0
rip=fffff8040a2b1966 rsp=ffffe20c032f66d0 rbp=ffffe20c032f6730
 r8=ffffa9875a0df100  r9=000000000000042f r10=fffff8040332af70
r11=ffffe20c032f6658 r12=ffffa987575b8540 r13=ffffe20c032f6800
r14=ffffa987575b8540 r15=ffffe20c032f6900
iopl=0         nv up ei pl zr na po nc
cs=0010  ss=0018  ds=002b  es=002b  fs=0053  gs=002b             efl=00040246
klflt!ComrUnregisterProvider+0x4ee6:
fffff804`0a2b1966 48894608        mov     qword ptr [rsi+8],rax ds:002b:ffffa987`5a8cb118=0000000000000000
rax=ffffe20c032f6800 rbx=ffffa98758fd7f30 rcx=ffffa98752b62500
rdx=0000000000000000 rsi=ffffa9875a8cb110 rdi=ffffe20c032f67d0
rip=fffff8040a2b196a rsp=ffffe20c032f66d0 rbp=ffffe20c032f6730
 r8=ffffa9875a0df100  r9=000000000000042f r10=fffff8040332af70
r11=ffffe20c032f6658 r12=ffffa987575b8540 r13=ffffe20c032f6800
r14=ffffa987575b8540 r15=ffffe20c032f6900
iopl=0         nv up ei pl zr na po nc
cs=0010  ss=0018  ds=002b  es=002b  fs=0053  gs=002b             efl=00040246
klflt!ComrUnregisterProvider+0x4eea:
fffff804`0a2b196a 488930          mov     qword ptr [rax],rsi ds:002b:ffffe20c`032f6800=ffffe20c032f6800
rax=ffffe20c032f6800 rbx=ffffa98758fd7f30 rcx=ffffa98752b62500
rdx=0000000000000000 rsi=ffffa9875a8cb110 rdi=ffffe20c032f67d0
rip=fffff8040a2b196d rsp=ffffe20c032f66d0 rbp=ffffe20c032f6730
 r8=ffffa9875a0df100  r9=000000000000042f r10=fffff8040332af70
r11=ffffe20c032f6658 r12=ffffa987575b8540 r13=ffffe20c032f6800
r14=ffffa987575b8540 r15=ffffe20c032f6900
iopl=0         nv up ei pl zr na po nc
cs=0010  ss=0018  ds=002b  es=002b  fs=0053  gs=002b             efl=00040246
klflt!ComrUnregisterProvider+0x4eed:
fffff804`0a2b196d 49897508        mov     qword ptr [r13+8],rsi ds:002b:ffffe20c`032f6808=ffffe20c032f6800
rax=ffffe20c032f6800 rbx=ffffa98758fd7f30 rcx=ffffa98752b62500
rdx=0000000000000000 rsi=ffffa9875a8cb110 rdi=ffffe20c032f67d0
rip=fffff8040a2b1971 rsp=ffffe20c032f66d0 rbp=ffffe20c032f6730
 r8=ffffa9875a0df100  r9=000000000000042f r10=fffff8040332af70
r11=ffffe20c032f6658 r12=ffffa987575b8540 r13=ffffe20c032f6800
r14=ffffa987575b8540 r15=ffffe20c032f6900
iopl=0         nv up ei pl zr na po nc
cs=0010  ss=0018  ds=002b  es=002b  fs=0053  gs=002b             efl=00040246
klflt!ComrUnregisterProvider+0x4ef1:
fffff804`0a2b1971 488b0d680a0400  mov     rcx,qword ptr [klflt!ComrUnregisterProvider+0x45960 (fffff804`0a2f23e0)] ds:002b:fffff804`0a2f23e0=fffff8040a302e90
rax=ffffe20c032f6800 rbx=ffffa98758fd7f30 rcx=fffff8040a302e90
rdx=0000000000000000 rsi=ffffa9875a8cb110 rdi=ffffe20c032f67d0
rip=fffff8040a2b1978 rsp=ffffe20c032f66d0 rbp=ffffe20c032f6730
 r8=ffffa9875a0df100  r9=000000000000042f r10=fffff8040332af70
r11=ffffe20c032f6658 r12=ffffa987575b8540 r13=ffffe20c032f6800
r14=ffffa987575b8540 r15=ffffe20c032f6900
iopl=0         nv up ei pl zr na po nc
cs=0010  ss=0018  ds=002b  es=002b  fs=0053  gs=002b             efl=00040246
klflt!ComrUnregisterProvider+0x4ef8:
fffff804`0a2b1978 488d05610a0400  lea     rax,[klflt!ComrUnregisterProvider+0x45960 (fffff804`0a2f23e0)]
rax=fffff8040a2f23e0 rbx=ffffa98758fd7f30 rcx=fffff8040a302e90
rdx=0000000000000000 rsi=ffffa9875a8cb110 rdi=ffffe20c032f67d0
rip=fffff8040a2b197f rsp=ffffe20c032f66d0 rbp=ffffe20c032f6730
 r8=ffffa9875a0df100  r9=000000000000042f r10=fffff8040332af70
r11=ffffe20c032f6658 r12=ffffa987575b8540 r13=ffffe20c032f6800
r14=ffffa987575b8540 r15=ffffe20c032f6900
iopl=0         nv up ei pl zr na po nc
cs=0010  ss=0018  ds=002b  es=002b  fs=0053  gs=002b             efl=00040246
klflt!ComrUnregisterProvider+0x4eff:
fffff804`0a2b197f 4533f6          xor     r14d,r14d
rax=fffff8040a2f23e0 rbx=ffffa98758fd7f30 rcx=fffff8040a302e90
rdx=0000000000000000 rsi=ffffa9875a8cb110 rdi=ffffe20c032f67d0
rip=fffff8040a2b1982 rsp=ffffe20c032f66d0 rbp=ffffe20c032f6730
 r8=ffffa9875a0df100  r9=000000000000042f r10=fffff8040332af70
r11=ffffe20c032f6658 r12=ffffa987575b8540 r13=ffffe20c032f6800
r14=0000000000000000 r15=ffffe20c032f6900
iopl=0         nv up ei pl zr na po nc
cs=0010  ss=0018  ds=002b  es=002b  fs=0053  gs=002b             efl=00040246
klflt!ComrUnregisterProvider+0x4f02:
fffff804`0a2b1982 483bc8          cmp     rcx,rax
rax=fffff8040a2f23e0 rbx=ffffa98758fd7f30 rcx=fffff8040a302e90
rdx=0000000000000000 rsi=ffffa9875a8cb110 rdi=ffffe20c032f67d0
rip=fffff8040a2b1985 rsp=ffffe20c032f66d0 rbp=ffffe20c032f6730
 r8=ffffa9875a0df100  r9=000000000000042f r10=fffff8040332af70
r11=ffffe20c032f6658 r12=ffffa987575b8540 r13=ffffe20c032f6800
r14=0000000000000000 r15=ffffe20c032f6900
iopl=0         nv up ei pl nz na pe nc
cs=0010  ss=0018  ds=002b  es=002b  fs=0053  gs=002b             efl=00040202
klflt!ComrUnregisterProvider+0x4f05:
fffff804`0a2b1985 7433            je      klflt!ComrUnregisterProvider+0x4f3a (fffff804`0a2b19ba) [br=0]
rax=fffff8040a2f23e0 rbx=ffffa98758fd7f30 rcx=fffff8040a302e90
rdx=0000000000000000 rsi=ffffa9875a8cb110 rdi=ffffe20c032f67d0
rip=fffff8040a2b1987 rsp=ffffe20c032f66d0 rbp=ffffe20c032f6730
 r8=ffffa9875a0df100  r9=000000000000042f r10=fffff8040332af70
r11=ffffe20c032f6658 r12=ffffa987575b8540 r13=ffffe20c032f6800
r14=0000000000000000 r15=ffffe20c032f6900
iopl=0         nv up ei pl nz na pe nc
cs=0010  ss=0018  ds=002b  es=002b  fs=0053  gs=002b             efl=00040202
klflt!ComrUnregisterProvider+0x4f07:
fffff804`0a2b1987 8b816c010000    mov     eax,dword ptr [rcx+16Ch] ds:002b:fffff804`0a302ffc=00000000
rax=0000000000000000 rbx=ffffa98758fd7f30 rcx=fffff8040a302e90
rdx=0000000000000000 rsi=ffffa9875a8cb110 rdi=ffffe20c032f67d0
rip=fffff8040a2b198d rsp=ffffe20c032f66d0 rbp=ffffe20c032f6730
 r8=ffffa9875a0df100  r9=000000000000042f r10=fffff8040332af70
r11=ffffe20c032f6658 r12=ffffa987575b8540 r13=ffffe20c032f6800
r14=0000000000000000 r15=ffffe20c032f6900
iopl=0         nv up ei pl nz na pe nc
cs=0010  ss=0018  ds=002b  es=002b  fs=0053  gs=002b             efl=00040202
klflt!ComrUnregisterProvider+0x4f0d:
fffff804`0a2b198d a801            test    al,1
rax=0000000000000000 rbx=ffffa98758fd7f30 rcx=fffff8040a302e90
rdx=0000000000000000 rsi=ffffa9875a8cb110 rdi=ffffe20c032f67d0
rip=fffff8040a2b198f rsp=ffffe20c032f66d0 rbp=ffffe20c032f6730
 r8=ffffa9875a0df100  r9=000000000000042f r10=fffff8040332af70
r11=ffffe20c032f6658 r12=ffffa987575b8540 r13=ffffe20c032f6800
r14=0000000000000000 r15=ffffe20c032f6900
iopl=0         nv up ei pl zr na po nc
cs=0010  ss=0018  ds=002b  es=002b  fs=0053  gs=002b             efl=00040246
klflt!ComrUnregisterProvider+0x4f0f:
fffff804`0a2b198f 7429            je      klflt!ComrUnregisterProvider+0x4f3a (fffff804`0a2b19ba) [br=1]
rax=0000000000000000 rbx=ffffa98758fd7f30 rcx=fffff8040a302e90
rdx=0000000000000000 rsi=ffffa9875a8cb110 rdi=ffffe20c032f67d0
rip=fffff8040a2b19ba rsp=ffffe20c032f66d0 rbp=ffffe20c032f6730
 r8=ffffa9875a0df100  r9=000000000000042f r10=fffff8040332af70
r11=ffffe20c032f6658 r12=ffffa987575b8540 r13=ffffe20c032f6800
r14=0000000000000000 r15=ffffe20c032f6900
iopl=0         nv up ei pl zr na po nc
cs=0010  ss=0018  ds=002b  es=002b  fs=0053  gs=002b             efl=00040246
klflt!ComrUnregisterProvider+0x4f3a:
fffff804`0a2b19ba 488bcb          mov     rcx,rbx
rax=0000000000000000 rbx=ffffa98758fd7f30 rcx=ffffa98758fd7f30
rdx=0000000000000000 rsi=ffffa9875a8cb110 rdi=ffffe20c032f67d0
rip=fffff8040a2b19bd rsp=ffffe20c032f66d0 rbp=ffffe20c032f6730
 r8=ffffa9875a0df100  r9=000000000000042f r10=fffff8040332af70
r11=ffffe20c032f6658 r12=ffffa987575b8540 r13=ffffe20c032f6800
r14=0000000000000000 r15=ffffe20c032f6900
iopl=0         nv up ei pl zr na po nc
cs=0010  ss=0018  ds=002b  es=002b  fs=0053  gs=002b             efl=00040246
klflt!ComrUnregisterProvider+0x4f3d:
fffff804`0a2b19bd e8aed80000      call    klflt!ComrUnregisterProvider+0x127f0 (fffff804`0a2bf270)
rax=ffffa9875b1a2750 rbx=ffffa98758fd7f30 rcx=ffffa98758fd7f30
rdx=ffffa9875b1a2750 rsi=ffffa9875a8cb110 rdi=ffffe20c032f67d0
rip=fffff8040a2b19c2 rsp=ffffe20c032f66d0 rbp=ffffe20c032f6730
 r8=ffffa9875b1a2750  r9=000000000000042f r10=fffff8040a3196c0
r11=ffffa98758fd7f30 r12=ffffa987575b8540 r13=ffffe20c032f6800
r14=0000000000000000 r15=ffffe20c032f6900
iopl=0         nv up ei pl zr na po nc
cs=0010  ss=0018  ds=002b  es=002b  fs=0053  gs=002b             efl=00040246
klflt!ComrUnregisterProvider+0x4f42:
fffff804`0a2b19c2 498b1f          mov     rbx,qword ptr [r15] ds:002b:ffffe20c`032f6900=ffffa98756da2e50
rax=ffffa9875b1a2750 rbx=ffffa98756da2e50 rcx=ffffa98758fd7f30
rdx=ffffa9875b1a2750 rsi=ffffa9875a8cb110 rdi=ffffe20c032f67d0
rip=fffff8040a2b19c5 rsp=ffffe20c032f66d0 rbp=ffffe20c032f6730
 r8=ffffa9875b1a2750  r9=000000000000042f r10=fffff8040a3196c0
r11=ffffa98758fd7f30 r12=ffffa987575b8540 r13=ffffe20c032f6800
r14=0000000000000000 r15=ffffe20c032f6900
iopl=0         nv up ei pl zr na po nc
cs=0010  ss=0018  ds=002b  es=002b  fs=0053  gs=002b             efl=00040246
klflt!ComrUnregisterProvider+0x4f45:
fffff804`0a2b19c5 493bdf          cmp     rbx,r15
rax=ffffa9875b1a2750 rbx=ffffa98756da2e50 rcx=ffffa98758fd7f30
rdx=ffffa9875b1a2750 rsi=ffffa9875a8cb110 rdi=ffffe20c032f67d0
rip=fffff8040a2b19c8 rsp=ffffe20c032f66d0 rbp=ffffe20c032f6730
 r8=ffffa9875b1a2750  r9=000000000000042f r10=fffff8040a3196c0
r11=ffffa98758fd7f30 r12=ffffa987575b8540 r13=ffffe20c032f6800
r14=0000000000000000 r15=ffffe20c032f6900
iopl=0         nv up ei ng nz na po cy
cs=0010  ss=0018  ds=002b  es=002b  fs=0053  gs=002b             efl=00040287
klflt!ComrUnregisterProvider+0x4f48:
fffff804`0a2b19c8 e942fdffff      jmp     klflt!ComrUnregisterProvider+0x4c8f (fffff804`0a2b170f)
rax=ffffa9875b1a2750 rbx=ffffa98756da2e50 rcx=ffffa98758fd7f30
rdx=ffffa9875b1a2750 rsi=ffffa9875a8cb110 rdi=ffffe20c032f67d0
rip=fffff8040a2b170f rsp=ffffe20c032f66d0 rbp=ffffe20c032f6730
 r8=ffffa9875b1a2750  r9=000000000000042f r10=fffff8040a3196c0
r11=ffffa98758fd7f30 r12=ffffa987575b8540 r13=ffffe20c032f6800
r14=0000000000000000 r15=ffffe20c032f6900
iopl=0         nv up ei ng nz na po cy
cs=0010  ss=0018  ds=002b  es=002b  fs=0053  gs=002b             efl=00040287
klflt!ComrUnregisterProvider+0x4c8f:
fffff804`0a2b170f 0f84d2020000    je      klflt!ComrUnregisterProvider+0x4f67 (fffff804`0a2b19e7) [br=0]
rax=ffffa9875b1a2750 rbx=ffffa98756da2e50 rcx=ffffa98758fd7f30
rdx=ffffa9875b1a2750 rsi=ffffa9875a8cb110 rdi=ffffe20c032f67d0
rip=fffff8040a2b1715 rsp=ffffe20c032f66d0 rbp=ffffe20c032f6730
 r8=ffffa9875b1a2750  r9=000000000000042f r10=fffff8040a3196c0
r11=ffffa98758fd7f30 r12=ffffa987575b8540 r13=ffffe20c032f6800
r14=0000000000000000 r15=ffffe20c032f6900
iopl=0         nv up ei ng nz na po cy
cs=0010  ss=0018  ds=002b  es=002b  fs=0053  gs=002b             efl=00040287
klflt!ComrUnregisterProvider+0x4c95:
fffff804`0a2b1715 8b07            mov     eax,dword ptr [rdi] ds:002b:ffffe20c`032f67d0=00000000
rax=0000000000000000 rbx=ffffa98756da2e50 rcx=ffffa98758fd7f30
rdx=ffffa9875b1a2750 rsi=ffffa9875a8cb110 rdi=ffffe20c032f67d0
rip=fffff8040a2b1717 rsp=ffffe20c032f66d0 rbp=ffffe20c032f6730
 r8=ffffa9875b1a2750  r9=000000000000042f r10=fffff8040a3196c0
r11=ffffa98758fd7f30 r12=ffffa987575b8540 r13=ffffe20c032f6800
r14=0000000000000000 r15=ffffe20c032f6900
iopl=0         nv up ei ng nz na po cy
cs=0010  ss=0018  ds=002b  es=002b  fs=0053  gs=002b             efl=00040287
klflt!ComrUnregisterProvider+0x4c97:
fffff804`0a2b1717 a802            test    al,2
rax=0000000000000000 rbx=ffffa98756da2e50 rcx=ffffa98758fd7f30
rdx=ffffa9875b1a2750 rsi=ffffa9875a8cb110 rdi=ffffe20c032f67d0
rip=fffff8040a2b1719 rsp=ffffe20c032f66d0 rbp=ffffe20c032f6730
 r8=ffffa9875b1a2750  r9=000000000000042f r10=fffff8040a3196c0
r11=ffffa98758fd7f30 r12=ffffa987575b8540 r13=ffffe20c032f6800
r14=0000000000000000 r15=ffffe20c032f6900
iopl=0         nv up ei pl zr na po nc
cs=0010  ss=0018  ds=002b  es=002b  fs=0053  gs=002b             efl=00040246
klflt!ComrUnregisterProvider+0x4c99:
fffff804`0a2b1719 0f85c8020000    jne     klflt!ComrUnregisterProvider+0x4f67 (fffff804`0a2b19e7) [br=0]
rax=0000000000000000 rbx=ffffa98756da2e50 rcx=ffffa98758fd7f30
rdx=ffffa9875b1a2750 rsi=ffffa9875a8cb110 rdi=ffffe20c032f67d0
rip=fffff8040a2b171f rsp=ffffe20c032f66d0 rbp=ffffe20c032f6730
 r8=ffffa9875b1a2750  r9=000000000000042f r10=fffff8040a3196c0
r11=ffffa98758fd7f30 r12=ffffa987575b8540 r13=ffffe20c032f6800
r14=0000000000000000 r15=ffffe20c032f6900
iopl=0         nv up ei pl zr na po nc
cs=0010  ss=0018  ds=002b  es=002b  fs=0053  gs=002b             efl=00040246
klflt!ComrUnregisterProvider+0x4c9f:
fffff804`0a2b171f 4c397b08        cmp     qword ptr [rbx+8],r15 ds:002b:ffffa987`56da2e58=ffffe20c032f6900
rax=0000000000000000 rbx=ffffa98756da2e50 rcx=ffffa98758fd7f30
rdx=ffffa9875b1a2750 rsi=ffffa9875a8cb110 rdi=ffffe20c032f67d0
rip=fffff8040a2b1723 rsp=ffffe20c032f66d0 rbp=ffffe20c032f6730
 r8=ffffa9875b1a2750  r9=000000000000042f r10=fffff8040a3196c0
r11=ffffa98758fd7f30 r12=ffffa987575b8540 r13=ffffe20c032f6800
r14=0000000000000000 r15=ffffe20c032f6900
iopl=0         nv up ei pl zr na po nc
cs=0010  ss=0018  ds=002b  es=002b  fs=0053  gs=002b             efl=00040246
klflt!ComrUnregisterProvider+0x4ca3:
fffff804`0a2b1723 0f852f030000    jne     klflt!ComrUnregisterProvider+0x4fd8 (fffff804`0a2b1a58) [br=0]
rax=0000000000000000 rbx=ffffa98756da2e50 rcx=ffffa98758fd7f30
rdx=ffffa9875b1a2750 rsi=ffffa9875a8cb110 rdi=ffffe20c032f67d0
rip=fffff8040a2b1729 rsp=ffffe20c032f66d0 rbp=ffffe20c032f6730
 r8=ffffa9875b1a2750  r9=000000000000042f r10=fffff8040a3196c0
r11=ffffa98758fd7f30 r12=ffffa987575b8540 r13=ffffe20c032f6800
r14=0000000000000000 r15=ffffe20c032f6900
iopl=0         nv up ei pl zr na po nc
cs=0010  ss=0018  ds=002b  es=002b  fs=0053  gs=002b             efl=00040246
klflt!ComrUnregisterProvider+0x4ca9:
fffff804`0a2b1729 488b03          mov     rax,qword ptr [rbx] ds:002b:ffffa987`56da2e50=ffffa9875a9ca380
rax=ffffa9875a9ca380 rbx=ffffa98756da2e50 rcx=ffffa98758fd7f30
rdx=ffffa9875b1a2750 rsi=ffffa9875a8cb110 rdi=ffffe20c032f67d0
rip=fffff8040a2b172c rsp=ffffe20c032f66d0 rbp=ffffe20c032f6730
 r8=ffffa9875b1a2750  r9=000000000000042f r10=fffff8040a3196c0
r11=ffffa98758fd7f30 r12=ffffa987575b8540 r13=ffffe20c032f6800
r14=0000000000000000 r15=ffffe20c032f6900
iopl=0         nv up ei pl zr na po nc
cs=0010  ss=0018  ds=002b  es=002b  fs=0053  gs=002b             efl=00040246
klflt!ComrUnregisterProvider+0x4cac:
fffff804`0a2b172c 48395808        cmp     qword ptr [rax+8],rbx ds:002b:ffffa987`5a9ca388=ffffa98756da2e50
rax=ffffa9875a9ca380 rbx=ffffa98756da2e50 rcx=ffffa98758fd7f30
rdx=ffffa9875b1a2750 rsi=ffffa9875a8cb110 rdi=ffffe20c032f67d0
rip=fffff8040a2b1730 rsp=ffffe20c032f66d0 rbp=ffffe20c032f6730
 r8=ffffa9875b1a2750  r9=000000000000042f r10=fffff8040a3196c0
r11=ffffa98758fd7f30 r12=ffffa987575b8540 r13=ffffe20c032f6800
r14=0000000000000000 r15=ffffe20c032f6900
iopl=0         nv up ei pl zr na po nc
cs=0010  ss=0018  ds=002b  es=002b  fs=0053  gs=002b             efl=00040246
klflt!ComrUnregisterProvider+0x4cb0:
fffff804`0a2b1730 0f8522030000    jne     klflt!ComrUnregisterProvider+0x4fd8 (fffff804`0a2b1a58) [br=0]
rax=ffffa9875a9ca380 rbx=ffffa98756da2e50 rcx=ffffa98758fd7f30
rdx=ffffa9875b1a2750 rsi=ffffa9875a8cb110 rdi=ffffe20c032f67d0
rip=fffff8040a2b1736 rsp=ffffe20c032f66d0 rbp=ffffe20c032f6730
 r8=ffffa9875b1a2750  r9=000000000000042f r10=fffff8040a3196c0
r11=ffffa98758fd7f30 r12=ffffa987575b8540 r13=ffffe20c032f6800
r14=0000000000000000 r15=ffffe20c032f6900
iopl=0         nv up ei pl zr na po nc
cs=0010  ss=0018  ds=002b  es=002b  fs=0053  gs=002b             efl=00040246
klflt!ComrUnregisterProvider+0x4cb6:
fffff804`0a2b1736 498907          mov     qword ptr [r15],rax ds:002b:ffffe20c`032f6900=ffffa98756da2e50
rax=ffffa9875a9ca380 rbx=ffffa98756da2e50 rcx=ffffa98758fd7f30
rdx=ffffa9875b1a2750 rsi=ffffa9875a8cb110 rdi=ffffe20c032f67d0
rip=fffff8040a2b1739 rsp=ffffe20c032f66d0 rbp=ffffe20c032f6730
 r8=ffffa9875b1a2750  r9=000000000000042f r10=fffff8040a3196c0
r11=ffffa98758fd7f30 r12=ffffa987575b8540 r13=ffffe20c032f6800
r14=0000000000000000 r15=ffffe20c032f6900
iopl=0         nv up ei pl zr na po nc
cs=0010  ss=0018  ds=002b  es=002b  fs=0053  gs=002b             efl=00040246
klflt!ComrUnregisterProvider+0x4cb9:
fffff804`0a2b1739 4c897808        mov     qword ptr [rax+8],r15 ds:002b:ffffa987`5a9ca388=ffffa98756da2e50
rax=ffffa9875a9ca380 rbx=ffffa98756da2e50 rcx=ffffa98758fd7f30
rdx=ffffa9875b1a2750 rsi=ffffa9875a8cb110 rdi=ffffe20c032f67d0
rip=fffff8040a2b173d rsp=ffffe20c032f66d0 rbp=ffffe20c032f6730
 r8=ffffa9875b1a2750  r9=000000000000042f r10=fffff8040a3196c0
r11=ffffa98758fd7f30 r12=ffffa987575b8540 r13=ffffe20c032f6800
r14=0000000000000000 r15=ffffe20c032f6900
iopl=0         nv up ei pl zr na po nc
cs=0010  ss=0018  ds=002b  es=002b  fs=0053  gs=002b             efl=00040246
klflt!ComrUnregisterProvider+0x4cbd:
fffff804`0a2b173d 488b4b10        mov     rcx,qword ptr [rbx+10h] ds:002b:ffffa987`56da2e60=ffffa98758457390
rax=ffffa9875a9ca380 rbx=ffffa98756da2e50 rcx=ffffa98758457390
rdx=ffffa9875b1a2750 rsi=ffffa9875a8cb110 rdi=ffffe20c032f67d0
rip=fffff8040a2b1741 rsp=ffffe20c032f66d0 rbp=ffffe20c032f6730
 r8=ffffa9875b1a2750  r9=000000000000042f r10=fffff8040a3196c0
r11=ffffa98758fd7f30 r12=ffffa987575b8540 r13=ffffe20c032f6800
r14=0000000000000000 r15=ffffe20c032f6900
iopl=0         nv up ei pl zr na po nc
cs=0010  ss=0018  ds=002b  es=002b  fs=0053  gs=002b             efl=00040246
klflt!ComrUnregisterProvider+0x4cc1:
fffff804`0a2b1741 e8ea370000      call    klflt!ComrUnregisterProvider+0x84b0 (fffff804`0a2b4f30)
rax=0000000000170125 rbx=ffffa98756da2e50 rcx=ffffa98758457390
rdx=ffffa9875b1a2750 rsi=ffffa9875a8cb110 rdi=ffffe20c032f67d0
rip=fffff8040a2b1746 rsp=ffffe20c032f66d0 rbp=ffffe20c032f6730
 r8=ffffa9875b1a2750  r9=000000000000042f r10=fffff8040a3196c0
r11=ffffa98758fd7f30 r12=ffffa987575b8540 r13=ffffe20c032f6800
r14=0000000000000000 r15=ffffe20c032f6900
iopl=0         nv up ei pl zr na po nc
cs=0010  ss=0018  ds=002b  es=002b  fs=0053  gs=002b             efl=00040246
klflt!ComrUnregisterProvider+0x4cc6:
fffff804`0a2b1746 8945e4          mov     dword ptr [rbp-1Ch],eax ss:0018:ffffe20c`032f6714=00060025
rax=0000000000170125 rbx=ffffa98756da2e50 rcx=ffffa98758457390
rdx=ffffa9875b1a2750 rsi=ffffa9875a8cb110 rdi=ffffe20c032f67d0
rip=fffff8040a2b1749 rsp=ffffe20c032f66d0 rbp=ffffe20c032f6730
 r8=ffffa9875b1a2750  r9=000000000000042f r10=fffff8040a3196c0
r11=ffffa98758fd7f30 r12=ffffa987575b8540 r13=ffffe20c032f6800
r14=0000000000000000 r15=ffffe20c032f6900
iopl=0         nv up ei pl zr na po nc
cs=0010  ss=0018  ds=002b  es=002b  fs=0053  gs=002b             efl=00040246
klflt!ComrUnregisterProvider+0x4cc9:
fffff804`0a2b1749 488b4b10        mov     rcx,qword ptr [rbx+10h] ds:002b:ffffa987`56da2e60=ffffa98758457390
rax=0000000000170125 rbx=ffffa98756da2e50 rcx=ffffa98758457390
rdx=ffffa9875b1a2750 rsi=ffffa9875a8cb110 rdi=ffffe20c032f67d0
rip=fffff8040a2b174d rsp=ffffe20c032f66d0 rbp=ffffe20c032f6730
 r8=ffffa9875b1a2750  r9=000000000000042f r10=fffff8040a3196c0
r11=ffffa98758fd7f30 r12=ffffa987575b8540 r13=ffffe20c032f6800
r14=0000000000000000 r15=ffffe20c032f6900
iopl=0         nv up ei pl zr na po nc
cs=0010  ss=0018  ds=002b  es=002b  fs=0053  gs=002b             efl=00040246
klflt!ComrUnregisterProvider+0x4ccd:
fffff804`0a2b174d e86ecd0000      call    klflt!ComrUnregisterProvider+0x11a40 (fffff804`0a2be4c0)
rax=ffffa98757c8bc50 rbx=ffffa98756da2e50 rcx=ffffa98758457390
rdx=ffffa9875b1a2750 rsi=ffffa9875a8cb110 rdi=ffffe20c032f67d0
rip=fffff8040a2b1752 rsp=ffffe20c032f66d0 rbp=ffffe20c032f6730
 r8=ffffa9875b1a2750  r9=000000000000042f r10=fffff8040a3196c0
r11=ffffa98758fd7f30 r12=ffffa987575b8540 r13=ffffe20c032f6800
r14=0000000000000000 r15=ffffe20c032f6900
iopl=0         nv up ei pl zr na po nc
cs=0010  ss=0018  ds=002b  es=002b  fs=0053  gs=002b             efl=00040246
klflt!ComrUnregisterProvider+0x4cd2:
fffff804`0a2b1752 488bc8          mov     rcx,rax
rax=ffffa98757c8bc50 rbx=ffffa98756da2e50 rcx=ffffa98757c8bc50
rdx=ffffa9875b1a2750 rsi=ffffa9875a8cb110 rdi=ffffe20c032f67d0
rip=fffff8040a2b1755 rsp=ffffe20c032f66d0 rbp=ffffe20c032f6730
 r8=ffffa9875b1a2750  r9=000000000000042f r10=fffff8040a3196c0
r11=ffffa98758fd7f30 r12=ffffa987575b8540 r13=ffffe20c032f6800
r14=0000000000000000 r15=ffffe20c032f6900
iopl=0         nv up ei pl zr na po nc
cs=0010  ss=0018  ds=002b  es=002b  fs=0053  gs=002b             efl=00040246
klflt!ComrUnregisterProvider+0x4cd5:
fffff804`0a2b1755 488945f8        mov     qword ptr [rbp-8],rax ss:0018:ffffe20c`032f6728=ffffa98757c8bc50
rax=ffffa98757c8bc50 rbx=ffffa98756da2e50 rcx=ffffa98757c8bc50
rdx=ffffa9875b1a2750 rsi=ffffa9875a8cb110 rdi=ffffe20c032f67d0
rip=fffff8040a2b1759 rsp=ffffe20c032f66d0 rbp=ffffe20c032f6730
 r8=ffffa9875b1a2750  r9=000000000000042f r10=fffff8040a3196c0
r11=ffffa98758fd7f30 r12=ffffa987575b8540 r13=ffffe20c032f6800
r14=0000000000000000 r15=ffffe20c032f6900
iopl=0         nv up ei pl zr na po nc
cs=0010  ss=0018  ds=002b  es=002b  fs=0053  gs=002b             efl=00040246
klflt!ComrUnregisterProvider+0x4cd9:
fffff804`0a2b1759 488bf0          mov     rsi,rax
rax=ffffa98757c8bc50 rbx=ffffa98756da2e50 rcx=ffffa98757c8bc50
rdx=ffffa9875b1a2750 rsi=ffffa98757c8bc50 rdi=ffffe20c032f67d0
rip=fffff8040a2b175c rsp=ffffe20c032f66d0 rbp=ffffe20c032f6730
 r8=ffffa9875b1a2750  r9=000000000000042f r10=fffff8040a3196c0
r11=ffffa98758fd7f30 r12=ffffa987575b8540 r13=ffffe20c032f6800
r14=0000000000000000 r15=ffffe20c032f6900
iopl=0         nv up ei pl zr na po nc
cs=0010  ss=0018  ds=002b  es=002b  fs=0053  gs=002b             efl=00040246
klflt!ComrUnregisterProvider+0x4cdc:
fffff804`0a2b175c e84f100000      call    klflt!ComrUnregisterProvider+0x5d30 (fffff804`0a2b27b0)
rax=0000000000000005 rbx=ffffa98756da2e50 rcx=ffffa98757c8bc50
rdx=ffffa9875b1a2750 rsi=ffffa98757c8bc50 rdi=ffffe20c032f67d0
rip=fffff8040a2b1761 rsp=ffffe20c032f66d0 rbp=ffffe20c032f6730
 r8=ffffa9875b1a2750  r9=000000000000042f r10=fffff8040a3196c0
r11=ffffa98758fd7f30 r12=ffffa987575b8540 r13=ffffe20c032f6800
r14=0000000000000000 r15=ffffe20c032f6900
iopl=0         nv up ei pl zr na po nc
cs=0010  ss=0018  ds=002b  es=002b  fs=0053  gs=002b             efl=00040246
klflt!ComrUnregisterProvider+0x4ce1:
fffff804`0a2b1761 488b4b10        mov     rcx,qword ptr [rbx+10h] ds:002b:ffffa987`56da2e60=ffffa98758457390
rax=0000000000000005 rbx=ffffa98756da2e50 rcx=ffffa98758457390
rdx=ffffa9875b1a2750 rsi=ffffa98757c8bc50 rdi=ffffe20c032f67d0
rip=fffff8040a2b1765 rsp=ffffe20c032f66d0 rbp=ffffe20c032f6730
 r8=ffffa9875b1a2750  r9=000000000000042f r10=fffff8040a3196c0
r11=ffffa98758fd7f30 r12=ffffa987575b8540 r13=ffffe20c032f6800
r14=0000000000000000 r15=ffffe20c032f6900
iopl=0         nv up ei pl zr na po nc
cs=0010  ss=0018  ds=002b  es=002b  fs=0053  gs=002b             efl=00040246
klflt!ComrUnregisterProvider+0x4ce5:
fffff804`0a2b1765 e826ce0000      call    klflt!ComrUnregisterProvider+0x11b10 (fffff804`0a2be590)
rax=0000000000000000 rbx=ffffa98756da2e50 rcx=ffffa98758457390
rdx=ffffa9875b1a2750 rsi=ffffa98757c8bc50 rdi=ffffe20c032f67d0
rip=fffff8040a2b176a rsp=ffffe20c032f66d0 rbp=ffffe20c032f6730
 r8=ffffa9875b1a2750  r9=000000000000042f r10=fffff8040a3196c0
r11=ffffa98758fd7f30 r12=ffffa987575b8540 r13=ffffe20c032f6800
r14=0000000000000000 r15=ffffe20c032f6900
iopl=0         nv up ei pl zr na po nc
cs=0010  ss=0018  ds=002b  es=002b  fs=0053  gs=002b             efl=00040246
klflt!ComrUnregisterProvider+0x4cea:
fffff804`0a2b176a 8bc8            mov     ecx,eax
rax=0000000000000000 rbx=ffffa98756da2e50 rcx=0000000000000000
rdx=ffffa9875b1a2750 rsi=ffffa98757c8bc50 rdi=ffffe20c032f67d0
rip=fffff8040a2b176c rsp=ffffe20c032f66d0 rbp=ffffe20c032f6730
 r8=ffffa9875b1a2750  r9=000000000000042f r10=fffff8040a3196c0
r11=ffffa98758fd7f30 r12=ffffa987575b8540 r13=ffffe20c032f6800
r14=0000000000000000 r15=ffffe20c032f6900
iopl=0         nv up ei pl zr na po nc
cs=0010  ss=0018  ds=002b  es=002b  fs=0053  gs=002b             efl=00040246
klflt!ComrUnregisterProvider+0x4cec:
fffff804`0a2b176c 8945e0          mov     dword ptr [rbp-20h],eax ss:0018:ffffe20c`032f6710=00000000
rax=0000000000000000 rbx=ffffa98756da2e50 rcx=0000000000000000
rdx=ffffa9875b1a2750 rsi=ffffa98757c8bc50 rdi=ffffe20c032f67d0
rip=fffff8040a2b176f rsp=ffffe20c032f66d0 rbp=ffffe20c032f6730
 r8=ffffa9875b1a2750  r9=000000000000042f r10=fffff8040a3196c0
r11=ffffa98758fd7f30 r12=ffffa987575b8540 r13=ffffe20c032f6800
r14=0000000000000000 r15=ffffe20c032f6900
iopl=0         nv up ei pl zr na po nc
cs=0010  ss=0018  ds=002b  es=002b  fs=0053  gs=002b             efl=00040246
klflt!ComrUnregisterProvider+0x4cef:
fffff804`0a2b176f 8b07            mov     eax,dword ptr [rdi] ds:002b:ffffe20c`032f67d0=00000000
rax=0000000000000000 rbx=ffffa98756da2e50 rcx=0000000000000000
rdx=ffffa9875b1a2750 rsi=ffffa98757c8bc50 rdi=ffffe20c032f67d0
rip=fffff8040a2b1771 rsp=ffffe20c032f66d0 rbp=ffffe20c032f6730
 r8=ffffa9875b1a2750  r9=000000000000042f r10=fffff8040a3196c0
r11=ffffa98758fd7f30 r12=ffffa987575b8540 r13=ffffe20c032f6800
r14=0000000000000000 r15=ffffe20c032f6900
iopl=0         nv up ei pl zr na po nc
cs=0010  ss=0018  ds=002b  es=002b  fs=0053  gs=002b             efl=00040246
klflt!ComrUnregisterProvider+0x4cf1:
fffff804`0a2b1771 a803            test    al,3
rax=0000000000000000 rbx=ffffa98756da2e50 rcx=0000000000000000
rdx=ffffa9875b1a2750 rsi=ffffa98757c8bc50 rdi=ffffe20c032f67d0
rip=fffff8040a2b1773 rsp=ffffe20c032f66d0 rbp=ffffe20c032f6730
 r8=ffffa9875b1a2750  r9=000000000000042f r10=fffff8040a3196c0
r11=ffffa98758fd7f30 r12=ffffa987575b8540 r13=ffffe20c032f6800
r14=0000000000000000 r15=ffffe20c032f6900
iopl=0         nv up ei pl zr na po nc
cs=0010  ss=0018  ds=002b  es=002b  fs=0053  gs=002b             efl=00040246
klflt!ComrUnregisterProvider+0x4cf3:
fffff804`0a2b1773 7533            jne     klflt!ComrUnregisterProvider+0x4d28 (fffff804`0a2b17a8) [br=0]
rax=0000000000000000 rbx=ffffa98756da2e50 rcx=0000000000000000
rdx=ffffa9875b1a2750 rsi=ffffa98757c8bc50 rdi=ffffe20c032f67d0
rip=fffff8040a2b1775 rsp=ffffe20c032f66d0 rbp=ffffe20c032f6730
 r8=ffffa9875b1a2750  r9=000000000000042f r10=fffff8040a3196c0
r11=ffffa98758fd7f30 r12=ffffa987575b8540 r13=ffffe20c032f6800
r14=0000000000000000 r15=ffffe20c032f6900
iopl=0         nv up ei pl zr na po nc
cs=0010  ss=0018  ds=002b  es=002b  fs=0053  gs=002b             efl=00040246
klflt!ComrUnregisterProvider+0x4cf5:
fffff804`0a2b1775 488b4650        mov     rax,qword ptr [rsi+50h] ds:002b:ffffa987`57c8bca0=0000000000000000
rax=0000000000000000 rbx=ffffa98756da2e50 rcx=0000000000000000
rdx=ffffa9875b1a2750 rsi=ffffa98757c8bc50 rdi=ffffe20c032f67d0
rip=fffff8040a2b1779 rsp=ffffe20c032f66d0 rbp=ffffe20c032f6730
 r8=ffffa9875b1a2750  r9=000000000000042f r10=fffff8040a3196c0
r11=ffffa98758fd7f30 r12=ffffa987575b8540 r13=ffffe20c032f6800
r14=0000000000000000 r15=ffffe20c032f6900
iopl=0         nv up ei pl zr na po nc
cs=0010  ss=0018  ds=002b  es=002b  fs=0053  gs=002b             efl=00040246
klflt!ComrUnregisterProvider+0x4cf9:
fffff804`0a2b1779 4885c0          test    rax,rax
rax=0000000000000000 rbx=ffffa98756da2e50 rcx=0000000000000000
rdx=ffffa9875b1a2750 rsi=ffffa98757c8bc50 rdi=ffffe20c032f67d0
rip=fffff8040a2b177c rsp=ffffe20c032f66d0 rbp=ffffe20c032f6730
 r8=ffffa9875b1a2750  r9=000000000000042f r10=fffff8040a3196c0
r11=ffffa98758fd7f30 r12=ffffa987575b8540 r13=ffffe20c032f6800
r14=0000000000000000 r15=ffffe20c032f6900
iopl=0         nv up ei pl zr na po nc
cs=0010  ss=0018  ds=002b  es=002b  fs=0053  gs=002b             efl=00040246
klflt!ComrUnregisterProvider+0x4cfc:
fffff804`0a2b177c 742a            je      klflt!ComrUnregisterProvider+0x4d28 (fffff804`0a2b17a8) [br=1]
rax=0000000000000000 rbx=ffffa98756da2e50 rcx=0000000000000000
rdx=ffffa9875b1a2750 rsi=ffffa98757c8bc50 rdi=ffffe20c032f67d0
rip=fffff8040a2b17a8 rsp=ffffe20c032f66d0 rbp=ffffe20c032f6730
 r8=ffffa9875b1a2750  r9=000000000000042f r10=fffff8040a3196c0
r11=ffffa98758fd7f30 r12=ffffa987575b8540 r13=ffffe20c032f6800
r14=0000000000000000 r15=ffffe20c032f6900
iopl=0         nv up ei pl zr na po nc
cs=0010  ss=0018  ds=002b  es=002b  fs=0053  gs=002b             efl=00040246
klflt!ComrUnregisterProvider+0x4d28:
fffff804`0a2b17a8 8b45e4          mov     eax,dword ptr [rbp-1Ch] ss:0018:ffffe20c`032f6714=00170125
rax=0000000000170125 rbx=ffffa98756da2e50 rcx=0000000000000000
rdx=ffffa9875b1a2750 rsi=ffffa98757c8bc50 rdi=ffffe20c032f67d0
rip=fffff8040a2b17ab rsp=ffffe20c032f66d0 rbp=ffffe20c032f6730
 r8=ffffa9875b1a2750  r9=000000000000042f r10=fffff8040a3196c0
r11=ffffa98758fd7f30 r12=ffffa987575b8540 r13=ffffe20c032f6800
r14=0000000000000000 r15=ffffe20c032f6900
iopl=0         nv up ei pl zr na po nc
cs=0010  ss=0018  ds=002b  es=002b  fs=0053  gs=002b             efl=00040246
klflt!ComrUnregisterProvider+0x4d2b:
fffff804`0a2b17ab 0fbaf110        btr     ecx,10h
rax=0000000000170125 rbx=ffffa98756da2e50 rcx=0000000000000000
rdx=ffffa9875b1a2750 rsi=ffffa98757c8bc50 rdi=ffffe20c032f67d0
rip=fffff8040a2b17af rsp=ffffe20c032f66d0 rbp=ffffe20c032f6730
 r8=ffffa9875b1a2750  r9=000000000000042f r10=fffff8040a3196c0
r11=ffffa98758fd7f30 r12=ffffa987575b8540 r13=ffffe20c032f6800
r14=0000000000000000 r15=ffffe20c032f6900
iopl=0         nv up ei pl zr na po nc
cs=0010  ss=0018  ds=002b  es=002b  fs=0053  gs=002b             efl=00040246
klflt!ComrUnregisterProvider+0x4d2f:
fffff804`0a2b17af c1e80e          shr     eax,0Eh
rax=000000000000005c rbx=ffffa98756da2e50 rcx=0000000000000000
rdx=ffffa9875b1a2750 rsi=ffffa98757c8bc50 rdi=ffffe20c032f67d0
rip=fffff8040a2b17b2 rsp=ffffe20c032f66d0 rbp=ffffe20c032f6730
 r8=ffffa9875b1a2750  r9=000000000000042f r10=fffff8040a3196c0
r11=ffffa98758fd7f30 r12=ffffa987575b8540 r13=ffffe20c032f6800
r14=0000000000000000 r15=ffffe20c032f6900
iopl=0         nv up ei pl nz na po nc
cs=0010  ss=0018  ds=002b  es=002b  fs=0053  gs=002b             efl=00040206
klflt!ComrUnregisterProvider+0x4d32:
fffff804`0a2b17b2 2401            and     al,1
rax=0000000000000000 rbx=ffffa98756da2e50 rcx=0000000000000000
rdx=ffffa9875b1a2750 rsi=ffffa98757c8bc50 rdi=ffffe20c032f67d0
rip=fffff8040a2b17b4 rsp=ffffe20c032f66d0 rbp=ffffe20c032f6730
 r8=ffffa9875b1a2750  r9=000000000000042f r10=fffff8040a3196c0
r11=ffffa98758fd7f30 r12=ffffa987575b8540 r13=ffffe20c032f6800
r14=0000000000000000 r15=ffffe20c032f6900
iopl=0         nv up ei pl zr na po nc
cs=0010  ss=0018  ds=002b  es=002b  fs=0053  gs=002b             efl=00040246
klflt!ComrUnregisterProvider+0x4d34:
fffff804`0a2b17b4 894de0          mov     dword ptr [rbp-20h],ecx ss:0018:ffffe20c`032f6710=00000000
rax=0000000000000000 rbx=ffffa98756da2e50 rcx=0000000000000000
rdx=ffffa9875b1a2750 rsi=ffffa98757c8bc50 rdi=ffffe20c032f67d0
rip=fffff8040a2b17b7 rsp=ffffe20c032f66d0 rbp=ffffe20c032f6730
 r8=ffffa9875b1a2750  r9=000000000000042f r10=fffff8040a3196c0
r11=ffffa98758fd7f30 r12=ffffa987575b8540 r13=ffffe20c032f6800
r14=0000000000000000 r15=ffffe20c032f6900
iopl=0         nv up ei pl zr na po nc
cs=0010  ss=0018  ds=002b  es=002b  fs=0053  gs=002b             efl=00040246
klflt!ComrUnregisterProvider+0x4d37:
fffff804`0a2b17b7 8945e8          mov     dword ptr [rbp-18h],eax ss:0018:ffffe20c`032f6718=00000000
rax=0000000000000000 rbx=ffffa98756da2e50 rcx=0000000000000000
rdx=ffffa9875b1a2750 rsi=ffffa98757c8bc50 rdi=ffffe20c032f67d0
rip=fffff8040a2b17ba rsp=ffffe20c032f66d0 rbp=ffffe20c032f6730
 r8=ffffa9875b1a2750  r9=000000000000042f r10=fffff8040a3196c0
r11=ffffa98758fd7f30 r12=ffffa987575b8540 r13=ffffe20c032f6800
r14=0000000000000000 r15=ffffe20c032f6900
iopl=0         nv up ei pl zr na po nc
cs=0010  ss=0018  ds=002b  es=002b  fs=0053  gs=002b             efl=00040246
klflt!ComrUnregisterProvider+0x4d3a:
fffff804`0a2b17ba 84c0            test    al,al
rax=0000000000000000 rbx=ffffa98756da2e50 rcx=0000000000000000
rdx=ffffa9875b1a2750 rsi=ffffa98757c8bc50 rdi=ffffe20c032f67d0
rip=fffff8040a2b17bc rsp=ffffe20c032f66d0 rbp=ffffe20c032f6730
 r8=ffffa9875b1a2750  r9=000000000000042f r10=fffff8040a3196c0
r11=ffffa98758fd7f30 r12=ffffa987575b8540 r13=ffffe20c032f6800
r14=0000000000000000 r15=ffffe20c032f6900
iopl=0         nv up ei pl zr na po nc
cs=0010  ss=0018  ds=002b  es=002b  fs=0053  gs=002b             efl=00040246
klflt!ComrUnregisterProvider+0x4d3c:
fffff804`0a2b17bc 7558            jne     klflt!ComrUnregisterProvider+0x4d96 (fffff804`0a2b1816) [br=0]
rax=0000000000000000 rbx=ffffa98756da2e50 rcx=0000000000000000
rdx=ffffa9875b1a2750 rsi=ffffa98757c8bc50 rdi=ffffe20c032f67d0
rip=fffff8040a2b17be rsp=ffffe20c032f66d0 rbp=ffffe20c032f6730
 r8=ffffa9875b1a2750  r9=000000000000042f r10=fffff8040a3196c0
r11=ffffa98758fd7f30 r12=ffffa987575b8540 r13=ffffe20c032f6800
r14=0000000000000000 r15=ffffe20c032f6900
iopl=0         nv up ei pl zr na po nc
cs=0010  ss=0018  ds=002b  es=002b  fs=0053  gs=002b             efl=00040246
klflt!ComrUnregisterProvider+0x4d3e:
fffff804`0a2b17be f7c124020101    test    ecx,1010224h
rax=0000000000000000 rbx=ffffa98756da2e50 rcx=0000000000000000
rdx=ffffa9875b1a2750 rsi=ffffa98757c8bc50 rdi=ffffe20c032f67d0
rip=fffff8040a2b17c4 rsp=ffffe20c032f66d0 rbp=ffffe20c032f6730
 r8=ffffa9875b1a2750  r9=000000000000042f r10=fffff8040a3196c0
r11=ffffa98758fd7f30 r12=ffffa987575b8540 r13=ffffe20c032f6800
r14=0000000000000000 r15=ffffe20c032f6900
iopl=0         nv up ei pl zr na po nc
cs=0010  ss=0018  ds=002b  es=002b  fs=0053  gs=002b             efl=00040246
klflt!ComrUnregisterProvider+0x4d44:
fffff804`0a2b17c4 7420            je      klflt!ComrUnregisterProvider+0x4d66 (fffff804`0a2b17e6) [br=1]
rax=0000000000000000 rbx=ffffa98756da2e50 rcx=0000000000000000
rdx=ffffa9875b1a2750 rsi=ffffa98757c8bc50 rdi=ffffe20c032f67d0
rip=fffff8040a2b17e6 rsp=ffffe20c032f66d0 rbp=ffffe20c032f6730
 r8=ffffa9875b1a2750  r9=000000000000042f r10=fffff8040a3196c0
r11=ffffa98758fd7f30 r12=ffffa987575b8540 r13=ffffe20c032f6800
r14=0000000000000000 r15=ffffe20c032f6900
iopl=0         nv up ei pl zr na po nc
cs=0010  ss=0018  ds=002b  es=002b  fs=0053  gs=002b             efl=00040246
klflt!ComrUnregisterProvider+0x4d66:
fffff804`0a2b17e6 d1e9            shr     ecx,1
rax=0000000000000000 rbx=ffffa98756da2e50 rcx=0000000000000000
rdx=ffffa9875b1a2750 rsi=ffffa98757c8bc50 rdi=ffffe20c032f67d0
rip=fffff8040a2b17e8 rsp=ffffe20c032f66d0 rbp=ffffe20c032f6730
 r8=ffffa9875b1a2750  r9=000000000000042f r10=fffff8040a3196c0
r11=ffffa98758fd7f30 r12=ffffa987575b8540 r13=ffffe20c032f6800
r14=0000000000000000 r15=ffffe20c032f6900
iopl=0         nv up ei pl zr na po nc
cs=0010  ss=0018  ds=002b  es=002b  fs=0053  gs=002b             efl=00040246
klflt!ComrUnregisterProvider+0x4d68:
fffff804`0a2b17e8 f6c101          test    cl,1
rax=0000000000000000 rbx=ffffa98756da2e50 rcx=0000000000000000
rdx=ffffa9875b1a2750 rsi=ffffa98757c8bc50 rdi=ffffe20c032f67d0
rip=fffff8040a2b17eb rsp=ffffe20c032f66d0 rbp=ffffe20c032f6730
 r8=ffffa9875b1a2750  r9=000000000000042f r10=fffff8040a3196c0
r11=ffffa98758fd7f30 r12=ffffa987575b8540 r13=ffffe20c032f6800
r14=0000000000000000 r15=ffffe20c032f6900
iopl=0         nv up ei pl zr na po nc
cs=0010  ss=0018  ds=002b  es=002b  fs=0053  gs=002b             efl=00040246
klflt!ComrUnregisterProvider+0x4d6b:
fffff804`0a2b17eb 7429            je      klflt!ComrUnregisterProvider+0x4d96 (fffff804`0a2b1816) [br=1]
rax=0000000000000000 rbx=ffffa98756da2e50 rcx=0000000000000000
rdx=ffffa9875b1a2750 rsi=ffffa98757c8bc50 rdi=ffffe20c032f67d0
rip=fffff8040a2b1816 rsp=ffffe20c032f66d0 rbp=ffffe20c032f6730
 r8=ffffa9875b1a2750  r9=000000000000042f r10=fffff8040a3196c0
r11=ffffa98758fd7f30 r12=ffffa987575b8540 r13=ffffe20c032f6800
r14=0000000000000000 r15=ffffe20c032f6900
iopl=0         nv up ei pl zr na po nc
cs=0010  ss=0018  ds=002b  es=002b  fs=0053  gs=002b             efl=00040246
klflt!ComrUnregisterProvider+0x4d96:
fffff804`0a2b1816 f745e420400000  test    dword ptr [rbp-1Ch],4020h ss:0018:ffffe20c`032f6714=00170125
rax=0000000000000000 rbx=ffffa98756da2e50 rcx=0000000000000000
rdx=ffffa9875b1a2750 rsi=ffffa98757c8bc50 rdi=ffffe20c032f67d0
rip=fffff8040a2b181d rsp=ffffe20c032f66d0 rbp=ffffe20c032f6730
 r8=ffffa9875b1a2750  r9=000000000000042f r10=fffff8040a3196c0
r11=ffffa98758fd7f30 r12=ffffa987575b8540 r13=ffffe20c032f6800
r14=0000000000000000 r15=ffffe20c032f6900
iopl=0         nv up ei pl nz na pe nc
cs=0010  ss=0018  ds=002b  es=002b  fs=0053  gs=002b             efl=00040202
klflt!ComrUnregisterProvider+0x4d9d:
fffff804`0a2b181d 0f8497010000    je      klflt!ComrUnregisterProvider+0x4f3a (fffff804`0a2b19ba) [br=0]
rax=0000000000000000 rbx=ffffa98756da2e50 rcx=0000000000000000
rdx=ffffa9875b1a2750 rsi=ffffa98757c8bc50 rdi=ffffe20c032f67d0
rip=fffff8040a2b1823 rsp=ffffe20c032f66d0 rbp=ffffe20c032f6730
 r8=ffffa9875b1a2750  r9=000000000000042f r10=fffff8040a3196c0
r11=ffffa98758fd7f30 r12=ffffa987575b8540 r13=ffffe20c032f6800
r14=0000000000000000 r15=ffffe20c032f6900
iopl=0         nv up ei pl nz na pe nc
cs=0010  ss=0018  ds=002b  es=002b  fs=0053  gs=002b             efl=00040202
klflt!ComrUnregisterProvider+0x4da3:
fffff804`0a2b1823 f745e400400000  test    dword ptr [rbp-1Ch],4000h ss:0018:ffffe20c`032f6714=00170125
rax=0000000000000000 rbx=ffffa98756da2e50 rcx=0000000000000000
rdx=ffffa9875b1a2750 rsi=ffffa98757c8bc50 rdi=ffffe20c032f67d0
rip=fffff8040a2b182a rsp=ffffe20c032f66d0 rbp=ffffe20c032f6730
 r8=ffffa9875b1a2750  r9=000000000000042f r10=fffff8040a3196c0
r11=ffffa98758fd7f30 r12=ffffa987575b8540 r13=ffffe20c032f6800
r14=0000000000000000 r15=ffffe20c032f6900
iopl=0         nv up ei pl zr na po nc
cs=0010  ss=0018  ds=002b  es=002b  fs=0053  gs=002b             efl=00040246
klflt!ComrUnregisterProvider+0x4daa:
fffff804`0a2b182a 740a            je      klflt!ComrUnregisterProvider+0x4db6 (fffff804`0a2b1836) [br=1]
rax=0000000000000000 rbx=ffffa98756da2e50 rcx=0000000000000000
rdx=ffffa9875b1a2750 rsi=ffffa98757c8bc50 rdi=ffffe20c032f67d0
rip=fffff8040a2b1836 rsp=ffffe20c032f66d0 rbp=ffffe20c032f6730
 r8=ffffa9875b1a2750  r9=000000000000042f r10=fffff8040a3196c0
r11=ffffa98758fd7f30 r12=ffffa987575b8540 r13=ffffe20c032f6800
r14=0000000000000000 r15=ffffe20c032f6900
iopl=0         nv up ei pl zr na po nc
cs=0010  ss=0018  ds=002b  es=002b  fs=0053  gs=002b             efl=00040246
klflt!ComrUnregisterProvider+0x4db6:
fffff804`0a2b1836 8b07            mov     eax,dword ptr [rdi] ds:002b:ffffe20c`032f67d0=00000000
rax=0000000000000000 rbx=ffffa98756da2e50 rcx=0000000000000000
rdx=ffffa9875b1a2750 rsi=ffffa98757c8bc50 rdi=ffffe20c032f67d0
rip=fffff8040a2b1838 rsp=ffffe20c032f66d0 rbp=ffffe20c032f6730
 r8=ffffa9875b1a2750  r9=000000000000042f r10=fffff8040a3196c0
r11=ffffa98758fd7f30 r12=ffffa987575b8540 r13=ffffe20c032f6800
r14=0000000000000000 r15=ffffe20c032f6900
iopl=0         nv up ei pl zr na po nc
cs=0010  ss=0018  ds=002b  es=002b  fs=0053  gs=002b             efl=00040246
klflt!ComrUnregisterProvider+0x4db8:
fffff804`0a2b1838 a840            test    al,40h
rax=0000000000000000 rbx=ffffa98756da2e50 rcx=0000000000000000
rdx=ffffa9875b1a2750 rsi=ffffa98757c8bc50 rdi=ffffe20c032f67d0
rip=fffff8040a2b183a rsp=ffffe20c032f66d0 rbp=ffffe20c032f6730
 r8=ffffa9875b1a2750  r9=000000000000042f r10=fffff8040a3196c0
r11=ffffa98758fd7f30 r12=ffffa987575b8540 r13=ffffe20c032f6800
r14=0000000000000000 r15=ffffe20c032f6900
iopl=0         nv up ei pl zr na po nc
cs=0010  ss=0018  ds=002b  es=002b  fs=0053  gs=002b             efl=00040246
klflt!ComrUnregisterProvider+0x4dba:
fffff804`0a2b183a 0f857a010000    jne     klflt!ComrUnregisterProvider+0x4f3a (fffff804`0a2b19ba) [br=0]
rax=0000000000000000 rbx=ffffa98756da2e50 rcx=0000000000000000
rdx=ffffa9875b1a2750 rsi=ffffa98757c8bc50 rdi=ffffe20c032f67d0
rip=fffff8040a2b1840 rsp=ffffe20c032f66d0 rbp=ffffe20c032f6730
 r8=ffffa9875b1a2750  r9=000000000000042f r10=fffff8040a3196c0
r11=ffffa98758fd7f30 r12=ffffa987575b8540 r13=ffffe20c032f6800
r14=0000000000000000 r15=ffffe20c032f6900
iopl=0         nv up ei pl zr na po nc
cs=0010  ss=0018  ds=002b  es=002b  fs=0053  gs=002b             efl=00040246
klflt!ComrUnregisterProvider+0x4dc0:
fffff804`0a2b1840 e853f8ffff      call    klflt!ComrUnregisterProvider+0x4618 (fffff804`0a2b1098)
rax=ffffa9875baa9810 rbx=ffffa98756da2e50 rcx=ffffa9875baa9860
rdx=ffffa9875baa9870 rsi=ffffa98757c8bc50 rdi=ffffe20c032f67d0
rip=fffff8040a2b1845 rsp=ffffe20c032f66d0 rbp=ffffe20c032f6730
 r8=0000000000000000  r9=ffffa9875baa9850 r10=fffff8040a303100
r11=ffffa98758fd7f30 r12=ffffa987575b8540 r13=ffffe20c032f6800
r14=0000000000000000 r15=ffffe20c032f6900
iopl=0         nv up ei ng nz na po nc
cs=0010  ss=0018  ds=002b  es=002b  fs=0053  gs=002b             efl=00040286
klflt!ComrUnregisterProvider+0x4dc5:
fffff804`0a2b1845 488bf0          mov     rsi,rax
rax=ffffa9875baa9810 rbx=ffffa98756da2e50 rcx=ffffa9875baa9860
rdx=ffffa9875baa9870 rsi=ffffa9875baa9810 rdi=ffffe20c032f67d0
rip=fffff8040a2b1848 rsp=ffffe20c032f66d0 rbp=ffffe20c032f6730
 r8=0000000000000000  r9=ffffa9875baa9850 r10=fffff8040a303100
r11=ffffa98758fd7f30 r12=ffffa987575b8540 r13=ffffe20c032f6800
r14=0000000000000000 r15=ffffe20c032f6900
iopl=0         nv up ei ng nz na po nc
cs=0010  ss=0018  ds=002b  es=002b  fs=0053  gs=002b             efl=00040286
klflt!ComrUnregisterProvider+0x4dc8:
fffff804`0a2b1848 4885c0          test    rax,rax
rax=ffffa9875baa9810 rbx=ffffa98756da2e50 rcx=ffffa9875baa9860
rdx=ffffa9875baa9870 rsi=ffffa9875baa9810 rdi=ffffe20c032f67d0
rip=fffff8040a2b184b rsp=ffffe20c032f66d0 rbp=ffffe20c032f6730
 r8=0000000000000000  r9=ffffa9875baa9850 r10=fffff8040a303100
r11=ffffa98758fd7f30 r12=ffffa987575b8540 r13=ffffe20c032f6800
r14=0000000000000000 r15=ffffe20c032f6900
iopl=0         nv up ei ng nz na pe nc
cs=0010  ss=0018  ds=002b  es=002b  fs=0053  gs=002b             efl=00040282
klflt!ComrUnregisterProvider+0x4dcb:
fffff804`0a2b184b 7508            jne     klflt!ComrUnregisterProvider+0x4dd5 (fffff804`0a2b1855) [br=1]
rax=ffffa9875baa9810 rbx=ffffa98756da2e50 rcx=ffffa9875baa9860
rdx=ffffa9875baa9870 rsi=ffffa9875baa9810 rdi=ffffe20c032f67d0
rip=fffff8040a2b1855 rsp=ffffe20c032f66d0 rbp=ffffe20c032f6730
 r8=0000000000000000  r9=ffffa9875baa9850 r10=fffff8040a303100
r11=ffffa98758fd7f30 r12=ffffa987575b8540 r13=ffffe20c032f6800
r14=0000000000000000 r15=ffffe20c032f6900
iopl=0         nv up ei ng nz na pe nc
cs=0010  ss=0018  ds=002b  es=002b  fs=0053  gs=002b             efl=00040282
klflt!ComrUnregisterProvider+0x4dd5:
fffff804`0a2b1855 488b4b10        mov     rcx,qword ptr [rbx+10h] ds:002b:ffffa987`56da2e60=ffffa98758457390
rax=ffffa9875baa9810 rbx=ffffa98756da2e50 rcx=ffffa98758457390
rdx=ffffa9875baa9870 rsi=ffffa9875baa9810 rdi=ffffe20c032f67d0
rip=fffff8040a2b1859 rsp=ffffe20c032f66d0 rbp=ffffe20c032f6730
 r8=0000000000000000  r9=ffffa9875baa9850 r10=fffff8040a303100
r11=ffffa98758fd7f30 r12=ffffa987575b8540 r13=ffffe20c032f6800
r14=0000000000000000 r15=ffffe20c032f6900
iopl=0         nv up ei ng nz na pe nc
cs=0010  ss=0018  ds=002b  es=002b  fs=0053  gs=002b             efl=00040282
klflt!ComrUnregisterProvider+0x4dd9:
fffff804`0a2b1859 e882cc0000      call    klflt!ComrUnregisterProvider+0x11a60 (fffff804`0a2be4e0)
rax=ffffa98757c8bcb0 rbx=ffffa98756da2e50 rcx=ffffa98758457390
rdx=ffffa9875baa9870 rsi=ffffa9875baa9810 rdi=ffffe20c032f67d0
rip=fffff8040a2b185e rsp=ffffe20c032f66d0 rbp=ffffe20c032f6730
 r8=0000000000000000  r9=ffffa9875baa9850 r10=fffff8040a303100
r11=ffffa98758fd7f30 r12=ffffa987575b8540 r13=ffffe20c032f6800
r14=0000000000000000 r15=ffffe20c032f6900
iopl=0         nv up ei ng nz na pe nc
cs=0010  ss=0018  ds=002b  es=002b  fs=0053  gs=002b             efl=00040282
klflt!ComrUnregisterProvider+0x4dde:
fffff804`0a2b185e 448b4de0        mov     r9d,dword ptr [rbp-20h] ss:0018:ffffe20c`032f6710=00000000
rax=ffffa98757c8bcb0 rbx=ffffa98756da2e50 rcx=ffffa98758457390
rdx=ffffa9875baa9870 rsi=ffffa9875baa9810 rdi=ffffe20c032f67d0
rip=fffff8040a2b1862 rsp=ffffe20c032f66d0 rbp=ffffe20c032f6730
 r8=0000000000000000  r9=0000000000000000 r10=fffff8040a303100
r11=ffffa98758fd7f30 r12=ffffa987575b8540 r13=ffffe20c032f6800
r14=0000000000000000 r15=ffffe20c032f6900
iopl=0         nv up ei ng nz na pe nc
cs=0010  ss=0018  ds=002b  es=002b  fs=0053  gs=002b             efl=00040282
klflt!ComrUnregisterProvider+0x4de2:
fffff804`0a2b1862 488bce          mov     rcx,rsi
rax=ffffa98757c8bcb0 rbx=ffffa98756da2e50 rcx=ffffa9875baa9810
rdx=ffffa9875baa9870 rsi=ffffa9875baa9810 rdi=ffffe20c032f67d0
rip=fffff8040a2b1865 rsp=ffffe20c032f66d0 rbp=ffffe20c032f6730
 r8=0000000000000000  r9=0000000000000000 r10=fffff8040a303100
r11=ffffa98758fd7f30 r12=ffffa987575b8540 r13=ffffe20c032f6800
r14=0000000000000000 r15=ffffe20c032f6900
iopl=0         nv up ei ng nz na pe nc
cs=0010  ss=0018  ds=002b  es=002b  fs=0053  gs=002b             efl=00040282
klflt!ComrUnregisterProvider+0x4de5:
fffff804`0a2b1865 4c8b4540        mov     r8,qword ptr [rbp+40h] ss:0018:ffffe20c`032f6770=ffffd08f72ec3b3c
rax=ffffa98757c8bcb0 rbx=ffffa98756da2e50 rcx=ffffa9875baa9810
rdx=ffffa9875baa9870 rsi=ffffa9875baa9810 rdi=ffffe20c032f67d0
rip=fffff8040a2b1869 rsp=ffffe20c032f66d0 rbp=ffffe20c032f6730
 r8=ffffd08f72ec3b3c  r9=0000000000000000 r10=fffff8040a303100
r11=ffffa98758fd7f30 r12=ffffa987575b8540 r13=ffffe20c032f6800
r14=0000000000000000 r15=ffffe20c032f6900
iopl=0         nv up ei ng nz na pe nc
cs=0010  ss=0018  ds=002b  es=002b  fs=0053  gs=002b             efl=00040282
klflt!ComrUnregisterProvider+0x4de9:
fffff804`0a2b1869 488b5310        mov     rdx,qword ptr [rbx+10h] ds:002b:ffffa987`56da2e60=ffffa98758457390
rax=ffffa98757c8bcb0 rbx=ffffa98756da2e50 rcx=ffffa9875baa9810
rdx=ffffa98758457390 rsi=ffffa9875baa9810 rdi=ffffe20c032f67d0
rip=fffff8040a2b186d rsp=ffffe20c032f66d0 rbp=ffffe20c032f6730
 r8=ffffd08f72ec3b3c  r9=0000000000000000 r10=fffff8040a303100
r11=ffffa98758fd7f30 r12=ffffa987575b8540 r13=ffffe20c032f6800
r14=0000000000000000 r15=ffffe20c032f6900
iopl=0         nv up ei ng nz na pe nc
cs=0010  ss=0018  ds=002b  es=002b  fs=0053  gs=002b             efl=00040282
klflt!ComrUnregisterProvider+0x4ded:
fffff804`0a2b186d 488945f0        mov     qword ptr [rbp-10h],rax ss:0018:ffffe20c`032f6720=ffffa98757c8bcb0
rax=ffffa98757c8bcb0 rbx=ffffa98756da2e50 rcx=ffffa9875baa9810
rdx=ffffa98758457390 rsi=ffffa9875baa9810 rdi=ffffe20c032f67d0
rip=fffff8040a2b1871 rsp=ffffe20c032f66d0 rbp=ffffe20c032f6730
 r8=ffffd08f72ec3b3c  r9=0000000000000000 r10=fffff8040a303100
r11=ffffa98758fd7f30 r12=ffffa987575b8540 r13=ffffe20c032f6800
r14=0000000000000000 r15=ffffe20c032f6900
iopl=0         nv up ei ng nz na pe nc
cs=0010  ss=0018  ds=002b  es=002b  fs=0053  gs=002b             efl=00040282
klflt!ComrUnregisterProvider+0x4df1:
fffff804`0a2b1871 e8fee7ffff      call    klflt!ComrUnregisterProvider+0x35f4 (fffff804`0a2b0074)
rax=0000000000170125 rbx=ffffa98756da2e50 rcx=ffffa98758457390
rdx=ffffa9875baa9870 rsi=ffffa9875baa9810 rdi=ffffe20c032f67d0
rip=fffff8040a2b1876 rsp=ffffe20c032f66d0 rbp=ffffe20c032f6730
 r8=ffffd08f72ec3b3c  r9=0000000000000000 r10=fffff8040a303100
r11=ffffa98758fd7f30 r12=ffffa987575b8540 r13=ffffe20c032f6800
r14=0000000000000000 r15=ffffe20c032f6900
iopl=0         nv up ei ng nz na pe nc
cs=0010  ss=0018  ds=002b  es=002b  fs=0053  gs=002b             efl=00040282
klflt!ComrUnregisterProvider+0x4df6:
fffff804`0a2b1876 4883631000      and     qword ptr [rbx+10h],0 ds:002b:ffffa987`56da2e60=ffffa98758457390
rax=0000000000170125 rbx=ffffa98756da2e50 rcx=ffffa98758457390
rdx=ffffa9875baa9870 rsi=ffffa9875baa9810 rdi=ffffe20c032f67d0
rip=fffff8040a2b187b rsp=ffffe20c032f66d0 rbp=ffffe20c032f6730
 r8=ffffd08f72ec3b3c  r9=0000000000000000 r10=fffff8040a303100
r11=ffffa98758fd7f30 r12=ffffa987575b8540 r13=ffffe20c032f6800
r14=0000000000000000 r15=ffffe20c032f6900
iopl=0         nv up ei pl zr na po nc
cs=0010  ss=0018  ds=002b  es=002b  fs=0053  gs=002b             efl=00040246
klflt!ComrUnregisterProvider+0x4dfb:
fffff804`0a2b187b f745e400800000  test    dword ptr [rbp-1Ch],8000h ss:0018:ffffe20c`032f6714=00170125
rax=0000000000170125 rbx=ffffa98756da2e50 rcx=ffffa98758457390
rdx=ffffa9875baa9870 rsi=ffffa9875baa9810 rdi=ffffe20c032f67d0
rip=fffff8040a2b1882 rsp=ffffe20c032f66d0 rbp=ffffe20c032f6730
 r8=ffffd08f72ec3b3c  r9=0000000000000000 r10=fffff8040a303100
r11=ffffa98758fd7f30 r12=ffffa987575b8540 r13=ffffe20c032f6800
r14=0000000000000000 r15=ffffe20c032f6900
iopl=0         nv up ei pl zr na po nc
cs=0010  ss=0018  ds=002b  es=002b  fs=0053  gs=002b             efl=00040246
klflt!ComrUnregisterProvider+0x4e02:
fffff804`0a2b1882 746d            je      klflt!ComrUnregisterProvider+0x4e71 (fffff804`0a2b18f1) [br=1]
rax=0000000000170125 rbx=ffffa98756da2e50 rcx=ffffa98758457390
rdx=ffffa9875baa9870 rsi=ffffa9875baa9810 rdi=ffffe20c032f67d0
rip=fffff8040a2b18f1 rsp=ffffe20c032f66d0 rbp=ffffe20c032f6730
 r8=ffffd08f72ec3b3c  r9=0000000000000000 r10=fffff8040a303100
r11=ffffa98758fd7f30 r12=ffffa987575b8540 r13=ffffe20c032f6800
r14=0000000000000000 r15=ffffe20c032f6900
iopl=0         nv up ei pl zr na po nc
cs=0010  ss=0018  ds=002b  es=002b  fs=0053  gs=002b             efl=00040246
klflt!ComrUnregisterProvider+0x4e71:
fffff804`0a2b18f1 488b4df8        mov     rcx,qword ptr [rbp-8] ss:0018:ffffe20c`032f6728=ffffa98757c8bc50
rax=0000000000170125 rbx=ffffa98756da2e50 rcx=ffffa98757c8bc50
rdx=ffffa9875baa9870 rsi=ffffa9875baa9810 rdi=ffffe20c032f67d0
rip=fffff8040a2b18f5 rsp=ffffe20c032f66d0 rbp=ffffe20c032f6730
 r8=ffffd08f72ec3b3c  r9=0000000000000000 r10=fffff8040a303100
r11=ffffa98758fd7f30 r12=ffffa987575b8540 r13=ffffe20c032f6800
r14=0000000000000000 r15=ffffe20c032f6900
iopl=0         nv up ei pl zr na po nc
cs=0010  ss=0018  ds=002b  es=002b  fs=0053  gs=002b             efl=00040246
klflt!ComrUnregisterProvider+0x4e75:
fffff804`0a2b18f5 e802120000      call    klflt!ComrUnregisterProvider+0x607c (fffff804`0a2b2afc)
rax=ffffa987575b8540 rbx=ffffa98756da2e50 rcx=ffffa98757c8bd90
rdx=0000000000000000 rsi=ffffa9875baa9810 rdi=ffffe20c032f67d0
rip=fffff8040a2b18fa rsp=ffffe20c032f66d0 rbp=ffffe20c032f6730
 r8=0000000000000002  r9=0000000000000000 r10=fffff8040332d900
r11=ffffa98758fd7f30 r12=ffffa987575b8540 r13=ffffe20c032f6800
r14=0000000000000000 r15=ffffe20c032f6900
iopl=0         nv up ei ng nz na po nc
cs=0010  ss=0018  ds=002b  es=002b  fs=0053  gs=002b             efl=00040286
klflt!ComrUnregisterProvider+0x4e7a:
fffff804`0a2b18fa 4c8bf0          mov     r14,rax
rax=ffffa987575b8540 rbx=ffffa98756da2e50 rcx=ffffa98757c8bd90
rdx=0000000000000000 rsi=ffffa9875baa9810 rdi=ffffe20c032f67d0
rip=fffff8040a2b18fd rsp=ffffe20c032f66d0 rbp=ffffe20c032f6730
 r8=0000000000000002  r9=0000000000000000 r10=fffff8040332d900
r11=ffffa98758fd7f30 r12=ffffa987575b8540 r13=ffffe20c032f6800
r14=ffffa987575b8540 r15=ffffe20c032f6900
iopl=0         nv up ei ng nz na po nc
cs=0010  ss=0018  ds=002b  es=002b  fs=0053  gs=002b             efl=00040286
klflt!ComrUnregisterProvider+0x4e7d:
fffff804`0a2b18fd 4885c0          test    rax,rax
rax=ffffa987575b8540 rbx=ffffa98756da2e50 rcx=ffffa98757c8bd90
rdx=0000000000000000 rsi=ffffa9875baa9810 rdi=ffffe20c032f67d0
rip=fffff8040a2b1900 rsp=ffffe20c032f66d0 rbp=ffffe20c032f6730
 r8=0000000000000002  r9=0000000000000000 r10=fffff8040332d900
r11=ffffa98758fd7f30 r12=ffffa987575b8540 r13=ffffe20c032f6800
r14=ffffa987575b8540 r15=ffffe20c032f6900
iopl=0         nv up ei ng nz na pe nc
cs=0010  ss=0018  ds=002b  es=002b  fs=0053  gs=002b             efl=00040282
klflt!ComrUnregisterProvider+0x4e80:
fffff804`0a2b1900 750d            jne     klflt!ComrUnregisterProvider+0x4e8f (fffff804`0a2b190f) [br=1]
rax=ffffa987575b8540 rbx=ffffa98756da2e50 rcx=ffffa98757c8bd90
rdx=0000000000000000 rsi=ffffa9875baa9810 rdi=ffffe20c032f67d0
rip=fffff8040a2b190f rsp=ffffe20c032f66d0 rbp=ffffe20c032f6730
 r8=0000000000000002  r9=0000000000000000 r10=fffff8040332d900
r11=ffffa98758fd7f30 r12=ffffa987575b8540 r13=ffffe20c032f6800
r14=ffffa987575b8540 r15=ffffe20c032f6900
iopl=0         nv up ei ng nz na pe nc
cs=0010  ss=0018  ds=002b  es=002b  fs=0053  gs=002b             efl=00040282
klflt!ComrUnregisterProvider+0x4e8f:
fffff804`0a2b190f 4d85e4          test    r12,r12
rax=ffffa987575b8540 rbx=ffffa98756da2e50 rcx=ffffa98757c8bd90
rdx=0000000000000000 rsi=ffffa9875baa9810 rdi=ffffe20c032f67d0
rip=fffff8040a2b1912 rsp=ffffe20c032f66d0 rbp=ffffe20c032f6730
 r8=0000000000000002  r9=0000000000000000 r10=fffff8040332d900
r11=ffffa98758fd7f30 r12=ffffa987575b8540 r13=ffffe20c032f6800
r14=ffffa987575b8540 r15=ffffe20c032f6900
iopl=0         nv up ei ng nz na pe nc
cs=0010  ss=0018  ds=002b  es=002b  fs=0053  gs=002b             efl=00040282
klflt!ComrUnregisterProvider+0x4e92:
fffff804`0a2b1912 7423            je      klflt!ComrUnregisterProvider+0x4eb7 (fffff804`0a2b1937) [br=0]
rax=ffffa987575b8540 rbx=ffffa98756da2e50 rcx=ffffa98757c8bd90
rdx=0000000000000000 rsi=ffffa9875baa9810 rdi=ffffe20c032f67d0
rip=fffff8040a2b1914 rsp=ffffe20c032f66d0 rbp=ffffe20c032f6730
 r8=0000000000000002  r9=0000000000000000 r10=fffff8040332d900
r11=ffffa98758fd7f30 r12=ffffa987575b8540 r13=ffffe20c032f6800
r14=ffffa987575b8540 r15=ffffe20c032f6900
iopl=0         nv up ei ng nz na pe nc
cs=0010  ss=0018  ds=002b  es=002b  fs=0053  gs=002b             efl=00040282
klflt!ComrUnregisterProvider+0x4e94:
fffff804`0a2b1914 4d3bf4          cmp     r14,r12
rax=ffffa987575b8540 rbx=ffffa98756da2e50 rcx=ffffa98757c8bd90
rdx=0000000000000000 rsi=ffffa9875baa9810 rdi=ffffe20c032f67d0
rip=fffff8040a2b1917 rsp=ffffe20c032f66d0 rbp=ffffe20c032f6730
 r8=0000000000000002  r9=0000000000000000 r10=fffff8040332d900
r11=ffffa98758fd7f30 r12=ffffa987575b8540 r13=ffffe20c032f6800
r14=ffffa987575b8540 r15=ffffe20c032f6900
iopl=0         nv up ei pl zr na po nc
cs=0010  ss=0018  ds=002b  es=002b  fs=0053  gs=002b             efl=00040246
klflt!ComrUnregisterProvider+0x4e97:
fffff804`0a2b1917 0f8500010000    jne     klflt!ComrUnregisterProvider+0x4f9d (fffff804`0a2b1a1d) [br=0]
rax=ffffa987575b8540 rbx=ffffa98756da2e50 rcx=ffffa98757c8bd90
rdx=0000000000000000 rsi=ffffa9875baa9810 rdi=ffffe20c032f67d0
rip=fffff8040a2b191d rsp=ffffe20c032f66d0 rbp=ffffe20c032f6730
 r8=0000000000000002  r9=0000000000000000 r10=fffff8040332d900
r11=ffffa98758fd7f30 r12=ffffa987575b8540 r13=ffffe20c032f6800
r14=ffffa987575b8540 r15=ffffe20c032f6900
iopl=0         nv up ei pl zr na po nc
cs=0010  ss=0018  ds=002b  es=002b  fs=0053  gs=002b             efl=00040246
klflt!ComrUnregisterProvider+0x4e9d:
fffff804`0a2b191d 498bce          mov     rcx,r14
rax=ffffa987575b8540 rbx=ffffa98756da2e50 rcx=ffffa987575b8540
rdx=0000000000000000 rsi=ffffa9875baa9810 rdi=ffffe20c032f67d0
rip=fffff8040a2b1920 rsp=ffffe20c032f66d0 rbp=ffffe20c032f6730
 r8=0000000000000002  r9=0000000000000000 r10=fffff8040332d900
r11=ffffa98758fd7f30 r12=ffffa987575b8540 r13=ffffe20c032f6800
r14=ffffa987575b8540 r15=ffffe20c032f6900
iopl=0         nv up ei pl zr na po nc
cs=0010  ss=0018  ds=002b  es=002b  fs=0053  gs=002b             efl=00040246
klflt!ComrUnregisterProvider+0x4ea0:
fffff804`0a2b1920 e86f4d0000      call    klflt!ComrUnregisterProvider+0x9c14 (fffff804`0a2b6694)
rax=0000000000000000 rbx=ffffa98756da2e50 rcx=ffffa987575b8540
rdx=0000000000000000 rsi=ffffa9875baa9810 rdi=ffffe20c032f67d0
rip=fffff8040a2b1925 rsp=ffffe20c032f66d0 rbp=ffffe20c032f6730
 r8=0000000000000002  r9=0000000000000000 r10=fffff8040332d900
r11=ffffa98758fd7f30 r12=ffffa987575b8540 r13=ffffe20c032f6800
r14=ffffa987575b8540 r15=ffffe20c032f6900
iopl=0         nv up ei pl zr na po nc
cs=0010  ss=0018  ds=002b  es=002b  fs=0053  gs=002b             efl=00040246
klflt!ComrUnregisterProvider+0x4ea5:
fffff804`0a2b1925 a801            test    al,1
rax=0000000000000000 rbx=ffffa98756da2e50 rcx=ffffa987575b8540
rdx=0000000000000000 rsi=ffffa9875baa9810 rdi=ffffe20c032f67d0
rip=fffff8040a2b1927 rsp=ffffe20c032f66d0 rbp=ffffe20c032f6730
 r8=0000000000000002  r9=0000000000000000 r10=fffff8040332d900
r11=ffffa98758fd7f30 r12=ffffa987575b8540 r13=ffffe20c032f6800
r14=ffffa987575b8540 r15=ffffe20c032f6900
iopl=0         nv up ei pl zr na po nc
cs=0010  ss=0018  ds=002b  es=002b  fs=0053  gs=002b             efl=00040246
klflt!ComrUnregisterProvider+0x4ea7:
fffff804`0a2b1927 0f85f0000000    jne     klflt!ComrUnregisterProvider+0x4f9d (fffff804`0a2b1a1d) [br=0]
rax=0000000000000000 rbx=ffffa98756da2e50 rcx=ffffa987575b8540
rdx=0000000000000000 rsi=ffffa9875baa9810 rdi=ffffe20c032f67d0
rip=fffff8040a2b192d rsp=ffffe20c032f66d0 rbp=ffffe20c032f6730
 r8=0000000000000002  r9=0000000000000000 r10=fffff8040332d900
r11=ffffa98758fd7f30 r12=ffffa987575b8540 r13=ffffe20c032f6800
r14=ffffa987575b8540 r15=ffffe20c032f6900
iopl=0         nv up ei pl zr na po nc
cs=0010  ss=0018  ds=002b  es=002b  fs=0053  gs=002b             efl=00040246
klflt!ComrUnregisterProvider+0x4ead:
fffff804`0a2b192d 498bce          mov     rcx,r14
rax=0000000000000000 rbx=ffffa98756da2e50 rcx=ffffa987575b8540
rdx=0000000000000000 rsi=ffffa9875baa9810 rdi=ffffe20c032f67d0
rip=fffff8040a2b1930 rsp=ffffe20c032f66d0 rbp=ffffe20c032f6730
 r8=0000000000000002  r9=0000000000000000 r10=fffff8040332d900
r11=ffffa98758fd7f30 r12=ffffa987575b8540 r13=ffffe20c032f6800
r14=ffffa987575b8540 r15=ffffe20c032f6900
iopl=0         nv up ei pl zr na po nc
cs=0010  ss=0018  ds=002b  es=002b  fs=0053  gs=002b             efl=00040246
klflt!ComrUnregisterProvider+0x4eb0:
fffff804`0a2b1930 e8cb4c0000      call    klflt!ComrUnregisterProvider+0x9b80 (fffff804`0a2b6600)
rax=0000000000000004 rbx=ffffa98756da2e50 rcx=ffffa987575b8540
rdx=0000000000000002 rsi=ffffa9875baa9810 rdi=ffffe20c032f67d0
rip=fffff8040a2b1935 rsp=ffffe20c032f66d0 rbp=ffffe20c032f6730
 r8=0000000000000004  r9=0000000000000000 r10=fffff8040332d900
r11=ffffa98758fd7f30 r12=ffffa987575b8540 r13=ffffe20c032f6800
r14=ffffa987575b8540 r15=ffffe20c032f6900
iopl=0         nv up ei ng nz na pe nc
cs=0010  ss=0018  ds=002b  es=002b  fs=0053  gs=002b             efl=00040282
klflt!ComrUnregisterProvider+0x4eb5:
fffff804`0a2b1935 eb03            jmp     klflt!ComrUnregisterProvider+0x4eba (fffff804`0a2b193a)
rax=0000000000000004 rbx=ffffa98756da2e50 rcx=ffffa987575b8540
rdx=0000000000000002 rsi=ffffa9875baa9810 rdi=ffffe20c032f67d0
rip=fffff8040a2b193a rsp=ffffe20c032f66d0 rbp=ffffe20c032f6730
 r8=0000000000000004  r9=0000000000000000 r10=fffff8040332d900
r11=ffffa98758fd7f30 r12=ffffa987575b8540 r13=ffffe20c032f6800
r14=ffffa987575b8540 r15=ffffe20c032f6900
iopl=0         nv up ei ng nz na pe nc
cs=0010  ss=0018  ds=002b  es=002b  fs=0053  gs=002b             efl=00040282
klflt!ComrUnregisterProvider+0x4eba:
fffff804`0a2b193a 807de800        cmp     byte ptr [rbp-18h],0 ss:0018:ffffe20c`032f6718=00
rax=0000000000000004 rbx=ffffa98756da2e50 rcx=ffffa987575b8540
rdx=0000000000000002 rsi=ffffa9875baa9810 rdi=ffffe20c032f67d0
rip=fffff8040a2b193e rsp=ffffe20c032f66d0 rbp=ffffe20c032f6730
 r8=0000000000000004  r9=0000000000000000 r10=fffff8040332d900
r11=ffffa98758fd7f30 r12=ffffa987575b8540 r13=ffffe20c032f6800
r14=ffffa987575b8540 r15=ffffe20c032f6900
iopl=0         nv up ei pl zr na po nc
cs=0010  ss=0018  ds=002b  es=002b  fs=0053  gs=002b             efl=00040246
klflt!ComrUnregisterProvider+0x4ebe:
fffff804`0a2b193e 7407            je      klflt!ComrUnregisterProvider+0x4ec7 (fffff804`0a2b1947) [br=1]
rax=0000000000000004 rbx=ffffa98756da2e50 rcx=ffffa987575b8540
rdx=0000000000000002 rsi=ffffa9875baa9810 rdi=ffffe20c032f67d0
rip=fffff8040a2b1947 rsp=ffffe20c032f66d0 rbp=ffffe20c032f6730
 r8=0000000000000004  r9=0000000000000000 r10=fffff8040332d900
r11=ffffa98758fd7f30 r12=ffffa987575b8540 r13=ffffe20c032f6800
r14=ffffa987575b8540 r15=ffffe20c032f6900
iopl=0         nv up ei pl zr na po nc
cs=0010  ss=0018  ds=002b  es=002b  fs=0053  gs=002b             efl=00040246
klflt!ComrUnregisterProvider+0x4ec7:
fffff804`0a2b1947 488b5540        mov     rdx,qword ptr [rbp+40h] ss:0018:ffffe20c`032f6770=ffffd08f72ec3b3c
rax=0000000000000004 rbx=ffffa98756da2e50 rcx=ffffa987575b8540
rdx=ffffd08f72ec3b3c rsi=ffffa9875baa9810 rdi=ffffe20c032f67d0
rip=fffff8040a2b194b rsp=ffffe20c032f66d0 rbp=ffffe20c032f6730
 r8=0000000000000004  r9=0000000000000000 r10=fffff8040332d900
r11=ffffa98758fd7f30 r12=ffffa987575b8540 r13=ffffe20c032f6800
r14=ffffa987575b8540 r15=ffffe20c032f6900
iopl=0         nv up ei pl zr na po nc
cs=0010  ss=0018  ds=002b  es=002b  fs=0053  gs=002b             efl=00040246
klflt!ComrUnregisterProvider+0x4ecb:
fffff804`0a2b194b 4c8bc6          mov     r8,rsi
rax=0000000000000004 rbx=ffffa98756da2e50 rcx=ffffa987575b8540
rdx=ffffd08f72ec3b3c rsi=ffffa9875baa9810 rdi=ffffe20c032f67d0
rip=fffff8040a2b194e rsp=ffffe20c032f66d0 rbp=ffffe20c032f6730
 r8=ffffa9875baa9810  r9=0000000000000000 r10=fffff8040332d900
r11=ffffa98758fd7f30 r12=ffffa987575b8540 r13=ffffe20c032f6800
r14=ffffa987575b8540 r15=ffffe20c032f6900
iopl=0         nv up ei pl zr na po nc
cs=0010  ss=0018  ds=002b  es=002b  fs=0053  gs=002b             efl=00040246
klflt!ComrUnregisterProvider+0x4ece:
fffff804`0a2b194e 498bcd          mov     rcx,r13
rax=0000000000000004 rbx=ffffa98756da2e50 rcx=ffffe20c032f6800
rdx=ffffd08f72ec3b3c rsi=ffffa9875baa9810 rdi=ffffe20c032f67d0
rip=fffff8040a2b1951 rsp=ffffe20c032f66d0 rbp=ffffe20c032f6730
 r8=ffffa9875baa9810  r9=0000000000000000 r10=fffff8040332d900
r11=ffffa98758fd7f30 r12=ffffa987575b8540 r13=ffffe20c032f6800
r14=ffffa987575b8540 r15=ffffe20c032f6900
iopl=0         nv up ei pl zr na po nc
cs=0010  ss=0018  ds=002b  es=002b  fs=0053  gs=002b             efl=00040246
klflt!ComrUnregisterProvider+0x4ed1:
fffff804`0a2b1951 e89eebffff      call    klflt!ComrUnregisterProvider+0x3a74 (fffff804`0a2b04f4)
rax=0000000000000004 rbx=ffffa98756da2e50 rcx=0000000000000000
rdx=ffffd08f72ec3b3c rsi=ffffa9875baa9810 rdi=ffffe20c032f67d0
rip=fffff8040a2b1956 rsp=ffffe20c032f66d0 rbp=ffffe20c032f6730
 r8=ffffa9875baa9810  r9=0000000000000000 r10=fffff8040332d900
r11=ffffa98758fd7f30 r12=ffffa987575b8540 r13=ffffe20c032f6800
r14=ffffa987575b8540 r15=ffffe20c032f6900
iopl=0         nv up ei ng nz na pe nc
cs=0010  ss=0018  ds=002b  es=002b  fs=0053  gs=002b             efl=00040282
klflt!ComrUnregisterProvider+0x4ed6:
fffff804`0a2b1956 498b4508        mov     rax,qword ptr [r13+8] ds:002b:ffffe20c`032f6808=ffffa9875a8cb110
rax=ffffa9875a8cb110 rbx=ffffa98756da2e50 rcx=0000000000000000
rdx=ffffd08f72ec3b3c rsi=ffffa9875baa9810 rdi=ffffe20c032f67d0
rip=fffff8040a2b195a rsp=ffffe20c032f66d0 rbp=ffffe20c032f6730
 r8=ffffa9875baa9810  r9=0000000000000000 r10=fffff8040332d900
r11=ffffa98758fd7f30 r12=ffffa987575b8540 r13=ffffe20c032f6800
r14=ffffa987575b8540 r15=ffffe20c032f6900
iopl=0         nv up ei ng nz na pe nc
cs=0010  ss=0018  ds=002b  es=002b  fs=0053  gs=002b             efl=00040282
klflt!ComrUnregisterProvider+0x4eda:
fffff804`0a2b195a 4c3928          cmp     qword ptr [rax],r13 ds:002b:ffffa987`5a8cb110=ffffe20c032f6800
rax=ffffa9875a8cb110 rbx=ffffa98756da2e50 rcx=0000000000000000
rdx=ffffd08f72ec3b3c rsi=ffffa9875baa9810 rdi=ffffe20c032f67d0
rip=fffff8040a2b195d rsp=ffffe20c032f66d0 rbp=ffffe20c032f6730
 r8=ffffa9875baa9810  r9=0000000000000000 r10=fffff8040332d900
r11=ffffa98758fd7f30 r12=ffffa987575b8540 r13=ffffe20c032f6800
r14=ffffa987575b8540 r15=ffffe20c032f6900
iopl=0         nv up ei pl zr na po nc
cs=0010  ss=0018  ds=002b  es=002b  fs=0053  gs=002b             efl=00040246
klflt!ComrUnregisterProvider+0x4edd:
fffff804`0a2b195d 0f85f5000000    jne     klflt!ComrUnregisterProvider+0x4fd8 (fffff804`0a2b1a58) [br=0]
rax=ffffa9875a8cb110 rbx=ffffa98756da2e50 rcx=0000000000000000
rdx=ffffd08f72ec3b3c rsi=ffffa9875baa9810 rdi=ffffe20c032f67d0
rip=fffff8040a2b1963 rsp=ffffe20c032f66d0 rbp=ffffe20c032f6730
 r8=ffffa9875baa9810  r9=0000000000000000 r10=fffff8040332d900
r11=ffffa98758fd7f30 r12=ffffa987575b8540 r13=ffffe20c032f6800
r14=ffffa987575b8540 r15=ffffe20c032f6900
iopl=0         nv up ei pl zr na po nc
cs=0010  ss=0018  ds=002b  es=002b  fs=0053  gs=002b             efl=00040246
klflt!ComrUnregisterProvider+0x4ee3:
fffff804`0a2b1963 4c892e          mov     qword ptr [rsi],r13 ds:002b:ffffa987`5baa9810=0000000000000000
rax=ffffa9875a8cb110 rbx=ffffa98756da2e50 rcx=0000000000000000
rdx=ffffd08f72ec3b3c rsi=ffffa9875baa9810 rdi=ffffe20c032f67d0
rip=fffff8040a2b1966 rsp=ffffe20c032f66d0 rbp=ffffe20c032f6730
 r8=ffffa9875baa9810  r9=0000000000000000 r10=fffff8040332d900
r11=ffffa98758fd7f30 r12=ffffa987575b8540 r13=ffffe20c032f6800
r14=ffffa987575b8540 r15=ffffe20c032f6900
iopl=0         nv up ei pl zr na po nc
cs=0010  ss=0018  ds=002b  es=002b  fs=0053  gs=002b             efl=00040246
klflt!ComrUnregisterProvider+0x4ee6:
fffff804`0a2b1966 48894608        mov     qword ptr [rsi+8],rax ds:002b:ffffa987`5baa9818=0000000000000000
rax=ffffa9875a8cb110 rbx=ffffa98756da2e50 rcx=0000000000000000
rdx=ffffd08f72ec3b3c rsi=ffffa9875baa9810 rdi=ffffe20c032f67d0
rip=fffff8040a2b196a rsp=ffffe20c032f66d0 rbp=ffffe20c032f6730
 r8=ffffa9875baa9810  r9=0000000000000000 r10=fffff8040332d900
r11=ffffa98758fd7f30 r12=ffffa987575b8540 r13=ffffe20c032f6800
r14=ffffa987575b8540 r15=ffffe20c032f6900
iopl=0         nv up ei pl zr na po nc
cs=0010  ss=0018  ds=002b  es=002b  fs=0053  gs=002b             efl=00040246
klflt!ComrUnregisterProvider+0x4eea:
fffff804`0a2b196a 488930          mov     qword ptr [rax],rsi ds:002b:ffffa987`5a8cb110=ffffe20c032f6800
rax=ffffa9875a8cb110 rbx=ffffa98756da2e50 rcx=0000000000000000
rdx=ffffd08f72ec3b3c rsi=ffffa9875baa9810 rdi=ffffe20c032f67d0
rip=fffff8040a2b196d rsp=ffffe20c032f66d0 rbp=ffffe20c032f6730
 r8=ffffa9875baa9810  r9=0000000000000000 r10=fffff8040332d900
r11=ffffa98758fd7f30 r12=ffffa987575b8540 r13=ffffe20c032f6800
r14=ffffa987575b8540 r15=ffffe20c032f6900
iopl=0         nv up ei pl zr na po nc
cs=0010  ss=0018  ds=002b  es=002b  fs=0053  gs=002b             efl=00040246
klflt!ComrUnregisterProvider+0x4eed:
fffff804`0a2b196d 49897508        mov     qword ptr [r13+8],rsi ds:002b:ffffe20c`032f6808=ffffa9875a8cb110
rax=ffffa9875a8cb110 rbx=ffffa98756da2e50 rcx=0000000000000000
rdx=ffffd08f72ec3b3c rsi=ffffa9875baa9810 rdi=ffffe20c032f67d0
rip=fffff8040a2b1971 rsp=ffffe20c032f66d0 rbp=ffffe20c032f6730
 r8=ffffa9875baa9810  r9=0000000000000000 r10=fffff8040332d900
r11=ffffa98758fd7f30 r12=ffffa987575b8540 r13=ffffe20c032f6800
r14=ffffa987575b8540 r15=ffffe20c032f6900
iopl=0         nv up ei pl zr na po nc
cs=0010  ss=0018  ds=002b  es=002b  fs=0053  gs=002b             efl=00040246
klflt!ComrUnregisterProvider+0x4ef1:
fffff804`0a2b1971 488b0d680a0400  mov     rcx,qword ptr [klflt!ComrUnregisterProvider+0x45960 (fffff804`0a2f23e0)] ds:002b:fffff804`0a2f23e0=fffff8040a302e90
rax=ffffa9875a8cb110 rbx=ffffa98756da2e50 rcx=fffff8040a302e90
rdx=ffffd08f72ec3b3c rsi=ffffa9875baa9810 rdi=ffffe20c032f67d0
rip=fffff8040a2b1978 rsp=ffffe20c032f66d0 rbp=ffffe20c032f6730
 r8=ffffa9875baa9810  r9=0000000000000000 r10=fffff8040332d900
r11=ffffa98758fd7f30 r12=ffffa987575b8540 r13=ffffe20c032f6800
r14=ffffa987575b8540 r15=ffffe20c032f6900
iopl=0         nv up ei pl zr na po nc
cs=0010  ss=0018  ds=002b  es=002b  fs=0053  gs=002b             efl=00040246
klflt!ComrUnregisterProvider+0x4ef8:
fffff804`0a2b1978 488d05610a0400  lea     rax,[klflt!ComrUnregisterProvider+0x45960 (fffff804`0a2f23e0)]
rax=fffff8040a2f23e0 rbx=ffffa98756da2e50 rcx=fffff8040a302e90
rdx=ffffd08f72ec3b3c rsi=ffffa9875baa9810 rdi=ffffe20c032f67d0
rip=fffff8040a2b197f rsp=ffffe20c032f66d0 rbp=ffffe20c032f6730
 r8=ffffa9875baa9810  r9=0000000000000000 r10=fffff8040332d900
r11=ffffa98758fd7f30 r12=ffffa987575b8540 r13=ffffe20c032f6800
r14=ffffa987575b8540 r15=ffffe20c032f6900
iopl=0         nv up ei pl zr na po nc
cs=0010  ss=0018  ds=002b  es=002b  fs=0053  gs=002b             efl=00040246
klflt!ComrUnregisterProvider+0x4eff:
fffff804`0a2b197f 4533f6          xor     r14d,r14d
rax=fffff8040a2f23e0 rbx=ffffa98756da2e50 rcx=fffff8040a302e90
rdx=ffffd08f72ec3b3c rsi=ffffa9875baa9810 rdi=ffffe20c032f67d0
rip=fffff8040a2b1982 rsp=ffffe20c032f66d0 rbp=ffffe20c032f6730
 r8=ffffa9875baa9810  r9=0000000000000000 r10=fffff8040332d900
r11=ffffa98758fd7f30 r12=ffffa987575b8540 r13=ffffe20c032f6800
r14=0000000000000000 r15=ffffe20c032f6900
iopl=0         nv up ei pl zr na po nc
cs=0010  ss=0018  ds=002b  es=002b  fs=0053  gs=002b             efl=00040246
klflt!ComrUnregisterProvider+0x4f02:
fffff804`0a2b1982 483bc8          cmp     rcx,rax
rax=fffff8040a2f23e0 rbx=ffffa98756da2e50 rcx=fffff8040a302e90
rdx=ffffd08f72ec3b3c rsi=ffffa9875baa9810 rdi=ffffe20c032f67d0
rip=fffff8040a2b1985 rsp=ffffe20c032f66d0 rbp=ffffe20c032f6730
 r8=ffffa9875baa9810  r9=0000000000000000 r10=fffff8040332d900
r11=ffffa98758fd7f30 r12=ffffa987575b8540 r13=ffffe20c032f6800
r14=0000000000000000 r15=ffffe20c032f6900
iopl=0         nv up ei pl nz na pe nc
cs=0010  ss=0018  ds=002b  es=002b  fs=0053  gs=002b             efl=00040202
klflt!ComrUnregisterProvider+0x4f05:
fffff804`0a2b1985 7433            je      klflt!ComrUnregisterProvider+0x4f3a (fffff804`0a2b19ba) [br=0]
rax=fffff8040a2f23e0 rbx=ffffa98756da2e50 rcx=fffff8040a302e90
rdx=ffffd08f72ec3b3c rsi=ffffa9875baa9810 rdi=ffffe20c032f67d0
rip=fffff8040a2b1987 rsp=ffffe20c032f66d0 rbp=ffffe20c032f6730
 r8=ffffa9875baa9810  r9=0000000000000000 r10=fffff8040332d900
r11=ffffa98758fd7f30 r12=ffffa987575b8540 r13=ffffe20c032f6800
r14=0000000000000000 r15=ffffe20c032f6900
iopl=0         nv up ei pl nz na pe nc
cs=0010  ss=0018  ds=002b  es=002b  fs=0053  gs=002b             efl=00040202
klflt!ComrUnregisterProvider+0x4f07:
fffff804`0a2b1987 8b816c010000    mov     eax,dword ptr [rcx+16Ch] ds:002b:fffff804`0a302ffc=00000000
rax=0000000000000000 rbx=ffffa98756da2e50 rcx=fffff8040a302e90
rdx=ffffd08f72ec3b3c rsi=ffffa9875baa9810 rdi=ffffe20c032f67d0
rip=fffff8040a2b198d rsp=ffffe20c032f66d0 rbp=ffffe20c032f6730
 r8=ffffa9875baa9810  r9=0000000000000000 r10=fffff8040332d900
r11=ffffa98758fd7f30 r12=ffffa987575b8540 r13=ffffe20c032f6800
r14=0000000000000000 r15=ffffe20c032f6900
iopl=0         nv up ei pl nz na pe nc
cs=0010  ss=0018  ds=002b  es=002b  fs=0053  gs=002b             efl=00040202
klflt!ComrUnregisterProvider+0x4f0d:
fffff804`0a2b198d a801            test    al,1
rax=0000000000000000 rbx=ffffa98756da2e50 rcx=fffff8040a302e90
rdx=ffffd08f72ec3b3c rsi=ffffa9875baa9810 rdi=ffffe20c032f67d0
rip=fffff8040a2b198f rsp=ffffe20c032f66d0 rbp=ffffe20c032f6730
 r8=ffffa9875baa9810  r9=0000000000000000 r10=fffff8040332d900
r11=ffffa98758fd7f30 r12=ffffa987575b8540 r13=ffffe20c032f6800
r14=0000000000000000 r15=ffffe20c032f6900
iopl=0         nv up ei pl zr na po nc
cs=0010  ss=0018  ds=002b  es=002b  fs=0053  gs=002b             efl=00040246
klflt!ComrUnregisterProvider+0x4f0f:
fffff804`0a2b198f 7429            je      klflt!ComrUnregisterProvider+0x4f3a (fffff804`0a2b19ba) [br=1]
rax=0000000000000000 rbx=ffffa98756da2e50 rcx=fffff8040a302e90
rdx=ffffd08f72ec3b3c rsi=ffffa9875baa9810 rdi=ffffe20c032f67d0
rip=fffff8040a2b19ba rsp=ffffe20c032f66d0 rbp=ffffe20c032f6730
 r8=ffffa9875baa9810  r9=0000000000000000 r10=fffff8040332d900
r11=ffffa98758fd7f30 r12=ffffa987575b8540 r13=ffffe20c032f6800
r14=0000000000000000 r15=ffffe20c032f6900
iopl=0         nv up ei pl zr na po nc
cs=0010  ss=0018  ds=002b  es=002b  fs=0053  gs=002b             efl=00040246
klflt!ComrUnregisterProvider+0x4f3a:
fffff804`0a2b19ba 488bcb          mov     rcx,rbx
rax=0000000000000000 rbx=ffffa98756da2e50 rcx=ffffa98756da2e50
rdx=ffffd08f72ec3b3c rsi=ffffa9875baa9810 rdi=ffffe20c032f67d0
rip=fffff8040a2b19bd rsp=ffffe20c032f66d0 rbp=ffffe20c032f6730
 r8=ffffa9875baa9810  r9=0000000000000000 r10=fffff8040332d900
r11=ffffa98758fd7f30 r12=ffffa987575b8540 r13=ffffe20c032f6800
r14=0000000000000000 r15=ffffe20c032f6900
iopl=0         nv up ei pl zr na po nc
cs=0010  ss=0018  ds=002b  es=002b  fs=0053  gs=002b             efl=00040246
klflt!ComrUnregisterProvider+0x4f3d:
fffff804`0a2b19bd e8aed80000      call    klflt!ComrUnregisterProvider+0x127f0 (fffff804`0a2bf270)
rax=ffffa9875b187590 rbx=ffffa98756da2e50 rcx=ffffa98756da2e50
rdx=ffffa9875b187590 rsi=ffffa9875baa9810 rdi=ffffe20c032f67d0
rip=fffff8040a2b19c2 rsp=ffffe20c032f66d0 rbp=ffffe20c032f6730
 r8=ffffa9875b187590  r9=0000000000000000 r10=fffff8040a3196c0
r11=ffffa98756da2e50 r12=ffffa987575b8540 r13=ffffe20c032f6800
r14=0000000000000000 r15=ffffe20c032f6900
iopl=0         nv up ei ng zr na po nc
cs=0010  ss=0018  ds=002b  es=002b  fs=0053  gs=002b             efl=000402c6
klflt!ComrUnregisterProvider+0x4f42:
fffff804`0a2b19c2 498b1f          mov     rbx,qword ptr [r15] ds:002b:ffffe20c`032f6900=ffffa9875a9ca380
rax=ffffa9875b187590 rbx=ffffa9875a9ca380 rcx=ffffa98756da2e50
rdx=ffffa9875b187590 rsi=ffffa9875baa9810 rdi=ffffe20c032f67d0
rip=fffff8040a2b19c5 rsp=ffffe20c032f66d0 rbp=ffffe20c032f6730
 r8=ffffa9875b187590  r9=0000000000000000 r10=fffff8040a3196c0
r11=ffffa98756da2e50 r12=ffffa987575b8540 r13=ffffe20c032f6800
r14=0000000000000000 r15=ffffe20c032f6900
iopl=0         nv up ei ng zr na po nc
cs=0010  ss=0018  ds=002b  es=002b  fs=0053  gs=002b             efl=000402c6
klflt!ComrUnregisterProvider+0x4f45:
fffff804`0a2b19c5 493bdf          cmp     rbx,r15
rax=ffffa9875b187590 rbx=ffffa9875a9ca380 rcx=ffffa98756da2e50
rdx=ffffa9875b187590 rsi=ffffa9875baa9810 rdi=ffffe20c032f67d0
rip=fffff8040a2b19c8 rsp=ffffe20c032f66d0 rbp=ffffe20c032f6730
 r8=ffffa9875b187590  r9=0000000000000000 r10=fffff8040a3196c0
r11=ffffa98756da2e50 r12=ffffa987575b8540 r13=ffffe20c032f6800
r14=0000000000000000 r15=ffffe20c032f6900
iopl=0         nv up ei ng nz na pe cy
cs=0010  ss=0018  ds=002b  es=002b  fs=0053  gs=002b             efl=00040283
klflt!ComrUnregisterProvider+0x4f48:
fffff804`0a2b19c8 e942fdffff      jmp     klflt!ComrUnregisterProvider+0x4c8f (fffff804`0a2b170f)
rax=ffffa9875b187590 rbx=ffffa9875a9ca380 rcx=ffffa98756da2e50
rdx=ffffa9875b187590 rsi=ffffa9875baa9810 rdi=ffffe20c032f67d0
rip=fffff8040a2b170f rsp=ffffe20c032f66d0 rbp=ffffe20c032f6730
 r8=ffffa9875b187590  r9=0000000000000000 r10=fffff8040a3196c0
r11=ffffa98756da2e50 r12=ffffa987575b8540 r13=ffffe20c032f6800
r14=0000000000000000 r15=ffffe20c032f6900
iopl=0         nv up ei ng nz na pe cy
cs=0010  ss=0018  ds=002b  es=002b  fs=0053  gs=002b             efl=00040283
klflt!ComrUnregisterProvider+0x4c8f:
fffff804`0a2b170f 0f84d2020000    je      klflt!ComrUnregisterProvider+0x4f67 (fffff804`0a2b19e7) [br=0]
rax=ffffa9875b187590 rbx=ffffa9875a9ca380 rcx=ffffa98756da2e50
rdx=ffffa9875b187590 rsi=ffffa9875baa9810 rdi=ffffe20c032f67d0
rip=fffff8040a2b1715 rsp=ffffe20c032f66d0 rbp=ffffe20c032f6730
 r8=ffffa9875b187590  r9=0000000000000000 r10=fffff8040a3196c0
r11=ffffa98756da2e50 r12=ffffa987575b8540 r13=ffffe20c032f6800
r14=0000000000000000 r15=ffffe20c032f6900
iopl=0         nv up ei ng nz na pe cy
cs=0010  ss=0018  ds=002b  es=002b  fs=0053  gs=002b             efl=00040283
klflt!ComrUnregisterProvider+0x4c95:
fffff804`0a2b1715 8b07            mov     eax,dword ptr [rdi] ds:002b:ffffe20c`032f67d0=00000000
rax=0000000000000000 rbx=ffffa9875a9ca380 rcx=ffffa98756da2e50
rdx=ffffa9875b187590 rsi=ffffa9875baa9810 rdi=ffffe20c032f67d0
rip=fffff8040a2b1717 rsp=ffffe20c032f66d0 rbp=ffffe20c032f6730
 r8=ffffa9875b187590  r9=0000000000000000 r10=fffff8040a3196c0
r11=ffffa98756da2e50 r12=ffffa987575b8540 r13=ffffe20c032f6800
r14=0000000000000000 r15=ffffe20c032f6900
iopl=0         nv up ei ng nz na pe cy
cs=0010  ss=0018  ds=002b  es=002b  fs=0053  gs=002b             efl=00040283
klflt!ComrUnregisterProvider+0x4c97:
fffff804`0a2b1717 a802            test    al,2
rax=0000000000000000 rbx=ffffa9875a9ca380 rcx=ffffa98756da2e50
rdx=ffffa9875b187590 rsi=ffffa9875baa9810 rdi=ffffe20c032f67d0
rip=fffff8040a2b1719 rsp=ffffe20c032f66d0 rbp=ffffe20c032f6730
 r8=ffffa9875b187590  r9=0000000000000000 r10=fffff8040a3196c0
r11=ffffa98756da2e50 r12=ffffa987575b8540 r13=ffffe20c032f6800
r14=0000000000000000 r15=ffffe20c032f6900
iopl=0         nv up ei pl zr na po nc
cs=0010  ss=0018  ds=002b  es=002b  fs=0053  gs=002b             efl=00040246
klflt!ComrUnregisterProvider+0x4c99:
fffff804`0a2b1719 0f85c8020000    jne     klflt!ComrUnregisterProvider+0x4f67 (fffff804`0a2b19e7) [br=0]
rax=0000000000000000 rbx=ffffa9875a9ca380 rcx=ffffa98756da2e50
rdx=ffffa9875b187590 rsi=ffffa9875baa9810 rdi=ffffe20c032f67d0
rip=fffff8040a2b171f rsp=ffffe20c032f66d0 rbp=ffffe20c032f6730
 r8=ffffa9875b187590  r9=0000000000000000 r10=fffff8040a3196c0
r11=ffffa98756da2e50 r12=ffffa987575b8540 r13=ffffe20c032f6800
r14=0000000000000000 r15=ffffe20c032f6900
iopl=0         nv up ei pl zr na po nc
cs=0010  ss=0018  ds=002b  es=002b  fs=0053  gs=002b             efl=00040246
klflt!ComrUnregisterProvider+0x4c9f:
fffff804`0a2b171f 4c397b08        cmp     qword ptr [rbx+8],r15 ds:002b:ffffa987`5a9ca388=ffffe20c032f6900
rax=0000000000000000 rbx=ffffa9875a9ca380 rcx=ffffa98756da2e50
rdx=ffffa9875b187590 rsi=ffffa9875baa9810 rdi=ffffe20c032f67d0
rip=fffff8040a2b1723 rsp=ffffe20c032f66d0 rbp=ffffe20c032f6730
 r8=ffffa9875b187590  r9=0000000000000000 r10=fffff8040a3196c0
r11=ffffa98756da2e50 r12=ffffa987575b8540 r13=ffffe20c032f6800
r14=0000000000000000 r15=ffffe20c032f6900
iopl=0         nv up ei pl zr na po nc
cs=0010  ss=0018  ds=002b  es=002b  fs=0053  gs=002b             efl=00040246
klflt!ComrUnregisterProvider+0x4ca3:
fffff804`0a2b1723 0f852f030000    jne     klflt!ComrUnregisterProvider+0x4fd8 (fffff804`0a2b1a58) [br=0]
rax=0000000000000000 rbx=ffffa9875a9ca380 rcx=ffffa98756da2e50
rdx=ffffa9875b187590 rsi=ffffa9875baa9810 rdi=ffffe20c032f67d0
rip=fffff8040a2b1729 rsp=ffffe20c032f66d0 rbp=ffffe20c032f6730
 r8=ffffa9875b187590  r9=0000000000000000 r10=fffff8040a3196c0
r11=ffffa98756da2e50 r12=ffffa987575b8540 r13=ffffe20c032f6800
r14=0000000000000000 r15=ffffe20c032f6900
iopl=0         nv up ei pl zr na po nc
cs=0010  ss=0018  ds=002b  es=002b  fs=0053  gs=002b             efl=00040246
klflt!ComrUnregisterProvider+0x4ca9:
fffff804`0a2b1729 488b03          mov     rax,qword ptr [rbx] ds:002b:ffffa987`5a9ca380=ffffe20c032f6900
rax=ffffe20c032f6900 rbx=ffffa9875a9ca380 rcx=ffffa98756da2e50
rdx=ffffa9875b187590 rsi=ffffa9875baa9810 rdi=ffffe20c032f67d0
rip=fffff8040a2b172c rsp=ffffe20c032f66d0 rbp=ffffe20c032f6730
 r8=ffffa9875b187590  r9=0000000000000000 r10=fffff8040a3196c0
r11=ffffa98756da2e50 r12=ffffa987575b8540 r13=ffffe20c032f6800
r14=0000000000000000 r15=ffffe20c032f6900
iopl=0         nv up ei pl zr na po nc
cs=0010  ss=0018  ds=002b  es=002b  fs=0053  gs=002b             efl=00040246
klflt!ComrUnregisterProvider+0x4cac:
fffff804`0a2b172c 48395808        cmp     qword ptr [rax+8],rbx ds:002b:ffffe20c`032f6908=ffffa9875a9ca380
rax=ffffe20c032f6900 rbx=ffffa9875a9ca380 rcx=ffffa98756da2e50
rdx=ffffa9875b187590 rsi=ffffa9875baa9810 rdi=ffffe20c032f67d0
rip=fffff8040a2b1730 rsp=ffffe20c032f66d0 rbp=ffffe20c032f6730
 r8=ffffa9875b187590  r9=0000000000000000 r10=fffff8040a3196c0
r11=ffffa98756da2e50 r12=ffffa987575b8540 r13=ffffe20c032f6800
r14=0000000000000000 r15=ffffe20c032f6900
iopl=0         nv up ei pl zr na po nc
cs=0010  ss=0018  ds=002b  es=002b  fs=0053  gs=002b             efl=00040246
klflt!ComrUnregisterProvider+0x4cb0:
fffff804`0a2b1730 0f8522030000    jne     klflt!ComrUnregisterProvider+0x4fd8 (fffff804`0a2b1a58) [br=0]
rax=ffffe20c032f6900 rbx=ffffa9875a9ca380 rcx=ffffa98756da2e50
rdx=ffffa9875b187590 rsi=ffffa9875baa9810 rdi=ffffe20c032f67d0
rip=fffff8040a2b1736 rsp=ffffe20c032f66d0 rbp=ffffe20c032f6730
 r8=ffffa9875b187590  r9=0000000000000000 r10=fffff8040a3196c0
r11=ffffa98756da2e50 r12=ffffa987575b8540 r13=ffffe20c032f6800
r14=0000000000000000 r15=ffffe20c032f6900
iopl=0         nv up ei pl zr na po nc
cs=0010  ss=0018  ds=002b  es=002b  fs=0053  gs=002b             efl=00040246
klflt!ComrUnregisterProvider+0x4cb6:
fffff804`0a2b1736 498907          mov     qword ptr [r15],rax ds:002b:ffffe20c`032f6900=ffffa9875a9ca380
rax=ffffe20c032f6900 rbx=ffffa9875a9ca380 rcx=ffffa98756da2e50
rdx=ffffa9875b187590 rsi=ffffa9875baa9810 rdi=ffffe20c032f67d0
rip=fffff8040a2b1739 rsp=ffffe20c032f66d0 rbp=ffffe20c032f6730
 r8=ffffa9875b187590  r9=0000000000000000 r10=fffff8040a3196c0
r11=ffffa98756da2e50 r12=ffffa987575b8540 r13=ffffe20c032f6800
r14=0000000000000000 r15=ffffe20c032f6900
iopl=0         nv up ei pl zr na po nc
cs=0010  ss=0018  ds=002b  es=002b  fs=0053  gs=002b             efl=00040246
klflt!ComrUnregisterProvider+0x4cb9:
fffff804`0a2b1739 4c897808        mov     qword ptr [rax+8],r15 ds:002b:ffffe20c`032f6908=ffffa9875a9ca380
rax=ffffe20c032f6900 rbx=ffffa9875a9ca380 rcx=ffffa98756da2e50
rdx=ffffa9875b187590 rsi=ffffa9875baa9810 rdi=ffffe20c032f67d0
rip=fffff8040a2b173d rsp=ffffe20c032f66d0 rbp=ffffe20c032f6730
 r8=ffffa9875b187590  r9=0000000000000000 r10=fffff8040a3196c0
r11=ffffa98756da2e50 r12=ffffa987575b8540 r13=ffffe20c032f6800
r14=0000000000000000 r15=ffffe20c032f6900
iopl=0         nv up ei pl zr na po nc
cs=0010  ss=0018  ds=002b  es=002b  fs=0053  gs=002b             efl=00040246
klflt!ComrUnregisterProvider+0x4cbd:
fffff804`0a2b173d 488b4b10        mov     rcx,qword ptr [rbx+10h] ds:002b:ffffa987`5a9ca390=ffffa9875845b800
rax=ffffe20c032f6900 rbx=ffffa9875a9ca380 rcx=ffffa9875845b800
rdx=ffffa9875b187590 rsi=ffffa9875baa9810 rdi=ffffe20c032f67d0
rip=fffff8040a2b1741 rsp=ffffe20c032f66d0 rbp=ffffe20c032f6730
 r8=ffffa9875b187590  r9=0000000000000000 r10=fffff8040a3196c0
r11=ffffa98756da2e50 r12=ffffa987575b8540 r13=ffffe20c032f6800
r14=0000000000000000 r15=ffffe20c032f6900
iopl=0         nv up ei pl zr na po nc
cs=0010  ss=0018  ds=002b  es=002b  fs=0053  gs=002b             efl=00040246
klflt!ComrUnregisterProvider+0x4cc1:
fffff804`0a2b1741 e8ea370000      call    klflt!ComrUnregisterProvider+0x84b0 (fffff804`0a2b4f30)
rax=0000000000176105 rbx=ffffa9875a9ca380 rcx=ffffa9875845b800
rdx=ffffa9875b187590 rsi=ffffa9875baa9810 rdi=ffffe20c032f67d0
rip=fffff8040a2b1746 rsp=ffffe20c032f66d0 rbp=ffffe20c032f6730
 r8=ffffa9875b187590  r9=0000000000000000 r10=fffff8040a3196c0
r11=ffffa98756da2e50 r12=ffffa987575b8540 r13=ffffe20c032f6800
r14=0000000000000000 r15=ffffe20c032f6900
iopl=0         nv up ei pl zr na po nc
cs=0010  ss=0018  ds=002b  es=002b  fs=0053  gs=002b             efl=00040246
klflt!ComrUnregisterProvider+0x4cc6:
fffff804`0a2b1746 8945e4          mov     dword ptr [rbp-1Ch],eax ss:0018:ffffe20c`032f6714=00170125
rax=0000000000176105 rbx=ffffa9875a9ca380 rcx=ffffa9875845b800
rdx=ffffa9875b187590 rsi=ffffa9875baa9810 rdi=ffffe20c032f67d0
rip=fffff8040a2b1749 rsp=ffffe20c032f66d0 rbp=ffffe20c032f6730
 r8=ffffa9875b187590  r9=0000000000000000 r10=fffff8040a3196c0
r11=ffffa98756da2e50 r12=ffffa987575b8540 r13=ffffe20c032f6800
r14=0000000000000000 r15=ffffe20c032f6900
iopl=0         nv up ei pl zr na po nc
cs=0010  ss=0018  ds=002b  es=002b  fs=0053  gs=002b             efl=00040246
klflt!ComrUnregisterProvider+0x4cc9:
fffff804`0a2b1749 488b4b10        mov     rcx,qword ptr [rbx+10h] ds:002b:ffffa987`5a9ca390=ffffa9875845b800
rax=0000000000176105 rbx=ffffa9875a9ca380 rcx=ffffa9875845b800
rdx=ffffa9875b187590 rsi=ffffa9875baa9810 rdi=ffffe20c032f67d0
rip=fffff8040a2b174d rsp=ffffe20c032f66d0 rbp=ffffe20c032f6730
 r8=ffffa9875b187590  r9=0000000000000000 r10=fffff8040a3196c0
r11=ffffa98756da2e50 r12=ffffa987575b8540 r13=ffffe20c032f6800
r14=0000000000000000 r15=ffffe20c032f6900
iopl=0         nv up ei pl zr na po nc
cs=0010  ss=0018  ds=002b  es=002b  fs=0053  gs=002b             efl=00040246
klflt!ComrUnregisterProvider+0x4ccd:
fffff804`0a2b174d e86ecd0000      call    klflt!ComrUnregisterProvider+0x11a40 (fffff804`0a2be4c0)
rax=ffffa98757c8a250 rbx=ffffa9875a9ca380 rcx=ffffa9875845b800
rdx=ffffa9875b187590 rsi=ffffa9875baa9810 rdi=ffffe20c032f67d0
rip=fffff8040a2b1752 rsp=ffffe20c032f66d0 rbp=ffffe20c032f6730
 r8=ffffa9875b187590  r9=0000000000000000 r10=fffff8040a3196c0
r11=ffffa98756da2e50 r12=ffffa987575b8540 r13=ffffe20c032f6800
r14=0000000000000000 r15=ffffe20c032f6900
iopl=0         nv up ei pl zr na po nc
cs=0010  ss=0018  ds=002b  es=002b  fs=0053  gs=002b             efl=00040246
klflt!ComrUnregisterProvider+0x4cd2:
fffff804`0a2b1752 488bc8          mov     rcx,rax
rax=ffffa98757c8a250 rbx=ffffa9875a9ca380 rcx=ffffa98757c8a250
rdx=ffffa9875b187590 rsi=ffffa9875baa9810 rdi=ffffe20c032f67d0
rip=fffff8040a2b1755 rsp=ffffe20c032f66d0 rbp=ffffe20c032f6730
 r8=ffffa9875b187590  r9=0000000000000000 r10=fffff8040a3196c0
r11=ffffa98756da2e50 r12=ffffa987575b8540 r13=ffffe20c032f6800
r14=0000000000000000 r15=ffffe20c032f6900
iopl=0         nv up ei pl zr na po nc
cs=0010  ss=0018  ds=002b  es=002b  fs=0053  gs=002b             efl=00040246
klflt!ComrUnregisterProvider+0x4cd5:
fffff804`0a2b1755 488945f8        mov     qword ptr [rbp-8],rax ss:0018:ffffe20c`032f6728=ffffa98757c8bc50
rax=ffffa98757c8a250 rbx=ffffa9875a9ca380 rcx=ffffa98757c8a250
rdx=ffffa9875b187590 rsi=ffffa9875baa9810 rdi=ffffe20c032f67d0
rip=fffff8040a2b1759 rsp=ffffe20c032f66d0 rbp=ffffe20c032f6730
 r8=ffffa9875b187590  r9=0000000000000000 r10=fffff8040a3196c0
r11=ffffa98756da2e50 r12=ffffa987575b8540 r13=ffffe20c032f6800
r14=0000000000000000 r15=ffffe20c032f6900
iopl=0         nv up ei pl zr na po nc
cs=0010  ss=0018  ds=002b  es=002b  fs=0053  gs=002b             efl=00040246
klflt!ComrUnregisterProvider+0x4cd9:
fffff804`0a2b1759 488bf0          mov     rsi,rax
rax=ffffa98757c8a250 rbx=ffffa9875a9ca380 rcx=ffffa98757c8a250
rdx=ffffa9875b187590 rsi=ffffa98757c8a250 rdi=ffffe20c032f67d0
rip=fffff8040a2b175c rsp=ffffe20c032f66d0 rbp=ffffe20c032f6730
 r8=ffffa9875b187590  r9=0000000000000000 r10=fffff8040a3196c0
r11=ffffa98756da2e50 r12=ffffa987575b8540 r13=ffffe20c032f6800
r14=0000000000000000 r15=ffffe20c032f6900
iopl=0         nv up ei pl zr na po nc
cs=0010  ss=0018  ds=002b  es=002b  fs=0053  gs=002b             efl=00040246
klflt!ComrUnregisterProvider+0x4cdc:
fffff804`0a2b175c e84f100000      call    klflt!ComrUnregisterProvider+0x5d30 (fffff804`0a2b27b0)
rax=0000000000000005 rbx=ffffa9875b189e80 rcx=ffffa98754363570
rdx=0000000000000000 rsi=ffffa98754363570 rdi=fffff80409d30670
rip=fffff8040a2b1761 rsp=fffff80409d30570 rbp=fffff80409d305d0
 r8=fffff80409d307e0  r9=fffff80409d30670 r10=fffff8040321d8c0
r11=fffff80409d30710 r12=0000000000000000 r13=fffff80409d306a0
r14=0000000000000000 r15=fffff80409d307e0
iopl=0         nv up ei pl zr na po nc
cs=0010  ss=0018  ds=002b  es=002b  fs=0053  gs=002b             efl=00000246
klflt!ComrUnregisterProvider+0x4ce1:
fffff804`0a2b1761 488b4b10        mov     rcx,qword ptr [rbx+10h] ds:002b:ffffa987`5b189e90=ffffa98757a1d4c0
rax=0000000000000005 rbx=ffffa9875b189e80 rcx=ffffa98757a1d4c0
rdx=0000000000000000 rsi=ffffa98754363570 rdi=fffff80409d30670
rip=fffff8040a2b1765 rsp=fffff80409d30570 rbp=fffff80409d305d0
 r8=fffff80409d307e0  r9=fffff80409d30670 r10=fffff8040321d8c0
r11=fffff80409d30710 r12=0000000000000000 r13=fffff80409d306a0
r14=0000000000000000 r15=fffff80409d307e0
iopl=0         nv up ei pl zr na po nc
cs=0010  ss=0018  ds=002b  es=002b  fs=0053  gs=002b             efl=00000246
klflt!ComrUnregisterProvider+0x4ce5:
fffff804`0a2b1765 e826ce0000      call    klflt!ComrUnregisterProvider+0x11b10 (fffff804`0a2be590)
rax=0000000001000000 rbx=ffffa9875b189e80 rcx=ffffa98757a1d4c0
rdx=0000000000000000 rsi=ffffa98754363570 rdi=fffff80409d30670
rip=fffff8040a2b176a rsp=fffff80409d30570 rbp=fffff80409d305d0
 r8=fffff80409d307e0  r9=fffff80409d30670 r10=fffff8040321d8c0
r11=fffff80409d30710 r12=0000000000000000 r13=fffff80409d306a0
r14=0000000000000000 r15=fffff80409d307e0
iopl=0         nv up ei pl zr na po nc
cs=0010  ss=0018  ds=002b  es=002b  fs=0053  gs=002b             efl=00000246
klflt!ComrUnregisterProvider+0x4cea:
fffff804`0a2b176a 8bc8            mov     ecx,eax
rax=0000000001000000 rbx=ffffa9875b189e80 rcx=0000000001000000
rdx=0000000000000000 rsi=ffffa98754363570 rdi=fffff80409d30670
rip=fffff8040a2b176c rsp=fffff80409d30570 rbp=fffff80409d305d0
 r8=fffff80409d307e0  r9=fffff80409d30670 r10=fffff8040321d8c0
r11=fffff80409d30710 r12=0000000000000000 r13=fffff80409d306a0
r14=0000000000000000 r15=fffff80409d307e0
iopl=0         nv up ei pl zr na po nc
cs=0010  ss=0018  ds=002b  es=002b  fs=0053  gs=002b             efl=00000246
klflt!ComrUnregisterProvider+0x4cec:
fffff804`0a2b176c 8945e0          mov     dword ptr [rbp-20h],eax ss:0018:fffff804`09d305b0=00000000
rax=0000000001000000 rbx=ffffa9875b189e80 rcx=0000000001000000
rdx=0000000000000000 rsi=ffffa98754363570 rdi=fffff80409d30670
rip=fffff8040a2b176f rsp=fffff80409d30570 rbp=fffff80409d305d0
 r8=fffff80409d307e0  r9=fffff80409d30670 r10=fffff8040321d8c0
r11=fffff80409d30710 r12=0000000000000000 r13=fffff80409d306a0
r14=0000000000000000 r15=fffff80409d307e0
iopl=0         nv up ei pl zr na po nc
cs=0010  ss=0018  ds=002b  es=002b  fs=0053  gs=002b             efl=00000246
klflt!ComrUnregisterProvider+0x4cef:
fffff804`0a2b176f 8b07            mov     eax,dword ptr [rdi] ds:002b:fffff804`09d30670=00000001
rax=0000000000000001 rbx=ffffa9875b189e80 rcx=0000000001000000
rdx=0000000000000000 rsi=ffffa98754363570 rdi=fffff80409d30670
rip=fffff8040a2b1771 rsp=fffff80409d30570 rbp=fffff80409d305d0
 r8=fffff80409d307e0  r9=fffff80409d30670 r10=fffff8040321d8c0
r11=fffff80409d30710 r12=0000000000000000 r13=fffff80409d306a0
r14=0000000000000000 r15=fffff80409d307e0
iopl=0         nv up ei pl zr na po nc
cs=0010  ss=0018  ds=002b  es=002b  fs=0053  gs=002b             efl=00000246
klflt!ComrUnregisterProvider+0x4cf1:
fffff804`0a2b1771 a803            test    al,3
rax=0000000000000001 rbx=ffffa9875b189e80 rcx=0000000001000000
rdx=0000000000000000 rsi=ffffa98754363570 rdi=fffff80409d30670
rip=fffff8040a2b1773 rsp=fffff80409d30570 rbp=fffff80409d305d0
 r8=fffff80409d307e0  r9=fffff80409d30670 r10=fffff8040321d8c0
r11=fffff80409d30710 r12=0000000000000000 r13=fffff80409d306a0
r14=0000000000000000 r15=fffff80409d307e0
iopl=0         nv up ei pl nz na pe nc
cs=0010  ss=0018  ds=002b  es=002b  fs=0053  gs=002b             efl=00000202
klflt!ComrUnregisterProvider+0x4cf3:
fffff804`0a2b1773 7533            jne     klflt!ComrUnregisterProvider+0x4d28 (fffff804`0a2b17a8) [br=1]
rax=0000000000000001 rbx=ffffa9875b189e80 rcx=0000000001000000
rdx=0000000000000000 rsi=ffffa98754363570 rdi=fffff80409d30670
rip=fffff8040a2b17a8 rsp=fffff80409d30570 rbp=fffff80409d305d0
 r8=fffff80409d307e0  r9=fffff80409d30670 r10=fffff8040321d8c0
r11=fffff80409d30710 r12=0000000000000000 r13=fffff80409d306a0
r14=0000000000000000 r15=fffff80409d307e0
iopl=0         nv up ei pl nz na pe nc
cs=0010  ss=0018  ds=002b  es=002b  fs=0053  gs=002b             efl=00000202
klflt!ComrUnregisterProvider+0x4d28:
fffff804`0a2b17a8 8b45e4          mov     eax,dword ptr [rbp-1Ch] ss:0018:fffff804`09d305b4=00000057
rax=0000000000000057 rbx=ffffa9875b189e80 rcx=0000000001000000
rdx=0000000000000000 rsi=ffffa98754363570 rdi=fffff80409d30670
rip=fffff8040a2b17ab rsp=fffff80409d30570 rbp=fffff80409d305d0
 r8=fffff80409d307e0  r9=fffff80409d30670 r10=fffff8040321d8c0
r11=fffff80409d30710 r12=0000000000000000 r13=fffff80409d306a0
r14=0000000000000000 r15=fffff80409d307e0
iopl=0         nv up ei pl nz na pe nc
cs=0010  ss=0018  ds=002b  es=002b  fs=0053  gs=002b             efl=00000202
klflt!ComrUnregisterProvider+0x4d2b:
fffff804`0a2b17ab 0fbaf110        btr     ecx,10h
rax=0000000000000057 rbx=ffffa9875b189e80 rcx=0000000001000000
rdx=0000000000000000 rsi=ffffa98754363570 rdi=fffff80409d30670
rip=fffff8040a2b17af rsp=fffff80409d30570 rbp=fffff80409d305d0
 r8=fffff80409d307e0  r9=fffff80409d30670 r10=fffff8040321d8c0
r11=fffff80409d30710 r12=0000000000000000 r13=fffff80409d306a0
r14=0000000000000000 r15=fffff80409d307e0
iopl=0         nv up ei pl nz na pe nc
cs=0010  ss=0018  ds=002b  es=002b  fs=0053  gs=002b             efl=00000202
klflt!ComrUnregisterProvider+0x4d2f:
fffff804`0a2b17af c1e80e          shr     eax,0Eh
rax=0000000000000000 rbx=ffffa9875b189e80 rcx=0000000001000000
rdx=0000000000000000 rsi=ffffa98754363570 rdi=fffff80409d30670
rip=fffff8040a2b17b2 rsp=fffff80409d30570 rbp=fffff80409d305d0
 r8=fffff80409d307e0  r9=fffff80409d30670 r10=fffff8040321d8c0
r11=fffff80409d30710 r12=0000000000000000 r13=fffff80409d306a0
r14=0000000000000000 r15=fffff80409d307e0
iopl=0         nv up ei pl zr na po nc
cs=0010  ss=0018  ds=002b  es=002b  fs=0053  gs=002b             efl=00000246
klflt!ComrUnregisterProvider+0x4d32:
fffff804`0a2b17b2 2401            and     al,1
rax=0000000000000000 rbx=ffffa9875b189e80 rcx=0000000001000000
rdx=0000000000000000 rsi=ffffa98754363570 rdi=fffff80409d30670
rip=fffff8040a2b17b4 rsp=fffff80409d30570 rbp=fffff80409d305d0
 r8=fffff80409d307e0  r9=fffff80409d30670 r10=fffff8040321d8c0
r11=fffff80409d30710 r12=0000000000000000 r13=fffff80409d306a0
r14=0000000000000000 r15=fffff80409d307e0
iopl=0         nv up ei pl zr na po nc
cs=0010  ss=0018  ds=002b  es=002b  fs=0053  gs=002b             efl=00000246
klflt!ComrUnregisterProvider+0x4d34:
fffff804`0a2b17b4 894de0          mov     dword ptr [rbp-20h],ecx ss:0018:fffff804`09d305b0=01000000
rax=0000000000000000 rbx=ffffa9875b189e80 rcx=0000000001000000
rdx=0000000000000000 rsi=ffffa98754363570 rdi=fffff80409d30670
rip=fffff8040a2b17b7 rsp=fffff80409d30570 rbp=fffff80409d305d0
 r8=fffff80409d307e0  r9=fffff80409d30670 r10=fffff8040321d8c0
r11=fffff80409d30710 r12=0000000000000000 r13=fffff80409d306a0
r14=0000000000000000 r15=fffff80409d307e0
iopl=0         nv up ei pl zr na po nc
cs=0010  ss=0018  ds=002b  es=002b  fs=0053  gs=002b             efl=00000246
klflt!ComrUnregisterProvider+0x4d37:
fffff804`0a2b17b7 8945e8          mov     dword ptr [rbp-18h],eax ss:0018:fffff804`09d305b8=04000405
rax=0000000000000000 rbx=ffffa9875b189e80 rcx=0000000001000000
rdx=0000000000000000 rsi=ffffa98754363570 rdi=fffff80409d30670
rip=fffff8040a2b17ba rsp=fffff80409d30570 rbp=fffff80409d305d0
 r8=fffff80409d307e0  r9=fffff80409d30670 r10=fffff8040321d8c0
r11=fffff80409d30710 r12=0000000000000000 r13=fffff80409d306a0
r14=0000000000000000 r15=fffff80409d307e0
iopl=0         nv up ei pl zr na po nc
cs=0010  ss=0018  ds=002b  es=002b  fs=0053  gs=002b             efl=00000246
klflt!ComrUnregisterProvider+0x4d3a:
fffff804`0a2b17ba 84c0            test    al,al
rax=0000000000000000 rbx=ffffa9875b189e80 rcx=0000000001000000
rdx=0000000000000000 rsi=ffffa98754363570 rdi=fffff80409d30670
rip=fffff8040a2b17bc rsp=fffff80409d30570 rbp=fffff80409d305d0
 r8=fffff80409d307e0  r9=fffff80409d30670 r10=fffff8040321d8c0
r11=fffff80409d30710 r12=0000000000000000 r13=fffff80409d306a0
r14=0000000000000000 r15=fffff80409d307e0
iopl=0         nv up ei pl zr na po nc
cs=0010  ss=0018  ds=002b  es=002b  fs=0053  gs=002b             efl=00000246
klflt!ComrUnregisterProvider+0x4d3c:
fffff804`0a2b17bc 7558            jne     klflt!ComrUnregisterProvider+0x4d96 (fffff804`0a2b1816) [br=0]
rax=0000000000000000 rbx=ffffa9875b189e80 rcx=0000000001000000
rdx=0000000000000000 rsi=ffffa98754363570 rdi=fffff80409d30670
rip=fffff8040a2b17be rsp=fffff80409d30570 rbp=fffff80409d305d0
 r8=fffff80409d307e0  r9=fffff80409d30670 r10=fffff8040321d8c0
r11=fffff80409d30710 r12=0000000000000000 r13=fffff80409d306a0
r14=0000000000000000 r15=fffff80409d307e0
iopl=0         nv up ei pl zr na po nc
cs=0010  ss=0018  ds=002b  es=002b  fs=0053  gs=002b             efl=00000246
klflt!ComrUnregisterProvider+0x4d3e:
fffff804`0a2b17be f7c124020101    test    ecx,1010224h
rax=0000000000000000 rbx=ffffa9875b189e80 rcx=0000000001000000
rdx=0000000000000000 rsi=ffffa98754363570 rdi=fffff80409d30670
rip=fffff8040a2b17c4 rsp=fffff80409d30570 rbp=fffff80409d305d0
 r8=fffff80409d307e0  r9=fffff80409d30670 r10=fffff8040321d8c0
r11=fffff80409d30710 r12=0000000000000000 r13=fffff80409d306a0
r14=0000000000000000 r15=fffff80409d307e0
iopl=0         nv up ei pl nz na po nc
cs=0010  ss=0018  ds=002b  es=002b  fs=0053  gs=002b             efl=00000206
klflt!ComrUnregisterProvider+0x4d44:
fffff804`0a2b17c4 7420            je      klflt!ComrUnregisterProvider+0x4d66 (fffff804`0a2b17e6) [br=0]
rax=0000000000000000 rbx=ffffa9875b189e80 rcx=0000000001000000
rdx=0000000000000000 rsi=ffffa98754363570 rdi=fffff80409d30670
rip=fffff8040a2b17c6 rsp=fffff80409d30570 rbp=fffff80409d305d0
 r8=fffff80409d307e0  r9=fffff80409d30670 r10=fffff8040321d8c0
r11=fffff80409d30710 r12=0000000000000000 r13=fffff80409d306a0
r14=0000000000000000 r15=fffff80409d307e0
iopl=0         nv up ei pl nz na po nc
cs=0010  ss=0018  ds=002b  es=002b  fs=0053  gs=002b             efl=00000206
klflt!ComrUnregisterProvider+0x4d46:
fffff804`0a2b17c6 498bcf          mov     rcx,r15
rax=0000000000000000 rbx=ffffa9875b189e80 rcx=fffff80409d307e0
rdx=0000000000000000 rsi=ffffa98754363570 rdi=fffff80409d30670
rip=fffff8040a2b17c9 rsp=fffff80409d30570 rbp=fffff80409d305d0
 r8=fffff80409d307e0  r9=fffff80409d30670 r10=fffff8040321d8c0
r11=fffff80409d30710 r12=0000000000000000 r13=fffff80409d306a0
r14=0000000000000000 r15=fffff80409d307e0
iopl=0         nv up ei pl nz na po nc
cs=0010  ss=0018  ds=002b  es=002b  fs=0053  gs=002b             efl=00000206
klflt!ComrUnregisterProvider+0x4d49:
fffff804`0a2b17c9 e8e2d50000      call    klflt!ComrUnregisterProvider+0x12330 (fffff804`0a2bedb0)
rax=fffff80409d307e0 rbx=ffffa9875b189e80 rcx=fffff80409d307e0
rdx=0000000000000000 rsi=ffffa98754363570 rdi=fffff80409d30670
rip=fffff8040a2b17ce rsp=fffff80409d30570 rbp=fffff80409d305d0
 r8=fffff80409d307e0  r9=fffff80409d30670 r10=fffff8040321d8c0
r11=fffff80409d30710 r12=0000000000000000 r13=fffff80409d306a0
r14=0000000000000000 r15=fffff80409d307e0
iopl=0         nv up ei ng nz na po nc
cs=0010  ss=0018  ds=002b  es=002b  fs=0053  gs=002b             efl=00000286
klflt!ComrUnregisterProvider+0x4d4e:
fffff804`0a2b17ce 8b07            mov     eax,dword ptr [rdi] ds:002b:fffff804`09d30670=00000001
rax=0000000000000001 rbx=ffffa9875b189e80 rcx=fffff80409d307e0
rdx=0000000000000000 rsi=ffffa98754363570 rdi=fffff80409d30670
rip=fffff8040a2b17d0 rsp=fffff80409d30570 rbp=fffff80409d305d0
 r8=fffff80409d307e0  r9=fffff80409d30670 r10=fffff8040321d8c0
r11=fffff80409d30710 r12=0000000000000000 r13=fffff80409d306a0
r14=0000000000000000 r15=fffff80409d307e0
iopl=0         nv up ei ng nz na po nc
cs=0010  ss=0018  ds=002b  es=002b  fs=0053  gs=002b             efl=00000286
klflt!ComrUnregisterProvider+0x4d50:
fffff804`0a2b17d0 a810            test    al,10h
rax=0000000000000001 rbx=ffffa9875b189e80 rcx=fffff80409d307e0
rdx=0000000000000000 rsi=ffffa98754363570 rdi=fffff80409d30670
rip=fffff8040a2b17d2 rsp=fffff80409d30570 rbp=fffff80409d305d0
 r8=fffff80409d307e0  r9=fffff80409d30670 r10=fffff8040321d8c0
r11=fffff80409d30710 r12=0000000000000000 r13=fffff80409d306a0
r14=0000000000000000 r15=fffff80409d307e0
iopl=0         nv up ei pl zr na po nc
cs=0010  ss=0018  ds=002b  es=002b  fs=0053  gs=002b             efl=00000246
klflt!ComrUnregisterProvider+0x4d52:
fffff804`0a2b17d2 7542            jne     klflt!ComrUnregisterProvider+0x4d96 (fffff804`0a2b1816) [br=0]
rax=0000000000000001 rbx=ffffa9875b189e80 rcx=fffff80409d307e0
rdx=0000000000000000 rsi=ffffa98754363570 rdi=fffff80409d30670
rip=fffff8040a2b17d4 rsp=fffff80409d30570 rbp=fffff80409d305d0
 r8=fffff80409d307e0  r9=fffff80409d30670 r10=fffff8040321d8c0
r11=fffff80409d30710 r12=0000000000000000 r13=fffff80409d306a0
r14=0000000000000000 r15=fffff80409d307e0
iopl=0         nv up ei pl zr na po nc
cs=0010  ss=0018  ds=002b  es=002b  fs=0053  gs=002b             efl=00000246
klflt!ComrUnregisterProvider+0x4d54:
fffff804`0a2b17d4 448b45e0        mov     r8d,dword ptr [rbp-20h] ss:0018:fffff804`09d305b0=01000000
rax=0000000000000001 rbx=ffffa9875b189e80 rcx=fffff80409d307e0
rdx=0000000000000000 rsi=ffffa98754363570 rdi=fffff80409d30670
rip=fffff8040a2b17d8 rsp=fffff80409d30570 rbp=fffff80409d305d0
 r8=0000000001000000  r9=fffff80409d30670 r10=fffff8040321d8c0
r11=fffff80409d30710 r12=0000000000000000 r13=fffff80409d306a0
r14=0000000000000000 r15=fffff80409d307e0
iopl=0         nv up ei pl zr na po nc
cs=0010  ss=0018  ds=002b  es=002b  fs=0053  gs=002b             efl=00000246
klflt!ComrUnregisterProvider+0x4d58:
fffff804`0a2b17d8 488bcf          mov     rcx,rdi
rax=0000000000000001 rbx=ffffa9875b189e80 rcx=fffff80409d30670
rdx=0000000000000000 rsi=ffffa98754363570 rdi=fffff80409d30670
rip=fffff8040a2b17db rsp=fffff80409d30570 rbp=fffff80409d305d0
 r8=0000000001000000  r9=fffff80409d30670 r10=fffff8040321d8c0
r11=fffff80409d30710 r12=0000000000000000 r13=fffff80409d306a0
r14=0000000000000000 r15=fffff80409d307e0
iopl=0         nv up ei pl zr na po nc
cs=0010  ss=0018  ds=002b  es=002b  fs=0053  gs=002b             efl=00000246
klflt!ComrUnregisterProvider+0x4d5b:
fffff804`0a2b17db 488b5310        mov     rdx,qword ptr [rbx+10h] ds:002b:ffffa987`5b189e90=ffffa98757a1d4c0
rax=0000000000000001 rbx=ffffa9875b189e80 rcx=fffff80409d30670
rdx=ffffa98757a1d4c0 rsi=ffffa98754363570 rdi=fffff80409d30670
rip=fffff8040a2b17df rsp=fffff80409d30570 rbp=fffff80409d305d0
 r8=0000000001000000  r9=fffff80409d30670 r10=fffff8040321d8c0
r11=fffff80409d30710 r12=0000000000000000 r13=fffff80409d306a0
r14=0000000000000000 r15=fffff80409d307e0
iopl=0         nv up ei pl zr na po nc
cs=0010  ss=0018  ds=002b  es=002b  fs=0053  gs=002b             efl=00000246
klflt!ComrUnregisterProvider+0x4d5f:
fffff804`0a2b17df e894ebffff      call    klflt!ComrUnregisterProvider+0x38f8 (fffff804`0a2b0378)
rax=0000000000000003 rbx=ffffa9875b189e80 rcx=ffffa98757a1d4c0
rdx=ffffa98757a1d4c0 rsi=ffffa98754363570 rdi=fffff80409d30670
rip=fffff8040a2b17e4 rsp=fffff80409d30570 rbp=fffff80409d305d0
 r8=0000000001000000  r9=fffff80409d30670 r10=fffff8040321d8c0
r11=fffff80409d30710 r12=0000000000000000 r13=fffff80409d306a0
r14=0000000000000000 r15=fffff80409d307e0
iopl=0         nv up ei ng nz na po nc
cs=0010  ss=0018  ds=002b  es=002b  fs=0053  gs=002b             efl=00000286
klflt!ComrUnregisterProvider+0x4d64:
fffff804`0a2b17e4 eb30            jmp     klflt!ComrUnregisterProvider+0x4d96 (fffff804`0a2b1816)
rax=0000000000000003 rbx=ffffa9875b189e80 rcx=ffffa98757a1d4c0
rdx=ffffa98757a1d4c0 rsi=ffffa98754363570 rdi=fffff80409d30670
rip=fffff8040a2b1816 rsp=fffff80409d30570 rbp=fffff80409d305d0
 r8=0000000001000000  r9=fffff80409d30670 r10=fffff8040321d8c0
r11=fffff80409d30710 r12=0000000000000000 r13=fffff80409d306a0
r14=0000000000000000 r15=fffff80409d307e0
iopl=0         nv up ei ng nz na po nc
cs=0010  ss=0018  ds=002b  es=002b  fs=0053  gs=002b             efl=00000286
klflt!ComrUnregisterProvider+0x4d96:
fffff804`0a2b1816 f745e420400000  test    dword ptr [rbp-1Ch],4020h ss:0018:fffff804`09d305b4=00000057
rax=0000000000000003 rbx=ffffa9875b189e80 rcx=ffffa98757a1d4c0
rdx=ffffa98757a1d4c0 rsi=ffffa98754363570 rdi=fffff80409d30670
rip=fffff8040a2b181d rsp=fffff80409d30570 rbp=fffff80409d305d0
 r8=0000000001000000  r9=fffff80409d30670 r10=fffff8040321d8c0
r11=fffff80409d30710 r12=0000000000000000 r13=fffff80409d306a0
r14=0000000000000000 r15=fffff80409d307e0
iopl=0         nv up ei pl zr na po nc
cs=0010  ss=0018  ds=002b  es=002b  fs=0053  gs=002b             efl=00000246
klflt!ComrUnregisterProvider+0x4d9d:
fffff804`0a2b181d 0f8497010000    je      klflt!ComrUnregisterProvider+0x4f3a (fffff804`0a2b19ba) [br=1]
rax=0000000000000003 rbx=ffffa9875b189e80 rcx=ffffa98757a1d4c0
rdx=ffffa98757a1d4c0 rsi=ffffa98754363570 rdi=fffff80409d30670
rip=fffff8040a2b19ba rsp=fffff80409d30570 rbp=fffff80409d305d0
 r8=0000000001000000  r9=fffff80409d30670 r10=fffff8040321d8c0
r11=fffff80409d30710 r12=0000000000000000 r13=fffff80409d306a0
r14=0000000000000000 r15=fffff80409d307e0
iopl=0         nv up ei pl zr na po nc
cs=0010  ss=0018  ds=002b  es=002b  fs=0053  gs=002b             efl=00000246
klflt!ComrUnregisterProvider+0x4f3a:
fffff804`0a2b19ba 488bcb          mov     rcx,rbx
rax=0000000000000003 rbx=ffffa9875b189e80 rcx=ffffa9875b189e80
rdx=ffffa98757a1d4c0 rsi=ffffa98754363570 rdi=fffff80409d30670
rip=fffff8040a2b19bd rsp=fffff80409d30570 rbp=fffff80409d305d0
 r8=0000000001000000  r9=fffff80409d30670 r10=fffff8040321d8c0
r11=fffff80409d30710 r12=0000000000000000 r13=fffff80409d306a0
r14=0000000000000000 r15=fffff80409d307e0
iopl=0         nv up ei pl zr na po nc
cs=0010  ss=0018  ds=002b  es=002b  fs=0053  gs=002b             efl=00000246
klflt!ComrUnregisterProvider+0x4f3d:
fffff804`0a2b19bd e8aed80000      call    klflt!ComrUnregisterProvider+0x127f0 (fffff804`0a2bf270)
rax=ffffa9875b1a2d40 rbx=ffffa9875b189e80 rcx=ffffa9875b189e80
rdx=ffffa9875b1a2d40 rsi=ffffa98754363570 rdi=fffff80409d30670
rip=fffff8040a2b19c2 rsp=fffff80409d30570 rbp=fffff80409d305d0
 r8=ffffa9875b1a2d40  r9=fffff80409d30670 r10=fffff8040a3196c0
r11=ffffa9875b189e80 r12=0000000000000000 r13=fffff80409d306a0
r14=0000000000000000 r15=fffff80409d307e0
iopl=0         nv up ei pl zr na pe nc
cs=0010  ss=0018  ds=002b  es=002b  fs=0053  gs=002b             efl=00000242
klflt!ComrUnregisterProvider+0x4f42:
fffff804`0a2b19c2 498b1f          mov     rbx,qword ptr [r15] ds:002b:fffff804`09d307e0=fffff80409d307e0
rax=ffffa9875b1a2d40 rbx=fffff80409d307e0 rcx=ffffa9875b189e80
rdx=ffffa9875b1a2d40 rsi=ffffa98754363570 rdi=fffff80409d30670
rip=fffff8040a2b19c5 rsp=fffff80409d30570 rbp=fffff80409d305d0
 r8=ffffa9875b1a2d40  r9=fffff80409d30670 r10=fffff8040a3196c0
r11=ffffa9875b189e80 r12=0000000000000000 r13=fffff80409d306a0
r14=0000000000000000 r15=fffff80409d307e0
iopl=0         nv up ei pl zr na pe nc
cs=0010  ss=0018  ds=002b  es=002b  fs=0053  gs=002b             efl=00000242
klflt!ComrUnregisterProvider+0x4f45:
fffff804`0a2b19c5 493bdf          cmp     rbx,r15
rax=ffffa9875b1a2d40 rbx=fffff80409d307e0 rcx=ffffa9875b189e80
rdx=ffffa9875b1a2d40 rsi=ffffa98754363570 rdi=fffff80409d30670
rip=fffff8040a2b19c8 rsp=fffff80409d30570 rbp=fffff80409d305d0
 r8=ffffa9875b1a2d40  r9=fffff80409d30670 r10=fffff8040a3196c0
r11=ffffa9875b189e80 r12=0000000000000000 r13=fffff80409d306a0
r14=0000000000000000 r15=fffff80409d307e0
iopl=0         nv up ei pl zr na po nc
cs=0010  ss=0018  ds=002b  es=002b  fs=0053  gs=002b             efl=00000246
klflt!ComrUnregisterProvider+0x4f48:
fffff804`0a2b19c8 e942fdffff      jmp     klflt!ComrUnregisterProvider+0x4c8f (fffff804`0a2b170f)
rax=ffffa9875b1a2d40 rbx=fffff80409d307e0 rcx=ffffa9875b189e80
rdx=ffffa9875b1a2d40 rsi=ffffa98754363570 rdi=fffff80409d30670
rip=fffff8040a2b170f rsp=fffff80409d30570 rbp=fffff80409d305d0
 r8=ffffa9875b1a2d40  r9=fffff80409d30670 r10=fffff8040a3196c0
r11=ffffa9875b189e80 r12=0000000000000000 r13=fffff80409d306a0
r14=0000000000000000 r15=fffff80409d307e0
iopl=0         nv up ei pl zr na po nc
cs=0010  ss=0018  ds=002b  es=002b  fs=0053  gs=002b             efl=00000246
klflt!ComrUnregisterProvider+0x4c8f:
fffff804`0a2b170f 0f84d2020000    je      klflt!ComrUnregisterProvider+0x4f67 (fffff804`0a2b19e7) [br=1]
rax=ffffa9875b1a2d40 rbx=fffff80409d307e0 rcx=ffffa9875b189e80
rdx=ffffa9875b1a2d40 rsi=ffffa98754363570 rdi=fffff80409d30670
rip=fffff8040a2b19e7 rsp=fffff80409d30570 rbp=fffff80409d305d0
 r8=ffffa9875b1a2d40  r9=fffff80409d30670 r10=fffff8040a3196c0
r11=ffffa9875b189e80 r12=0000000000000000 r13=fffff80409d306a0
r14=0000000000000000 r15=fffff80409d307e0
iopl=0         nv up ei pl zr na po nc
cs=0010  ss=0018  ds=002b  es=002b  fs=0053  gs=002b             efl=00000246
klflt!ComrUnregisterProvider+0x4f67:
fffff804`0a2b19e7 4d396d00        cmp     qword ptr [r13],r13 ds:002b:fffff804`09d306a0=fffff80409d306a0
rax=ffffa9875b1a2d40 rbx=fffff80409d307e0 rcx=ffffa9875b189e80
rdx=ffffa9875b1a2d40 rsi=ffffa98754363570 rdi=fffff80409d30670
rip=fffff8040a2b19eb rsp=fffff80409d30570 rbp=fffff80409d305d0
 r8=ffffa9875b1a2d40  r9=fffff80409d30670 r10=fffff8040a3196c0
r11=ffffa9875b189e80 r12=0000000000000000 r13=fffff80409d306a0
r14=0000000000000000 r15=fffff80409d307e0
iopl=0         nv up ei pl zr na po nc
cs=0010  ss=0018  ds=002b  es=002b  fs=0053  gs=002b             efl=00000246
klflt!ComrUnregisterProvider+0x4f6b:
fffff804`0a2b19eb 7510            jne     klflt!ComrUnregisterProvider+0x4f7d (fffff804`0a2b19fd) [br=0]
rax=ffffa9875b1a2d40 rbx=fffff80409d307e0 rcx=ffffa9875b189e80
rdx=ffffa9875b1a2d40 rsi=ffffa98754363570 rdi=fffff80409d30670
rip=fffff8040a2b19ed rsp=fffff80409d30570 rbp=fffff80409d305d0
 r8=ffffa9875b1a2d40  r9=fffff80409d30670 r10=fffff8040a3196c0
r11=ffffa9875b189e80 r12=0000000000000000 r13=fffff80409d306a0
r14=0000000000000000 r15=fffff80409d307e0
iopl=0         nv up ei pl zr na po nc
cs=0010  ss=0018  ds=002b  es=002b  fs=0053  gs=002b             efl=00000246
klflt!ComrUnregisterProvider+0x4f6d:
fffff804`0a2b19ed 4d85e4          test    r12,r12
rax=ffffa9875b1a2d40 rbx=fffff80409d307e0 rcx=ffffa9875b189e80
rdx=ffffa9875b1a2d40 rsi=ffffa98754363570 rdi=fffff80409d30670
rip=fffff8040a2b19f0 rsp=fffff80409d30570 rbp=fffff80409d305d0
 r8=ffffa9875b1a2d40  r9=fffff80409d30670 r10=fffff8040a3196c0
r11=ffffa9875b189e80 r12=0000000000000000 r13=fffff80409d306a0
r14=0000000000000000 r15=fffff80409d307e0
iopl=0         nv up ei pl zr na po nc
cs=0010  ss=0018  ds=002b  es=002b  fs=0053  gs=002b             efl=00000246
klflt!ComrUnregisterProvider+0x4f70:
fffff804`0a2b19f0 740b            je      klflt!ComrUnregisterProvider+0x4f7d (fffff804`0a2b19fd) [br=1]
rax=ffffa9875b1a2d40 rbx=fffff80409d307e0 rcx=ffffa9875b189e80
rdx=ffffa9875b1a2d40 rsi=ffffa98754363570 rdi=fffff80409d30670
rip=fffff8040a2b19fd rsp=fffff80409d30570 rbp=fffff80409d305d0
 r8=ffffa9875b1a2d40  r9=fffff80409d30670 r10=fffff8040a3196c0
r11=ffffa9875b189e80 r12=0000000000000000 r13=fffff80409d306a0
r14=0000000000000000 r15=fffff80409d307e0
iopl=0         nv up ei pl zr na po nc
cs=0010  ss=0018  ds=002b  es=002b  fs=0053  gs=002b             efl=00000246
klflt!ComrUnregisterProvider+0x4f7d:
fffff804`0a2b19fd 488b4568        mov     rax,qword ptr [rbp+68h] ss:0018:fffff804`09d30638=fffff80409d30658
rax=fffff80409d30658 rbx=fffff80409d307e0 rcx=ffffa9875b189e80
rdx=ffffa9875b1a2d40 rsi=ffffa98754363570 rdi=fffff80409d30670
rip=fffff8040a2b1a01 rsp=fffff80409d30570 rbp=fffff80409d305d0
 r8=ffffa9875b1a2d40  r9=fffff80409d30670 r10=fffff8040a3196c0
r11=ffffa9875b189e80 r12=0000000000000000 r13=fffff80409d306a0
r14=0000000000000000 r15=fffff80409d307e0
iopl=0         nv up ei pl zr na po nc
cs=0010  ss=0018  ds=002b  es=002b  fs=0053  gs=002b             efl=00000246
klflt!ComrUnregisterProvider+0x4f81:
fffff804`0a2b1a01 488b9c24b8000000 mov     rbx,qword ptr [rsp+0B8h] ss:0018:fffff804`09d30628=0000000000000000
rax=fffff80409d30658 rbx=0000000000000000 rcx=ffffa9875b189e80
rdx=ffffa9875b1a2d40 rsi=ffffa98754363570 rdi=fffff80409d30670
rip=fffff8040a2b1a09 rsp=fffff80409d30570 rbp=fffff80409d305d0
 r8=ffffa9875b1a2d40  r9=fffff80409d30670 r10=fffff8040a3196c0
r11=ffffa9875b189e80 r12=0000000000000000 r13=fffff80409d306a0
r14=0000000000000000 r15=fffff80409d307e0
iopl=0         nv up ei pl zr na po nc
cs=0010  ss=0018  ds=002b  es=002b  fs=0053  gs=002b             efl=00000246
klflt!ComrUnregisterProvider+0x4f89:
fffff804`0a2b1a09 4c8920          mov     qword ptr [rax],r12 ds:002b:fffff804`09d30658=0000000000000000
rax=fffff80409d30658 rbx=0000000000000000 rcx=ffffa9875b189e80
rdx=ffffa9875b1a2d40 rsi=ffffa98754363570 rdi=fffff80409d30670
rip=fffff8040a2b1a0c rsp=fffff80409d30570 rbp=fffff80409d305d0
 r8=ffffa9875b1a2d40  r9=fffff80409d30670 r10=fffff8040a3196c0
r11=ffffa9875b189e80 r12=0000000000000000 r13=fffff80409d306a0
r14=0000000000000000 r15=fffff80409d307e0
iopl=0         nv up ei pl zr na po nc
cs=0010  ss=0018  ds=002b  es=002b  fs=0053  gs=002b             efl=00000246
klflt!ComrUnregisterProvider+0x4f8c:
fffff804`0a2b1a0c 4883c460        add     rsp,60h
rax=fffff80409d30658 rbx=0000000000000000 rcx=ffffa9875b189e80
rdx=ffffa9875b1a2d40 rsi=ffffa98754363570 rdi=fffff80409d30670
rip=fffff8040a2b1a10 rsp=fffff80409d305d0 rbp=fffff80409d305d0
 r8=ffffa9875b1a2d40  r9=fffff80409d30670 r10=fffff8040a3196c0
r11=ffffa9875b189e80 r12=0000000000000000 r13=fffff80409d306a0
r14=0000000000000000 r15=fffff80409d307e0
iopl=0         nv up ei ng nz na pe nc
cs=0010  ss=0018  ds=002b  es=002b  fs=0053  gs=002b             efl=00000282
klflt!ComrUnregisterProvider+0x4f90:
fffff804`0a2b1a10 415f            pop     r15
rax=fffff80409d30658 rbx=0000000000000000 rcx=ffffa9875b189e80
rdx=ffffa9875b1a2d40 rsi=ffffa98754363570 rdi=fffff80409d30670
rip=fffff8040a2b1a12 rsp=fffff80409d305d8 rbp=fffff80409d305d0
 r8=ffffa9875b1a2d40  r9=fffff80409d30670 r10=fffff8040a3196c0
r11=ffffa9875b189e80 r12=0000000000000000 r13=fffff80409d306a0
r14=0000000000000000 r15=fffff80409d307e0
iopl=0         nv up ei ng nz na pe nc
cs=0010  ss=0018  ds=002b  es=002b  fs=0053  gs=002b             efl=00000282
klflt!ComrUnregisterProvider+0x4f92:
fffff804`0a2b1a12 415e            pop     r14
rax=fffff80409d30658 rbx=0000000000000000 rcx=ffffa9875b189e80
rdx=ffffa9875b1a2d40 rsi=ffffa98754363570 rdi=fffff80409d30670
rip=fffff8040a2b1a14 rsp=fffff80409d305e0 rbp=fffff80409d305d0
 r8=ffffa9875b1a2d40  r9=fffff80409d30670 r10=fffff8040a3196c0
r11=ffffa9875b189e80 r12=0000000000000000 r13=fffff80409d306a0
r14=ffffa98754d150b8 r15=fffff80409d307e0
iopl=0         nv up ei ng nz na pe nc
cs=0010  ss=0018  ds=002b  es=002b  fs=0053  gs=002b             efl=00000282
klflt!ComrUnregisterProvider+0x4f94:
fffff804`0a2b1a14 415d            pop     r13
rax=fffff80409d30658 rbx=0000000000000000 rcx=ffffa9875b189e80
rdx=ffffa9875b1a2d40 rsi=ffffa98754363570 rdi=fffff80409d30670
rip=fffff8040a2b1a16 rsp=fffff80409d305e8 rbp=fffff80409d305d0
 r8=ffffa9875b1a2d40  r9=fffff80409d30670 r10=fffff8040a3196c0
r11=ffffa9875b189e80 r12=0000000000000000 r13=0000000000000000
r14=ffffa98754d150b8 r15=fffff80409d307e0
iopl=0         nv up ei ng nz na pe nc
cs=0010  ss=0018  ds=002b  es=002b  fs=0053  gs=002b             efl=00000282
klflt!ComrUnregisterProvider+0x4f96:
fffff804`0a2b1a16 415c            pop     r12
rax=fffff80409d30658 rbx=0000000000000000 rcx=ffffa9875b189e80
rdx=ffffa9875b1a2d40 rsi=ffffa98754363570 rdi=fffff80409d30670
rip=fffff8040a2b1a18 rsp=fffff80409d305f0 rbp=fffff80409d305d0
 r8=ffffa9875b1a2d40  r9=fffff80409d30670 r10=fffff8040a3196c0
r11=ffffa9875b189e80 r12=fffff8040a2f23e0 r13=0000000000000000
r14=ffffa98754d150b8 r15=fffff80409d307e0
iopl=0         nv up ei ng nz na pe nc
cs=0010  ss=0018  ds=002b  es=002b  fs=0053  gs=002b             efl=00000282
klflt!ComrUnregisterProvider+0x4f98:
fffff804`0a2b1a18 5f              pop     rdi
rax=fffff80409d30658 rbx=0000000000000000 rcx=ffffa9875b189e80
rdx=ffffa9875b1a2d40 rsi=ffffa98754363570 rdi=0000000000000000
rip=fffff8040a2b1a19 rsp=fffff80409d305f8 rbp=fffff80409d305d0
 r8=ffffa9875b1a2d40  r9=fffff80409d30670 r10=fffff8040a3196c0
r11=ffffa9875b189e80 r12=fffff8040a2f23e0 r13=0000000000000000
r14=ffffa98754d150b8 r15=fffff80409d307e0
iopl=0         nv up ei ng nz na pe nc
cs=0010  ss=0018  ds=002b  es=002b  fs=0053  gs=002b             efl=00000282
klflt!ComrUnregisterProvider+0x4f99:
fffff804`0a2b1a19 5e              pop     rsi
rax=fffff80409d30658 rbx=0000000000000000 rcx=ffffa9875b189e80
rdx=ffffa9875b1a2d40 rsi=0000000000000000 rdi=0000000000000000
rip=fffff8040a2b1a1a rsp=fffff80409d30600 rbp=fffff80409d305d0
 r8=ffffa9875b1a2d40  r9=fffff80409d30670 r10=fffff8040a3196c0
r11=ffffa9875b189e80 r12=fffff8040a2f23e0 r13=0000000000000000
r14=ffffa98754d150b8 r15=fffff80409d307e0
iopl=0         nv up ei ng nz na pe nc
cs=0010  ss=0018  ds=002b  es=002b  fs=0053  gs=002b             efl=00000282
klflt!ComrUnregisterProvider+0x4f9a:
fffff804`0a2b1a1a 5d              pop     rbp
rax=fffff80409d30658 rbx=0000000000000000 rcx=ffffa9875b189e80
rdx=ffffa9875b1a2d40 rsi=0000000000000000 rdi=0000000000000000
rip=fffff8040a2b1a1b rsp=fffff80409d30608 rbp=fffff80409d30710
 r8=ffffa9875b1a2d40  r9=fffff80409d30670 r10=fffff8040a3196c0
r11=ffffa9875b189e80 r12=fffff8040a2f23e0 r13=0000000000000000
r14=ffffa98754d150b8 r15=fffff80409d307e0
iopl=0         nv up ei ng nz na pe nc
cs=0010  ss=0018  ds=002b  es=002b  fs=0053  gs=002b             efl=00000282
klflt!ComrUnregisterProvider+0x4f9b:
fffff804`0a2b1a1b c3              ret
rax=fffff80409d30658 rbx=0000000000000000 rcx=ffffa9875b189e80
rdx=ffffa9875b1a2d40 rsi=0000000000000000 rdi=0000000000000000
rip=fffff8040a2b137e rsp=fffff80409d30610 rbp=fffff80409d30710
 r8=ffffa9875b1a2d40  r9=fffff80409d30670 r10=fffff8040a3196c0
r11=ffffa9875b189e80 r12=fffff8040a2f23e0 r13=0000000000000000
r14=ffffa98754d150b8 r15=fffff80409d307e0
iopl=0         nv up ei ng nz na pe nc
cs=0010  ss=0018  ds=002b  es=002b  fs=0053  gs=002b             efl=00000282
klflt!ComrUnregisterProvider+0x48fe:
fffff804`0a2b137e 4c8b6c2448      mov     r13,qword ptr [rsp+48h] ss:0018:fffff804`09d30658=0000000000000000
