kd> pa @$ra
rax=ffffe20c01bcc858 rbx=0000000000000310 rcx=ffffa9875845b800
rdx=0000000000000000 rsi=ffffa9875845b878 rdi=0000000000000000
rip=fffff8040a2bc077 rsp=ffffe20c01bcc858 rbp=ffffe20c01bcc929
 r8=ffffd08f73fe523c  r9=0000000000000000 r10=fffff8040321d8c0
r11=ffffe20c01bcc7f0 r12=ffffe20c01bcc900 r13=ffffd08f73fe523c
r14=ffffd08f73fe523c r15=fffff8040a305e98
iopl=0         nv up ei pl zr na po nc
cs=0010  ss=0018  ds=002b  es=002b  fs=0053  gs=002b             efl=00040246
klflt!ComrUnregisterProvider+0xf5f7:
fffff804`0a2bc077 48895808        mov     qword ptr [rax+8],rbx ds:002b:ffffe20c`01bcc860=0000000000000310
rax=ffffe20c01bcc858 rbx=0000000000000310 rcx=ffffa9875845b800
rdx=0000000000000000 rsi=ffffa9875845b878 rdi=0000000000000000
rip=fffff8040a2bc07b rsp=ffffe20c01bcc858 rbp=ffffe20c01bcc929
 r8=ffffd08f73fe523c  r9=0000000000000000 r10=fffff8040321d8c0
r11=ffffe20c01bcc7f0 r12=ffffe20c01bcc900 r13=ffffd08f73fe523c
r14=ffffd08f73fe523c r15=fffff8040a305e98
iopl=0         nv up ei pl zr na po nc
cs=0010  ss=0018  ds=002b  es=002b  fs=0053  gs=002b             efl=00040246
klflt!ComrUnregisterProvider+0xf5fb:
fffff804`0a2bc07b 48896810        mov     qword ptr [rax+10h],rbp ds:002b:ffffe20c`01bcc868=ffffe20c01bcc929
rax=ffffe20c01bcc858 rbx=0000000000000310 rcx=ffffa9875845b800
rdx=0000000000000000 rsi=ffffa9875845b878 rdi=0000000000000000
rip=fffff8040a2bc07f rsp=ffffe20c01bcc858 rbp=ffffe20c01bcc929
 r8=ffffd08f73fe523c  r9=0000000000000000 r10=fffff8040321d8c0
r11=ffffe20c01bcc7f0 r12=ffffe20c01bcc900 r13=ffffd08f73fe523c
r14=ffffd08f73fe523c r15=fffff8040a305e98
iopl=0         nv up ei pl zr na po nc
cs=0010  ss=0018  ds=002b  es=002b  fs=0053  gs=002b             efl=00040246
klflt!ComrUnregisterProvider+0xf5ff:
fffff804`0a2bc07f 48897018        mov     qword ptr [rax+18h],rsi ds:002b:ffffe20c`01bcc870=ffffa9875845c4a8
rax=ffffe20c01bcc858 rbx=0000000000000310 rcx=ffffa9875845b800
rdx=0000000000000000 rsi=ffffa9875845b878 rdi=0000000000000000
rip=fffff8040a2bc083 rsp=ffffe20c01bcc858 rbp=ffffe20c01bcc929
 r8=ffffd08f73fe523c  r9=0000000000000000 r10=fffff8040321d8c0
r11=ffffe20c01bcc7f0 r12=ffffe20c01bcc900 r13=ffffd08f73fe523c
r14=ffffd08f73fe523c r15=fffff8040a305e98
iopl=0         nv up ei pl zr na po nc
cs=0010  ss=0018  ds=002b  es=002b  fs=0053  gs=002b             efl=00040246
klflt!ComrUnregisterProvider+0xf603:
fffff804`0a2bc083 48897820        mov     qword ptr [rax+20h],rdi ds:002b:ffffe20c`01bcc878=0000000000000000
rax=ffffe20c01bcc858 rbx=0000000000000310 rcx=ffffa9875845b800
rdx=0000000000000000 rsi=ffffa9875845b878 rdi=0000000000000000
rip=fffff8040a2bc087 rsp=ffffe20c01bcc858 rbp=ffffe20c01bcc929
 r8=ffffd08f73fe523c  r9=0000000000000000 r10=fffff8040321d8c0
r11=ffffe20c01bcc7f0 r12=ffffe20c01bcc900 r13=ffffd08f73fe523c
r14=ffffd08f73fe523c r15=fffff8040a305e98
iopl=0         nv up ei pl zr na po nc
cs=0010  ss=0018  ds=002b  es=002b  fs=0053  gs=002b             efl=00040246
klflt!ComrUnregisterProvider+0xf607:
fffff804`0a2bc087 4154            push    r12
rax=ffffe20c01bcc858 rbx=0000000000000310 rcx=ffffa9875845b800
rdx=0000000000000000 rsi=ffffa9875845b878 rdi=0000000000000000
rip=fffff8040a2bc089 rsp=ffffe20c01bcc850 rbp=ffffe20c01bcc929
 r8=ffffd08f73fe523c  r9=0000000000000000 r10=fffff8040321d8c0
r11=ffffe20c01bcc7f0 r12=ffffe20c01bcc900 r13=ffffd08f73fe523c
r14=ffffd08f73fe523c r15=fffff8040a305e98
iopl=0         nv up ei pl zr na po nc
cs=0010  ss=0018  ds=002b  es=002b  fs=0053  gs=002b             efl=00040246
klflt!ComrUnregisterProvider+0xf609:
fffff804`0a2bc089 4156            push    r14
rax=ffffe20c01bcc858 rbx=0000000000000310 rcx=ffffa9875845b800
rdx=0000000000000000 rsi=ffffa9875845b878 rdi=0000000000000000
rip=fffff8040a2bc08b rsp=ffffe20c01bcc848 rbp=ffffe20c01bcc929
 r8=ffffd08f73fe523c  r9=0000000000000000 r10=fffff8040321d8c0
r11=ffffe20c01bcc7f0 r12=ffffe20c01bcc900 r13=ffffd08f73fe523c
r14=ffffd08f73fe523c r15=fffff8040a305e98
iopl=0         nv up ei pl zr na po nc
cs=0010  ss=0018  ds=002b  es=002b  fs=0053  gs=002b             efl=00040246
klflt!ComrUnregisterProvider+0xf60b:
fffff804`0a2bc08b 4157            push    r15
rax=ffffe20c01bcc858 rbx=0000000000000310 rcx=ffffa9875845b800
rdx=0000000000000000 rsi=ffffa9875845b878 rdi=0000000000000000
rip=fffff8040a2bc08d rsp=ffffe20c01bcc840 rbp=ffffe20c01bcc929
 r8=ffffd08f73fe523c  r9=0000000000000000 r10=fffff8040321d8c0
r11=ffffe20c01bcc7f0 r12=ffffe20c01bcc900 r13=ffffd08f73fe523c
r14=ffffd08f73fe523c r15=fffff8040a305e98
iopl=0         nv up ei pl zr na po nc
cs=0010  ss=0018  ds=002b  es=002b  fs=0053  gs=002b             efl=00040246
klflt!ComrUnregisterProvider+0xf60d:
fffff804`0a2bc08d 4883ec30        sub     rsp,30h
rax=ffffe20c01bcc858 rbx=0000000000000310 rcx=ffffa9875845b800
rdx=0000000000000000 rsi=ffffa9875845b878 rdi=0000000000000000
rip=fffff8040a2bc091 rsp=ffffe20c01bcc810 rbp=ffffe20c01bcc929
 r8=ffffd08f73fe523c  r9=0000000000000000 r10=fffff8040321d8c0
r11=ffffe20c01bcc7f0 r12=ffffe20c01bcc900 r13=ffffd08f73fe523c
r14=ffffd08f73fe523c r15=fffff8040a305e98
iopl=0         nv up ei ng nz na pe nc
cs=0010  ss=0018  ds=002b  es=002b  fs=0053  gs=002b             efl=00040282
klflt!ComrUnregisterProvider+0xf611:
fffff804`0a2bc091 418af9          mov     dil,r9b
rax=ffffe20c01bcc858 rbx=0000000000000310 rcx=ffffa9875845b800
rdx=0000000000000000 rsi=ffffa9875845b878 rdi=0000000000000000
rip=fffff8040a2bc094 rsp=ffffe20c01bcc810 rbp=ffffe20c01bcc929
 r8=ffffd08f73fe523c  r9=0000000000000000 r10=fffff8040321d8c0
r11=ffffe20c01bcc7f0 r12=ffffe20c01bcc900 r13=ffffd08f73fe523c
r14=ffffd08f73fe523c r15=fffff8040a305e98
iopl=0         nv up ei ng nz na pe nc
cs=0010  ss=0018  ds=002b  es=002b  fs=0053  gs=002b             efl=00040282
klflt!ComrUnregisterProvider+0xf614:
fffff804`0a2bc094 4d8bf0          mov     r14,r8
rax=ffffe20c01bcc858 rbx=0000000000000310 rcx=ffffa9875845b800
rdx=0000000000000000 rsi=ffffa9875845b878 rdi=0000000000000000
rip=fffff8040a2bc097 rsp=ffffe20c01bcc810 rbp=ffffe20c01bcc929
 r8=ffffd08f73fe523c  r9=0000000000000000 r10=fffff8040321d8c0
r11=ffffe20c01bcc7f0 r12=ffffe20c01bcc900 r13=ffffd08f73fe523c
r14=ffffd08f73fe523c r15=fffff8040a305e98
iopl=0         nv up ei ng nz na pe nc
cs=0010  ss=0018  ds=002b  es=002b  fs=0053  gs=002b             efl=00040282
klflt!ComrUnregisterProvider+0xf617:
fffff804`0a2bc097 488bea          mov     rbp,rdx
rax=ffffe20c01bcc858 rbx=0000000000000310 rcx=ffffa9875845b800
rdx=0000000000000000 rsi=ffffa9875845b878 rdi=0000000000000000
rip=fffff8040a2bc09a rsp=ffffe20c01bcc810 rbp=0000000000000000
 r8=ffffd08f73fe523c  r9=0000000000000000 r10=fffff8040321d8c0
r11=ffffe20c01bcc7f0 r12=ffffe20c01bcc900 r13=ffffd08f73fe523c
r14=ffffd08f73fe523c r15=fffff8040a305e98
iopl=0         nv up ei ng nz na pe nc
cs=0010  ss=0018  ds=002b  es=002b  fs=0053  gs=002b             efl=00040282
klflt!ComrUnregisterProvider+0xf61a:
fffff804`0a2bc09a 488bd9          mov     rbx,rcx
rax=ffffe20c01bcc858 rbx=ffffa9875845b800 rcx=ffffa9875845b800
rdx=0000000000000000 rsi=ffffa9875845b878 rdi=0000000000000000
rip=fffff8040a2bc09d rsp=ffffe20c01bcc810 rbp=0000000000000000
 r8=ffffd08f73fe523c  r9=0000000000000000 r10=fffff8040321d8c0
r11=ffffe20c01bcc7f0 r12=ffffe20c01bcc900 r13=ffffd08f73fe523c
r14=ffffd08f73fe523c r15=fffff8040a305e98
iopl=0         nv up ei ng nz na pe nc
cs=0010  ss=0018  ds=002b  es=002b  fs=0053  gs=002b             efl=00040282
klflt!ComrUnregisterProvider+0xf61d:
fffff804`0a2bc09d e8ca190000      call    klflt!ComrUnregisterProvider+0x10fec (fffff804`0a2bda6c)
rax=ffff28a13ce79c01 rbx=ffffa9875845b800 rcx=caad3d5b5b150000
rdx=0000000000000000 rsi=ffffa9875845b878 rdi=0000000000000000
rip=fffff8040a2bc0a2 rsp=ffffe20c01bcc810 rbp=0000000000000000
 r8=ffffd08f73fe523c  r9=0000000000000000 r10=fffff8040321d8c0
r11=ffffe20c01bcc808 r12=ffffe20c01bcc900 r13=ffffd08f73fe523c
r14=ffffd08f73fe523c r15=fffff8040a305e98
iopl=0         nv up ei ng nz na po nc
cs=0010  ss=0018  ds=002b  es=002b  fs=0053  gs=002b             efl=00040286
klflt!ComrUnregisterProvider+0xf622:
fffff804`0a2bc0a2 84c0            test    al,al
rax=ffff28a13ce79c01 rbx=ffffa9875845b800 rcx=caad3d5b5b150000
rdx=0000000000000000 rsi=ffffa9875845b878 rdi=0000000000000000
rip=fffff8040a2bc0a4 rsp=ffffe20c01bcc810 rbp=0000000000000000
 r8=ffffd08f73fe523c  r9=0000000000000000 r10=fffff8040321d8c0
r11=ffffe20c01bcc808 r12=ffffe20c01bcc900 r13=ffffd08f73fe523c
r14=ffffd08f73fe523c r15=fffff8040a305e98
iopl=0         nv up ei pl nz na pe nc
cs=0010  ss=0018  ds=002b  es=002b  fs=0053  gs=002b             efl=00040202
klflt!ComrUnregisterProvider+0xf624:
fffff804`0a2bc0a4 0f84a1000000    je      klflt!ComrUnregisterProvider+0xf6cb (fffff804`0a2bc14b) [br=0]
rax=ffff28a13ce79c01 rbx=ffffa9875845b800 rcx=caad3d5b5b150000
rdx=0000000000000000 rsi=ffffa9875845b878 rdi=0000000000000000
rip=fffff8040a2bc0aa rsp=ffffe20c01bcc810 rbp=0000000000000000
 r8=ffffd08f73fe523c  r9=0000000000000000 r10=fffff8040321d8c0
r11=ffffe20c01bcc808 r12=ffffe20c01bcc900 r13=ffffd08f73fe523c
r14=ffffd08f73fe523c r15=fffff8040a305e98
iopl=0         nv up ei pl nz na pe nc
cs=0010  ss=0018  ds=002b  es=002b  fs=0053  gs=002b             efl=00040202
klflt!ComrUnregisterProvider+0xf62a:
fffff804`0a2bc0aa 4084ff          test    dil,dil
rax=ffff28a13ce79c01 rbx=ffffa9875845b800 rcx=caad3d5b5b150000
rdx=0000000000000000 rsi=ffffa9875845b878 rdi=0000000000000000
rip=fffff8040a2bc0ad rsp=ffffe20c01bcc810 rbp=0000000000000000
 r8=ffffd08f73fe523c  r9=0000000000000000 r10=fffff8040321d8c0
r11=ffffe20c01bcc808 r12=ffffe20c01bcc900 r13=ffffd08f73fe523c
r14=ffffd08f73fe523c r15=fffff8040a305e98
iopl=0         nv up ei pl zr na po nc
cs=0010  ss=0018  ds=002b  es=002b  fs=0053  gs=002b             efl=00040246
klflt!ComrUnregisterProvider+0xf62d:
fffff804`0a2bc0ad 7514            jne     klflt!ComrUnregisterProvider+0xf643 (fffff804`0a2bc0c3) [br=0]
rax=ffff28a13ce79c01 rbx=ffffa9875845b800 rcx=caad3d5b5b150000
rdx=0000000000000000 rsi=ffffa9875845b878 rdi=0000000000000000
rip=fffff8040a2bc0af rsp=ffffe20c01bcc810 rbp=0000000000000000
 r8=ffffd08f73fe523c  r9=0000000000000000 r10=fffff8040321d8c0
r11=ffffe20c01bcc808 r12=ffffe20c01bcc900 r13=ffffd08f73fe523c
r14=ffffd08f73fe523c r15=fffff8040a305e98
iopl=0         nv up ei pl zr na po nc
cs=0010  ss=0018  ds=002b  es=002b  fs=0053  gs=002b             efl=00040246
klflt!ComrUnregisterProvider+0xf62f:
fffff804`0a2bc0af 418b5630        mov     edx,dword ptr [r14+30h] ds:002b:ffffd08f`73fe526c=000021d8
rax=ffff28a13ce79c01 rbx=ffffa9875845b800 rcx=caad3d5b5b150000
rdx=00000000000021d8 rsi=ffffa9875845b878 rdi=0000000000000000
rip=fffff8040a2bc0b3 rsp=ffffe20c01bcc810 rbp=0000000000000000
 r8=ffffd08f73fe523c  r9=0000000000000000 r10=fffff8040321d8c0
r11=ffffe20c01bcc808 r12=ffffe20c01bcc900 r13=ffffd08f73fe523c
r14=ffffd08f73fe523c r15=fffff8040a305e98
iopl=0         nv up ei pl zr na po nc
cs=0010  ss=0018  ds=002b  es=002b  fs=0053  gs=002b             efl=00040246
klflt!ComrUnregisterProvider+0xf633:
fffff804`0a2bc0b3 488bcb          mov     rcx,rbx
rax=ffff28a13ce79c01 rbx=ffffa9875845b800 rcx=ffffa9875845b800
rdx=00000000000021d8 rsi=ffffa9875845b878 rdi=0000000000000000
rip=fffff8040a2bc0b6 rsp=ffffe20c01bcc810 rbp=0000000000000000
 r8=ffffd08f73fe523c  r9=0000000000000000 r10=fffff8040321d8c0
r11=ffffe20c01bcc808 r12=ffffe20c01bcc900 r13=ffffd08f73fe523c
r14=ffffd08f73fe523c r15=fffff8040a305e98
iopl=0         nv up ei pl zr na po nc
cs=0010  ss=0018  ds=002b  es=002b  fs=0053  gs=002b             efl=00040246
klflt!ComrUnregisterProvider+0xf636:
fffff804`0a2bc0b6 e835010000      call    klflt!ComrUnregisterProvider+0xf770 (fffff804`0a2bc1f0)
rax=ffffa98754f2a001 rbx=ffffa9875845b800 rcx=0000000000000010
rdx=0000000000000000 rsi=ffffa9875845b878 rdi=0000000000000000
rip=fffff8040a2bc0bb rsp=ffffe20c01bcc810 rbp=0000000000000000
 r8=0000000000000003  r9=0000000000000004 r10=fffff80403220700
r11=00000000000021d8 r12=ffffe20c01bcc900 r13=ffffd08f73fe523c
r14=ffffd08f73fe523c r15=fffff8040a305e98
iopl=0         nv up ei ng nz na po nc
cs=0010  ss=0018  ds=002b  es=002b  fs=0053  gs=002b             efl=00040286
klflt!ComrUnregisterProvider+0xf63b:
fffff804`0a2bc0bb 84c0            test    al,al
rax=ffffa98754f2a001 rbx=ffffa9875845b800 rcx=0000000000000010
rdx=0000000000000000 rsi=ffffa9875845b878 rdi=0000000000000000
rip=fffff8040a2bc0bd rsp=ffffe20c01bcc810 rbp=0000000000000000
 r8=0000000000000003  r9=0000000000000004 r10=fffff80403220700
r11=00000000000021d8 r12=ffffe20c01bcc900 r13=ffffd08f73fe523c
r14=ffffd08f73fe523c r15=fffff8040a305e98
iopl=0         nv up ei pl nz na pe nc
cs=0010  ss=0018  ds=002b  es=002b  fs=0053  gs=002b             efl=00040202
klflt!ComrUnregisterProvider+0xf63d:
fffff804`0a2bc0bd 0f8488000000    je      klflt!ComrUnregisterProvider+0xf6cb (fffff804`0a2bc14b) [br=0]
rax=ffffa98754f2a001 rbx=ffffa9875845b800 rcx=0000000000000010
rdx=0000000000000000 rsi=ffffa9875845b878 rdi=0000000000000000
rip=fffff8040a2bc0c3 rsp=ffffe20c01bcc810 rbp=0000000000000000
 r8=0000000000000003  r9=0000000000000004 r10=fffff80403220700
r11=00000000000021d8 r12=ffffe20c01bcc900 r13=ffffd08f73fe523c
r14=ffffd08f73fe523c r15=fffff8040a305e98
iopl=0         nv up ei pl nz na pe nc
cs=0010  ss=0018  ds=002b  es=002b  fs=0053  gs=002b             efl=00040202
klflt!ComrUnregisterProvider+0xf643:
fffff804`0a2bc0c3 488bb3a0000000  mov     rsi,qword ptr [rbx+0A0h] ds:002b:ffffa987`5845b8a0=ffffd08f71fddf50
rax=ffffa98754f2a001 rbx=ffffa9875845b800 rcx=0000000000000010
rdx=0000000000000000 rsi=ffffd08f71fddf50 rdi=0000000000000000
rip=fffff8040a2bc0ca rsp=ffffe20c01bcc810 rbp=0000000000000000
 r8=0000000000000003  r9=0000000000000004 r10=fffff80403220700
r11=00000000000021d8 r12=ffffe20c01bcc900 r13=ffffd08f73fe523c
r14=ffffd08f73fe523c r15=fffff8040a305e98
iopl=0         nv up ei pl nz na pe nc
cs=0010  ss=0018  ds=002b  es=002b  fs=0053  gs=002b             efl=00040202
klflt!ComrUnregisterProvider+0xf64a:
fffff804`0a2bc0ca 33ff            xor     edi,edi
rax=ffffa98754f2a001 rbx=ffffa9875845b800 rcx=0000000000000010
rdx=0000000000000000 rsi=ffffd08f71fddf50 rdi=0000000000000000
rip=fffff8040a2bc0cc rsp=ffffe20c01bcc810 rbp=0000000000000000
 r8=0000000000000003  r9=0000000000000004 r10=fffff80403220700
r11=00000000000021d8 r12=ffffe20c01bcc900 r13=ffffd08f73fe523c
r14=ffffd08f73fe523c r15=fffff8040a305e98
iopl=0         nv up ei pl zr na po nc
cs=0010  ss=0018  ds=002b  es=002b  fs=0053  gs=002b             efl=00040246
klflt!ComrUnregisterProvider+0xf64c:
fffff804`0a2bc0cc 39bb98000000    cmp     dword ptr [rbx+98h],edi ds:002b:ffffa987`5845b898=00000001
rax=ffffa98754f2a001 rbx=ffffa9875845b800 rcx=0000000000000010
rdx=0000000000000000 rsi=ffffd08f71fddf50 rdi=0000000000000000
rip=fffff8040a2bc0d2 rsp=ffffe20c01bcc810 rbp=0000000000000000
 r8=0000000000000003  r9=0000000000000004 r10=fffff80403220700
r11=00000000000021d8 r12=ffffe20c01bcc900 r13=ffffd08f73fe523c
r14=ffffd08f73fe523c r15=fffff8040a305e98
iopl=0         nv up ei pl nz na pe nc
cs=0010  ss=0018  ds=002b  es=002b  fs=0053  gs=002b             efl=00040202
klflt!ComrUnregisterProvider+0xf652:
fffff804`0a2bc0d2 7673            jbe     klflt!ComrUnregisterProvider+0xf6c7 (fffff804`0a2bc147) [br=0]
rax=ffffa98754f2a001 rbx=ffffa9875845b800 rcx=0000000000000010
rdx=0000000000000000 rsi=ffffd08f71fddf50 rdi=0000000000000000
rip=fffff8040a2bc0d4 rsp=ffffe20c01bcc810 rbp=0000000000000000
 r8=0000000000000003  r9=0000000000000004 r10=fffff80403220700
r11=00000000000021d8 r12=ffffe20c01bcc900 r13=ffffd08f73fe523c
r14=ffffd08f73fe523c r15=fffff8040a305e98
iopl=0         nv up ei pl nz na pe nc
cs=0010  ss=0018  ds=002b  es=002b  fs=0053  gs=002b             efl=00040202
klflt!ComrUnregisterProvider+0xf654:
fffff804`0a2bc0d4 4c8b7c2478      mov     r15,qword ptr [rsp+78h] ss:0018:ffffe20c`01bcc888=0000000000000000
rax=ffffa98754f2a001 rbx=ffffa9875845b800 rcx=0000000000000010
rdx=0000000000000000 rsi=ffffd08f71fddf50 rdi=0000000000000000
rip=fffff8040a2bc0d9 rsp=ffffe20c01bcc810 rbp=0000000000000000
 r8=0000000000000003  r9=0000000000000004 r10=fffff80403220700
r11=00000000000021d8 r12=ffffe20c01bcc900 r13=ffffd08f73fe523c
r14=ffffd08f73fe523c r15=0000000000000000
iopl=0         nv up ei pl nz na pe nc
cs=0010  ss=0018  ds=002b  es=002b  fs=0053  gs=002b             efl=00040202
klflt!ComrUnregisterProvider+0xf659:
fffff804`0a2bc0d9 4c8b642470      mov     r12,qword ptr [rsp+70h] ss:0018:ffffe20c`01bcc880=0000000000000000
rax=ffffa98754f2a001 rbx=ffffa9875845b800 rcx=0000000000000010
rdx=0000000000000000 rsi=ffffd08f71fddf50 rdi=0000000000000000
rip=fffff8040a2bc0de rsp=ffffe20c01bcc810 rbp=0000000000000000
 r8=0000000000000003  r9=0000000000000004 r10=fffff80403220700
r11=00000000000021d8 r12=0000000000000000 r13=ffffd08f73fe523c
r14=ffffd08f73fe523c r15=0000000000000000
iopl=0         nv up ei pl nz na pe nc
cs=0010  ss=0018  ds=002b  es=002b  fs=0053  gs=002b             efl=00040202
klflt!ComrUnregisterProvider+0xf65e:
fffff804`0a2bc0de 803df36f040000  cmp     byte ptr [klflt!ComrUnregisterProvider+0x56658 (fffff804`0a3030d8)],0 ds:002b:fffff804`0a3030d8=00
rax=ffffa98754f2a001 rbx=ffffa9875845b800 rcx=0000000000000010
rdx=0000000000000000 rsi=ffffd08f71fddf50 rdi=0000000000000000
rip=fffff8040a2bc0e5 rsp=ffffe20c01bcc810 rbp=0000000000000000
 r8=0000000000000003  r9=0000000000000004 r10=fffff80403220700
r11=00000000000021d8 r12=0000000000000000 r13=ffffd08f73fe523c
r14=ffffd08f73fe523c r15=0000000000000000
iopl=0         nv up ei pl zr na po nc
cs=0010  ss=0018  ds=002b  es=002b  fs=0053  gs=002b             efl=00040246
klflt!ComrUnregisterProvider+0xf665:
fffff804`0a2bc0e5 751b            jne     klflt!ComrUnregisterProvider+0xf682 (fffff804`0a2bc102) [br=0]
rax=ffffa98754f2a001 rbx=ffffa9875845b800 rcx=0000000000000010
rdx=0000000000000000 rsi=ffffd08f71fddf50 rdi=0000000000000000
rip=fffff8040a2bc0e7 rsp=ffffe20c01bcc810 rbp=0000000000000000
 r8=0000000000000003  r9=0000000000000004 r10=fffff80403220700
r11=00000000000021d8 r12=0000000000000000 r13=ffffd08f73fe523c
r14=ffffd08f73fe523c r15=0000000000000000
iopl=0         nv up ei pl zr na po nc
cs=0010  ss=0018  ds=002b  es=002b  fs=0053  gs=002b             efl=00040246
klflt!ComrUnregisterProvider+0xf667:
fffff804`0a2bc0e7 4885ed          test    rbp,rbp
rax=ffffa98754f2a001 rbx=ffffa9875845b800 rcx=0000000000000010
rdx=0000000000000000 rsi=ffffd08f71fddf50 rdi=0000000000000000
rip=fffff8040a2bc0ea rsp=ffffe20c01bcc810 rbp=0000000000000000
 r8=0000000000000003  r9=0000000000000004 r10=fffff80403220700
r11=00000000000021d8 r12=0000000000000000 r13=ffffd08f73fe523c
r14=ffffd08f73fe523c r15=0000000000000000
iopl=0         nv up ei pl zr na po nc
cs=0010  ss=0018  ds=002b  es=002b  fs=0053  gs=002b             efl=00040246
klflt!ComrUnregisterProvider+0xf66a:
fffff804`0a2bc0ea 7416            je      klflt!ComrUnregisterProvider+0xf682 (fffff804`0a2bc102) [br=1]
rax=ffffa98754f2a001 rbx=ffffa9875845b800 rcx=0000000000000010
rdx=0000000000000000 rsi=ffffd08f71fddf50 rdi=0000000000000000
rip=fffff8040a2bc102 rsp=ffffe20c01bcc810 rbp=0000000000000000
 r8=0000000000000003  r9=0000000000000004 r10=fffff80403220700
r11=00000000000021d8 r12=0000000000000000 r13=ffffd08f73fe523c
r14=ffffd08f73fe523c r15=0000000000000000
iopl=0         nv up ei pl zr na po nc
cs=0010  ss=0018  ds=002b  es=002b  fs=0053  gs=002b             efl=00040246
klflt!ComrUnregisterProvider+0xf682:
fffff804`0a2bc102 488b8ba8000000  mov     rcx,qword ptr [rbx+0A8h] ds:002b:ffffa987`5845b8a8=ffffd08f6f9bd710
rax=ffffa98754f2a001 rbx=ffffa9875845b800 rcx=ffffd08f6f9bd710
rdx=0000000000000000 rsi=ffffd08f71fddf50 rdi=0000000000000000
rip=fffff8040a2bc109 rsp=ffffe20c01bcc810 rbp=0000000000000000
 r8=0000000000000003  r9=0000000000000004 r10=fffff80403220700
r11=00000000000021d8 r12=0000000000000000 r13=ffffd08f73fe523c
r14=ffffd08f73fe523c r15=0000000000000000
iopl=0         nv up ei pl zr na po nc
cs=0010  ss=0018  ds=002b  es=002b  fs=0053  gs=002b             efl=00040246
klflt!ComrUnregisterProvider+0xf689:
fffff804`0a2bc109 4885c9          test    rcx,rcx
rax=ffffa98754f2a001 rbx=ffffa9875845b800 rcx=ffffd08f6f9bd710
rdx=0000000000000000 rsi=ffffd08f71fddf50 rdi=0000000000000000
rip=fffff8040a2bc10c rsp=ffffe20c01bcc810 rbp=0000000000000000
 r8=0000000000000003  r9=0000000000000004 r10=fffff80403220700
r11=00000000000021d8 r12=0000000000000000 r13=ffffd08f73fe523c
r14=ffffd08f73fe523c r15=0000000000000000
iopl=0         nv up ei ng nz na pe nc
cs=0010  ss=0018  ds=002b  es=002b  fs=0053  gs=002b             efl=00040282
klflt!ComrUnregisterProvider+0xf68c:
fffff804`0a2bc10c 7406            je      klflt!ComrUnregisterProvider+0xf694 (fffff804`0a2bc114) [br=0]
rax=ffffa98754f2a001 rbx=ffffa9875845b800 rcx=ffffd08f6f9bd710
rdx=0000000000000000 rsi=ffffd08f71fddf50 rdi=0000000000000000
rip=fffff8040a2bc10e rsp=ffffe20c01bcc810 rbp=0000000000000000
 r8=0000000000000003  r9=0000000000000004 r10=fffff80403220700
r11=00000000000021d8 r12=0000000000000000 r13=ffffd08f73fe523c
r14=ffffd08f73fe523c r15=0000000000000000
iopl=0         nv up ei ng nz na pe nc
cs=0010  ss=0018  ds=002b  es=002b  fs=0053  gs=002b             efl=00040282
klflt!ComrUnregisterProvider+0xf68e:
fffff804`0a2bc10e 4c8d04f9        lea     r8,[rcx+rdi*8]
rax=ffffa98754f2a001 rbx=ffffa9875845b800 rcx=ffffd08f6f9bd710
rdx=0000000000000000 rsi=ffffd08f71fddf50 rdi=0000000000000000
rip=fffff8040a2bc112 rsp=ffffe20c01bcc810 rbp=0000000000000000
 r8=ffffd08f6f9bd710  r9=0000000000000004 r10=fffff80403220700
r11=00000000000021d8 r12=0000000000000000 r13=ffffd08f73fe523c
r14=ffffd08f73fe523c r15=0000000000000000
iopl=0         nv up ei ng nz na pe nc
cs=0010  ss=0018  ds=002b  es=002b  fs=0053  gs=002b             efl=00040282
klflt!ComrUnregisterProvider+0xf692:
fffff804`0a2bc112 eb03            jmp     klflt!ComrUnregisterProvider+0xf697 (fffff804`0a2bc117)
rax=ffffa98754f2a001 rbx=ffffa9875845b800 rcx=ffffd08f6f9bd710
rdx=0000000000000000 rsi=ffffd08f71fddf50 rdi=0000000000000000
rip=fffff8040a2bc117 rsp=ffffe20c01bcc810 rbp=0000000000000000
 r8=ffffd08f6f9bd710  r9=0000000000000004 r10=fffff80403220700
r11=00000000000021d8 r12=0000000000000000 r13=ffffd08f73fe523c
r14=ffffd08f73fe523c r15=0000000000000000
iopl=0         nv up ei ng nz na pe nc
cs=0010  ss=0018  ds=002b  es=002b  fs=0053  gs=002b             efl=00040282
klflt!ComrUnregisterProvider+0xf697:
fffff804`0a2bc117 4c897c2428      mov     qword ptr [rsp+28h],r15 ss:0018:ffffe20c`01bcc838=0000000000000018
rax=ffffa98754f2a001 rbx=ffffa9875845b800 rcx=ffffd08f6f9bd710
rdx=0000000000000000 rsi=ffffd08f71fddf50 rdi=0000000000000000
rip=fffff8040a2bc11c rsp=ffffe20c01bcc810 rbp=0000000000000000
 r8=ffffd08f6f9bd710  r9=0000000000000004 r10=fffff80403220700
r11=00000000000021d8 r12=0000000000000000 r13=ffffd08f73fe523c
r14=ffffd08f73fe523c r15=0000000000000000
iopl=0         nv up ei ng nz na pe nc
cs=0010  ss=0018  ds=002b  es=002b  fs=0053  gs=002b             efl=00040282
klflt!ComrUnregisterProvider+0xf69c:
fffff804`0a2bc11c 4d8bce          mov     r9,r14
rax=ffffa98754f2a001 rbx=ffffa9875845b800 rcx=ffffd08f6f9bd710
rdx=0000000000000000 rsi=ffffd08f71fddf50 rdi=0000000000000000
rip=fffff8040a2bc11f rsp=ffffe20c01bcc810 rbp=0000000000000000
 r8=ffffd08f6f9bd710  r9=ffffd08f73fe523c r10=fffff80403220700
r11=00000000000021d8 r12=0000000000000000 r13=ffffd08f73fe523c
r14=ffffd08f73fe523c r15=0000000000000000
iopl=0         nv up ei ng nz na pe nc
cs=0010  ss=0018  ds=002b  es=002b  fs=0053  gs=002b             efl=00040282
klflt!ComrUnregisterProvider+0xf69f:
fffff804`0a2bc11f 488bd6          mov     rdx,rsi
rax=ffffa98754f2a001 rbx=ffffa9875845b800 rcx=ffffd08f6f9bd710
rdx=ffffd08f71fddf50 rsi=ffffd08f71fddf50 rdi=0000000000000000
rip=fffff8040a2bc122 rsp=ffffe20c01bcc810 rbp=0000000000000000
 r8=ffffd08f6f9bd710  r9=ffffd08f73fe523c r10=fffff80403220700
r11=00000000000021d8 r12=0000000000000000 r13=ffffd08f73fe523c
r14=ffffd08f73fe523c r15=0000000000000000
iopl=0         nv up ei ng nz na pe nc
cs=0010  ss=0018  ds=002b  es=002b  fs=0053  gs=002b             efl=00040282
klflt!ComrUnregisterProvider+0xf6a2:
fffff804`0a2bc122 4c89642420      mov     qword ptr [rsp+20h],r12 ss:0018:ffffe20c`01bcc830=ffffe20c01bcc840
rax=ffffa98754f2a001 rbx=ffffa9875845b800 rcx=ffffd08f6f9bd710
rdx=ffffd08f71fddf50 rsi=ffffd08f71fddf50 rdi=0000000000000000
rip=fffff8040a2bc127 rsp=ffffe20c01bcc810 rbp=0000000000000000
 r8=ffffd08f6f9bd710  r9=ffffd08f73fe523c r10=fffff80403220700
r11=00000000000021d8 r12=0000000000000000 r13=ffffd08f73fe523c
r14=ffffd08f73fe523c r15=0000000000000000
iopl=0         nv up ei ng nz na pe nc
cs=0010  ss=0018  ds=002b  es=002b  fs=0053  gs=002b             efl=00040282
klflt!ComrUnregisterProvider+0xf6a7:
fffff804`0a2bc127 488bcb          mov     rcx,rbx
rax=ffffa98754f2a001 rbx=ffffa9875845b800 rcx=ffffa9875845b800
rdx=ffffd08f71fddf50 rsi=ffffd08f71fddf50 rdi=0000000000000000
rip=fffff8040a2bc12a rsp=ffffe20c01bcc810 rbp=0000000000000000
 r8=ffffd08f6f9bd710  r9=ffffd08f73fe523c r10=fffff80403220700
r11=00000000000021d8 r12=0000000000000000 r13=ffffd08f73fe523c
r14=ffffd08f73fe523c r15=0000000000000000
iopl=0         nv up ei ng nz na pe nc
cs=0010  ss=0018  ds=002b  es=002b  fs=0053  gs=002b             efl=00040282
klflt!ComrUnregisterProvider+0xf6aa:
fffff804`0a2bc12a e801080000      call    klflt!ComrUnregisterProvider+0xfeb0 (fffff804`0a2bc930)
rax=0000000000000001 rbx=ffffa9875845b800 rcx=0000000000000000
rdx=0000000000000000 rsi=ffffd08f71fddf50 rdi=0000000000000000
rip=fffff8040a2bc12f rsp=ffffe20c01bcc810 rbp=0000000000000000
 r8=0000000000000001  r9=0000000000000004 r10=fffff8040321d8c0
r11=ffffe20c01bcc7f0 r12=0000000000000000 r13=ffffd08f73fe523c
r14=ffffd08f73fe523c r15=0000000000000000
iopl=0         nv up ei ng nz na po nc
cs=0010  ss=0018  ds=002b  es=002b  fs=0053  gs=002b             efl=00040286
klflt!ComrUnregisterProvider+0xf6af:
fffff804`0a2bc12f 84c0            test    al,al
rax=0000000000000001 rbx=ffffa9875845b800 rcx=0000000000000000
rdx=0000000000000000 rsi=ffffd08f71fddf50 rdi=0000000000000000
rip=fffff8040a2bc131 rsp=ffffe20c01bcc810 rbp=0000000000000000
 r8=0000000000000001  r9=0000000000000004 r10=fffff8040321d8c0
r11=ffffe20c01bcc7f0 r12=0000000000000000 r13=ffffd08f73fe523c
r14=ffffd08f73fe523c r15=0000000000000000
iopl=0         nv up ei pl nz na pe nc
cs=0010  ss=0018  ds=002b  es=002b  fs=0053  gs=002b             efl=00040202
klflt!ComrUnregisterProvider+0xf6b1:
fffff804`0a2bc131 7418            je      klflt!ComrUnregisterProvider+0xf6cb (fffff804`0a2bc14b) [br=0]
rax=0000000000000001 rbx=ffffa9875845b800 rcx=0000000000000000
rdx=0000000000000000 rsi=ffffd08f71fddf50 rdi=0000000000000000
rip=fffff8040a2bc133 rsp=ffffe20c01bcc810 rbp=0000000000000000
 r8=0000000000000001  r9=0000000000000004 r10=fffff8040321d8c0
r11=ffffe20c01bcc7f0 r12=0000000000000000 r13=ffffd08f73fe523c
r14=ffffd08f73fe523c r15=0000000000000000
iopl=0         nv up ei pl nz na pe nc
cs=0010  ss=0018  ds=002b  es=002b  fs=0053  gs=002b             efl=00040202
klflt!ComrUnregisterProvider+0xf6b3:
fffff804`0a2bc133 8b4e0c          mov     ecx,dword ptr [rsi+0Ch] ds:002b:ffffd08f`71fddf5c=00000004
rax=0000000000000001 rbx=ffffa9875845b800 rcx=0000000000000004
rdx=0000000000000000 rsi=ffffd08f71fddf50 rdi=0000000000000000
rip=fffff8040a2bc136 rsp=ffffe20c01bcc810 rbp=0000000000000000
 r8=0000000000000001  r9=0000000000000004 r10=fffff8040321d8c0
r11=ffffe20c01bcc7f0 r12=0000000000000000 r13=ffffd08f73fe523c
r14=ffffd08f73fe523c r15=0000000000000000
iopl=0         nv up ei pl nz na pe nc
cs=0010  ss=0018  ds=002b  es=002b  fs=0053  gs=002b             efl=00040202
klflt!ComrUnregisterProvider+0xf6b6:
fffff804`0a2bc136 ffc7            inc     edi
rax=0000000000000001 rbx=ffffa9875845b800 rcx=0000000000000004
rdx=0000000000000000 rsi=ffffd08f71fddf50 rdi=0000000000000001
rip=fffff8040a2bc138 rsp=ffffe20c01bcc810 rbp=0000000000000000
 r8=0000000000000001  r9=0000000000000004 r10=fffff8040321d8c0
r11=ffffe20c01bcc7f0 r12=0000000000000000 r13=ffffd08f73fe523c
r14=ffffd08f73fe523c r15=0000000000000000
iopl=0         nv up ei pl nz na pe nc
cs=0010  ss=0018  ds=002b  es=002b  fs=0053  gs=002b             efl=00040202
klflt!ComrUnregisterProvider+0xf6b8:
fffff804`0a2bc138 4883c610        add     rsi,10h
rax=0000000000000001 rbx=ffffa9875845b800 rcx=0000000000000004
rdx=0000000000000000 rsi=ffffd08f71fddf60 rdi=0000000000000001
rip=fffff8040a2bc13c rsp=ffffe20c01bcc810 rbp=0000000000000000
 r8=0000000000000001  r9=0000000000000004 r10=fffff8040321d8c0
r11=ffffe20c01bcc7f0 r12=0000000000000000 r13=ffffd08f73fe523c
r14=ffffd08f73fe523c r15=0000000000000000
iopl=0         nv up ei ng nz na po nc
cs=0010  ss=0018  ds=002b  es=002b  fs=0053  gs=002b             efl=00040286
klflt!ComrUnregisterProvider+0xf6bc:
fffff804`0a2bc13c 4803f1          add     rsi,rcx
rax=0000000000000001 rbx=ffffa9875845b800 rcx=0000000000000004
rdx=0000000000000000 rsi=ffffd08f71fddf64 rdi=0000000000000001
rip=fffff8040a2bc13f rsp=ffffe20c01bcc810 rbp=0000000000000000
 r8=0000000000000001  r9=0000000000000004 r10=fffff8040321d8c0
r11=ffffe20c01bcc7f0 r12=0000000000000000 r13=ffffd08f73fe523c
r14=ffffd08f73fe523c r15=0000000000000000
iopl=0         nv up ei ng nz na pe nc
cs=0010  ss=0018  ds=002b  es=002b  fs=0053  gs=002b             efl=00040282
klflt!ComrUnregisterProvider+0xf6bf:
fffff804`0a2bc13f 3bbb98000000    cmp     edi,dword ptr [rbx+98h] ds:002b:ffffa987`5845b898=00000001
rax=0000000000000001 rbx=ffffa9875845b800 rcx=0000000000000004
rdx=0000000000000000 rsi=ffffd08f71fddf64 rdi=0000000000000001
rip=fffff8040a2bc145 rsp=ffffe20c01bcc810 rbp=0000000000000000
 r8=0000000000000001  r9=0000000000000004 r10=fffff8040321d8c0
r11=ffffe20c01bcc7f0 r12=0000000000000000 r13=ffffd08f73fe523c
r14=ffffd08f73fe523c r15=0000000000000000
iopl=0         nv up ei pl zr na po nc
cs=0010  ss=0018  ds=002b  es=002b  fs=0053  gs=002b             efl=00040246
klflt!ComrUnregisterProvider+0xf6c5:
fffff804`0a2bc145 7297            jb      klflt!ComrUnregisterProvider+0xf65e (fffff804`0a2bc0de) [br=0]
rax=0000000000000001 rbx=ffffa9875845b800 rcx=0000000000000004
rdx=0000000000000000 rsi=ffffd08f71fddf64 rdi=0000000000000001
rip=fffff8040a2bc147 rsp=ffffe20c01bcc810 rbp=0000000000000000
 r8=0000000000000001  r9=0000000000000004 r10=fffff8040321d8c0
r11=ffffe20c01bcc7f0 r12=0000000000000000 r13=ffffd08f73fe523c
r14=ffffd08f73fe523c r15=0000000000000000
iopl=0         nv up ei pl zr na po nc
cs=0010  ss=0018  ds=002b  es=002b  fs=0053  gs=002b             efl=00040246
klflt!ComrUnregisterProvider+0xf6c7:
fffff804`0a2bc147 b001            mov     al,1
rax=0000000000000001 rbx=ffffa9875845b800 rcx=0000000000000004
rdx=0000000000000000 rsi=ffffd08f71fddf64 rdi=0000000000000001
rip=fffff8040a2bc149 rsp=ffffe20c01bcc810 rbp=0000000000000000
 r8=0000000000000001  r9=0000000000000004 r10=fffff8040321d8c0
r11=ffffe20c01bcc7f0 r12=0000000000000000 r13=ffffd08f73fe523c
r14=ffffd08f73fe523c r15=0000000000000000
iopl=0         nv up ei pl zr na po nc
cs=0010  ss=0018  ds=002b  es=002b  fs=0053  gs=002b             efl=00040246
klflt!ComrUnregisterProvider+0xf6c9:
fffff804`0a2bc149 eb02            jmp     klflt!ComrUnregisterProvider+0xf6cd (fffff804`0a2bc14d)
rax=0000000000000001 rbx=ffffa9875845b800 rcx=0000000000000004
rdx=0000000000000000 rsi=ffffd08f71fddf64 rdi=0000000000000001
rip=fffff8040a2bc14d rsp=ffffe20c01bcc810 rbp=0000000000000000
 r8=0000000000000001  r9=0000000000000004 r10=fffff8040321d8c0
r11=ffffe20c01bcc7f0 r12=0000000000000000 r13=ffffd08f73fe523c
r14=ffffd08f73fe523c r15=0000000000000000
iopl=0         nv up ei pl zr na po nc
cs=0010  ss=0018  ds=002b  es=002b  fs=0053  gs=002b             efl=00040246
klflt!ComrUnregisterProvider+0xf6cd:
fffff804`0a2bc14d 488b5c2450      mov     rbx,qword ptr [rsp+50h] ss:0018:ffffe20c`01bcc860=0000000000000310
rax=0000000000000001 rbx=0000000000000310 rcx=0000000000000004
rdx=0000000000000000 rsi=ffffd08f71fddf64 rdi=0000000000000001
rip=fffff8040a2bc152 rsp=ffffe20c01bcc810 rbp=0000000000000000
 r8=0000000000000001  r9=0000000000000004 r10=fffff8040321d8c0
r11=ffffe20c01bcc7f0 r12=0000000000000000 r13=ffffd08f73fe523c
r14=ffffd08f73fe523c r15=0000000000000000
iopl=0         nv up ei pl zr na po nc
cs=0010  ss=0018  ds=002b  es=002b  fs=0053  gs=002b             efl=00040246
klflt!ComrUnregisterProvider+0xf6d2:
fffff804`0a2bc152 488b6c2458      mov     rbp,qword ptr [rsp+58h] ss:0018:ffffe20c`01bcc868=ffffe20c01bcc929
rax=0000000000000001 rbx=0000000000000310 rcx=0000000000000004
rdx=0000000000000000 rsi=ffffd08f71fddf64 rdi=0000000000000001
rip=fffff8040a2bc157 rsp=ffffe20c01bcc810 rbp=ffffe20c01bcc929
 r8=0000000000000001  r9=0000000000000004 r10=fffff8040321d8c0
r11=ffffe20c01bcc7f0 r12=0000000000000000 r13=ffffd08f73fe523c
r14=ffffd08f73fe523c r15=0000000000000000
iopl=0         nv up ei pl zr na po nc
cs=0010  ss=0018  ds=002b  es=002b  fs=0053  gs=002b             efl=00040246
klflt!ComrUnregisterProvider+0xf6d7:
fffff804`0a2bc157 488b742460      mov     rsi,qword ptr [rsp+60h] ss:0018:ffffe20c`01bcc870=ffffa9875845b878
rax=0000000000000001 rbx=0000000000000310 rcx=0000000000000004
rdx=0000000000000000 rsi=ffffa9875845b878 rdi=0000000000000001
rip=fffff8040a2bc15c rsp=ffffe20c01bcc810 rbp=ffffe20c01bcc929
 r8=0000000000000001  r9=0000000000000004 r10=fffff8040321d8c0
r11=ffffe20c01bcc7f0 r12=0000000000000000 r13=ffffd08f73fe523c
r14=ffffd08f73fe523c r15=0000000000000000
iopl=0         nv up ei pl zr na po nc
cs=0010  ss=0018  ds=002b  es=002b  fs=0053  gs=002b             efl=00040246
klflt!ComrUnregisterProvider+0xf6dc:
fffff804`0a2bc15c 488b7c2468      mov     rdi,qword ptr [rsp+68h] ss:0018:ffffe20c`01bcc878=0000000000000000
rax=0000000000000001 rbx=0000000000000310 rcx=0000000000000004
rdx=0000000000000000 rsi=ffffa9875845b878 rdi=0000000000000000
rip=fffff8040a2bc161 rsp=ffffe20c01bcc810 rbp=ffffe20c01bcc929
 r8=0000000000000001  r9=0000000000000004 r10=fffff8040321d8c0
r11=ffffe20c01bcc7f0 r12=0000000000000000 r13=ffffd08f73fe523c
r14=ffffd08f73fe523c r15=0000000000000000
iopl=0         nv up ei pl zr na po nc
cs=0010  ss=0018  ds=002b  es=002b  fs=0053  gs=002b             efl=00040246
klflt!ComrUnregisterProvider+0xf6e1:
fffff804`0a2bc161 4883c430        add     rsp,30h
rax=0000000000000001 rbx=0000000000000310 rcx=0000000000000004
rdx=0000000000000000 rsi=ffffa9875845b878 rdi=0000000000000000
rip=fffff8040a2bc165 rsp=ffffe20c01bcc840 rbp=ffffe20c01bcc929
 r8=0000000000000001  r9=0000000000000004 r10=fffff8040321d8c0
r11=ffffe20c01bcc7f0 r12=0000000000000000 r13=ffffd08f73fe523c
r14=ffffd08f73fe523c r15=0000000000000000
iopl=0         nv up ei ng nz na pe nc
cs=0010  ss=0018  ds=002b  es=002b  fs=0053  gs=002b             efl=00040282
klflt!ComrUnregisterProvider+0xf6e5:
fffff804`0a2bc165 415f            pop     r15
rax=0000000000000001 rbx=0000000000000310 rcx=0000000000000004
rdx=0000000000000000 rsi=ffffa9875845b878 rdi=0000000000000000
rip=fffff8040a2bc167 rsp=ffffe20c01bcc848 rbp=ffffe20c01bcc929
 r8=0000000000000001  r9=0000000000000004 r10=fffff8040321d8c0
r11=ffffe20c01bcc7f0 r12=0000000000000000 r13=ffffd08f73fe523c
r14=ffffd08f73fe523c r15=fffff8040a305e98
iopl=0         nv up ei ng nz na pe nc
cs=0010  ss=0018  ds=002b  es=002b  fs=0053  gs=002b             efl=00040282
klflt!ComrUnregisterProvider+0xf6e7:
fffff804`0a2bc167 415e            pop     r14
rax=0000000000000001 rbx=0000000000000310 rcx=0000000000000004
rdx=0000000000000000 rsi=ffffa9875845b878 rdi=0000000000000000
rip=fffff8040a2bc169 rsp=ffffe20c01bcc850 rbp=ffffe20c01bcc929
 r8=0000000000000001  r9=0000000000000004 r10=fffff8040321d8c0
r11=ffffe20c01bcc7f0 r12=0000000000000000 r13=ffffd08f73fe523c
r14=ffffd08f73fe523c r15=fffff8040a305e98
iopl=0         nv up ei ng nz na pe nc
cs=0010  ss=0018  ds=002b  es=002b  fs=0053  gs=002b             efl=00040282
klflt!ComrUnregisterProvider+0xf6e9:
fffff804`0a2bc169 415c            pop     r12
rax=0000000000000001 rbx=0000000000000310 rcx=0000000000000004
rdx=0000000000000000 rsi=ffffa9875845b878 rdi=0000000000000000
rip=fffff8040a2bc16b rsp=ffffe20c01bcc858 rbp=ffffe20c01bcc929
 r8=0000000000000001  r9=0000000000000004 r10=fffff8040321d8c0
r11=ffffe20c01bcc7f0 r12=ffffe20c01bcc900 r13=ffffd08f73fe523c
r14=ffffd08f73fe523c r15=fffff8040a305e98
iopl=0         nv up ei ng nz na pe nc
cs=0010  ss=0018  ds=002b  es=002b  fs=0053  gs=002b             efl=00040282
klflt!ComrUnregisterProvider+0xf6eb:
fffff804`0a2bc16b c3              ret
rax=0000000000000001 rbx=0000000000000310 rcx=0000000000000004
rdx=0000000000000000 rsi=ffffa9875845b878 rdi=0000000000000000
rip=fffff8040a2bb4b5 rsp=ffffe20c01bcc860 rbp=ffffe20c01bcc929
 r8=0000000000000001  r9=0000000000000004 r10=fffff8040321d8c0
r11=ffffe20c01bcc7f0 r12=ffffe20c01bcc900 r13=ffffd08f73fe523c
r14=ffffd08f73fe523c r15=fffff8040a305e98
iopl=0         nv up ei ng nz na pe nc
cs=0010  ss=0018  ds=002b  es=002b  fs=0053  gs=002b             efl=00040282
klflt!ComrUnregisterProvider+0xea35:
fffff804`0a2bb4b5 84c0            test    al,al
